 -0.01018000   0.00683308   0.82792699 0.0 158 20230607 001 001
 -0.00780000   0.00632118   0.84736913 0.0 164 20230613 001 001
 -0.00880000   0.00575832   0.86845893 0.0 165 20230614 001 001
 -0.01020000   0.00495681   0.89749551 0.0 172 20230621 001 001
 -0.01018000   0.00510991   0.89207023 0.0 173 20230622 001 001
 -0.01020000   0.00494049   0.89806974 0.0 174 20230623 001 001
 -0.01062000   0.00488130   0.90014637 0.0 177 20230626 001 001
 -0.01002000   0.00494947   0.89775383 0.0 178 20230627 001 001
 -0.01048000   0.00501632   0.89539444 0.0 179 20230628 001 001
 -0.01046000   0.00528405   0.88582247 0.0 181 20230630 001 001
 -0.01008000   0.00528570   0.88576269 0.0 184 20230703 001 001
 -0.00900000   0.00546477   0.87926114 0.0 185 20230704 001 001
 -0.00972000   0.00536110   0.88303417 0.0 187 20230706 001 001
 -0.01022000   0.00541080   0.88122845 0.0 188 20230707 001 001
 -0.01040000   0.00525515   0.88686454 0.0 189 20230708 001 001
 -0.01012000   0.00532310   0.88441116 0.0 190 20230709 001 001
 -0.01094000   0.00545968   0.87944716 0.0 191 20230710 001 001
 -0.01104000   0.00551515   0.87741935 0.0 192 20230711 001 001
 -0.01142000   0.00539286   0.88188070 0.0 193 20230712 001 001
 -0.01192000   0.00536154   0.88301831 0.0 194 20230713 001 001
 -0.01200000   0.00550009   0.87797046 0.0 195 20230714 001 001
 -0.01172000   0.00532421   0.88437098 0.0 196 20230715 001 001
 -0.01224000   0.00539383   0.88184565 0.0 198 20230717 001 001
 -0.01234000   0.00535086   0.88340545 0.0 199 20230718 001 001
 -0.01208000   0.00555495   0.87596041 0.0 200 20230719 001 001
 -0.01164000   0.00549301   0.87822956 0.0 201 20230720 001 001
 -0.01200000   0.00568052   0.87133765 0.0 202 20230721 001 001
 -0.01238000   0.00566885   0.87176865 0.0 203 20230722 001 001
 -0.01202000   0.00565660   0.87222040 0.0 204 20230723 001 001
 -0.01138000   0.00570741   0.87034398 0.0 205 20230724 001 001
 -0.01124000   0.00594694   0.86143863 0.0 206 20230725 001 001
 -0.01096000   0.00606596   0.85698247 0.0 207 20230726 001 001
 -0.01150000   0.00641275   0.84390426 0.0 209 20230728 001 001
 -0.01148000   0.00645017   0.84248626 0.0 210 20230729 001 001
 -0.01142000   0.00649458   0.84080225 0.0 211 20230730 001 001
 -0.01140000   0.00660888   0.83646131 0.0 212 20230731 001 001
 -0.01164000   0.00655304   0.83858323 0.0 213 20230801 001 001
 -0.01172000   0.00644076   0.84284288 0.0 214 20230802 001 001
 -0.01270000   0.00571586   0.87003142 0.0 224 20230812 001 001
 -0.01346000   0.00618205   0.85261840 0.0 226 20230814 001 001
 -0.01358000   0.00661235   0.83632946 0.0 227 20230815 001 001
 -0.01378000   0.00698866   0.82199454 0.0 228 20230816 001 001
 -0.01438000   0.00712742   0.81670040 0.0 229 20230817 001 001
 -0.01448000   0.00719196   0.81423777 0.0 230 20230818 001 001
 -0.01388000   0.00716533   0.81525409 0.0 231 20230819 001 001
 -0.01366000   0.00701819   0.82086807 0.0 233 20230821 001 001
 -0.01352000   0.00669373   0.83323413 0.0 234 20230822 001 001
 -0.01356000   0.00624641   0.85019261 0.0 237 20230825 001 001
 -0.01300000   0.00615240   0.85373449 0.0 238 20230826 001 001
 -0.01234000   0.00621988   0.85119307 0.0 240 20230828 001 001
 -0.01180000   0.00614643   0.85395908 0.0 241 20230829 001 001
 -0.01116000   0.00602035   0.85869223 0.0 242 20230830 001 001
 -0.01152000   0.00547410   0.87892044 0.0 243 20230831 001 001
 -0.01138000   0.00527268   0.88623279 0.0 244 20230901 001 001
 -0.01126000   0.00538247   0.88225836 0.0 245 20230902 001 001
 -0.01082000   0.00532108   0.88448405 0.0 250 20230907 001 001
 -0.01162000   0.00618816   0.85238832 0.0 251 20230908 001 001
 -0.01148000   0.00607977   0.85646403 0.0 252 20230909 001 001
 -0.01180000   0.00584319   0.86530721 0.0 254 20230911 001 001
 -0.01030000   0.00615999   0.85344905 0.0 256 20230913 001 001
 -0.00982000   0.00605786   0.85728610 0.0 257 20230914 001 001
 -0.00954000   0.00595150   0.86126858 0.0 258 20230915 001 001
 -0.00852000   0.00580654   0.86666983 0.0 259 20230916 001 001
 -0.00756000   0.00566957   0.87174207 0.0 261 20230918 001 001
 -0.00722000   0.00561979   0.87357712 0.0 262 20230919 001 001
 -0.00670000   0.00608217   0.85637403 0.0 263 20230920 001 001
 -0.00580000   0.00551104   0.87756962 0.0 264 20230921 001 001
 -0.00548000   0.00532001   0.88452303 0.0 266 20230923 001 001
 -0.00398000   0.00492379   0.89865679 0.0 267 20230924 001 001
 -0.00472000   0.00500974   0.89562726 0.0 268 20230925 001 001
 -0.00422000   0.00493030   0.89842814 0.0 269 20230926 001 001
 -0.00412000   0.00502019   0.89525759 0.0 270 20230927 001 001
 -0.00400000   0.00503275   0.89481276 0.0 271 20230928 001 001
 -0.00422000   0.00510871   0.89211291 0.0 272 20230929 001 001
 -0.00398000   0.00514668   0.89075750 0.0 273 20230930 001 001
 -0.00422000   0.00536001   0.88307369 0.0 274 20231001 001 001
 -0.00406000   0.00559850   0.87436062 0.0 283 20231010 001 001
 -0.00550000   0.00436888   0.91763073 0.0 286 20231013 001 001
 -0.00716000   0.00429609   0.92003500 0.0 292 20231019 001 001
 -0.00720000   0.00432577   0.91905707 0.0 293 20231020 001 001
 -0.00668000   0.00434279   0.91849488 0.0 295 20231022 001 001
 -0.00558000   0.00518147   0.88951200 0.0 296 20231023 001 001
 -0.00668000   0.00556798   0.87548214 0.0 297 20231024 001 001
 -0.00736000   0.00541474   0.88108480 0.0 298 20231025 001 001
 -0.00690000   0.00597836   0.86026406 0.0 300 20231027 001 001
 -0.00608000   0.00594895   0.86136365 0.0 301 20231028 001 001
 -0.00600000   0.00596586   0.86073178 0.0 303 20231030 001 001
 -0.00576000   0.00588558   0.86372852 0.0 304 20231031 001 001
 -0.00548000   0.00591037   0.86280417 0.0 305 20231101 001 001
 -0.00558000   0.00591930   0.86247075 0.0 306 20231102 001 001
 -0.00606000   0.00586452   0.86451322 0.0 307 20231103 001 001
 -0.00528000   0.00543253   0.88043696 0.0 311 20231107 001 001
 -0.00522000   0.00550418   0.87782091 0.0 312 20231108 001 001
 -0.00564000   0.00542312   0.88077986 0.0 313 20231109 001 001
 -0.00608000   0.00529103   0.88557035 0.0 314 20231110 001 001
 -0.00582000   0.00530428   0.88509178 0.0 315 20231111 001 001
 -0.00534000   0.00545061   0.87977809 0.0 317 20231113 001 001
 -0.00584000   0.00537002   0.88271046 0.0 318 20231114 001 001
 -0.00600000   0.00569640   0.87075102 0.0 319 20231115 001 001
 -0.00598000   0.00510853   0.89211947 0.0 321 20231117 001 001
 -0.00610000   0.00495847   0.89743721 0.0 322 20231118 001 001
 -0.00700000   0.00488891   0.89987975 0.0 324 20231120 001 001
X
