  0.009054    0.001880  20230603  004  004  154
  0.009356    0.001939  20230604  004  004  155
  0.007808    0.001692  20230605  004  004  156
  0.006560    0.001601  20230606  004  004  157
  0.005987    0.001506  20230607  004  004  158
  0.005223    0.001508  20230608  004  004  159
  0.004636    0.001456  20230609  004  004  160
  0.004846    0.001422  20230610  004  004  161
  0.005178    0.001423  20230611  004  004  162
  0.005209    0.001366  20230612  004  004  163
  0.004784    0.001357  20230613  004  004  164
  0.004628    0.001340  20230614  004  004  165
  0.004405    0.001362  20230615  004  004  166
  0.004118    0.001317  20230616  004  004  167
  0.003738    0.001280  20230617  004  004  168
  0.003954    0.001314  20230618  004  004  169
  0.004064    0.001300  20230619  004  004  170
  0.003842    0.001275  20230620  004  004  171
  0.003892    0.001232  20230621  004  004  172
  0.004039    0.001188  20230622  004  004  173
  0.003872    0.001166  20230623  004  004  174
  0.003560    0.001123  20230624  004  004  175
  0.003452    0.001115  20230625  004  004  176
  0.003412    0.001063  20230626  004  004  177
  0.003280    0.000971  20230627  004  004  178
  0.003114    0.000844  20230628  004  004  179
  0.002841    0.000789  20230629  004  004  180
  0.002504    0.000715  20230630  004  004  181
  0.002045    0.000633  20230701  004  004  182
  0.001985    0.000641  20230702  004  004  183
  0.001642    0.000628  20230703  004  004  184
  0.001682    0.000597  20230704  004  004  185
  0.001053    0.000559  20230706  004  004  187
  0.000898    0.000514  20230707  004  004  188
  0.000541    0.000484  20230708  004  004  189
  0.000717    0.000481  20230709  004  004  190
  0.000601    0.000446  20230710  004  004  191
  0.000371    0.000431  20230711  004  004  192
  0.000220    0.000379  20230712  004  004  193
  0.000230    0.000374  20230713  004  004  194
 -0.000095    0.000400  20230714  004  004  195
 -0.000295    0.000437  20230715  004  004  196
  0.000115    0.000435  20230716  004  004  197
 -0.000330    0.000508  20230717  004  004  198
 -0.000400    0.000535  20230718  004  004  199
 -0.000485    0.000577  20230719  004  004  200
 -0.000895    0.000605  20230720  004  004  201
 -0.001159    0.000612  20230721  004  004  202
 -0.001709    0.000645  20230722  004  004  203
 -0.002037    0.000645  20230723  004  004  204
 -0.002251    0.000701  20230724  004  004  205
 -0.002380    0.000700  20230725  004  004  206
 -0.002494    0.000703  20230726  004  004  207
 -0.002434    0.000739  20230727  004  004  208
 -0.002708    0.000747  20230728  004  004  209
 -0.002916    0.000772  20230729  004  004  210
 -0.002792    0.000770  20230730  004  004  211
 -0.002915    0.000756  20230731  004  004  212
 -0.003208    0.000773  20230801  004  004  213
 -0.003262    0.000790  20230802  004  004  214
 -0.003253    0.000717  20230803  004  004  215
 -0.002975    0.000654  20230804  004  004  216
 -0.002703    0.000607  20230805  004  004  217
 -0.002704    0.000357  20230812  004  004  224
 -0.002181    0.000347  20230813  004  004  225
 -0.001742    0.000325  20230814  004  004  226
 -0.001613    0.000261  20230815  004  004  227
 -0.001996    0.000378  20230816  004  004  228
 -0.002129    0.000594  20230817  004  004  229
 -0.002282    0.000742  20230818  004  004  230
 -0.002485    0.000765  20230819  004  004  231
 -0.002177    0.000767  20230820  004  004  232
 -0.002381    0.000775  20230821  004  004  233
 -0.002107    0.000746  20230822  004  004  234
 -0.002252    0.000733  20230823  004  004  235
 -0.002038    0.000740  20230824  004  004  236
 -0.002386    0.000784  20230825  004  004  237
 -0.002510    0.000800  20230826  004  004  238
 -0.002251    0.000791  20230827  004  004  239
 -0.002067    0.000814  20230828  004  004  240
 -0.002002    0.000814  20230829  004  004  241
 -0.002136    0.000825  20230830  004  004  242
 -0.002444    0.000806  20230831  004  004  243
 -0.002548    0.000819  20230901  004  004  244
 -0.002901    0.000817  20230902  004  004  245
 -0.002756    0.000827  20230903  004  004  246
 -0.002770    0.000794  20230904  004  004  247
 -0.002428    0.000801  20230905  004  004  248
 -0.002468    0.000738  20230906  004  004  249
 -0.002126    0.000703  20230907  004  004  250
 -0.002086    0.000682  20230908  004  004  251
 -0.002270    0.000687  20230909  004  004  252
 -0.002161    0.000651  20230910  004  004  253
 -0.001902    0.000671  20230911  004  004  254
 -0.001574    0.000649  20230913  004  004  256
 -0.001544    0.000612  20230914  004  004  257
 -0.001196    0.000674  20230915  004  004  258
 -0.001022    0.000677  20230916  004  004  259
 -0.001266    0.000685  20230917  004  004  260
 -0.001534    0.000661  20230918  004  004  261
 -0.001806    0.000678  20230919  004  004  262
 -0.002213    0.000711  20230920  004  004  263
 -0.002361    0.000748  20230921  004  004  264
 -0.002356    0.000752  20230922  004  004  265
 -0.002441    0.000709  20230923  004  004  266
 -0.002640    0.000659  20230924  004  004  267
 -0.002387    0.000610  20230925  004  004  268
 -0.002268    0.000566  20230926  004  004  269
 -0.001990    0.000561  20230927  004  004  270
 -0.002074    0.000554  20230928  004  004  271
 -0.002119    0.000574  20230929  004  004  272
 -0.002064    0.000594  20230930  004  004  273
 -0.002332    0.000550  20231001  004  004  274
 -0.001682    0.000505  20231002  004  004  275
  0.000200    0.000447  20231004  004  004  277
  0.001044    0.000453  20231005  004  004  278
  0.000904    0.000518  20231006  004  004  279
  0.001725    0.000529  20231007  004  004  280
  0.001920    0.000499  20231008  004  004  281
  0.002046    0.000503  20231009  004  004  282
  0.002292    0.000518  20231010  004  004  283
  0.002694    0.000563  20231011  004  004  284
  0.003540    0.000678  20231012  004  004  285
  0.004403    0.000753  20231013  004  004  286
  0.005393    0.000811  20231014  004  004  287
  0.003663    0.000646  20231018  004  004  291
  0.003835    0.000600  20231019  004  004  292
  0.003669    0.000575  20231020  004  004  293
  0.003704    0.000620  20231021  004  004  294
  0.004204    0.000577  20231022  004  004  295
  0.004315    0.000614  20231023  004  004  296
  0.004300    0.000621  20231024  004  004  297
  0.003316    0.000541  20231025  004  004  298
  0.003261    0.000541  20231026  004  004  299
  0.003191    0.000552  20231027  004  004  300
  0.003644    0.000555  20231028  004  004  301
  0.003734    0.000588  20231029  004  004  302
  0.003644    0.000586  20231030  004  004  303
  0.003659    0.000627  20231031  004  004  304
  0.003730    0.000634  20231101  004  004  305
  0.003643    0.000618  20231102  004  004  306
  0.003386    0.000536  20231103  004  004  307
  0.003271    0.000537  20231104  004  004  308
  0.003336    0.000490  20231105  004  004  309
  0.003215    0.000472  20231106  004  004  310
  0.003100    0.000399  20231107  004  004  311
  0.002748    0.000419  20231108  004  004  312
  0.002255    0.000391  20231109  004  004  313
  0.001377    0.000428  20231110  004  004  314
  0.001282    0.000430  20231111  004  004  315
  0.001307    0.000436  20231112  004  004  316
  0.001532    0.000460  20231113  004  004  317
  0.001216    0.000484  20231114  004  004  318
  0.000881    0.000444  20231115  004  004  319
  0.000690    0.000389  20231116  004  004  320
  0.000691    0.000362  20231117  004  004  321
