  0.004745    0.002443  20230613  005  005  164
  0.005090    0.002229  20230614  005  005  165
  0.005043    0.002105  20230616  005  005  167
  0.005131    0.002035  20230620  005  005  171
  0.004995    0.001910  20230621  005  005  172
  0.005096    0.001836  20230622  005  005  173
  0.005588    0.001796  20230624  005  005  175
  0.005876    0.001868  20230625  005  005  176
  0.006138    0.001879  20230626  005  005  177
  0.006092    0.002003  20230627  005  005  178
  0.005569    0.002052  20230628  005  005  179
  0.005352    0.002125  20230629  005  005  180
  0.005240    0.002122  20230630  005  005  181
  0.005406    0.002116  20230701  005  005  182
  0.005547    0.002019  20230702  005  005  183
  0.005505    0.002052  20230703  005  005  184
  0.005625    0.002073  20230704  005  005  185
  0.005679    0.002185  20230706  005  005  187
  0.005582    0.002362  20230707  005  005  188
  0.005592    0.002473  20230708  005  005  189
  0.005677    0.002449  20230709  005  005  190
  0.005650    0.002420  20230710  005  005  191
  0.005831    0.002459  20230711  005  005  192
  0.005916    0.002586  20230712  005  005  193
  0.006011    0.002751  20230713  005  005  194
  0.005884    0.002925  20230714  005  005  195
  0.005838    0.003091  20230715  005  005  196
  0.006125    0.003098  20230716  005  005  197
  0.006110    0.003244  20230717  005  005  198
  0.006084    0.003316  20230718  005  005  199
  0.005765    0.003441  20230719  005  005  200
  0.005654    0.003448  20230720  005  005  201
  0.005168    0.003576  20230721  005  005  202
  0.004895    0.003679  20230722  005  005  203
  0.005011    0.003717  20230723  005  005  204
  0.005010    0.003782  20230724  005  005  205
  0.005014    0.003765  20230725  005  005  206
  0.004892    0.003744  20230726  005  005  207
  0.004856    0.003684  20230727  005  005  208
  0.004790    0.003896  20230728  005  005  209
  0.004618    0.003928  20230729  005  005  210
  0.004657    0.003892  20230730  005  005  211
  0.004646    0.003876  20230731  005  005  212
  0.004857    0.003873  20230801  005  005  213
  0.004774    0.003839  20230802  005  005  214
  0.005263    0.003760  20230803  005  005  215
  0.004710    0.003694  20230804  005  005  216
  0.004655    0.003419  20230812  005  005  224
  0.003941    0.003245  20230813  005  005  225
  0.004035    0.003119  20230814  005  005  226
  0.004018    0.003142  20230815  005  005  227
  0.003180    0.003221  20230816  005  005  228
  0.002758    0.003379  20230817  005  005  229
  0.002607    0.003514  20230818  005  005  230
  0.002511    0.003456  20230819  005  005  231
  0.002607    0.003443  20230820  005  005  232
  0.002858    0.003405  20230821  005  005  233
  0.002687    0.003344  20230822  005  005  234
  0.002622    0.003334  20230823  005  005  235
  0.002647    0.003374  20230824  005  005  236
  0.002567    0.003554  20230825  005  005  237
  0.002657    0.003572  20230826  005  005  238
  0.002768    0.003538  20230827  005  005  239
  0.002712    0.003516  20230828  005  005  240
  0.002727    0.003463  20230829  005  005  241
  0.002647    0.003467  20230830  005  005  242
  0.002572    0.003485  20230831  005  005  243
  0.002867    0.003665  20230901  005  005  244
  0.002827    0.003667  20230902  005  005  245
  0.002580    0.003660  20230903  005  005  246
  0.002931    0.003592  20230904  005  005  247
  0.002721    0.003468  20230905  005  005  248
  0.002526    0.003416  20230906  005  005  249
  0.002335    0.003303  20230907  005  005  250
  0.002230    0.003230  20230908  005  005  251
  0.002290    0.003189  20230909  005  005  252
  0.002496    0.003092  20230910  005  005  253
  0.002536    0.003071  20230911  005  005  254
  0.002657    0.002869  20230913  005  005  256
  0.002345    0.002747  20230914  005  005  257
  0.002441    0.002773  20230915  005  005  258
  0.002360    0.002812  20230916  005  005  259
  0.002590    0.002908  20230917  005  005  260
  0.003389    0.003095  20230918  005  005  261
  0.003792    0.003192  20230919  005  005  262
  0.003950    0.003343  20230920  005  005  263
  0.004518    0.003481  20230921  005  005  264
  0.004601    0.003521  20230922  005  005  265
  0.004354    0.003520  20230923  005  005  266
  0.004497    0.003533  20230924  005  005  267
  0.004572    0.003548  20230925  005  005  268
  0.004493    0.003545  20230926  005  005  269
  0.004617    0.003544  20230927  005  005  270
  0.004847    0.003639  20230928  005  005  271
  0.004991    0.003695  20230929  005  005  272
  0.005312    0.003807  20230930  005  005  273
  0.005031    0.003911  20231001  005  005  274
  0.003981    0.003840  20231005  005  005  278
  0.004022    0.004019  20231006  005  005  279
  0.003842    0.004232  20231007  005  005  280
  0.003497    0.004016  20231008  005  005  281
  0.003442    0.004147  20231009  005  005  282
  0.003970    0.004160  20231010  005  005  283
  0.003978    0.004113  20231011  005  005  284
  0.002729    0.004095  20231013  005  005  286
  0.003304    0.003826  20231014  005  005  287
  0.003421    0.003736  20231015  005  005  288
  0.003930    0.003801  20231018  005  005  291
  0.004137    0.003641  20231019  005  005  292
  0.004374    0.003603  20231020  005  005  293
  0.004746    0.003894  20231021  005  005  294
  0.004883    0.003851  20231022  005  005  295
  0.004334    0.003964  20231023  005  005  296
  0.004112    0.004049  20231024  005  005  297
  0.004141    0.004079  20231025  005  005  298
  0.004815    0.004279  20231026  005  005  299
  0.004304    0.004341  20231027  005  005  300
  0.004001    0.004504  20231028  005  005  301
  0.003956    0.004457  20231029  005  005  302
  0.003891    0.004447  20231030  005  005  303
  0.003931    0.004395  20231031  005  005  304
  0.003961    0.004517  20231101  005  005  305
  0.003705    0.004465  20231102  005  005  306
  0.003675    0.004476  20231103  005  005  307
  0.003615    0.004492  20231104  005  005  308
  0.003815    0.004498  20231105  005  005  309
  0.003784    0.004688  20231106  005  005  310
  0.003824    0.004762  20231107  005  005  311
  0.003715    0.004594  20231108  005  005  312
  0.004405    0.004718  20231109  005  005  313
  0.004516    0.004701  20231110  005  005  314
  0.004671    0.004820  20231111  005  005  315
  0.004755    0.004841  20231112  005  005  316
  0.005010    0.004919  20231113  005  005  317
  0.005515    0.004971  20231114  005  005  318
  0.005670    0.005084  20231115  005  005  319
  0.005416    0.005040  20231117  005  005  321
