 -0.003166    0.003155  20230607  001  001  158
  0.000340    0.002999  20230613  001  001  164
  0.000321    0.002958  20230614  001  001  165
 -0.007274    0.003395  20230621  001  001  172
 -0.004815    0.003139  20230622  001  001  173
 -0.004179    0.002924  20230623  001  001  174
 -0.002705    0.002860  20230624  001  001  175
 -0.003071    0.002791  20230626  001  001  177
 -0.001767    0.002493  20230627  001  001  178
 -0.001977    0.002485  20230628  001  001  179
 -0.004065    0.002421  20230629  001  001  180
 -0.003985    0.002461  20230630  001  001  181
 -0.003645    0.002439  20230701  001  001  182
 -0.003151    0.002345  20230703  001  001  184
 -0.000726    0.002195  20230704  001  001  185
 -0.001567    0.002048  20230706  001  001  187
 -0.001862    0.001870  20230707  001  001  188
 -0.002372    0.001733  20230708  001  001  189
 -0.001956    0.001657  20230709  001  001  190
 -0.002497    0.001568  20230710  001  001  191
 -0.002537    0.001350  20230711  001  001  192
 -0.001372    0.001115  20230712  001  001  193
 -0.001502    0.001030  20230713  001  001  194
 -0.001947    0.000960  20230714  001  001  195
 -0.001827    0.000906  20230715  001  001  196
 -0.002073    0.001048  20230717  001  001  198
 -0.002118    0.000950  20230718  001  001  199
 -0.001777    0.000900  20230719  001  001  200
 -0.001092    0.000878  20230720  001  001  201
 -0.000757    0.000958  20230721  001  001  202
 -0.000822    0.001095  20230722  001  001  203
 -0.000777    0.001059  20230723  001  001  204
 -0.000185    0.001040  20230724  001  001  205
 -0.000286    0.001169  20230725  001  001  206
  0.000105    0.001121  20230726  001  001  207
 -0.000100    0.001377  20230727  001  001  208
 -0.000476    0.001571  20230728  001  001  209
 -0.000336    0.001574  20230729  001  001  210
 -0.000501    0.001634  20230730  001  001  211
 -0.000952    0.001733  20230731  001  001  212
 -0.001157    0.001686  20230801  001  001  213
 -0.001417    0.001584  20230802  001  001  214
 -0.002818    0.001880  20230807  001  001  219
 -0.003446    0.002178  20230812  001  001  224
 -0.001867    0.002608  20230813  001  001  225
 -0.001842    0.003141  20230814  001  001  226
 -0.001762    0.003312  20230815  001  001  227
 -0.002447    0.003242  20230816  001  001  228
 -0.002997    0.003187  20230817  001  001  229
 -0.002528    0.003058  20230818  001  001  230
 -0.002628    0.002942  20230819  001  001  231
 -0.000927    0.002493  20230821  001  001  233
  0.000150    0.002587  20230822  001  001  234
 -0.001199    0.002539  20230824  001  001  236
 -0.002105    0.002189  20230825  001  001  237
 -0.001599    0.002271  20230826  001  001  238
 -0.001403    0.001998  20230827  001  001  239
 -0.001248    0.002048  20230828  001  001  240
 -0.000461    0.002135  20230829  001  001  241
  0.000231    0.002171  20230830  001  001  242
 -0.000085    0.002085  20230831  001  001  243
  0.000256    0.002072  20230901  001  001  244
  0.000637    0.002192  20230902  001  001  245
 -0.000095    0.002148  20230906  001  001  249
  0.004452    0.002253  20230907  001  001  250
  0.004164    0.002341  20230908  001  001  251
  0.000662    0.002321  20230909  001  001  252
  0.005829    0.002541  20230910  001  001  253
  0.005973    0.002410  20230911  001  001  254
  0.006466    0.002195  20230913  001  001  256
  0.005378    0.001805  20230914  001  001  257
  0.003988    0.001440  20230915  001  001  258
  0.004144    0.001231  20230916  001  001  259
  0.003887    0.001032  20230917  001  001  260
  0.004166    0.000927  20230918  001  001  261
  0.005469    0.000660  20230919  001  001  262
  0.003354    0.000861  20230920  001  001  263
  0.002874    0.001006  20230921  001  001  264
  0.001430    0.001051  20230922  001  001  265
 -0.000160    0.001117  20230923  001  001  266
  0.000414    0.001367  20230924  001  001  267
  0.000718    0.001279  20230925  001  001  268
  0.000513    0.001323  20230926  001  001  269
  0.001007    0.001309  20230927  001  001  270
  0.000997    0.001343  20230928  001  001  271
  0.000683    0.001397  20230929  001  001  272
  0.000688    0.001259  20230930  001  001  273
  0.000135    0.001176  20231001  001  001  274
 -0.000344    0.001314  20231002  001  001  275
 -0.002772    0.002400  20231009  001  001  282
 -0.002822    0.002020  20231010  001  001  283
 -0.002802    0.002727  20231013  001  001  286
 -0.001534    0.003032  20231019  001  001  292
 -0.001114    0.002546  20231020  001  001  293
 -0.001488    0.002417  20231021  001  001  294
 -0.001057    0.002195  20231022  001  001  295
 -0.000853    0.002491  20231023  001  001  296
 -0.002134    0.002005  20231024  001  001  297
 -0.002628    0.001973  20231025  001  001  298
 -0.002153    0.001986  20231027  001  001  300
 -0.002068    0.002020  20231028  001  001  301
 -0.001620    0.001995  20231030  001  001  303
 -0.001116    0.001855  20231031  001  001  304
 -0.000593    0.001947  20231101  001  001  305
 -0.000304    0.001831  20231102  001  001  306
 -0.000738    0.001680  20231103  001  001  307
  0.000105    0.001624  20231106  001  001  310
 -0.000369    0.001910  20231107  001  001  311
 -0.000040    0.001997  20231108  001  001  312
 -0.000414    0.002040  20231109  001  001  313
 -0.000080    0.002157  20231110  001  001  314
 -0.000509    0.002139  20231111  001  001  315
 -0.000639    0.002383  20231113  001  001  317
 -0.000763    0.002332  20231114  001  001  318
 -0.001382    0.002699  20231115  001  001  319
 -0.001147    0.002861  20231117  001  001  321
 -0.001147    0.002670  20231118  001  001  322
