 -0.003483    0.005175  20230605  002  002  156
 -0.009440    0.005215  20230606  002  002  157
 -0.009188    0.005270  20230607  002  002  158
 -0.007979    0.005091  20230608  002  002  159
 -0.006929    0.004983  20230609  002  002  160
 -0.006350    0.004997  20230610  002  002  161
 -0.005939    0.004871  20230612  002  002  163
 -0.005608    0.004779  20230613  002  002  164
 -0.005663    0.004649  20230614  002  002  165
 -0.006374    0.004603  20230615  002  002  166
 -0.006495    0.004348  20230622  002  002  173
 -0.006397    0.004232  20230623  002  002  174
 -0.007652    0.004442  20230624  002  002  175
 -0.008967    0.004625  20230626  002  002  177
 -0.009526    0.004882  20230627  002  002  178
 -0.010491    0.005000  20230628  002  002  179
 -0.010197    0.004849  20230629  002  002  180
 -0.010484    0.004896  20230630  002  002  181
 -0.010453    0.004998  20230701  002  002  182
 -0.011206    0.004959  20230702  002  002  183
 -0.011175    0.005020  20230703  002  002  184
 -0.011646    0.005259  20230704  002  002  185
 -0.012435    0.005326  20230706  002  002  187
 -0.012098    0.005251  20230707  002  002  188
 -0.012169    0.005178  20230708  002  002  189
 -0.012831    0.005199  20230709  002  002  190
 -0.012791    0.005304  20230710  002  002  191
 -0.011636    0.005332  20230711  002  002  192
 -0.011259    0.005515  20230712  002  002  193
 -0.010778    0.005559  20230713  002  002  194
 -0.010829    0.005607  20230714  002  002  195
 -0.010861    0.005624  20230715  002  002  196
 -0.011419    0.005817  20230716  002  002  197
 -0.011846    0.005645  20230717  002  002  198
 -0.011740    0.005631  20230718  002  002  199
 -0.011741    0.005776  20230719  002  002  200
 -0.010818    0.005746  20230720  002  002  201
 -0.010927    0.005780  20230721  002  002  202
 -0.010786    0.005744  20230722  002  002  203
 -0.011493    0.005825  20230725  002  002  206
 -0.011434    0.006025  20230726  002  002  207
 -0.011442    0.005899  20230727  002  002  208
 -0.010929    0.005956  20230728  002  002  209
 -0.010513    0.005816  20230729  002  002  210
 -0.010120    0.005795  20230731  002  002  212
 -0.009534    0.005869  20230801  002  002  213
 -0.009990    0.005784  20230802  002  002  214
 -0.008977    0.005738  20230803  002  002  215
 -0.008258    0.005459  20230804  002  002  216
 -0.008144    0.005154  20230805  002  002  217
 -0.007855    0.005110  20230807  002  002  219
 -0.006438    0.004942  20230812  002  002  224
 -0.006372    0.005006  20230813  002  002  225
 -0.006389    0.004981  20230814  002  002  226
 -0.006696    0.005399  20230815  002  002  227
 -0.008122    0.005696  20230816  002  002  228
 -0.008809    0.006973  20230818  002  002  230
 -0.007577    0.007218  20230819  002  002  231
 -0.008191    0.007361  20230821  002  002  233
 -0.007524    0.007279  20230822  002  002  234
 -0.001299    0.006909  20230823  002  002  235
 -0.000430    0.006889  20230824  002  002  236
 -0.005090    0.006922  20230825  002  002  237
 -0.004843    0.006674  20230826  002  002  238
 -0.004352    0.006481  20230828  002  002  240
 -0.003577    0.006481  20230829  002  002  241
 -0.004110    0.006518  20230830  002  002  242
 -0.004108    0.006178  20230831  002  002  243
 -0.003756    0.005869  20230901  002  002  244
 -0.003385    0.005821  20230902  002  002  245
 -0.003614    0.005821  20230904  002  002  247
 -0.005231    0.006051  20230905  002  002  248
 -0.005690    0.005997  20230906  002  002  249
 -0.006838    0.005682  20230907  002  002  250
 -0.006337    0.006053  20230908  002  002  251
 -0.006986    0.006145  20230909  002  002  252
 -0.007227    0.006228  20230910  002  002  253
 -0.006697    0.006190  20230911  002  002  254
 -0.005633    0.006483  20230913  002  002  256
 -0.006563    0.006344  20230914  002  002  257
 -0.006324    0.006221  20230915  002  002  258
 -0.006051    0.006198  20230916  002  002  259
 -0.004729    0.006118  20230917  002  002  260
 -0.003097    0.005930  20230918  002  002  261
 -0.002035    0.006010  20230919  002  002  262
 -0.000080    0.006064  20230920  002  002  263
  0.001008    0.005749  20230921  002  002  264
  0.008462    0.005558  20230922  002  002  265
  0.008062    0.005593  20230923  002  002  266
  0.008464    0.005294  20230926  002  002  269
  0.010854    0.005659  20230927  002  002  270
  0.011384    0.005748  20230928  002  002  271
  0.012487    0.005533  20230929  002  002  272
  0.012790    0.005446  20230930  002  002  273
  0.012777    0.005792  20231001  002  002  274
  0.012962    0.006009  20231002  002  002  275
  0.013386    0.006175  20231003  002  002  276
  0.012391    0.006471  20231004  002  002  277
  0.012178    0.006803  20231005  002  002  278
  0.011472    0.006818  20231006  002  002  279
  0.011484    0.006630  20231007  002  002  280
  0.010934    0.006801  20231010  002  002  283
  0.008102    0.006487  20231014  002  002  287
  0.006994    0.005146  20231018  002  002  291
  0.007827    0.005568  20231019  002  002  292
  0.005992    0.005693  20231020  002  002  293
  0.006143    0.005585  20231021  002  002  294
  0.005287    0.005288  20231024  002  002  297
  0.004623    0.005934  20231027  002  002  300
  0.004837    0.005962  20231028  002  002  301
  0.004834    0.006014  20231030  002  002  303
  0.003847    0.006152  20231031  002  002  304
  0.004202    0.005901  20231101  002  002  305
  0.005253    0.005550  20231102  002  002  306
  0.003844    0.005341  20231103  002  002  307
  0.003949    0.005414  20231104  002  002  308
  0.004306    0.005588  20231106  002  002  310
  0.003583    0.005638  20231107  002  002  311
  0.003749    0.005602  20231108  002  002  312
  0.003561    0.005202  20231109  002  002  313
  0.003369    0.005061  20231110  002  002  314
  0.003500    0.005055  20231111  002  002  315
  0.003638    0.004922  20231113  002  002  317
  0.002811    0.004742  20231114  002  002  318
  0.003621    0.004894  20231116  002  002  320
  0.002754    0.004706  20231117  002  002  321
  0.002160    0.004907  20231118  002  002  322
  0.002472    0.004681  20231120  002  002  324
