 -0.003728    0.006782  20230605  003  003  156
 -0.001310    0.006104  20230606  003  003  157
 -0.002562    0.005366  20230607  003  003  158
 -0.002811    0.005069  20230608  003  003  159
 -0.003694    0.004774  20230609  003  003  160
 -0.003613    0.004795  20230610  003  003  161
 -0.003958    0.004554  20230612  003  003  163
 -0.003816    0.004465  20230613  003  003  164
 -0.003399    0.004452  20230614  003  003  165
 -0.003535    0.004555  20230615  003  003  166
 -0.003748    0.004551  20230616  003  003  167
 -0.003980    0.004588  20230619  003  003  170
 -0.003740    0.004730  20230622  003  003  173
 -0.003663    0.004681  20230623  003  003  174
 -0.002922    0.005062  20230625  003  003  176
 -0.002951    0.005008  20230626  003  003  177
 -0.002859    0.004799  20230627  003  003  178
 -0.002288    0.004510  20230628  003  003  179
 -0.001792    0.004480  20230629  003  003  180
 -0.001468    0.004481  20230630  003  003  181
 -0.001433    0.004468  20230701  003  003  182
 -0.001463    0.004258  20230703  003  003  184
 -0.001321    0.004156  20230704  003  003  185
 -0.000567    0.003870  20230706  003  003  187
 -0.000405    0.003795  20230707  003  003  188
 -0.000476    0.003574  20230710  003  003  191
 -0.000243    0.003650  20230711  003  003  192
 -0.000132    0.003554  20230712  003  003  193
  0.000000    0.003607  20230713  003  003  194
  0.000101    0.003778  20230714  003  003  195
  0.000243    0.004014  20230717  003  003  198
  0.000096    0.003864  20230718  003  003  199
  0.000046    0.003736  20230719  003  003  200
  0.000126    0.003582  20230720  003  003  201
  0.000324    0.003646  20230721  003  003  202
  0.000405    0.003738  20230724  003  003  205
  0.000688    0.003594  20230725  003  003  206
  0.000526    0.003643  20230726  003  003  207
  0.000374    0.003624  20230727  003  003  208
  0.000597    0.003755  20230728  003  003  209
  0.000921    0.003794  20230729  003  003  210
  0.000920    0.003898  20230731  003  003  212
  0.001244    0.004117  20230801  003  003  213
  0.001703    0.004404  20230802  003  003  214
  0.002528    0.003886  20230812  003  003  224
  0.003904    0.003716  20230813  003  003  225
  0.002863    0.004911  20230814  003  003  226
  0.001792    0.006673  20230815  003  003  227
  0.002143    0.006485  20230816  003  003  228
  0.002501    0.006391  20230817  003  003  229
  0.002788    0.006337  20230818  003  003  230
  0.003231    0.006415  20230819  003  003  231
  0.003877    0.006210  20230821  003  003  233
  0.004218    0.006191  20230822  003  003  234
  0.004988    0.006184  20230823  003  003  235
  0.005055    0.006298  20230824  003  003  236
  0.004921    0.006328  20230825  003  003  237
  0.005589    0.006326  20230827  003  003  239
  0.005727    0.006271  20230828  003  003  240
  0.006169    0.006448  20230829  003  003  241
  0.005586    0.006617  20230830  003  003  242
  0.005369    0.006868  20230831  003  003  243
  0.005338    0.006928  20230901  003  003  244
  0.005156    0.006933  20230903  003  003  246
  0.005470    0.006776  20230904  003  003  247
  0.006183    0.006661  20230905  003  003  248
  0.006355    0.006646  20230906  003  003  249
  0.006406    0.006733  20230907  003  003  250
  0.006543    0.006754  20230908  003  003  251
  0.006497    0.006736  20230909  003  003  252
  0.006461    0.006707  20230910  003  003  253
  0.006867    0.006485  20230911  003  003  254
  0.005924    0.005957  20230913  003  003  256
  0.004795    0.005485  20230914  003  003  257
  0.005238    0.005331  20230915  003  003  258
  0.005182    0.005178  20230916  003  003  259
  0.004855    0.005031  20230917  003  003  260
  0.004912    0.004946  20230918  003  003  261
  0.005158    0.004723  20230919  003  003  262
  0.005183    0.004452  20230920  003  003  263
  0.005568    0.004166  20230921  003  003  264
  0.005845    0.004039  20230922  003  003  265
  0.005880    0.003945  20230923  003  003  266
  0.005960    0.003896  20230924  003  003  267
  0.006214    0.004020  20230925  003  003  268
  0.006107    0.003974  20230926  003  003  269
  0.005970    0.004059  20230927  003  003  270
  0.005940    0.003985  20230928  003  003  271
  0.006052    0.003975  20230929  003  003  272
  0.006011    0.003941  20230930  003  003  273
  0.006142    0.004135  20231001  003  003  274
  0.006080    0.004099  20231002  003  003  275
  0.005332    0.004179  20231003  003  003  276
  0.005239    0.003932  20231004  003  003  277
  0.005180    0.004008  20231005  003  003  278
  0.005273    0.004006  20231006  003  003  279
  0.005214    0.003932  20231007  003  003  280
  0.004907    0.003712  20231009  003  003  282
  0.004924    0.003718  20231010  003  003  283
  0.004519    0.003621  20231012  003  003  285
  0.004146    0.003545  20231013  003  003  286
  0.003597    0.003222  20231014  003  003  287
  0.003111    0.003085  20231018  003  003  291
  0.001802    0.002819  20231019  003  003  292
  0.001212    0.002818  20231020  003  003  293
 -0.000162    0.002665  20231024  003  003  297
  0.000096    0.002807  20231025  003  003  298
 -0.000136    0.003120  20231027  003  003  300
 -0.000252    0.003328  20231028  003  003  301
  0.000308    0.003206  20231030  003  003  303
 -0.000288    0.003155  20231031  003  003  304
 -0.000252    0.003350  20231101  003  003  305
 -0.000393    0.003418  20231102  003  003  306
 -0.000116    0.003385  20231103  003  003  307
 -0.000999    0.003328  20231108  003  003  312
 -0.001573    0.003603  20231109  003  003  313
 -0.001820    0.003567  20231110  003  003  314
 -0.001957    0.003594  20231111  003  003  315
 -0.002441    0.003770  20231113  003  003  317
 -0.003137    0.003811  20231115  003  003  319
