  0.009327    0.001487  20230603  004  004  154
  0.009392    0.001117  20230604  004  004  155
  0.007652    0.001131  20230605  004  004  156
  0.006713    0.001154  20230606  004  004  157
  0.006103    0.001182  20230607  004  004  158
  0.005551    0.001239  20230608  004  004  159
  0.005002    0.001243  20230609  004  004  160
  0.005218    0.001181  20230610  004  004  161
  0.005572    0.001172  20230611  004  004  162
  0.005653    0.001224  20230612  004  004  163
  0.005222    0.001225  20230613  004  004  164
  0.005025    0.001238  20230614  004  004  165
  0.004877    0.001269  20230615  004  004  166
  0.004640    0.001314  20230616  004  004  167
  0.004315    0.001383  20230617  004  004  168
  0.004582    0.001344  20230618  004  004  169
  0.004677    0.001320  20230619  004  004  170
  0.004485    0.001380  20230620  004  004  171
  0.004444    0.001385  20230621  004  004  172
  0.004646    0.001444  20230622  004  004  173
  0.004464    0.001537  20230623  004  004  174
  0.004095    0.001557  20230624  004  004  175
  0.003967    0.001513  20230625  004  004  176
  0.003850    0.001550  20230626  004  004  177
  0.003703    0.001595  20230627  004  004  178
  0.003536    0.001637  20230628  004  004  179
  0.003237    0.001640  20230629  004  004  180
  0.002919    0.001681  20230630  004  004  181
  0.002495    0.001747  20230701  004  004  182
  0.002389    0.001756  20230702  004  004  183
  0.002176    0.001772  20230703  004  004  184
  0.002160    0.001789  20230704  004  004  185
  0.001530    0.001785  20230706  004  004  187
  0.001419    0.001865  20230707  004  004  188
  0.001046    0.001964  20230708  004  004  189
  0.001267    0.001974  20230709  004  004  190
  0.001116    0.001987  20230710  004  004  191
  0.000950    0.002014  20230711  004  004  192
  0.000693    0.002113  20230712  004  004  193
  0.000668    0.002187  20230713  004  004  194
  0.000291    0.002272  20230714  004  004  195
  0.000070    0.002425  20230715  004  004  196
  0.000306    0.002408  20230716  004  004  197
 -0.000105    0.002512  20230717  004  004  198
 -0.000226    0.002558  20230718  004  004  199
 -0.000311    0.002605  20230719  004  004  200
 -0.000787    0.002630  20230720  004  004  201
 -0.001008    0.002637  20230721  004  004  202
 -0.001493    0.002701  20230722  004  004  203
 -0.001723    0.002676  20230723  004  004  204
 -0.002742    0.002715  20230724  004  004  205
 -0.002811    0.002685  20230725  004  004  206
 -0.003045    0.002698  20230726  004  004  207
 -0.002930    0.002738  20230727  004  004  208
 -0.003149    0.002761  20230728  004  004  209
 -0.003413    0.002818  20230729  004  004  210
 -0.003458    0.002778  20230730  004  004  211
 -0.003577    0.002742  20230731  004  004  212
 -0.003860    0.002752  20230801  004  004  213
 -0.003874    0.002776  20230802  004  004  214
 -0.003680    0.002715  20230803  004  004  215
 -0.003153    0.002739  20230805  004  004  217
 -0.003069    0.002549  20230812  004  004  224
 -0.002765    0.002539  20230813  004  004  225
 -0.002360    0.002540  20230814  004  004  226
 -0.002230    0.002463  20230815  004  004  227
 -0.002963    0.002585  20230816  004  004  228
 -0.002938    0.002580  20230817  004  004  229
 -0.003341    0.002638  20230818  004  004  230
 -0.003519    0.002635  20230819  004  004  231
 -0.003250    0.002626  20230820  004  004  232
 -0.003569    0.002593  20230821  004  004  233
 -0.002991    0.002636  20230822  004  004  234
 -0.002957    0.002629  20230823  004  004  235
 -0.002752    0.002676  20230824  004  004  236
 -0.003086    0.002730  20230825  004  004  237
 -0.003096    0.002758  20230826  004  004  238
 -0.002906    0.002711  20230827  004  004  239
 -0.002816    0.002743  20230828  004  004  240
 -0.002756    0.002740  20230829  004  004  241
 -0.002795    0.002773  20230830  004  004  242
 -0.002974    0.002783  20230831  004  004  243
 -0.003009    0.002823  20230901  004  004  244
 -0.003372    0.002821  20230902  004  004  245
 -0.003112    0.002846  20230903  004  004  246
 -0.003227    0.002876  20230905  004  004  248
 -0.002963    0.002808  20230906  004  004  249
 -0.002555    0.002776  20230907  004  004  250
 -0.002366    0.002752  20230908  004  004  251
 -0.002411    0.002767  20230909  004  004  252
 -0.002107    0.002704  20230910  004  004  253
 -0.001832    0.002712  20230911  004  004  254
 -0.001403    0.002690  20230913  004  004  256
 -0.001399    0.002657  20230914  004  004  257
 -0.000929    0.002708  20230915  004  004  258
 -0.000700    0.002708  20230916  004  004  259
 -0.000994    0.002667  20230917  004  004  260
 -0.001518    0.002596  20230918  004  004  261
 -0.002310    0.002605  20230919  004  004  262
 -0.003155    0.002623  20230920  004  004  263
 -0.003438    0.002650  20230921  004  004  264
 -0.003607    0.002670  20230922  004  004  265
 -0.003334    0.002633  20230923  004  004  266
 -0.003210    0.002615  20230924  004  004  267
 -0.002847    0.002550  20230925  004  004  268
 -0.002757    0.002508  20230926  004  004  269
 -0.002504    0.002491  20230927  004  004  270
 -0.002568    0.002477  20230928  004  004  271
 -0.002553    0.002515  20230929  004  004  272
 -0.002335    0.002550  20230930  004  004  273
 -0.001323    0.002447  20231002  004  004  275
  0.002300    0.002298  20231004  004  004  277
  0.003507    0.002283  20231005  004  004  278
  0.003558    0.002347  20231006  004  004  279
  0.004228    0.002324  20231007  004  004  280
  0.004284    0.002312  20231008  004  004  281
  0.004391    0.002316  20231009  004  004  282
  0.004655    0.002312  20231010  004  004  283
  0.005130    0.002312  20231011  004  004  284
  0.006154    0.002240  20231012  004  004  285
  0.007045    0.002233  20231013  004  004  286
  0.007081    0.002200  20231014  004  004  287
  0.005172    0.002282  20231018  004  004  291
  0.005032    0.002263  20231019  004  004  292
  0.004760    0.002263  20231020  004  004  293
  0.004816    0.002277  20231021  004  004  294
  0.005140    0.002152  20231022  004  004  295
  0.005227    0.002108  20231023  004  004  296
  0.005227    0.002091  20231024  004  004  297
  0.004315    0.002138  20231025  004  004  298
  0.004385    0.002055  20231026  004  004  299
  0.004442    0.002092  20231027  004  004  300
  0.004882    0.002080  20231028  004  004  301
  0.004973    0.002046  20231029  004  004  302
  0.004811    0.002056  20231030  004  004  303
  0.004776    0.002020  20231031  004  004  304
  0.004958    0.002028  20231101  004  004  305
  0.004957    0.002052  20231102  004  004  306
  0.004785    0.002093  20231103  004  004  307
  0.004755    0.002145  20231104  004  004  308
  0.004715    0.002177  20231106  004  004  310
  0.004442    0.002300  20231108  004  004  312
  0.003930    0.002340  20231109  004  004  313
  0.003072    0.002421  20231110  004  004  314
  0.002740    0.002491  20231111  004  004  315
  0.002820    0.002537  20231112  004  004  316
  0.003012    0.002552  20231113  004  004  317
  0.002548    0.002566  20231114  004  004  318
  0.002065    0.002503  20231115  004  004  319
  0.002015    0.002504  20231117  004  004  321
