  0.002018    0.007773  20230603  006  006  154
  0.001061    0.006848  20230607  006  006  158
  0.002406    0.006716  20230614  006  006  165
  0.000590    0.007039  20230621  006  006  172
  0.003554    0.006279  20230622  006  006  173
  0.003148    0.006130  20230623  006  006  174
  0.000726    0.006253  20230624  006  006  175
  0.000695    0.006510  20230626  006  006  177
  0.000131    0.006786  20230627  006  006  178
 -0.000750    0.006770  20230628  006  006  179
 -0.000468    0.006714  20230629  006  006  180
 -0.000644    0.006855  20230630  006  006  181
 -0.000794    0.006634  20230701  006  006  182
 -0.000799    0.006625  20230702  006  006  183
 -0.001472    0.006788  20230703  006  006  184
 -0.001386    0.006684  20230704  006  006  185
 -0.002499    0.007267  20230706  006  006  187
 -0.002032    0.007255  20230707  006  006  188
 -0.002173    0.007147  20230708  006  006  189
 -0.002654    0.006887  20230709  006  006  190
 -0.002715    0.006672  20230710  006  006  191
 -0.002333    0.006615  20230711  006  006  192
 -0.002313    0.006539  20230712  006  006  193
 -0.001998    0.006422  20230713  006  006  194
 -0.001502    0.006724  20230714  006  006  195
 -0.001352    0.006748  20230715  006  006  196
 -0.000844    0.006357  20230716  006  006  197
 -0.001005    0.006373  20230717  006  006  198
 -0.001065    0.006372  20230718  006  006  199
 -0.001542    0.006196  20230719  006  006  200
 -0.001527    0.006043  20230720  006  006  201
 -0.001757    0.006108  20230721  006  006  202
 -0.001837    0.006088  20230722  006  006  203
 -0.001846    0.006041  20230723  006  006  204
 -0.001555    0.006166  20230724  006  006  205
 -0.001636    0.006273  20230725  006  006  206
 -0.002042    0.006264  20230726  006  006  207
 -0.002593    0.006161  20230727  006  006  208
 -0.003048    0.006114  20230728  006  006  209
 -0.003260    0.006225  20230729  006  006  210
 -0.003180    0.006200  20230730  006  006  211
 -0.003079    0.006184  20230731  006  006  212
 -0.003079    0.006216  20230801  006  006  213
 -0.003209    0.006267  20230802  006  006  214
 -0.002398    0.003283  20230812  006  006  224
 -0.002057    0.002923  20230813  006  006  225
  0.000259    0.009579  20230814  006  006  226
  0.004607    0.019524  20230815  006  006  227
  0.005717    0.019716  20230816  006  006  228
  0.007338    0.018708  20230817  006  006  229
  0.007141    0.019377  20230818  006  006  230
  0.006583    0.018692  20230819  006  006  231
  0.006941    0.019302  20230820  006  006  232
  0.006711    0.019673  20230821  006  006  233
  0.006636    0.019252  20230822  006  006  234
  0.004845    0.019250  20230826  006  006  238
  0.005574    0.019394  20230827  006  006  239
  0.006530    0.019002  20230828  006  006  240
  0.006238    0.018599  20230829  006  006  241
  0.004834    0.019123  20230830  006  006  242
  0.005773    0.018177  20230831  006  006  243
  0.005759    0.018149  20230901  006  006  244
  0.005272    0.016711  20230902  006  006  245
  0.005482    0.015860  20230903  006  006  246
  0.005316    0.015901  20230904  006  006  247
  0.006366    0.017255  20230906  006  006  249
  0.005366    0.016246  20230907  006  006  250
  0.006178    0.015668  20230908  006  006  251
  0.006913    0.015598  20230909  006  006  252
  0.007034    0.015136  20230910  006  006  253
  0.007177    0.014738  20230911  006  006  254
  0.005042    0.012389  20230913  006  006  256
  0.004097    0.010724  20230914  006  006  257
  0.003429    0.009383  20230915  006  006  258
  0.004234    0.008368  20230916  006  006  259
  0.003868    0.007328  20230917  006  006  260
  0.003628    0.006773  20230918  006  006  261
  0.002790    0.005503  20230919  006  006  262
  0.003205    0.004890  20230920  006  006  263
  0.002939    0.004172  20230921  006  006  264
  0.002254    0.003417  20230923  006  006  266
  0.002900    0.003161  20230926  006  006  269
  0.003794    0.002930  20230927  006  006  270
  0.003620    0.002934  20230928  006  006  271
  0.002716    0.002722  20230929  006  006  272
  0.002257    0.002434  20230930  006  006  273
  0.001828    0.002460  20231001  006  006  274
  0.003438    0.002290  20231005  006  006  278
  0.002225    0.002298  20231006  006  006  279
  0.000919    0.001890  20231009  006  006  282
  0.000489    0.001916  20231010  006  006  283
  0.002698    0.002069  20231013  006  006  286
  0.003649    0.002923  20231018  006  006  291
  0.001291    0.002123  20231019  006  006  292
  0.001452    0.001950  20231020  006  006  293
  0.002295    0.002936  20231023  006  006  296
  0.001122    0.002889  20231024  006  006  297
  0.001162    0.002633  20231025  006  006  298
  0.000551    0.002779  20231027  006  006  300
 -0.000931    0.002636  20231028  006  006  301
 -0.001011    0.002504  20231029  006  006  302
 -0.000725    0.002425  20231030  006  006  303
 -0.002686    0.002505  20231031  006  006  304
 -0.001632    0.002014  20231101  006  006  305
 -0.002379    0.001962  20231102  006  006  306
 -0.002299    0.002011  20231104  006  006  308
 -0.001392    0.001964  20231108  006  006  312
 -0.001447    0.001847  20231109  006  006  313
 -0.001053    0.001760  20231110  006  006  314
 -0.000838    0.001764  20231111  006  006  315
 -0.000454    0.001783  20231112  006  006  316
  0.000614    0.001779  20231113  006  006  317
  0.000364    0.001984  20231114  006  006  318
  0.000819    0.002040  20231115  006  006  319
