  0.014755    0.002939  20230608  001  001  159
  0.015434    0.002679  20230612  001  001  163
  0.013929    0.002671  20230613  001  001  164
  0.012940    0.002607  20230614  001  001  165
  0.011936    0.002613  20230615  001  001  166
 -0.004335    0.002526  20230622  001  001  173
 -0.004498    0.002409  20230623  001  001  174
 -0.004158    0.002438  20230624  001  001  175
 -0.004094    0.002410  20230626  001  001  177
 -0.005184    0.002339  20230627  001  001  178
 -0.005712    0.002275  20230628  001  001  179
 -0.006317    0.002226  20230629  001  001  180
 -0.005872    0.002175  20230630  001  001  181
 -0.005546    0.002131  20230701  001  001  182
 -0.004735    0.002096  20230702  001  001  183
 -0.004614    0.002082  20230703  001  001  184
 -0.004019    0.002064  20230704  001  001  185
 -0.003299    0.001931  20230706  001  001  187
 -0.003419    0.001815  20230707  001  001  188
 -0.003194    0.001758  20230708  001  001  189
 -0.002397    0.001720  20230709  001  001  190
 -0.001249    0.001644  20230710  001  001  191
 -0.000567    0.001566  20230711  001  001  192
  0.000507    0.001563  20230712  001  001  193
  0.006920    0.001541  20230713  001  001  194
  0.007122    0.001501  20230714  001  001  195
  0.007836    0.001429  20230715  001  001  196
  0.007627    0.001400  20230716  001  001  197
  0.007535    0.001319  20230717  001  001  198
  0.007881    0.001298  20230718  001  001  199
  0.008036    0.001225  20230719  001  001  200
  0.008977    0.001119  20230720  001  001  201
  0.009042    0.001028  20230721  001  001  202
  0.008500    0.000898  20230722  001  001  203
  0.007740    0.000716  20230723  001  001  204
  0.007672    0.000731  20230724  001  001  205
  0.008630    0.000836  20230726  001  001  207
  0.008317    0.000855  20230728  001  001  209
  0.007222    0.000763  20230729  001  001  210
  0.005862    0.000732  20230730  001  001  211
  0.005406    0.000883  20230731  001  001  212
  0.004844    0.001036  20230801  001  001  213
  0.003620    0.001177  20230802  001  001  214
  0.005129    0.001646  20230806  001  001  218
  0.006049    0.001523  20230807  001  001  219
  0.007062    0.001591  20230812  001  001  224
  0.004481    0.001367  20230813  001  001  225
  0.003345    0.001273  20230814  001  001  226
  0.004204    0.001146  20230815  001  001  227
  0.004682    0.001162  20230816  001  001  228
  0.005697    0.001048  20230817  001  001  229
  0.005527    0.001094  20230818  001  001  230
  0.005665    0.001220  20230819  001  001  231
  0.003629    0.001307  20230820  001  001  232
  0.003780    0.001276  20230821  001  001  233
  0.003831    0.001314  20230822  001  001  234
  0.001365    0.001199  20230823  001  001  235
  0.001999    0.001251  20230825  001  001  237
  0.002838    0.001389  20230826  001  001  238
  0.002036    0.001489  20230827  001  001  239
  0.000738    0.001562  20230828  001  001  240
  0.000589    0.001650  20230829  001  001  241
  0.000539    0.001798  20230830  001  001  242
  0.001563    0.001918  20230831  001  001  243
  0.001438    0.001949  20230901  001  001  244
  0.002357    0.001775  20230902  001  001  245
  0.001507    0.001771  20230903  001  001  246
  0.000878    0.001695  20230904  001  001  247
  0.002844    0.001630  20230907  001  001  250
  0.002390    0.001555  20230908  001  001  251
  0.003398    0.001531  20230909  001  001  252
  0.004707    0.001455  20230910  001  001  253
  0.004676    0.001343  20230911  001  001  254
  0.003381    0.001312  20230913  001  001  256
  0.003402    0.001446  20230914  001  001  257
  0.003778    0.001399  20230915  001  001  258
  0.004834    0.001373  20230916  001  001  259
  0.005943    0.001365  20230917  001  001  260
  0.005800    0.001391  20230918  001  001  261
  0.005921    0.001395  20230919  001  001  262
  0.006158    0.001340  20230920  001  001  263
  0.006808    0.001272  20230921  001  001  264
  0.006769    0.001226  20230922  001  001  265
  0.004911    0.001200  20230923  001  001  266
  0.005143    0.001310  20230925  001  001  268
  0.005197    0.001465  20230926  001  001  269
  0.004931    0.001534  20230928  001  001  271
  0.004659    0.001582  20230929  001  001  272
  0.000125    0.001461  20231003  001  001  276
  0.001625    0.001355  20231005  001  001  278
  0.001695    0.001433  20231008  001  001  281
  0.001929    0.001267  20231009  001  001  282
  0.001785    0.001214  20231010  001  001  283
  0.005098    0.001180  20231013  001  001  286
  0.003073    0.001027  20231014  001  001  287
 -0.000130    0.001014  20231018  001  001  291
 -0.000020    0.000985  20231019  001  001  292
 -0.000230    0.000929  20231020  001  001  293
  0.000575    0.000953  20231021  001  001  294
  0.000255    0.001079  20231022  001  001  295
 -0.000834    0.001247  20231023  001  001  296
 -0.001204    0.001295  20231024  001  001  297
 -0.000665    0.001296  20231025  001  001  298
 -0.000959    0.001390  20231026  001  001  299
 -0.000355    0.001499  20231027  001  001  300
 -0.001463    0.001564  20231028  001  001  301
 -0.000330    0.001593  20231029  001  001  302
 -0.000340    0.001582  20231030  001  001  303
 -0.001418    0.001719  20231031  001  001  304
 -0.000964    0.001793  20231101  001  001  305
 -0.000784    0.001801  20231102  001  001  306
 -0.000055    0.001720  20231103  001  001  307
 -0.000330    0.001655  20231104  001  001  308
  0.000610    0.001723  20231105  001  001  309
  0.001141    0.001737  20231106  001  001  310
  0.000705    0.001740  20231107  001  001  311
  0.001322    0.001707  20231108  001  001  312
  0.001337    0.001667  20231109  001  001  313
  0.001542    0.001638  20231110  001  001  314
  0.001894    0.001655  20231111  001  001  315
  0.001768    0.001721  20231112  001  001  316
  0.001969    0.001679  20231113  001  001  317
  0.002024    0.001738  20231114  001  001  318
  0.001909    0.001869  20231115  001  001  319
  0.002084    0.001984  20231116  001  001  320
  0.002677    0.002014  20231117  001  001  321
  0.002602    0.002071  20231118  001  001  322
  0.002496    0.002245  20231120  001  001  324
