 -0.001077    0.002566  20230607  001  001  158
  0.002686    0.002705  20230608  001  001  159
  0.001782    0.002543  20230609  001  001  160
  0.002176    0.002518  20230610  001  001  161
  0.002287    0.002503  20230612  001  001  163
  0.001491    0.002507  20230613  001  001  164
  0.001158    0.002486  20230614  001  001  165
  0.001052    0.002501  20230615  001  001  166
 -0.001608    0.002529  20230619  001  001  170
 -0.007181    0.002422  20230621  001  001  172
 -0.007661    0.002438  20230622  001  001  173
 -0.007820    0.002349  20230623  001  001  174
 -0.007187    0.002369  20230624  001  001  175
 -0.006927    0.002379  20230625  001  001  176
 -0.006778    0.002366  20230626  001  001  177
 -0.007462    0.002320  20230627  001  001  178
 -0.007784    0.002274  20230628  001  001  179
 -0.007919    0.002229  20230629  001  001  180
 -0.007431    0.002180  20230630  001  001  181
 -0.007056    0.002141  20230701  001  001  182
 -0.004759    0.002071  20230702  001  001  183
 -0.004653    0.002056  20230703  001  001  184
 -0.003413    0.002038  20230704  001  001  185
 -0.002702    0.001913  20230706  001  001  187
 -0.002793    0.001803  20230707  001  001  188
 -0.002828    0.001703  20230708  001  001  189
 -0.002011    0.001668  20230709  001  001  190
 -0.000848    0.001594  20230710  001  001  191
 -0.000120    0.001521  20230711  001  001  192
  0.000979    0.001525  20230712  001  001  193
  0.006766    0.001509  20230713  001  001  194
  0.006973    0.001474  20230714  001  001  195
  0.007732    0.001401  20230715  001  001  196
  0.007507    0.001376  20230716  001  001  197
  0.007431    0.001294  20230717  001  001  198
  0.007777    0.001271  20230718  001  001  199
  0.007922    0.001198  20230719  001  001  200
  0.008918    0.001095  20230720  001  001  201
  0.008953    0.001003  20230721  001  001  202
  0.008436    0.000875  20230722  001  001  203
  0.007631    0.000682  20230723  001  001  204
  0.007543    0.000679  20230724  001  001  205
  0.007744    0.000710  20230725  001  001  206
  0.008809    0.000851  20230726  001  001  207
  0.008571    0.000905  20230727  001  001  208
  0.008275    0.000883  20230728  001  001  209
  0.007390    0.000763  20230729  001  001  210
  0.006270    0.000671  20230730  001  001  211
  0.005904    0.000737  20230731  001  001  212
  0.005463    0.000847  20230801  001  001  213
  0.004474    0.000954  20230802  001  001  214
  0.005934    0.001234  20230806  001  001  218
  0.005994    0.001406  20230807  001  001  219
  0.007168    0.001654  20230812  001  001  224
  0.004552    0.001422  20230813  001  001  225
  0.003385    0.001314  20230814  001  001  226
  0.004169    0.001160  20230815  001  001  227
  0.004718    0.001174  20230816  001  001  228
  0.005687    0.001052  20230817  001  001  229
  0.005532    0.001097  20230818  001  001  230
  0.005891    0.001219  20230819  001  001  231
  0.003779    0.001317  20230820  001  001  232
  0.004006    0.001288  20230821  001  001  233
  0.004002    0.001331  20230822  001  001  234
  0.001475    0.001217  20230823  001  001  235
  0.001385    0.001188  20230824  001  001  236
  0.001964    0.001246  20230825  001  001  237
  0.002743    0.001386  20230826  001  001  238
  0.001980    0.001489  20230827  001  001  239
  0.000788    0.001563  20230828  001  001  240
  0.000624    0.001651  20230829  001  001  241
  0.000579    0.001789  20230830  001  001  242
  0.001608    0.001907  20230831  001  001  243
  0.001423    0.001945  20230901  001  001  244
  0.002246    0.001778  20230902  001  001  245
  0.001492    0.001765  20230903  001  001  246
  0.000923    0.001691  20230904  001  001  247
  0.003774    0.001653  20230906  001  001  249
  0.003278    0.001526  20230907  001  001  250
  0.002964    0.001474  20230908  001  001  251
  0.003622    0.001460  20230909  001  001  252
  0.004510    0.001397  20230910  001  001  253
  0.004479    0.001310  20230911  001  001  254
  0.003275    0.001313  20230913  001  001  256
  0.003301    0.001435  20230914  001  001  257
  0.003656    0.001388  20230915  001  001  258
  0.004947    0.001363  20230916  001  001  259
  0.006228    0.001353  20230917  001  001  260
  0.006054    0.001370  20230918  001  001  261
  0.005631    0.001349  20230919  001  001  262
  0.005993    0.001301  20230920  001  001  263
  0.006582    0.001231  20230921  001  001  264
  0.006528    0.001187  20230922  001  001  265
  0.005163    0.001171  20230923  001  001  266
  0.003796    0.001233  20230924  001  001  267
  0.004472    0.001269  20230925  001  001  268
  0.004567    0.001412  20230926  001  001  269
  0.004486    0.001551  20230927  001  001  270
  0.004465    0.001596  20230928  001  001  271
  0.004199    0.001647  20230929  001  001  272
  0.003968    0.001711  20230930  001  001  273
  0.003426    0.001707  20231001  001  001  274
  0.002207    0.001609  20231002  001  001  275
  0.000339    0.001505  20231003  001  001  276
  0.001241    0.001421  20231005  001  001  278
  0.001845    0.001302  20231006  001  001  279
  0.001760    0.001295  20231007  001  001  280
  0.000937    0.001229  20231008  001  001  281
  0.001037    0.001103  20231009  001  001  282
  0.000648    0.000955  20231010  001  001  283
  0.000978    0.000901  20231011  001  001  284
  0.000948    0.000875  20231013  001  001  286
  0.000689    0.000915  20231014  001  001  287
 -0.000988    0.000820  20231018  001  001  291
 -0.001294    0.000767  20231019  001  001  292
  0.000996    0.000806  20231020  001  001  293
  0.001006    0.000794  20231021  001  001  294
  0.000690    0.000894  20231022  001  001  295
 -0.000944    0.001024  20231023  001  001  296
 -0.000819    0.001286  20231024  001  001  297
 -0.000235    0.001291  20231025  001  001  298
 -0.000799    0.001392  20231026  001  001  299
 -0.000200    0.001502  20231027  001  001  300
 -0.000585    0.001566  20231028  001  001  301
 -0.000210    0.001602  20231029  001  001  302
 -0.000260    0.001593  20231030  001  001  303
 -0.000984    0.001731  20231031  001  001  304
 -0.000540    0.001804  20231101  001  001  305
 -0.000430    0.001814  20231102  001  001  306
  0.000035    0.001734  20231103  001  001  307
 -0.000235    0.001669  20231104  001  001  308
  0.000705    0.001742  20231105  001  001  309
  0.001242    0.001757  20231106  001  001  310
  0.000776    0.001759  20231107  001  001  311
  0.001392    0.001724  20231108  001  001  312
  0.001417    0.001690  20231109  001  001  313
  0.001693    0.001672  20231110  001  001  314
  0.002049    0.001695  20231111  001  001  315
  0.001909    0.001764  20231112  001  001  316
  0.002125    0.001724  20231113  001  001  317
  0.002170    0.001791  20231114  001  001  318
  0.002079    0.001925  20231115  001  001  319
  0.002285    0.002044  20231116  001  001  320
  0.002858    0.002075  20231117  001  001  321
  0.002717    0.002137  20231118  001  001  322
  0.002828    0.002284  20231119  001  001  323
  0.002677    0.002389  20231120  001  001  324
