  0.000584    0.004489  20230607  002  002  158
  0.000277    0.004230  20230608  002  002  159
  0.000030    0.004178  20230609  002  002  160
 -0.002643    0.003653  20230614  002  002  165
 -0.010157    0.003137  20230622  002  002  173
 -0.007348    0.002810  20230623  002  002  174
 -0.006948    0.002687  20230624  002  002  175
 -0.007129    0.002671  20230626  002  002  177
 -0.005843    0.002736  20230627  002  002  178
 -0.006152    0.002815  20230628  002  002  179
 -0.006542    0.002842  20230629  002  002  180
 -0.006770    0.002934  20230703  002  002  184
 -0.007143    0.003125  20230706  002  002  187
  0.010970    0.003379  20230714  002  002  195
  0.011439    0.003073  20230715  002  002  196
  0.010448    0.002674  20230716  002  002  197
  0.001172    0.002670  20230717  002  002  198
  0.011059    0.002840  20230718  002  002  199
  0.002180    0.002683  20230719  002  002  200
  0.002518    0.002702  20230720  002  002  201
  0.001610    0.002432  20230721  002  002  202
  0.000976    0.002354  20230722  002  002  203
  0.000840    0.002110  20230723  002  002  204
  0.001066    0.002178  20230724  002  002  205
  0.000996    0.002240  20230726  002  002  207
 -0.001935    0.002226  20230728  002  002  209
 -0.004964    0.002096  20230729  002  002  210
 -0.004368    0.002017  20230730  002  002  211
  0.000658    0.001954  20230731  002  002  212
  0.001270    0.001974  20230801  002  002  213
  0.000768    0.001958  20230802  002  002  214
  0.006258    0.002049  20230803  002  002  215
  0.005977    0.002019  20230804  002  002  216
  0.005712    0.002015  20230805  002  002  217
  0.004956    0.001983  20230806  002  002  218
  0.004601    0.001787  20230807  002  002  219
 -0.000326    0.001662  20230812  002  002  224
 -0.000871    0.001518  20230813  002  002  225
 -0.001201    0.001363  20230814  002  002  226
 -0.001171    0.001279  20230815  002  002  227
 -0.001782    0.001201  20230816  002  002  228
 -0.001917    0.001108  20230817  002  002  229
 -0.001367    0.001155  20230818  002  002  230
 -0.000962    0.001144  20230819  002  002  231
 -0.001077    0.001153  20230820  002  002  232
 -0.001328    0.001105  20230821  002  002  233
 -0.001573    0.001081  20230822  002  002  234
 -0.001543    0.001076  20230823  002  002  235
 -0.001688    0.001054  20230824  002  002  236
 -0.001807    0.001026  20230825  002  002  237
 -0.001888    0.000984  20230826  002  002  238
 -0.002322    0.000967  20230827  002  002  239
 -0.002297    0.000994  20230828  002  002  240
 -0.001951    0.000997  20230829  002  002  241
 -0.002086    0.001134  20230830  002  002  242
 -0.001586    0.001156  20230831  002  002  243
 -0.001386    0.001208  20230901  002  002  244
 -0.001441    0.001029  20230902  002  002  245
 -0.001606    0.000966  20230903  002  002  246
 -0.001585    0.000902  20230904  002  002  247
 -0.001785    0.000866  20230905  002  002  248
 -0.001600    0.000827  20230906  002  002  249
 -0.001521    0.000908  20230907  002  002  250
 -0.001281    0.000949  20230908  002  002  251
 -0.001156    0.000944  20230909  002  002  252
 -0.000460    0.000865  20230910  002  002  253
 -0.000355    0.000837  20230911  002  002  254
 -0.000410    0.000840  20230913  002  002  256
 -0.000615    0.000804  20230914  002  002  257
 -0.000919    0.000670  20230915  002  002  258
 -0.001094    0.000704  20230916  002  002  259
 -0.001338    0.000804  20230917  002  002  260
 -0.001543    0.000996  20230918  002  002  261
 -0.001767    0.001193  20230919  002  002  262
 -0.001956    0.001408  20230920  002  002  263
 -0.002369    0.001437  20230921  002  002  264
 -0.001602    0.001431  20230922  002  002  265
 -0.000854    0.001351  20230923  002  002  266
 -0.001029    0.001426  20230924  002  002  267
 -0.000829    0.001328  20230925  002  002  268
 -0.000655    0.001239  20230926  002  002  269
 -0.000355    0.001191  20230927  002  002  270
  0.000030    0.001177  20230928  002  002  271
  0.000460    0.001228  20230929  002  002  272
  0.002575    0.001317  20230930  002  002  273
  0.001738    0.001439  20231001  002  002  274
  0.000991    0.001613  20231002  002  002  275
  0.000721    0.001760  20231003  002  002  276
  0.000625    0.001818  20231004  002  002  277
  0.000160    0.001955  20231005  002  002  278
  0.000000    0.002076  20231006  002  002  279
  0.000000    0.002154  20231007  002  002  280
  0.000000    0.002083  20231008  002  002  281
  0.000000    0.002015  20231009  002  002  282
 -0.000025    0.001993  20231010  002  002  283
 -0.000455    0.001922  20231011  002  002  284
 -0.000819    0.001836  20231012  002  002  285
 -0.001049    0.001798  20231013  002  002  286
 -0.001278    0.001753  20231014  002  002  287
 -0.001273    0.001559  20231018  002  002  291
 -0.001238    0.001436  20231019  002  002  292
 -0.001214    0.001371  20231020  002  002  293
 -0.001079    0.001437  20231021  002  002  294
 -0.000609    0.001326  20231022  002  002  295
 -0.000749    0.001302  20231023  002  002  296
 -0.000889    0.001386  20231024  002  002  297
  0.001105    0.001527  20231025  002  002  298
  0.001536    0.001634  20231027  002  002  300
  0.001061    0.001541  20231028  002  002  301
  0.000470    0.001431  20231029  002  002  302
  0.000430    0.001360  20231030  002  002  303
  0.000085    0.001319  20231031  002  002  304
 -0.000255    0.001289  20231101  002  002  305
 -0.000530    0.001216  20231102  002  002  306
 -0.000510    0.001168  20231103  002  002  307
 -0.000650    0.001147  20231104  002  002  308
 -0.000330    0.001099  20231105  002  002  309
 -0.000485    0.001119  20231106  002  002  310
 -0.000550    0.001164  20231107  002  002  311
 -0.000490    0.001122  20231108  002  002  312
 -0.000405    0.001183  20231109  002  002  313
 -0.000595    0.001233  20231110  002  002  314
 -0.000590    0.001335  20231111  002  002  315
 -0.000670    0.001397  20231112  002  002  316
 -0.000540    0.001379  20231113  002  002  317
 -0.000964    0.001433  20231114  002  002  318
 -0.001243    0.001531  20231115  002  002  319
 -0.001832    0.001623  20231116  002  002  320
 -0.002444    0.001622  20231117  002  002  321
 -0.003259    0.001648  20231118  002  002  322
 -0.003711    0.001640  20231119  002  002  323
 -0.004118    0.001621  20231120  002  002  324
