  0.001263    0.007424  20230626  003  003  177
 -0.000258    0.007013  20230627  003  003  178
 -0.001096    0.007153  20230628  003  003  179
 -0.000778    0.007123  20230629  003  003  180
  0.000111    0.007185  20230630  003  003  181
 -0.000081    0.007361  20230701  003  003  182
  0.000050    0.007330  20230703  003  003  184
  0.000358    0.007148  20230704  003  003  185
  0.001253    0.005658  20230706  003  003  187
  0.001748    0.004677  20230707  003  003  188
  0.002027    0.004126  20230708  003  003  189
  0.002431    0.003662  20230709  003  003  190
  0.002998    0.003323  20230710  003  003  191
  0.003615    0.003100  20230711  003  003  192
  0.004031    0.003148  20230712  003  003  193
  0.004138    0.003465  20230713  003  003  194
  0.004514    0.003917  20230714  003  003  195
  0.004397    0.004037  20230715  003  003  196
  0.004494    0.004584  20230716  003  003  197
  0.004500    0.004920  20230717  003  003  198
  0.004302    0.004922  20230718  003  003  199
  0.003967    0.004994  20230719  003  003  200
  0.003749    0.005039  20230720  003  003  201
  0.003606    0.005031  20230721  003  003  202
  0.003317    0.005027  20230722  003  003  203
  0.003301    0.004984  20230724  003  003  205
  0.003285    0.004919  20230725  003  003  206
  0.003304    0.004850  20230726  003  003  207
  0.003186    0.004804  20230727  003  003  208
  0.003226    0.004773  20230728  003  003  209
  0.003194    0.004562  20230729  003  003  210
  0.012847    0.004251  20230801  003  003  213
  0.012179    0.004049  20230802  003  003  214
  0.011729    0.003814  20230803  003  003  215
  0.012126    0.003537  20230804  003  003  216
  0.011391    0.003483  20230805  003  003  217
  0.010792    0.003328  20230806  003  003  218
  0.003653    0.001470  20230814  003  003  226
  0.001805    0.001247  20230815  003  003  227
 -0.000944    0.002686  20230816  003  003  228
 -0.002757    0.003976  20230817  003  003  229
 -0.005514    0.006424  20230822  003  003  234
 -0.005559    0.006143  20230825  003  003  237
 -0.005425    0.005892  20230826  003  003  238
 -0.005262    0.005583  20230827  003  003  239
 -0.005356    0.005212  20230828  003  003  240
 -0.005747    0.005093  20230829  003  003  241
 -0.005247    0.005269  20230905  003  003  248
 -0.005856    0.005470  20230906  003  003  249
 -0.005134    0.005532  20230908  003  003  251
 -0.004420    0.005476  20230909  003  003  252
 -0.004393    0.005901  20230910  003  003  253
 -0.003404    0.005402  20230914  003  003  257
 -0.002796    0.004835  20230915  003  003  258
 -0.002353    0.004449  20230916  003  003  259
 -0.000696    0.003810  20230918  003  003  261
  0.000000    0.003242  20230919  003  003  262
 -0.000700    0.002751  20230922  003  003  265
 -0.000949    0.002665  20230923  003  003  266
 -0.001167    0.002793  20230926  003  003  269
 -0.002120    0.003434  20231002  003  003  275
 -0.002163    0.003285  20231003  003  003  276
 -0.003000    0.002955  20231004  003  003  277
 -0.002821    0.002929  20231005  003  003  278
 -0.001812    0.002756  20231006  003  003  279
 -0.002001    0.002820  20231007  003  003  280
 -0.000989    0.002644  20231009  003  003  282
 -0.001214    0.002681  20231010  003  003  283
 -0.001009    0.002828  20231012  003  003  285
 -0.000560    0.002830  20231013  003  003  286
 -0.000485    0.002868  20231014  003  003  287
 -0.000145    0.002897  20231018  003  003  291
 -0.000525    0.002946  20231019  003  003  292
