  0.000912    0.004160  20230607  002  002  158
  0.000706    0.003892  20230608  002  002  159
  0.000705    0.003841  20230609  002  002  160
 -0.000529    0.003555  20230612  002  002  163
 -0.002172    0.003430  20230613  002  002  164
 -0.003205    0.003263  20230614  002  002  165
 -0.003266    0.003197  20230615  002  002  166
 -0.003557    0.003311  20230616  002  002  167
 -0.004688    0.003203  20230618  002  002  169
 -0.006299    0.003267  20230621  002  002  172
 -0.007325    0.003270  20230622  002  002  173
 -0.006764    0.003081  20230623  002  002  174
 -0.006647    0.002940  20230624  002  002  175
 -0.006701    0.002832  20230626  002  002  177
 -0.006297    0.002817  20230627  002  002  178
 -0.006789    0.002810  20230628  002  002  179
 -0.007464    0.002691  20230629  002  002  180
 -0.007519    0.002691  20230630  002  002  181
 -0.006106    0.002613  20230702  002  002  183
 -0.006299    0.002679  20230703  002  002  184
 -0.006248    0.002726  20230706  002  002  187
 -0.006306    0.002961  20230707  002  002  188
  0.010279    0.003103  20230708  002  002  189
  0.010277    0.003384  20230709  002  002  190
  0.010932    0.003660  20230710  002  002  191
  0.011911    0.003903  20230711  002  002  192
  0.012699    0.004314  20230712  002  002  193
  0.012622    0.004817  20230713  002  002  194
  0.012308    0.004552  20230714  002  002  195
  0.013041    0.004444  20230715  002  002  196
  0.012613    0.004301  20230716  002  002  197
  0.011985    0.004069  20230717  002  002  198
  0.012285    0.003959  20230718  002  002  199
  0.012036    0.003816  20230719  002  002  200
  0.011733    0.003577  20230720  002  002  201
  0.010629    0.003169  20230721  002  002  202
 -0.000025    0.002811  20230722  002  002  203
  0.000216    0.002418  20230723  002  002  204
  0.000714    0.002265  20230724  002  002  205
  0.001327    0.002130  20230725  002  002  206
  0.001640    0.002044  20230726  002  002  207
  0.001126    0.002061  20230727  002  002  208
 -0.004208    0.002069  20230728  002  002  209
 -0.004358    0.001927  20230729  002  002  210
 -0.003873    0.001823  20230730  002  002  211
 -0.003583    0.001737  20230731  002  002  212
 -0.002839    0.001726  20230801  002  002  213
  0.001044    0.001682  20230802  002  002  214
  0.005374    0.001760  20230803  002  002  215
  0.005092    0.001719  20230804  002  002  216
  0.004843    0.001709  20230805  002  002  217
  0.004104    0.001654  20230806  002  002  218
  0.003577    0.001564  20230807  002  002  219
  0.000005    0.001627  20230812  002  002  224
 -0.000596    0.001524  20230813  002  002  225
 -0.000816    0.001399  20230814  002  002  226
 -0.000650    0.001338  20230815  002  002  227
 -0.001446    0.001288  20230816  002  002  228
 -0.001791    0.001188  20230817  002  002  229
 -0.000906    0.001246  20230818  002  002  230
 -0.000456    0.001206  20230819  002  002  231
 -0.000671    0.001237  20230820  002  002  232
 -0.000932    0.001201  20230821  002  002  233
 -0.001157    0.001183  20230822  002  002  234
 -0.001137    0.001164  20230823  002  002  235
 -0.001267    0.001144  20230824  002  002  236
 -0.001397    0.001122  20230825  002  002  237
 -0.001487    0.001058  20230826  002  002  238
 -0.001776    0.001058  20230827  002  002  239
 -0.001816    0.001090  20230828  002  002  240
 -0.001441    0.001080  20230829  002  002  241
 -0.001546    0.001218  20230830  002  002  242
 -0.001140    0.001217  20230831  002  002  243
 -0.000945    0.001250  20230901  002  002  244
 -0.000920    0.001066  20230902  002  002  245
 -0.000780    0.001022  20230903  002  002  246
 -0.000670    0.000990  20230904  002  002  247
 -0.000910    0.000995  20230905  002  002  248
 -0.000700    0.000978  20230906  002  002  249
 -0.000675    0.001085  20230907  002  002  250
 -0.000450    0.001116  20230908  002  002  251
 -0.000305    0.001087  20230909  002  002  252
  0.000395    0.000973  20230910  002  002  253
  0.000350    0.000933  20230911  002  002  254
 -0.000300    0.000972  20230913  002  002  256
 -0.000615    0.000958  20230914  002  002  257
 -0.000924    0.000852  20230915  002  002  258
 -0.001159    0.000845  20230916  002  002  259
 -0.001393    0.000899  20230917  002  002  260
 -0.001578    0.001051  20230918  002  002  261
 -0.001827    0.001223  20230919  002  002  262
 -0.001986    0.001409  20230920  002  002  263
 -0.002439    0.001448  20230921  002  002  264
 -0.001722    0.001458  20230922  002  002  265
 -0.000969    0.001426  20230923  002  002  266
 -0.001194    0.001535  20230924  002  002  267
 -0.000964    0.001461  20230925  002  002  268
 -0.000774    0.001398  20230926  002  002  269
 -0.000470    0.001386  20230927  002  002  270
 -0.000155    0.001397  20230928  002  002  271
  0.000190    0.001463  20230929  002  002  272
  0.000836    0.001552  20230930  002  002  273
  0.000901    0.001685  20231001  002  002  274
  0.000756    0.001854  20231002  002  002  275
  0.000530    0.001998  20231003  002  002  276
  0.000490    0.002056  20231004  002  002  277
  0.000000    0.002186  20231005  002  002  278
  0.000000    0.002293  20231006  002  002  279
  0.000000    0.002365  20231007  002  002  280
  0.000000    0.002307  20231008  002  002  281
  0.000000    0.002248  20231009  002  002  282
  0.000000    0.002221  20231010  002  002  283
 -0.000370    0.002142  20231011  002  002  284
 -0.000724    0.002065  20231012  002  002  285
 -0.001004    0.002020  20231013  002  002  286
 -0.001288    0.001966  20231014  002  002  287
 -0.001278    0.001780  20231018  002  002  291
 -0.001228    0.001661  20231019  002  002  292
 -0.001224    0.001597  20231020  002  002  293
 -0.001184    0.001636  20231021  002  002  294
 -0.000894    0.001528  20231022  002  002  295
 -0.001009    0.001497  20231023  002  002  296
 -0.001094    0.001577  20231024  002  002  297
 -0.000285    0.001700  20231025  002  002  298
  0.000650    0.001806  20231027  002  002  300
  0.000515    0.001727  20231028  002  002  301
  0.000335    0.001635  20231029  002  002  302
  0.000305    0.001577  20231030  002  002  303
 -0.000070    0.001541  20231031  002  002  304
 -0.000380    0.001510  20231101  002  002  305
 -0.000630    0.001442  20231102  002  002  306
 -0.000595    0.001400  20231103  002  002  307
 -0.000670    0.001388  20231104  002  002  308
 -0.000340    0.001363  20231105  002  002  309
 -0.000450    0.001370  20231106  002  002  310
 -0.000480    0.001387  20231107  002  002  311
 -0.000400    0.001334  20231108  002  002  312
 -0.000325    0.001385  20231109  002  002  313
 -0.000545    0.001413  20231110  002  002  314
 -0.000530    0.001493  20231111  002  002  315
 -0.000575    0.001559  20231112  002  002  316
 -0.000360    0.001540  20231113  002  002  317
 -0.000824    0.001589  20231114  002  002  318
 -0.001129    0.001680  20231115  002  002  319
 -0.001772    0.001755  20231116  002  002  320
 -0.002469    0.001740  20231117  002  002  321
 -0.003433    0.001758  20231118  002  002  322
 -0.003905    0.001762  20231119  002  002  323
 -0.004381    0.001756  20231120  002  002  324
