  0.002846    0.007901  20230620  003  003  171
  0.001881    0.008032  20230622  003  003  173
  0.000274    0.007933  20230623  003  003  174
 -0.000061    0.008110  20230624  003  003  175
 -0.000739    0.008110  20230625  003  003  176
 -0.000289    0.007720  20230626  003  003  177
 -0.000370    0.007331  20230627  003  003  178
 -0.000547    0.007167  20230628  003  003  179
 -0.000344    0.007008  20230629  003  003  180
  0.000116    0.006916  20230630  003  003  181
  0.000066    0.006906  20230701  003  003  182
  0.000010    0.006936  20230702  003  003  183
 -0.000116    0.006806  20230703  003  003  184
  0.000076    0.006671  20230704  003  003  185
  0.000956    0.005547  20230706  003  003  187
  0.001574    0.004638  20230707  003  003  188
  0.002217    0.004038  20230708  003  003  189
  0.002480    0.003763  20230709  003  003  190
  0.002977    0.003598  20230710  003  003  191
  0.003514    0.003510  20230711  003  003  192
  0.003890    0.003643  20230712  003  003  193
  0.003977    0.004017  20230713  003  003  194
  0.004328    0.004521  20230714  003  003  195
  0.004541    0.005143  20230715  003  003  196
  0.004628    0.005835  20230716  003  003  197
  0.004670    0.006270  20230717  003  003  198
  0.004492    0.006273  20230718  003  003  199
  0.004141    0.006359  20230719  003  003  200
  0.003973    0.006422  20230720  003  003  201
  0.003851    0.006416  20230721  003  003  202
  0.003586    0.006414  20230722  003  003  203
  0.003524    0.006360  20230723  003  003  204
  0.003609    0.006272  20230724  003  003  205
  0.003563    0.006194  20230725  003  003  206
  0.003622    0.006127  20230726  003  003  207
  0.003540    0.006079  20230727  003  003  208
  0.003580    0.006038  20230728  003  003  209
  0.003558    0.005801  20230729  003  003  210
  0.003529    0.005650  20230731  003  003  212
  0.003724    0.005395  20230801  003  003  213
  0.003480    0.005206  20230802  003  003  214
  0.012683    0.004969  20230803  003  003  215
  0.013026    0.004676  20230804  003  003  216
  0.012534    0.004537  20230805  003  003  217
  0.012055    0.004378  20230806  003  003  218
  0.005148    0.002762  20230812  003  003  224
  0.002719    0.001251  20230814  003  003  226
  0.001076    0.001349  20230815  003  003  227
  0.000085    0.002556  20230816  003  003  228
 -0.000719    0.003533  20230817  003  003  229
 -0.002608    0.004598  20230818  003  003  230
 -0.004698    0.005211  20230819  003  003  231
 -0.004886    0.005038  20230822  003  003  234
 -0.004732    0.004878  20230823  003  003  235
 -0.004574    0.004745  20230824  003  003  236
 -0.004599    0.004604  20230825  003  003  237
 -0.004628    0.004501  20230826  003  003  238
 -0.004757    0.004333  20230827  003  003  239
 -0.004950    0.004118  20230828  003  003  240
 -0.005074    0.004035  20230829  003  003  241
 -0.005223    0.004034  20230830  003  003  242
 -0.005351    0.004032  20230831  003  003  243
 -0.005406    0.004100  20230901  003  003  244
 -0.005430    0.004313  20230903  003  003  246
 -0.005292    0.004553  20230905  003  003  248
 -0.005806    0.004725  20230906  003  003  249
 -0.005638    0.004838  20230907  003  003  250
 -0.005094    0.004814  20230908  003  003  251
 -0.003782    0.004776  20230909  003  003  252
 -0.003667    0.004971  20230910  003  003  253
 -0.003945    0.005071  20230911  003  003  254
 -0.002837    0.004743  20230913  003  003  256
 -0.001908    0.004332  20230914  003  003  257
 -0.001559    0.004024  20230915  003  003  258
 -0.000573    0.003516  20230916  003  003  259
 -0.000379    0.003396  20230917  003  003  260
  0.000652    0.003034  20230918  003  003  261
  0.001111    0.002718  20230919  003  003  262
  0.001091    0.002486  20230920  003  003  263
  0.000577    0.002394  20230921  003  003  264
  0.000050    0.002324  20230922  003  003  265
 -0.000109    0.002351  20230923  003  003  266
  0.000134    0.002505  20230926  003  003  269
 -0.000030    0.002658  20230927  003  003  270
 -0.000890    0.003039  20231002  003  003  275
 -0.001100    0.002961  20231003  003  003  276
 -0.001434    0.002692  20231004  003  003  277
 -0.001352    0.002593  20231005  003  003  278
 -0.001368    0.002358  20231006  003  003  279
 -0.001807    0.002372  20231007  003  003  280
 -0.001528    0.002219  20231009  003  003  282
 -0.001184    0.002102  20231010  003  003  283
 -0.001453    0.002138  20231011  003  003  284
 -0.001159    0.002241  20231012  003  003  285
 -0.000814    0.002232  20231013  003  003  286
 -0.000625    0.002232  20231014  003  003  287
 -0.000780    0.001978  20231017  003  003  290
 -0.001204    0.001945  20231018  003  003  291
 -0.001000    0.002073  20231019  003  003  292
 -0.000905    0.002180  20231020  003  003  293
  0.000667    0.006277  20231101  003  003  305
  0.001460    0.006607  20231102  003  003  306
  0.001266    0.006660  20231103  003  003  307
  0.001292    0.006718  20231106  003  003  310
  0.001237    0.006646  20231107  003  003  311
  0.001143    0.006781  20231108  003  003  312
  0.000969    0.006621  20231109  003  003  313
  0.001118    0.006534  20231110  003  003  314
  0.001734    0.006475  20231113  003  003  317
  0.002447    0.006243  20231117  003  003  321
