 -0.009640    0.004246  20230626  003  003  177
 -0.009820    0.003972  20230627  003  003  178
 -0.009882    0.004011  20230628  003  003  179
 -0.010171    0.003968  20230629  003  003  180
 -0.009956    0.003980  20230630  003  003  181
 -0.009861    0.004072  20230701  003  003  182
 -0.009592    0.004040  20230703  003  003  184
 -0.009342    0.003961  20230704  003  003  185
 -0.009812    0.003337  20230706  003  003  187
 -0.009977    0.002914  20230707  003  003  188
 -0.010060    0.002674  20230708  003  003  189
 -0.009912    0.002464  20230709  003  003  190
 -0.009932    0.002287  20230710  003  003  191
 -0.010069    0.002148  20230711  003  003  192
 -0.010072    0.002153  20230712  003  003  193
 -0.010331    0.002273  20230713  003  003  194
 -0.010613    0.002467  20230714  003  003  195
 -0.010551    0.002538  20230715  003  003  196
 -0.010670    0.002813  20230716  003  003  197
 -0.010879    0.003002  20230717  003  003  198
 -0.010803    0.002978  20230718  003  003  199
 -0.010642    0.002960  20230719  003  003  200
 -0.010477    0.002968  20230720  003  003  201
 -0.010273    0.002933  20230721  003  003  202
 -0.010061    0.002901  20230722  003  003  203
 -0.009818    0.002849  20230724  003  003  205
 -0.009609    0.002775  20230725  003  003  206
 -0.009275    0.002695  20230726  003  003  207
 -0.008897    0.002657  20230727  003  003  208
 -0.008660    0.002582  20230728  003  003  209
 -0.008179    0.002469  20230729  003  003  210
 -0.004489    0.002303  20230801  003  003  213
 -0.003935    0.002175  20230802  003  003  214
 -0.003031    0.002074  20230803  003  003  215
 -0.002762    0.002025  20230804  003  003  216
 -0.002951    0.001983  20230805  003  003  217
 -0.002651    0.001862  20230806  003  003  218
  0.000383    0.001099  20230814  003  003  226
  0.000497    0.001005  20230815  003  003  227
  0.000672    0.001522  20230816  003  003  228
  0.002024    0.002000  20230817  003  003  229
  0.004395    0.003101  20230822  003  003  234
  0.004384    0.003012  20230825  003  003  237
  0.004251    0.002945  20230826  003  003  238
  0.004105    0.002953  20230827  003  003  239
  0.004157    0.002906  20230828  003  003  240
  0.004469    0.002978  20230829  003  003  241
  0.004080    0.002941  20230905  003  003  248
  0.004537    0.002923  20230906  003  003  249
  0.004003    0.002984  20230908  003  003  251
  0.003457    0.003111  20230909  003  003  252
  0.003955    0.003439  20230910  003  003  253
  0.004055    0.003432  20230914  003  003  257
  0.004378    0.003153  20230915  003  003  258
  0.004368    0.002987  20230916  003  003  259
  0.005200    0.002682  20230918  003  003  261
  0.005061    0.002469  20230919  003  003  262
  0.006517    0.002224  20230922  003  003  265
  0.006530    0.002203  20230923  003  003  266
  0.006482    0.002257  20230926  003  003  269
  0.006360    0.002375  20231002  003  003  275
  0.004896    0.002212  20231003  003  003  276
  0.004095    0.001989  20231004  003  003  277
  0.002397    0.001965  20231005  003  003  278
  0.001255    0.001954  20231006  003  003  279
  0.001390    0.002002  20231007  003  003  280
  0.000688    0.001953  20231009  003  003  282
  0.000844    0.001940  20231010  003  003  283
  0.000702    0.002013  20231012  003  003  285
  0.000389    0.002000  20231013  003  003  286
  0.000336    0.002017  20231014  003  003  287
  0.000101    0.002090  20231018  003  003  291
  0.000370    0.002109  20231019  003  003  292
