 -0.008552    0.008623  20230603  006  006  154
 -0.005224    0.005495  20230607  006  006  158
 -0.006183    0.004965  20230614  006  006  165
 -0.007596    0.005317  20230621  006  006  172
 -0.008581    0.004874  20230622  006  006  173
 -0.008214    0.005122  20230623  006  006  174
 -0.007843    0.005261  20230624  006  006  175
 -0.007169    0.005227  20230626  006  006  177
 -0.006480    0.005305  20230627  006  006  178
 -0.006621    0.005171  20230628  006  006  179
 -0.006558    0.005112  20230629  006  006  180
 -0.006006    0.005100  20230630  006  006  181
 -0.005381    0.005041  20230701  006  006  182
 -0.005262    0.005000  20230702  006  006  183
 -0.005034    0.004980  20230703  006  006  184
 -0.004667    0.005043  20230704  006  006  185
 -0.004220    0.005084  20230706  006  006  187
 -0.004166    0.005000  20230707  006  006  188
 -0.004246    0.005008  20230708  006  006  189
 -0.004183    0.005022  20230709  006  006  190
 -0.004312    0.005025  20230710  006  006  191
 -0.004226    0.005062  20230711  006  006  192
 -0.004230    0.005100  20230712  006  006  193
 -0.004674    0.005048  20230713  006  006  194
 -0.005115    0.005120  20230714  006  006  195
 -0.005237    0.005091  20230715  006  006  196
 -0.005090    0.005066  20230716  006  006  197
 -0.004987    0.004992  20230717  006  006  198
 -0.005039    0.004979  20230718  006  006  199
 -0.004818    0.004860  20230719  006  006  200
 -0.004697    0.004714  20230720  006  006  201
 -0.004450    0.004650  20230721  006  006  202
 -0.004385    0.004562  20230722  006  006  203
 -0.004038    0.004494  20230723  006  006  204
 -0.003881    0.004501  20230724  006  006  205
 -0.003899    0.004507  20230725  006  006  206
 -0.003777    0.004512  20230726  006  006  207
 -0.003697    0.004448  20230727  006  006  208
 -0.003641    0.004395  20230728  006  006  209
 -0.003956    0.004431  20230729  006  006  210
 -0.003957    0.004476  20230730  006  006  211
 -0.003827    0.004384  20230731  006  006  212
 -0.003859    0.004448  20230801  006  006  213
 -0.003858    0.004478  20230802  006  006  214
 -0.001820    0.002491  20230812  006  006  224
  0.000927    0.002355  20230813  006  006  225
  0.005357    0.005259  20230814  006  006  226
  0.007654    0.009764  20230815  006  006  227
  0.007315    0.009957  20230816  006  006  228
  0.006641    0.009698  20230817  006  006  229
  0.006973    0.009759  20230818  006  006  230
  0.007112    0.009573  20230819  006  006  231
  0.007222    0.009837  20230820  006  006  232
  0.007286    0.009945  20230821  006  006  233
  0.007366    0.009746  20230822  006  006  234
  0.006748    0.009641  20230826  006  006  238
  0.006111    0.009774  20230827  006  006  239
  0.006130    0.009782  20230828  006  006  240
  0.005862    0.009528  20230829  006  006  241
  0.005866    0.009578  20230830  006  006  242
  0.005349    0.009308  20230831  006  006  243
  0.005183    0.009291  20230901  006  006  244
  0.004993    0.008821  20230902  006  006  245
  0.004907    0.008714  20230903  006  006  246
  0.004330    0.008854  20230904  006  006  247
  0.004638    0.009330  20230906  006  006  249
  0.004262    0.009090  20230907  006  006  250
  0.003826    0.008831  20230908  006  006  251
  0.004277    0.008845  20230909  006  006  252
  0.003608    0.008933  20230910  006  006  253
  0.003859    0.008790  20230911  006  006  254
  0.003629    0.007819  20230913  006  006  256
  0.002910    0.006935  20230914  006  006  257
  0.002760    0.006158  20230915  006  006  258
  0.002576    0.005468  20230916  006  006  259
  0.002839    0.004865  20230917  006  006  260
  0.002854    0.004567  20230918  006  006  261
  0.002576    0.003955  20230919  006  006  262
  0.002639    0.003549  20230920  006  006  263
  0.002979    0.003155  20230921  006  006  264
  0.003517    0.002581  20230923  006  006  266
  0.002632    0.002609  20230926  006  006  269
  0.002837    0.002533  20230927  006  006  270
  0.002688    0.002591  20230928  006  006  271
  0.002460    0.002616  20230929  006  006  272
  0.002182    0.002641  20230930  006  006  273
  0.001775    0.002823  20231001  006  006  274
  0.001684    0.003071  20231005  006  006  278
  0.000832    0.002858  20231006  006  006  279
  0.001425    0.002560  20231009  006  006  282
  0.001414    0.002530  20231010  006  006  283
  0.001727    0.003073  20231013  006  006  286
  0.000024    0.003279  20231018  006  006  291
 -0.000355    0.002844  20231019  006  006  292
 -0.000995    0.002489  20231020  006  006  293
 -0.001514    0.003247  20231023  006  006  296
 -0.001466    0.003152  20231024  006  006  297
 -0.001121    0.002693  20231025  006  006  298
 -0.002167    0.002475  20231027  006  006  300
 -0.001228    0.002273  20231028  006  006  301
 -0.000860    0.002152  20231029  006  006  302
 -0.000610    0.002085  20231030  006  006  303
  0.000459    0.001967  20231031  006  006  304
  0.001085    0.001846  20231101  006  006  305
  0.001582    0.001847  20231102  006  006  306
  0.001636    0.001913  20231104  006  006  308
  0.001470    0.001747  20231108  006  006  312
  0.001817    0.001682  20231109  006  006  313
  0.001988    0.001627  20231110  006  006  314
  0.002035    0.001508  20231111  006  006  315
  0.002169    0.001465  20231112  006  006  316
  0.001930    0.001577  20231113  006  006  317
  0.001908    0.001655  20231114  006  006  318
  0.001863    0.001810  20231115  006  006  319
