 -0.010970    0.002654  20230613  005  005  164
 -0.011053    0.002589  20230614  005  005  165
 -0.010782    0.002478  20230616  005  005  167
 -0.011055    0.002324  20230620  005  005  171
 -0.011212    0.002266  20230621  005  005  172
 -0.011238    0.002216  20230622  005  005  173
 -0.011153    0.002221  20230624  005  005  175
 -0.010838    0.002292  20230625  005  005  176
 -0.010612    0.002340  20230626  005  005  177
 -0.010508    0.002344  20230627  005  005  178
 -0.010520    0.002368  20230628  005  005  179
 -0.010638    0.002405  20230629  005  005  180
 -0.010605    0.002402  20230630  005  005  181
 -0.010432    0.002383  20230701  005  005  182
 -0.010225    0.002357  20230702  005  005  183
 -0.009927    0.002404  20230703  005  005  184
 -0.009582    0.002404  20230704  005  005  185
 -0.009301    0.002447  20230706  005  005  187
 -0.009157    0.002484  20230707  005  005  188
 -0.009115    0.002492  20230708  005  005  189
 -0.008942    0.002473  20230709  005  005  190
 -0.008771    0.002475  20230710  005  005  191
 -0.008487    0.002499  20230711  005  005  192
 -0.008268    0.002563  20230712  005  005  193
 -0.008109    0.002636  20230713  005  005  194
 -0.008037    0.002728  20230714  005  005  195
 -0.007957    0.002772  20230715  005  005  196
 -0.007780    0.002770  20230716  005  005  197
 -0.007832    0.002824  20230717  005  005  198
 -0.007761    0.002846  20230718  005  005  199
 -0.007667    0.002920  20230719  005  005  200
 -0.007667    0.002952  20230720  005  005  201
 -0.007662    0.003018  20230721  005  005  202
 -0.007668    0.003069  20230722  005  005  203
 -0.007515    0.003081  20230723  005  005  204
 -0.007434    0.003103  20230724  005  005  205
 -0.007142    0.003104  20230725  005  005  206
 -0.006894    0.003076  20230726  005  005  207
 -0.006756    0.003063  20230727  005  005  208
 -0.006779    0.003164  20230728  005  005  209
 -0.006671    0.003206  20230729  005  005  210
 -0.006399    0.003217  20230730  005  005  211
 -0.006289    0.003211  20230731  005  005  212
 -0.005960    0.003254  20230801  005  005  213
 -0.005623    0.003211  20230802  005  005  214
 -0.005559    0.003175  20230803  005  005  215
 -0.005961    0.003140  20230804  005  005  216
 -0.005959    0.002981  20230812  005  005  224
 -0.005171    0.002997  20230813  005  005  225
 -0.004781    0.002973  20230814  005  005  226
 -0.004414    0.003144  20230815  005  005  227
 -0.003517    0.003311  20230816  005  005  228
 -0.001781    0.003536  20230817  005  005  229
 -0.001689    0.003526  20230818  005  005  230
 -0.001619    0.003563  20230819  005  005  231
 -0.001664    0.003597  20230820  005  005  232
 -0.001837    0.003547  20230821  005  005  233
 -0.001724    0.003452  20230822  005  005  234
 -0.001680    0.003441  20230823  005  005  235
 -0.001697    0.003423  20230824  005  005  236
 -0.001642    0.003573  20230825  005  005  237
 -0.001699    0.003565  20230826  005  005  238
 -0.001775    0.003494  20230827  005  005  239
 -0.001739    0.003458  20230828  005  005  240
 -0.001709    0.003437  20230829  005  005  241
 -0.001686    0.003422  20230830  005  005  242
 -0.001661    0.003485  20230831  005  005  243
 -0.001497    0.003578  20230901  005  005  244
 -0.001367    0.003563  20230902  005  005  245
 -0.001117    0.003573  20230903  005  005  246
 -0.001086    0.003577  20230904  005  005  247
 -0.001337    0.003518  20230905  005  005  248
 -0.001454    0.003488  20230906  005  005  249
 -0.001442    0.003370  20230907  005  005  250
 -0.001441    0.003360  20230908  005  005  251
 -0.001476    0.003321  20230909  005  005  252
 -0.001617    0.003273  20230910  005  005  253
 -0.001637    0.003281  20230911  005  005  254
 -0.001596    0.003091  20230913  005  005  256
 -0.001497    0.002917  20230914  005  005  257
 -0.001383    0.002879  20230915  005  005  258
 -0.001161    0.002858  20230916  005  005  259
 -0.000959    0.002853  20230917  005  005  260
  0.000040    0.002912  20230918  005  005  261
  0.000769    0.002951  20230919  005  005  262
  0.001411    0.003044  20230920  005  005  263
  0.001927    0.003107  20230921  005  005  264
  0.002558    0.003196  20230922  005  005  265
  0.002887    0.003182  20230923  005  005  266
  0.003299    0.003233  20230924  005  005  267
  0.003239    0.003267  20230925  005  005  268
  0.003174    0.003330  20230926  005  005  269
  0.003347    0.003359  20230927  005  005  270
  0.003401    0.003360  20230928  005  005  271
  0.003460    0.003441  20230929  005  005  272
  0.003387    0.003480  20230930  005  005  273
  0.003439    0.003547  20231001  005  005  274
  0.002400    0.003414  20231005  005  005  278
  0.002129    0.003559  20231006  005  005  279
  0.002037    0.003517  20231007  005  005  280
  0.002002    0.003477  20231008  005  005  281
  0.001927    0.003503  20231009  005  005  282
  0.001215    0.003394  20231010  005  005  283
  0.000675    0.003454  20231011  005  005  284
 -0.000602    0.003412  20231013  005  005  286
 -0.001696    0.003256  20231014  005  005  287
 -0.001993    0.003143  20231015  005  005  288
 -0.001276    0.003172  20231018  005  005  291
 -0.001399    0.002971  20231019  005  005  292
 -0.001671    0.003016  20231020  005  005  293
 -0.001920    0.002975  20231021  005  005  294
 -0.002056    0.002931  20231022  005  005  295
 -0.001820    0.003051  20231023  005  005  296
 -0.001549    0.003063  20231024  005  005  297
 -0.001291    0.003098  20231025  005  005  298
 -0.000548    0.003168  20231026  005  005  299
 -0.000713    0.003170  20231027  005  005  300
 -0.000305    0.003296  20231028  005  005  301
 -0.000312    0.003255  20231029  005  005  302
 -0.000278    0.003275  20231030  005  005  303
 -0.000286    0.003222  20231031  005  005  304
 -0.000294    0.003341  20231101  005  005  305
 -0.000323    0.003298  20231102  005  005  306
 -0.000279    0.003342  20231103  005  005  307
 -0.000238    0.003361  20231104  005  005  308
 -0.000136    0.003330  20231105  005  005  309
  0.000051    0.003365  20231106  005  005  310
  0.000144    0.003384  20231107  005  005  311
 -0.000094    0.003382  20231108  005  005  312
  0.000126    0.003465  20231109  005  005  313
  0.000048    0.003474  20231110  005  005  314
  0.000204    0.003555  20231111  005  005  315
  0.000454    0.003596  20231112  005  005  316
  0.000591    0.003665  20231113  005  005  317
  0.000751    0.003652  20231114  005  005  318
  0.000890    0.003702  20231115  005  005  319
  0.000566    0.003744  20231117  005  005  321
