 -0.010993    0.011752  20230607  001  001  158
 -0.009365    0.012039  20230613  001  001  164
 -0.008447    0.011930  20230614  001  001  165
 -0.008602    0.011941  20230621  001  001  172
 -0.010837    0.011665  20230622  001  001  173
 -0.011202    0.011338  20230623  001  001  174
 -0.011637    0.011298  20230626  001  001  177
 -0.011706    0.011018  20230627  001  001  178
 -0.011875    0.010935  20230628  001  001  179
 -0.011622    0.011269  20230630  001  001  181
 -0.011342    0.011370  20230703  001  001  184
 -0.010772    0.011177  20230704  001  001  185
 -0.010880    0.011077  20230706  001  001  187
 -0.011169    0.010987  20230707  001  001  188
 -0.011170    0.010684  20230708  001  001  189
 -0.010875    0.010302  20230709  001  001  190
 -0.011072    0.010200  20230710  001  001  191
 -0.011135    0.010155  20230711  001  001  192
 -0.011420    0.010027  20230712  001  001  193
 -0.011806    0.009790  20230713  001  001  194
 -0.011827    0.009921  20230714  001  001  195
 -0.011549    0.009913  20230715  001  001  196
 -0.011965    0.009849  20230717  001  001  198
 -0.012056    0.009878  20230718  001  001  199
 -0.011837    0.010161  20230719  001  001  200
 -0.011743    0.010354  20230720  001  001  201
 -0.011833    0.010880  20230721  001  001  202
 -0.011969    0.011123  20230722  001  001  203
 -0.011610    0.011002  20230723  001  001  204
 -0.011107    0.010893  20230724  001  001  205
 -0.011051    0.011279  20230725  001  001  206
 -0.010883    0.011520  20230726  001  001  207
 -0.011316    0.012005  20230728  001  001  209
 -0.011402    0.011905  20230729  001  001  210
 -0.011285    0.011913  20230730  001  001  211
 -0.011097    0.012192  20230731  001  001  212
 -0.011137    0.012296  20230801  001  001  213
 -0.011093    0.012466  20230802  001  001  214
 -0.011877    0.014518  20230812  001  001  224
 -0.013565    0.014489  20230814  001  001  226
 -0.012886    0.013038  20230815  001  001  227
 -0.012294    0.013734  20230816  001  001  228
 -0.014477    0.013978  20230817  001  001  229
 -0.013819    0.014594  20230818  001  001  230
 -0.012523    0.014482  20230819  001  001  231
 -0.014086    0.014579  20230821  001  001  233
 -0.014073    0.014941  20230822  001  001  234
 -0.013902    0.014468  20230825  001  001  237
 -0.013591    0.014464  20230826  001  001  238
 -0.013223    0.014837  20230828  001  001  240
 -0.013047    0.014394  20230829  001  001  241
 -0.012338    0.014820  20230830  001  001  242
 -0.012715    0.014103  20230831  001  001  243
 -0.012698    0.013737  20230901  001  001  244
 -0.012670    0.013428  20230902  001  001  245
 -0.012854    0.012802  20230907  001  001  250
 -0.013376    0.012393  20230908  001  001  251
 -0.013179    0.012398  20230909  001  001  252
 -0.013316    0.012426  20230911  001  001  254
 -0.012615    0.011878  20230913  001  001  256
 -0.012462    0.012314  20230914  001  001  257
 -0.012276    0.012130  20230915  001  001  258
 -0.009835    0.012110  20230916  001  001  259
 -0.009221    0.012179  20230918  001  001  261
 -0.008889    0.012302  20230919  001  001  262
 -0.008232    0.012494  20230920  001  001  263
 -0.007636    0.012579  20230921  001  001  264
 -0.007565    0.012523  20230923  001  001  266
 -0.006687    0.012040  20230924  001  001  267
 -0.007317    0.012315  20230925  001  001  268
 -0.006820    0.012433  20230926  001  001  269
 -0.006753    0.011926  20230927  001  001  270
 -0.006689    0.012356  20230928  001  001  271
 -0.006872    0.012613  20230929  001  001  272
 -0.006709    0.012841  20230930  001  001  273
 -0.006751    0.012898  20231001  001  001  274
 -0.009068    0.013814  20231010  001  001  283
 -0.006648    0.014880  20231013  001  001  286
 -0.011210    0.014582  20231019  001  001  292
 -0.010949    0.014077  20231020  001  001  293
 -0.010410    0.013918  20231022  001  001  295
 -0.007241    0.013552  20231023  001  001  296
 -0.007576    0.013412  20231024  001  001  297
 -0.007715    0.013614  20231025  001  001  298
 -0.007459    0.012739  20231027  001  001  300
 -0.007010    0.012595  20231028  001  001  301
 -0.007052    0.012091  20231030  001  001  303
 -0.006901    0.012303  20231031  001  001  304
 -0.006924    0.012054  20231101  001  001  305
 -0.006941    0.011888  20231102  001  001  306
 -0.007243    0.012282  20231103  001  001  307
 -0.006578    0.012458  20231107  001  001  311
 -0.006521    0.012834  20231108  001  001  312
 -0.006981    0.012653  20231109  001  001  313
 -0.007382    0.012316  20231110  001  001  314
 -0.007131    0.012238  20231111  001  001  315
 -0.006779    0.012426  20231113  001  001  317
 -0.006589    0.012705  20231114  001  001  318
 -0.006697    0.012692  20231115  001  001  319
 -0.006695    0.011334  20231117  001  001  321
 -0.006771    0.011725  20231118  001  001  322
