 -0.007559    0.006949  20230607  002  002  158
 -0.008543    0.007097  20230608  002  002  159
 -0.007992    0.007080  20230609  002  002  160
 -0.006970    0.006902  20230614  002  002  165
 -0.004854    0.006115  20230622  002  002  173
 -0.005619    0.005723  20230623  002  002  174
 -0.005490    0.005565  20230624  002  002  175
 -0.005629    0.005461  20230626  002  002  177
 -0.006114    0.005195  20230627  002  002  178
 -0.005978    0.005242  20230628  002  002  179
 -0.005950    0.005225  20230629  002  002  180
 -0.005550    0.005270  20230703  002  002  184
 -0.005302    0.005252  20230706  002  002  187
  0.001787    0.005174  20230714  002  002  195
  0.000876    0.005003  20230715  002  002  196
 -0.001386    0.004883  20230716  002  002  197
 -0.005179    0.004934  20230717  002  002  198
 -0.001452    0.004961  20230718  002  002  199
 -0.005688    0.004954  20230719  002  002  200
 -0.005699    0.004965  20230720  002  002  201
 -0.005690    0.004515  20230721  002  002  202
 -0.005701    0.004002  20230722  002  002  203
 -0.005764    0.003563  20230723  002  002  204
 -0.005577    0.003664  20230724  002  002  205
 -0.005662    0.003782  20230726  002  002  207
 -0.003121    0.003649  20230728  002  002  209
 -0.001477    0.003014  20230729  002  002  210
 -0.001206    0.002640  20230730  002  002  211
 -0.004060    0.002399  20230731  002  002  212
 -0.003839    0.002235  20230801  002  002  213
 -0.003549    0.002152  20230802  002  002  214
 -0.001603    0.002159  20230803  002  002  215
 -0.001632    0.002128  20230804  002  002  216
 -0.000985    0.002241  20230805  002  002  217
 -0.000599    0.002369  20230806  002  002  218
 -0.000767    0.002345  20230807  002  002  219
 -0.002512    0.002353  20230812  002  002  224
 -0.001903    0.002259  20230813  002  002  225
 -0.001473    0.002350  20230814  002  002  226
 -0.001381    0.002371  20230815  002  002  227
 -0.001799    0.002309  20230816  002  002  228
 -0.001474    0.002345  20230817  002  002  229
 -0.001981    0.002118  20230818  002  002  230
 -0.002373    0.001915  20230819  002  002  231
 -0.002548    0.001766  20230820  002  002  232
 -0.002399    0.001728  20230821  002  002  233
 -0.002449    0.001685  20230822  002  002  234
 -0.002309    0.001594  20230823  002  002  235
 -0.002175    0.001560  20230824  002  002  236
 -0.001962    0.001518  20230825  002  002  237
 -0.002057    0.001458  20230826  002  002  238
 -0.001744    0.001416  20230827  002  002  239
 -0.001631    0.001423  20230828  002  002  240
 -0.001363    0.001436  20230829  002  002  241
 -0.001295    0.001537  20230830  002  002  242
 -0.001228    0.001564  20230831  002  002  243
 -0.001221    0.001552  20230901  002  002  244
 -0.001062    0.001482  20230902  002  002  245
 -0.000903    0.001518  20230903  002  002  246
 -0.000595    0.001530  20230904  002  002  247
 -0.000626    0.001552  20230905  002  002  248
 -0.000646    0.001502  20230906  002  002  249
 -0.000987    0.001483  20230907  002  002  250
 -0.001087    0.001415  20230908  002  002  251
 -0.001118    0.001361  20230909  002  002  252
 -0.000788    0.001334  20230910  002  002  253
 -0.000481    0.001334  20230911  002  002  254
  0.000147    0.001363  20230913  002  002  256
  0.000378    0.001317  20230914  002  002  257
  0.000559    0.001267  20230915  002  002  258
  0.000666    0.001276  20230916  002  002  259
  0.000795    0.001423  20230917  002  002  260
  0.000903    0.001602  20230918  002  002  261
  0.001049    0.001758  20230919  002  002  262
  0.001169    0.001984  20230920  002  002  263
  0.001455    0.001979  20230921  002  002  264
  0.000952    0.001931  20230922  002  002  265
  0.000507    0.001823  20230923  002  002  266
  0.000677    0.001883  20230924  002  002  267
  0.000572    0.001771  20230925  002  002  268
  0.000486    0.001734  20230926  002  002  269
  0.000294    0.001671  20230927  002  002  270
  0.000087    0.001592  20230928  002  002  271
 -0.000116    0.001601  20230929  002  002  272
 -0.000992    0.001773  20230930  002  002  273
 -0.001028    0.001963  20231001  002  002  274
 -0.000624    0.002073  20231002  002  002  275
 -0.000463    0.002143  20231003  002  002  276
 -0.000408    0.002128  20231004  002  002  277
 -0.000107    0.002106  20231005  002  002  278
  0.000000    0.002096  20231006  002  002  279
  0.000000    0.002086  20231007  002  002  280
  0.000000    0.002058  20231008  002  002  281
  0.000000    0.001997  20231009  002  002  282
  0.000017    0.002000  20231010  002  002  283
  0.000304    0.001960  20231011  002  002  284
  0.000539    0.001974  20231012  002  002  285
  0.000693    0.001888  20231013  002  002  286
  0.000841    0.001819  20231014  002  002  287
  0.000838    0.001704  20231018  002  002  291
  0.000820    0.001589  20231019  002  002  292
  0.000811    0.001439  20231020  002  002  293
  0.000780    0.001387  20231021  002  002  294
  0.000669    0.001389  20231022  002  002  295
  0.000724    0.001323  20231023  002  002  296
  0.000738    0.001396  20231024  002  002  297
  0.000039    0.001461  20231025  002  002  298
 -0.000298    0.001553  20231027  002  002  300
 -0.000303    0.001462  20231028  002  002  301
 -0.000319    0.001424  20231029  002  002  302
 -0.000291    0.001421  20231030  002  002  303
 -0.000064    0.001339  20231031  002  002  304
  0.000163    0.001270  20231101  002  002  305
  0.000344    0.001283  20231102  002  002  306
  0.000327    0.001340  20231103  002  002  307
  0.000416    0.001528  20231104  002  002  308
  0.000194    0.001685  20231105  002  002  309
  0.000276    0.001827  20231106  002  002  310
  0.000316    0.002021  20231107  002  002  311
  0.000276    0.002044  20231108  002  002  312
  0.000219    0.002144  20231109  002  002  313
  0.000333    0.002111  20231110  002  002  314
  0.000332    0.002109  20231111  002  002  315
  0.000384    0.002095  20231112  002  002  316
  0.000324    0.002098  20231113  002  002  317
  0.000618    0.002085  20231114  002  002  318
  0.000833    0.002143  20231115  002  002  319
  0.001216    0.002241  20231116  002  002  320
  0.001585    0.002396  20231117  002  002  321
  0.002033    0.002642  20231118  002  002  322
  0.002176    0.002839  20231119  002  002  323
  0.002246    0.003027  20231120  002  002  324
