 -0.013887    0.012937  20230605  002  002  156
 -0.011452    0.012478  20230606  002  002  157
 -0.011154    0.012677  20230607  002  002  158
 -0.010429    0.012386  20230608  002  002  159
 -0.009876    0.012456  20230609  002  002  160
 -0.009832    0.012224  20230610  002  002  161
 -0.010090    0.012589  20230612  002  002  163
 -0.010023    0.012701  20230613  002  002  164
 -0.009980    0.012807  20230614  002  002  165
 -0.009950    0.012824  20230615  002  002  166
 -0.009990    0.013064  20230622  002  002  173
 -0.009752    0.013628  20230623  002  002  174
 -0.009727    0.013421  20230624  002  002  175
 -0.009292    0.013100  20230626  002  002  177
 -0.009670    0.012865  20230627  002  002  178
 -0.009962    0.013150  20230628  002  002  179
 -0.009845    0.013236  20230629  002  002  180
 -0.010103    0.013335  20230630  002  002  181
 -0.009811    0.013136  20230701  002  002  182
 -0.009791    0.012971  20230702  002  002  183
 -0.009643    0.012787  20230703  002  002  184
 -0.009312    0.012654  20230704  002  002  185
 -0.009956    0.012652  20230706  002  002  187
 -0.010545    0.012662  20230707  002  002  188
 -0.010653    0.012530  20230708  002  002  189
 -0.010838    0.012247  20230709  002  002  190
 -0.010729    0.012182  20230710  002  002  191
 -0.010757    0.011896  20230711  002  002  192
 -0.010849    0.011776  20230712  002  002  193
 -0.011091    0.011661  20230713  002  002  194
 -0.011666    0.011719  20230714  002  002  195
 -0.011838    0.011762  20230715  002  002  196
 -0.012160    0.011871  20230716  002  002  197
 -0.012456    0.011915  20230717  002  002  198
 -0.012394    0.011986  20230718  002  002  199
 -0.012442    0.012038  20230719  002  002  200
 -0.012210    0.012134  20230720  002  002  201
 -0.012434    0.012078  20230721  002  002  202
 -0.012444    0.012238  20230722  002  002  203
 -0.013142    0.012494  20230725  002  002  206
 -0.013180    0.012647  20230726  002  002  207
 -0.013130    0.012576  20230727  002  002  208
 -0.012823    0.012797  20230728  002  002  209
 -0.012715    0.012576  20230729  002  002  210
 -0.012841    0.012503  20230731  002  002  212
 -0.012246    0.012538  20230801  002  002  213
 -0.012324    0.012693  20230802  002  002  214
 -0.011632    0.012838  20230803  002  002  215
 -0.011240    0.012555  20230804  002  002  216
 -0.011521    0.012539  20230805  002  002  217
 -0.011168    0.012465  20230807  002  002  219
 -0.010581    0.012287  20230812  002  002  224
 -0.010360    0.012349  20230813  002  002  225
 -0.009795    0.012287  20230814  002  002  226
 -0.009659    0.011992  20230815  002  002  227
 -0.009859    0.011883  20230816  002  002  228
 -0.009468    0.012329  20230818  002  002  230
 -0.008700    0.012421  20230819  002  002  231
 -0.008253    0.012857  20230821  002  002  233
 -0.008173    0.012752  20230822  002  002  234
 -0.010261    0.012685  20230823  002  002  235
 -0.010281    0.012878  20230824  002  002  236
 -0.007721    0.012915  20230825  002  002  237
 -0.007776    0.012919  20230826  002  002  238
 -0.007811    0.012718  20230828  002  002  240
 -0.007436    0.012787  20230829  002  002  241
 -0.007556    0.012534  20230830  002  002  242
 -0.007173    0.012360  20230831  002  002  243
 -0.006992    0.012177  20230901  002  002  244
 -0.007034    0.012134  20230902  002  002  245
 -0.006528    0.012007  20230904  002  002  247
 -0.006054    0.012146  20230905  002  002  248
 -0.005771    0.011945  20230906  002  002  249
 -0.006182    0.012034  20230907  002  002  250
 -0.005649    0.012167  20230908  002  002  251
 -0.005548    0.012340  20230909  002  002  252
 -0.005053    0.012512  20230910  002  002  253
 -0.004997    0.012559  20230911  002  002  254
 -0.004222    0.013106  20230913  002  002  256
 -0.004383    0.013200  20230914  002  002  257
 -0.003869    0.013204  20230915  002  002  258
 -0.004230    0.013241  20230916  002  002  259
 -0.003812    0.013380  20230917  002  002  260
 -0.003372    0.013459  20230918  002  002  261
 -0.003053    0.013589  20230919  002  002  262
 -0.002489    0.013597  20230920  002  002  263
 -0.001986    0.013620  20230921  002  002  264
 -0.003859    0.013310  20230922  002  002  265
 -0.003981    0.013300  20230923  002  002  266
 -0.004246    0.013170  20230926  002  002  269
 -0.003339    0.013074  20230927  002  002  270
 -0.003509    0.012747  20230928  002  002  271
 -0.002611    0.012514  20230929  002  002  272
 -0.002964    0.012213  20230930  002  002  273
 -0.002921    0.012249  20231001  002  002  274
 -0.002709    0.012312  20231002  002  002  275
 -0.002511    0.012281  20231003  002  002  276
 -0.003517    0.012221  20231004  002  002  277
 -0.003739    0.012390  20231005  002  002  278
 -0.004287    0.012313  20231006  002  002  279
 -0.004089    0.012430  20231007  002  002  280
 -0.003523    0.012427  20231010  002  002  283
 -0.006069    0.012480  20231014  002  002  287
 -0.004655    0.012563  20231018  002  002  291
 -0.004116    0.012731  20231019  002  002  292
 -0.005441    0.012409  20231020  002  002  293
 -0.005281    0.012394  20231021  002  002  294
 -0.005855    0.012526  20231024  002  002  297
 -0.005421    0.013080  20231027  002  002  300
 -0.006256    0.012907  20231028  002  002  301
 -0.006892    0.012620  20231030  002  002  303
 -0.007265    0.012275  20231031  002  002  304
 -0.007681    0.012168  20231101  002  002  305
 -0.007443    0.012240  20231102  002  002  306
 -0.008279    0.012117  20231103  002  002  307
 -0.008044    0.012127  20231104  002  002  308
 -0.008032    0.012345  20231106  002  002  310
 -0.007854    0.012418  20231107  002  002  311
 -0.007547    0.012495  20231108  002  002  312
 -0.007726    0.012238  20231109  002  002  313
 -0.007396    0.011983  20231110  002  002  314
 -0.007290    0.011888  20231111  002  002  315
 -0.006617    0.012097  20231113  002  002  317
 -0.006626    0.011956  20231114  002  002  318
 -0.006154    0.012041  20231116  002  002  320
 -0.006024    0.011905  20231117  002  002  321
 -0.006181    0.011910  20231118  002  002  322
 -0.006332    0.011776  20231120  002  002  324
