 -0.009364    0.003201  20230603  004  004  154
 -0.009748    0.003195  20230604  004  004  155
 -0.010012    0.002650  20230605  004  004  156
 -0.010062    0.002532  20230606  004  004  157
 -0.009877    0.002444  20230607  004  004  158
 -0.009961    0.002271  20230608  004  004  159
 -0.009663    0.002300  20230609  004  004  160
 -0.009382    0.002294  20230610  004  004  161
 -0.009158    0.002354  20230611  004  004  162
 -0.009284    0.002341  20230612  004  004  163
 -0.009184    0.002327  20230613  004  004  164
 -0.009215    0.002318  20230614  004  004  165
 -0.009091    0.002307  20230615  004  004  166
 -0.009158    0.002296  20230616  004  004  167
 -0.008886    0.002269  20230617  004  004  168
 -0.008611    0.002293  20230618  004  004  169
 -0.008418    0.002240  20230619  004  004  170
 -0.008423    0.002224  20230620  004  004  171
 -0.008295    0.002240  20230621  004  004  172
 -0.008386    0.002244  20230622  004  004  173
 -0.008404    0.002227  20230623  004  004  174
 -0.008334    0.002221  20230624  004  004  175
 -0.007922    0.002183  20230625  004  004  176
 -0.007755    0.002162  20230626  004  004  177
 -0.007565    0.002212  20230627  004  004  178
 -0.007556    0.002187  20230628  004  004  179
 -0.007304    0.002157  20230629  004  004  180
 -0.007294    0.002212  20230630  004  004  181
 -0.007118    0.002213  20230701  004  004  182
 -0.006961    0.002200  20230702  004  004  183
 -0.006564    0.002210  20230703  004  004  184
 -0.006242    0.002211  20230704  004  004  185
 -0.005701    0.002184  20230706  004  004  187
 -0.005654    0.002184  20230707  004  004  188
 -0.005519    0.002228  20230708  004  004  189
 -0.005222    0.002233  20230709  004  004  190
 -0.004997    0.002295  20230710  004  004  191
 -0.004685    0.002364  20230711  004  004  192
 -0.004428    0.002393  20230712  004  004  193
 -0.004256    0.002394  20230713  004  004  194
 -0.004125    0.002472  20230714  004  004  195
 -0.003959    0.002584  20230715  004  004  196
 -0.003783    0.002601  20230716  004  004  197
 -0.003534    0.002730  20230717  004  004  198
 -0.003425    0.002846  20230718  004  004  199
 -0.003272    0.002921  20230719  004  004  200
 -0.003029    0.002999  20230720  004  004  201
 -0.002909    0.003065  20230721  004  004  202
 -0.002834    0.003151  20230722  004  004  203
 -0.002401    0.003103  20230723  004  004  204
 -0.001616    0.003137  20230724  004  004  205
 -0.001400    0.003185  20230725  004  004  206
 -0.001163    0.003258  20230726  004  004  207
 -0.001154    0.003278  20230727  004  004  208
 -0.000916    0.003294  20230728  004  004  209
 -0.000789    0.003399  20230729  004  004  210
 -0.000614    0.003328  20230730  004  004  211
 -0.000389    0.003268  20230731  004  004  212
 -0.000078    0.003217  20230801  004  004  213
  0.000161    0.003227  20230802  004  004  214
 -0.000036    0.003195  20230803  004  004  215
 -0.000414    0.003257  20230805  004  004  217
 -0.000697    0.003155  20230812  004  004  224
 -0.000782    0.003036  20230813  004  004  225
 -0.000843    0.003075  20230814  004  004  226
 -0.000937    0.002952  20230815  004  004  227
 -0.000239    0.003031  20230816  004  004  228
 -0.000313    0.003224  20230817  004  004  229
  0.000151    0.003266  20230818  004  004  230
  0.000343    0.003271  20230819  004  004  231
  0.000282    0.003328  20230820  004  004  232
  0.000476    0.003420  20230821  004  004  233
  0.000315    0.003357  20230822  004  004  234
  0.000091    0.003302  20230823  004  004  235
 -0.000009    0.003399  20230824  004  004  236
  0.000293    0.003510  20230825  004  004  237
  0.000248    0.003575  20230826  004  004  238
  0.000189    0.003574  20230827  004  004  239
  0.000249    0.003588  20230828  004  004  240
  0.000438    0.003567  20230829  004  004  241
  0.000653    0.003505  20230830  004  004  242
  0.000887    0.003562  20230831  004  004  243
  0.001017    0.003600  20230901  004  004  244
  0.001196    0.003563  20230902  004  004  245
  0.001317    0.003500  20230903  004  004  246
  0.001287    0.003614  20230905  004  004  248
  0.001153    0.003612  20230906  004  004  249
  0.000885    0.003567  20230907  004  004  250
  0.000885    0.003466  20230908  004  004  251
  0.000868    0.003454  20230909  004  004  252
  0.000916    0.003408  20230910  004  004  253
  0.000899    0.003396  20230911  004  004  254
  0.000716    0.003333  20230913  004  004  256
  0.000580    0.003324  20230914  004  004  257
  0.000471    0.003381  20230915  004  004  258
  0.000205    0.003400  20230916  004  004  259
  0.000433    0.003359  20230917  004  004  260
  0.000981    0.003275  20230918  004  004  261
  0.001505    0.003215  20230919  004  004  262
  0.002060    0.003286  20230920  004  004  263
  0.002237    0.003375  20230921  004  004  264
  0.002333    0.003456  20230922  004  004  265
  0.002146    0.003486  20230923  004  004  266
  0.002059    0.003495  20230924  004  004  267
  0.001809    0.003541  20230925  004  004  268
  0.001750    0.003503  20230926  004  004  269
  0.001582    0.003497  20230927  004  004  270
  0.001610    0.003580  20230928  004  004  271
  0.001600    0.003653  20230929  004  004  272
  0.001458    0.003729  20230930  004  004  273
  0.000807    0.003755  20231002  004  004  275
 -0.001449    0.003764  20231004  004  004  277
 -0.002269    0.003644  20231005  004  004  278
 -0.002316    0.003786  20231006  004  004  279
 -0.002749    0.003787  20231007  004  004  280
 -0.002956    0.003661  20231008  004  004  281
 -0.003243    0.003659  20231009  004  004  282
 -0.003616    0.003600  20231010  004  004  283
 -0.004072    0.003472  20231011  004  004  284
 -0.005058    0.003383  20231012  004  004  285
 -0.005970    0.003392  20231013  004  004  286
 -0.006071    0.003374  20231014  004  004  287
 -0.005399    0.003462  20231018  004  004  291
 -0.005498    0.003348  20231019  004  004  292
 -0.005598    0.003380  20231020  004  004  293
 -0.005747    0.003418  20231021  004  004  294
 -0.006000    0.003349  20231022  004  004  295
 -0.006099    0.003254  20231023  004  004  296
 -0.006213    0.003244  20231024  004  004  297
 -0.005443    0.003222  20231025  004  004  298
 -0.005313    0.003085  20231026  004  004  299
 -0.005546    0.003231  20231027  004  004  300
 -0.005805    0.003242  20231028  004  004  301
 -0.005774    0.003250  20231029  004  004  302
 -0.005751    0.003208  20231030  004  004  303
 -0.005785    0.003211  20231031  004  004  304
 -0.005892    0.003211  20231101  004  004  305
 -0.005713    0.003226  20231102  004  004  306
 -0.005604    0.003250  20231103  004  004  307
 -0.005651    0.003238  20231104  004  004  308
 -0.005691    0.003311  20231106  004  004  310
 -0.005640    0.003520  20231108  004  004  312
 -0.005071    0.003348  20231109  004  004  313
 -0.004520    0.003415  20231110  004  004  314
 -0.004547    0.003389  20231111  004  004  315
 -0.004443    0.003400  20231112  004  004  316
 -0.004543    0.003309  20231113  004  004  317
 -0.004205    0.003329  20231114  004  004  318
 -0.004064    0.003275  20231115  004  004  319
 -0.004267    0.003189  20231117  004  004  321
