 -0.016674    0.005390  20230605  003  003  156
 -0.015524    0.004691  20230606  003  003  157
 -0.015215    0.004530  20230607  003  003  158
 -0.015320    0.004436  20230608  003  003  159
 -0.015663    0.004309  20230609  003  003  160
 -0.015813    0.004339  20230610  003  003  161
 -0.015842    0.004176  20230612  003  003  163
 -0.015725    0.004084  20230613  003  003  164
 -0.015428    0.004169  20230614  003  003  165
 -0.015326    0.004223  20230615  003  003  166
 -0.015227    0.004215  20230616  003  003  167
 -0.014910    0.004421  20230619  003  003  170
 -0.014542    0.004450  20230622  003  003  173
 -0.014178    0.004551  20230623  003  003  174
 -0.013468    0.004699  20230625  003  003  176
 -0.012921    0.004771  20230626  003  003  177
 -0.012599    0.004587  20230627  003  003  178
 -0.012813    0.004485  20230628  003  003  179
 -0.012822    0.004471  20230629  003  003  180
 -0.012659    0.004486  20230630  003  003  181
 -0.012696    0.004379  20230701  003  003  182
 -0.012432    0.004181  20230703  003  003  184
 -0.012475    0.004104  20230704  003  003  185
 -0.012272    0.003893  20230706  003  003  187
 -0.012154    0.003839  20230707  003  003  188
 -0.012577    0.003826  20230710  003  003  191
 -0.012084    0.003900  20230711  003  003  192
 -0.012034    0.003964  20230712  003  003  193
 -0.011958    0.004139  20230713  003  003  194
 -0.011932    0.004331  20230714  003  003  195
 -0.012026    0.004641  20230717  003  003  198
 -0.012015    0.004576  20230718  003  003  199
 -0.011767    0.004556  20230719  003  003  200
 -0.011745    0.004484  20230720  003  003  201
 -0.011617    0.004515  20230721  003  003  202
 -0.011574    0.004540  20230724  003  003  205
 -0.011273    0.004606  20230725  003  003  206
 -0.011285    0.004608  20230726  003  003  207
 -0.011015    0.004706  20230727  003  003  208
 -0.011050    0.004746  20230728  003  003  209
 -0.011140    0.004780  20230729  003  003  210
 -0.010939    0.004791  20230731  003  003  212
 -0.010596    0.004987  20230801  003  003  213
 -0.010254    0.005116  20230802  003  003  214
 -0.007984    0.004856  20230812  003  003  224
 -0.007178    0.004826  20230813  003  003  225
 -0.007147    0.005081  20230814  003  003  226
 -0.006363    0.006132  20230815  003  003  227
 -0.005359    0.006195  20230816  003  003  228
 -0.005820    0.006257  20230817  003  003  229
 -0.005671    0.006243  20230818  003  003  230
 -0.005653    0.006184  20230819  003  003  231
 -0.005736    0.006105  20230821  003  003  233
 -0.005443    0.006170  20230822  003  003  234
 -0.005180    0.006104  20230823  003  003  235
 -0.005356    0.006127  20230824  003  003  236
 -0.004924    0.006175  20230825  003  003  237
 -0.004423    0.006137  20230827  003  003  239
 -0.004725    0.006153  20230828  003  003  240
 -0.004513    0.006124  20230829  003  003  241
 -0.004007    0.006042  20230830  003  003  242
 -0.003897    0.006095  20230831  003  003  243
 -0.003890    0.006032  20230901  003  003  244
 -0.003753    0.006004  20230903  003  003  246
 -0.003903    0.005865  20230904  003  003  247
 -0.004336    0.005813  20230905  003  003  248
 -0.004410    0.005853  20230906  003  003  249
 -0.004435    0.005787  20230907  003  003  250
 -0.004514    0.005792  20230908  003  003  251
 -0.004467    0.005753  20230909  003  003  252
 -0.004434    0.005744  20230910  003  003  253
 -0.004697    0.005718  20230911  003  003  254
 -0.005557    0.005480  20230913  003  003  256
 -0.005802    0.005348  20230914  003  003  257
 -0.005539    0.005254  20230915  003  003  258
 -0.005404    0.005180  20230916  003  003  259
 -0.005513    0.005099  20230917  003  003  260
 -0.004964    0.005093  20230918  003  003  261
 -0.004648    0.004996  20230919  003  003  262
 -0.004499    0.004885  20230920  003  003  263
 -0.004068    0.004790  20230921  003  003  264
 -0.003936    0.004816  20230922  003  003  265
 -0.003924    0.004745  20230923  003  003  266
 -0.003784    0.004627  20230924  003  003  267
 -0.004034    0.004690  20230925  003  003  268
 -0.003914    0.004661  20230926  003  003  269
 -0.003822    0.004662  20230927  003  003  270
 -0.003800    0.004717  20230928  003  003  271
 -0.003937    0.004717  20230929  003  003  272
 -0.003853    0.004714  20230930  003  003  273
 -0.003951    0.004835  20231001  003  003  274
 -0.004505    0.004876  20231002  003  003  275
 -0.004996    0.004832  20231003  003  003  276
 -0.005590    0.004729  20231004  003  003  277
 -0.005810    0.004759  20231005  003  003  278
 -0.006238    0.004782  20231006  003  003  279
 -0.006541    0.004807  20231007  003  003  280
 -0.006873    0.004696  20231009  003  003  282
 -0.007064    0.004613  20231010  003  003  283
 -0.008041    0.004468  20231012  003  003  285
 -0.008393    0.004385  20231013  003  003  286
 -0.008977    0.004225  20231014  003  003  287
 -0.008680    0.003953  20231018  003  003  291
 -0.008762    0.003879  20231019  003  003  292
 -0.008888    0.003914  20231020  003  003  293
 -0.009418    0.004158  20231024  003  003  297
 -0.008437    0.004319  20231025  003  003  298
 -0.007615    0.004660  20231027  003  003  300
 -0.007828    0.004742  20231028  003  003  301
 -0.008191    0.004713  20231030  003  003  303
 -0.008518    0.004893  20231031  003  003  304
 -0.008109    0.004992  20231101  003  003  305
 -0.007749    0.005043  20231102  003  003  306
 -0.007396    0.004971  20231103  003  003  307
 -0.008274    0.004950  20231108  003  003  312
 -0.008186    0.004961  20231109  003  003  313
 -0.008245    0.004964  20231110  003  003  314
 -0.008375    0.005039  20231111  003  003  315
 -0.008480    0.005089  20231113  003  003  317
 -0.008938    0.005072  20231115  003  003  319
