  0.000014    0.004173  20230607  001  001  158
  0.000913    0.004725  20230613  001  001  164
 -0.001535    0.004428  20230614  001  001  165
  0.001057    0.004166  20230621  001  001  172
  0.000325    0.003723  20230622  001  001  173
 -0.000088    0.003459  20230623  001  001  174
 -0.000918    0.003494  20230624  001  001  175
 -0.001246    0.003122  20230626  001  001  177
 -0.001463    0.002768  20230627  001  001  178
 -0.001679    0.002652  20230628  001  001  179
 -0.001386    0.002500  20230629  001  001  180
 -0.001235    0.002409  20230630  001  001  181
 -0.001344    0.002462  20230701  001  001  182
 -0.001244    0.002409  20230703  001  001  184
 -0.001885    0.002447  20230704  001  001  185
 -0.001865    0.002329  20230706  001  001  187
 -0.001919    0.002131  20230707  001  001  188
 -0.001612    0.002056  20230708  001  001  189
 -0.001399    0.002122  20230709  001  001  190
 -0.001472    0.002075  20230710  001  001  191
 -0.001468    0.001971  20230711  001  001  192
 -0.001659    0.001963  20230712  001  001  193
 -0.001975    0.002016  20230713  001  001  194
 -0.001939    0.001902  20230714  001  001  195
 -0.001747    0.001904  20230715  001  001  196
 -0.001975    0.001862  20230717  001  001  198
 -0.002026    0.001773  20230718  001  001  199
 -0.001930    0.001638  20230719  001  001  200
 -0.002018    0.001543  20230720  001  001  201
 -0.002248    0.001458  20230721  001  001  202
 -0.002589    0.001508  20230722  001  001  203
 -0.002329    0.001474  20230723  001  001  204
 -0.001929    0.001563  20230724  001  001  205
 -0.001842    0.001511  20230725  001  001  206
 -0.001861    0.001505  20230726  001  001  207
 -0.001787    0.001741  20230727  001  001  208
 -0.002120    0.001787  20230728  001  001  209
 -0.002223    0.001759  20230729  001  001  210
 -0.002219    0.001783  20230730  001  001  211
 -0.002139    0.001768  20230731  001  001  212
 -0.002164    0.001802  20230801  001  001  213
 -0.001960    0.001635  20230802  001  001  214
 -0.001839    0.001759  20230807  001  001  219
 -0.001347    0.002136  20230812  001  001  224
 -0.001576    0.002574  20230813  001  001  225
 -0.001793    0.002769  20230814  001  001  226
 -0.001763    0.003193  20230815  001  001  227
 -0.001637    0.002935  20230816  001  001  228
 -0.001511    0.002733  20230817  001  001  229
 -0.002030    0.002514  20230818  001  001  230
 -0.001820    0.002448  20230819  001  001  231
 -0.002528    0.002141  20230821  001  001  233
 -0.002701    0.002119  20230822  001  001  234
 -0.003441    0.002358  20230824  001  001  236
 -0.003251    0.002316  20230825  001  001  237
 -0.003072    0.002430  20230826  001  001  238
 -0.002854    0.002384  20230827  001  001  239
 -0.002787    0.002326  20230828  001  001  240
 -0.002516    0.002312  20230829  001  001  241
 -0.002423    0.002314  20230830  001  001  242
 -0.002523    0.002271  20230831  001  001  243
 -0.002600    0.002361  20230901  001  001  244
 -0.002423    0.002374  20230902  001  001  245
 -0.001468    0.002276  20230906  001  001  249
 -0.001078    0.002459  20230907  001  001  250
 -0.000839    0.002648  20230908  001  001  251
 -0.002136    0.002651  20230909  001  001  252
 -0.000481    0.002682  20230910  001  001  253
 -0.000967    0.002479  20230911  001  001  254
 -0.000319    0.002462  20230913  001  001  256
  0.000396    0.002122  20230914  001  001  257
  0.000566    0.001863  20230915  001  001  258
  0.000531    0.001764  20230916  001  001  259
  0.000834    0.001747  20230917  001  001  260
  0.001169    0.001681  20230918  001  001  261
  0.002036    0.001454  20230919  001  001  262
  0.003002    0.001314  20230920  001  001  263
  0.003038    0.001316  20230921  001  001  264
  0.003739    0.001385  20230922  001  001  265
  0.002938    0.001457  20230923  001  001  266
  0.003449    0.001551  20230924  001  001  267
  0.003236    0.001524  20230925  001  001  268
  0.003500    0.001527  20230926  001  001  269
  0.003482    0.001632  20230927  001  001  270
  0.003460    0.001629  20230928  001  001  271
  0.003729    0.001636  20230929  001  001  272
  0.003546    0.001596  20230930  001  001  273
  0.003523    0.001630  20231001  001  001  274
  0.003396    0.001532  20231002  001  001  275
  0.001854    0.001890  20231009  001  001  282
  0.001897    0.001794  20231010  001  001  283
  0.001923    0.002119  20231013  001  001  286
  0.000463    0.003002  20231019  001  001  292
  0.000757    0.002698  20231020  001  001  293
  0.000991    0.002629  20231021  001  001  294
  0.002576    0.002469  20231022  001  001  295
  0.002016    0.002592  20231023  001  001  296
  0.002067    0.002073  20231024  001  001  297
  0.001745    0.002136  20231025  001  001  298
  0.002662    0.001937  20231027  001  001  300
  0.002707    0.001971  20231028  001  001  301
  0.002738    0.001863  20231030  001  001  303
  0.002990    0.001900  20231031  001  001  304
  0.002869    0.001930  20231101  001  001  305
  0.002839    0.002187  20231102  001  001  306
  0.002078    0.002171  20231103  001  001  307
  0.002541    0.002419  20231106  001  001  310
  0.003081    0.002741  20231107  001  001  311
  0.002688    0.002574  20231108  001  001  312
  0.002013    0.002551  20231109  001  001  313
  0.001809    0.002451  20231110  001  001  314
  0.002068    0.002532  20231111  001  001  315
  0.002079    0.002504  20231113  001  001  317
  0.002380    0.002550  20231114  001  001  318
  0.002049    0.002433  20231115  001  001  319
  0.002218    0.002216  20231117  001  001  321
  0.002353    0.002226  20231118  001  001  322
