 -0.003781    0.003160  20230608  001  001  159
 -0.003401    0.003036  20230612  001  001  163
 -0.002685    0.002982  20230613  001  001  164
 -0.002152    0.002910  20230614  001  001  165
 -0.001853    0.002925  20230615  001  001  166
 -0.003918    0.002813  20230622  001  001  173
 -0.003596    0.002751  20230623  001  001  174
 -0.003550    0.002735  20230624  001  001  175
 -0.003619    0.002588  20230626  001  001  177
 -0.003649    0.002477  20230627  001  001  178
 -0.004135    0.002337  20230628  001  001  179
 -0.004049    0.002283  20230629  001  001  180
 -0.004088    0.002274  20230630  001  001  181
 -0.003999    0.002296  20230701  001  001  182
 -0.003759    0.002291  20230702  001  001  183
 -0.003610    0.002267  20230703  001  001  184
 -0.003669    0.002273  20230704  001  001  185
 -0.003820    0.002230  20230706  001  001  187
 -0.003925    0.002167  20230707  001  001  188
 -0.003923    0.002144  20230708  001  001  189
 -0.003801    0.002133  20230709  001  001  190
 -0.003717    0.002097  20230710  001  001  191
 -0.003533    0.002086  20230711  001  001  192
 -0.003547    0.002098  20230712  001  001  193
 -0.001295    0.002072  20230713  001  001  194
 -0.001388    0.002051  20230714  001  001  195
 -0.001254    0.002038  20230715  001  001  196
 -0.001491    0.002021  20230716  001  001  197
 -0.001362    0.001941  20230717  001  001  198
 -0.001177    0.001940  20230718  001  001  199
 -0.001100    0.001855  20230719  001  001  200
 -0.000984    0.001766  20230720  001  001  201
 -0.000935    0.001649  20230721  001  001  202
 -0.000625    0.001542  20230722  001  001  203
 -0.000583    0.001379  20230723  001  001  204
 -0.000285    0.001346  20230724  001  001  205
  0.000029    0.001397  20230726  001  001  207
  0.000119    0.001280  20230728  001  001  209
  0.000030    0.001122  20230729  001  001  210
 -0.000029    0.001006  20230730  001  001  211
 -0.000160    0.000957  20230731  001  001  212
 -0.000302    0.000960  20230801  001  001  213
 -0.000219    0.001012  20230802  001  001  214
 -0.001132    0.001227  20230806  001  001  218
 -0.001130    0.001204  20230807  001  001  219
 -0.000063    0.001294  20230812  001  001  224
  0.001259    0.001203  20230813  001  001  225
  0.002603    0.001272  20230814  001  001  226
  0.004021    0.001391  20230815  001  001  227
  0.004240    0.001418  20230816  001  001  228
  0.004147    0.001313  20230817  001  001  229
  0.004261    0.001302  20230818  001  001  230
  0.004513    0.001374  20230819  001  001  231
  0.004339    0.001446  20230820  001  001  232
  0.003903    0.001405  20230821  001  001  233
  0.003637    0.001393  20230822  001  001  234
  0.003789    0.001313  20230823  001  001  235
  0.003525    0.001316  20230825  001  001  237
  0.003282    0.001372  20230826  001  001  238
  0.002876    0.001447  20230827  001  001  239
  0.002357    0.001515  20230828  001  001  240
  0.002324    0.001578  20230829  001  001  241
  0.001992    0.001657  20230830  001  001  242
  0.001870    0.001691  20230831  001  001  243
  0.001845    0.001632  20230901  001  001  244
  0.002235    0.001542  20230902  001  001  245
  0.002587    0.001559  20230903  001  001  246
  0.002936    0.001591  20230904  001  001  247
  0.003148    0.001624  20230907  001  001  250
  0.002978    0.001560  20230908  001  001  251
  0.003086    0.001521  20230909  001  001  252
  0.003296    0.001442  20230910  001  001  253
  0.003565    0.001395  20230911  001  001  254
  0.003720    0.001389  20230913  001  001  256
  0.003469    0.001392  20230914  001  001  257
  0.003224    0.001337  20230915  001  001  258
  0.002925    0.001293  20230916  001  001  259
  0.002285    0.001319  20230917  001  001  260
  0.001999    0.001307  20230918  001  001  261
  0.001727    0.001260  20230919  001  001  262
  0.000739    0.001278  20230920  001  001  263
  0.000382    0.001220  20230921  001  001  264
  0.000245    0.001141  20230922  001  001  265
  0.000463    0.001160  20230923  001  001  266
  0.000217    0.001320  20230925  001  001  268
  0.000333    0.001440  20230926  001  001  269
  0.000569    0.001703  20230928  001  001  271
  0.000860    0.001905  20230929  001  001  272
  0.003562    0.002324  20231003  001  001  276
  0.003851    0.002018  20231005  001  001  278
  0.003426    0.001848  20231008  001  001  281
  0.003688    0.001733  20231009  001  001  282
  0.003313    0.001643  20231010  001  001  283
  0.000080    0.001357  20231013  001  001  286
  0.000000    0.001215  20231014  001  001  287
 -0.001276    0.001195  20231018  001  001  291
 -0.001039    0.001212  20231019  001  001  292
 -0.000639    0.001196  20231020  001  001  293
 -0.000426    0.001252  20231021  001  001  294
 -0.000172    0.001329  20231022  001  001  295
  0.000553    0.001410  20231023  001  001  296
  0.000799    0.001419  20231024  001  001  297
  0.000440    0.001428  20231025  001  001  298
  0.000623    0.001459  20231026  001  001  299
  0.000226    0.001568  20231027  001  001  300
  0.000973    0.001640  20231028  001  001  301
  0.000210    0.001667  20231029  001  001  302
  0.000218    0.001666  20231030  001  001  303
  0.000950    0.001722  20231031  001  001  304
  0.000652    0.001734  20231101  001  001  305
  0.000528    0.001744  20231102  001  001  306
  0.000020    0.001726  20231103  001  001  307
  0.000195    0.001679  20231104  001  001  308
 -0.000437    0.001759  20231105  001  001  309
 -0.000794    0.001784  20231106  001  001  310
 -0.000520    0.001817  20231107  001  001  311
 -0.000908    0.001876  20231108  001  001  312
 -0.000915    0.001868  20231109  001  001  313
 -0.001026    0.001870  20231110  001  001  314
 -0.001237    0.001886  20231111  001  001  315
 -0.001144    0.001941  20231112  001  001  316
 -0.001256    0.001937  20231113  001  001  317
 -0.001271    0.001959  20231114  001  001  318
 -0.001185    0.002013  20231115  001  001  319
 -0.001302    0.002066  20231116  001  001  320
 -0.001717    0.002064  20231117  001  001  321
 -0.001678    0.002093  20231118  001  001  322
 -0.001626    0.002200  20231120  001  001  324
