 -0.011742    0.005001  20230620  003  003  171
 -0.013102    0.004812  20230622  003  003  173
 -0.013069    0.004656  20230623  003  003  174
 -0.012840    0.004659  20230624  003  003  175
 -0.012619    0.004641  20230625  003  003  176
 -0.012442    0.004445  20230626  003  003  177
 -0.012328    0.004236  20230627  003  003  178
 -0.012253    0.004139  20230628  003  003  179
 -0.012299    0.004036  20230629  003  003  180
 -0.012149    0.003977  20230630  003  003  181
 -0.012057    0.003974  20230701  003  003  182
 -0.011842    0.003965  20230702  003  003  183
 -0.011641    0.003855  20230703  003  003  184
 -0.011468    0.003788  20230704  003  003  185
 -0.011411    0.003286  20230706  003  003  187
 -0.011504    0.002872  20230707  003  003  188
 -0.011532    0.002581  20230708  003  003  189
 -0.011408    0.002435  20230709  003  003  190
 -0.011426    0.002324  20230710  003  003  191
 -0.011533    0.002251  20230711  003  003  192
 -0.011554    0.002294  20230712  003  003  193
 -0.011817    0.002441  20230713  003  003  194
 -0.012061    0.002655  20230714  003  003  195
 -0.012213    0.002970  20230715  003  003  196
 -0.012347    0.003312  20230716  003  003  197
 -0.012531    0.003551  20230717  003  003  198
 -0.012477    0.003530  20230718  003  003  199
 -0.012319    0.003516  20230719  003  003  200
 -0.012155    0.003529  20230720  003  003  201
 -0.011964    0.003501  20230721  003  003  202
 -0.011750    0.003476  20230722  003  003  203
 -0.011341    0.003388  20230723  003  003  204
 -0.011171    0.003322  20230724  003  003  205
 -0.010994    0.003256  20230725  003  003  206
 -0.010667    0.003186  20230726  003  003  207
 -0.010335    0.003153  20230727  003  003  208
 -0.010126    0.003090  20230728  003  003  209
 -0.009663    0.002988  20230729  003  003  210
 -0.008736    0.002855  20230731  003  003  212
 -0.008125    0.002770  20230801  003  003  213
 -0.007628    0.002673  20230802  003  003  214
 -0.004568    0.002562  20230803  003  003  215
 -0.004395    0.002506  20230804  003  003  216
 -0.004585    0.002438  20230805  003  003  217
 -0.004292    0.002314  20230806  003  003  218
 -0.001053    0.001686  20230812  003  003  224
 -0.000674    0.001046  20230814  003  003  226
 -0.000651    0.001034  20230815  003  003  227
 -0.000057    0.001492  20230816  003  003  228
  0.000518    0.001837  20230817  003  003  229
  0.001946    0.002371  20230818  003  003  230
  0.003568    0.002697  20230819  003  003  231
  0.003683    0.002637  20230822  003  003  234
  0.003541    0.002584  20230823  003  003  235
  0.003401    0.002563  20230824  003  003  236
  0.003398    0.002551  20230825  003  003  237
  0.003415    0.002533  20230826  003  003  238
  0.003507    0.002548  20230827  003  003  239
  0.003635    0.002524  20230828  003  003  240
  0.003733    0.002559  20230829  003  003  241
  0.003840    0.002589  20230830  003  003  242
  0.003938    0.002589  20230831  003  003  243
  0.003964    0.002583  20230901  003  003  244
  0.004013    0.002606  20230903  003  003  246
  0.003941    0.002641  20230905  003  003  248
  0.004338    0.002662  20230906  003  003  249
  0.004231    0.002734  20230907  003  003  250
  0.003907    0.002764  20230908  003  003  251
  0.003755    0.002822  20230909  003  003  252
  0.004080    0.002965  20230910  003  003  253
  0.004179    0.003106  20230911  003  003  254
  0.003878    0.003144  20230913  003  003  256
  0.003484    0.003033  20230914  003  003  257
  0.003617    0.002880  20230915  003  003  258
  0.003469    0.002701  20230916  003  003  259
  0.003780    0.002637  20230917  003  003  260
  0.004357    0.002464  20230918  003  003  261
  0.004298    0.002339  20230919  003  003  262
  0.004512    0.002218  20230920  003  003  263
  0.005042    0.002185  20230921  003  003  264
  0.005534    0.002143  20230922  003  003  265
  0.005520    0.002161  20230923  003  003  266
  0.005640    0.002206  20230926  003  003  269
  0.005628    0.002262  20230927  003  003  270
  0.005402    0.002366  20231002  003  003  275
  0.004407    0.002215  20231003  003  003  276
  0.003424    0.001979  20231004  003  003  277
  0.002046    0.001907  20231005  003  003  278
  0.001260    0.001840  20231006  003  003  279
  0.001214    0.001842  20231007  003  003  280
  0.001028    0.001796  20231009  003  003  282
  0.000799    0.001757  20231010  003  003  283
  0.000979    0.001779  20231011  003  003  284
  0.000782    0.001806  20231012  003  003  285
  0.000549    0.001783  20231013  003  003  286
  0.000420    0.001775  20231014  003  003  287
  0.000292    0.001682  20231017  003  003  290
  0.000188    0.001650  20231018  003  003  291
 -0.000134    0.001664  20231019  003  003  292
 -0.000102    0.001647  20231020  003  003  293
  0.006305    0.004869  20231101  003  003  305
  0.008415    0.005288  20231102  003  003  306
  0.008437    0.005223  20231103  003  003  307
  0.008294    0.005296  20231106  003  003  310
  0.008000    0.005286  20231107  003  003  311
  0.008422    0.005448  20231108  003  003  312
  0.008337    0.005371  20231109  003  003  313
  0.008302    0.005312  20231110  003  003  314
  0.008284    0.005222  20231113  003  003  317
  0.007642    0.005131  20231117  003  003  321
