 -0.010544    0.004381  20230607  006  006  158
 -0.005034    0.003404  20230610  006  006  161
 -0.005378    0.003146  20230611  006  006  162
 -0.006380    0.003274  20230614  006  006  165
 -0.005350    0.003226  20230615  006  006  166
 -0.004367    0.003160  20230623  006  006  174
 -0.003898    0.002986  20230624  006  006  175
 -0.003252    0.002689  20230625  006  006  176
 -0.002805    0.002607  20230626  006  006  177
 -0.002131    0.002457  20230627  006  006  178
 -0.001543    0.002417  20230628  006  006  179
 -0.001479    0.002443  20230629  006  006  180
 -0.001272    0.002460  20230630  006  006  181
 -0.001032    0.002398  20230701  006  006  182
 -0.000535    0.002357  20230702  006  006  183
 -0.000711    0.002335  20230703  006  006  184
 -0.001077    0.002290  20230704  006  006  185
 -0.000989    0.002372  20230706  006  006  187
 -0.001283    0.002388  20230707  006  006  188
 -0.001287    0.002440  20230708  006  006  189
 -0.001413    0.002426  20230709  006  006  190
 -0.001251    0.002424  20230710  006  006  191
 -0.001196    0.002462  20230711  006  006  192
 -0.001441    0.002471  20230712  006  006  193
 -0.001414    0.002466  20230713  006  006  194
 -0.001127    0.002480  20230714  006  006  195
 -0.000995    0.002471  20230715  006  006  196
 -0.000109    0.002406  20230716  006  006  197
  0.000663    0.002414  20230717  006  006  198
  0.000772    0.002419  20230718  006  006  199
  0.001411    0.002372  20230719  006  006  200
  0.002380    0.002380  20230720  006  006  201
  0.002859    0.002404  20230721  006  006  202
  0.003177    0.002429  20230722  006  006  203
  0.003101    0.002435  20230723  006  006  204
  0.003202    0.002505  20230724  006  006  205
  0.003282    0.002570  20230725  006  006  206
  0.003520    0.002618  20230727  006  006  208
  0.003464    0.002579  20230728  006  006  209
  0.003390    0.002477  20230729  006  006  210
  0.003242    0.002329  20230730  006  006  211
  0.003150    0.002268  20230731  006  006  212
  0.003611    0.002269  20230801  006  006  213
  0.004310    0.002221  20230802  006  006  214
 -0.002603    0.004437  20230815  006  006  227
 -0.006553    0.003498  20230816  006  006  228
 -0.004804    0.003451  20230817  006  006  229
 -0.005332    0.003209  20230818  006  006  230
 -0.005212    0.003059  20230819  006  006  231
 -0.005931    0.003033  20230820  006  006  232
 -0.007392    0.003027  20230821  006  006  233
 -0.007495    0.002920  20230822  006  006  234
 -0.007179    0.002854  20230823  006  006  235
 -0.007442    0.002729  20230824  006  006  236
 -0.007934    0.002671  20230825  006  006  237
 -0.007813    0.002662  20230826  006  006  238
 -0.007748    0.002678  20230827  006  006  239
 -0.007925    0.002684  20230828  006  006  240
 -0.007360    0.002728  20230829  006  006  241
 -0.007659    0.002729  20230830  006  006  242
 -0.007468    0.002751  20230831  006  006  243
 -0.007410    0.002711  20230901  006  006  244
 -0.006893    0.002657  20230902  006  006  245
 -0.005997    0.002667  20230903  006  006  246
 -0.005740    0.002731  20230904  006  006  247
 -0.004217    0.002970  20230909  006  006  252
 -0.002669    0.003146  20230910  006  006  253
 -0.003081    0.003189  20230911  006  006  254
 -0.001956    0.002968  20230913  006  006  256
 -0.000908    0.002892  20230914  006  006  257
  0.000213    0.002990  20230915  006  006  258
  0.001599    0.003089  20230916  006  006  259
  0.001928    0.003207  20230917  006  006  260
  0.001888    0.003258  20230918  006  006  261
  0.001756    0.003190  20230919  006  006  262
  0.001633    0.003113  20230920  006  006  263
  0.004663    0.002744  20230926  006  006  269
  0.004498    0.002526  20230927  006  006  270
  0.004232    0.002178  20230928  006  006  271
  0.004594    0.001980  20230929  006  006  272
  0.005158    0.001970  20230930  006  006  273
  0.005235    0.002039  20231001  006  006  274
  0.004497    0.002266  20231006  006  006  279
  0.003650    0.002057  20231007  006  006  280
  0.003007    0.002010  20231009  006  006  282
  0.002252    0.001853  20231010  006  006  283
  0.000832    0.002165  20231015  006  006  288
  0.000350    0.002132  20231019  006  006  292
  0.002034    0.002019  20231020  006  006  293
  0.002314    0.001765  20231021  006  006  294
  0.003085    0.001939  20231023  006  006  296
  0.003395    0.001840  20231024  006  006  297
  0.004036    0.001772  20231025  006  006  298
  0.003931    0.001852  20231027  006  006  300
  0.003362    0.002067  20231028  006  006  301
  0.003053    0.002090  20231029  006  006  302
  0.002210    0.002102  20231030  006  006  303
  0.001190    0.002138  20231031  006  006  304
  0.000995    0.002165  20231101  006  006  305
  0.001075    0.002130  20231102  006  006  306
  0.000963    0.002385  20231103  006  006  307
  0.001301    0.002266  20231104  006  006  308
  0.000755    0.002417  20231108  006  006  312
  0.000874    0.002303  20231109  006  006  313
  0.001255    0.002307  20231110  006  006  314
  0.001441    0.002254  20231111  006  006  315
  0.001538    0.002312  20231112  006  006  316
  0.003392    0.002324  20231113  006  006  317
  0.003850    0.002412  20231114  006  006  318
