 -0.001731    0.019214  20230607  006  006  158
 -0.002185    0.018136  20230614  006  006  165
 -0.002268    0.016773  20230621  006  006  172
 -0.005037    0.018259  20230622  006  006  173
 -0.004012    0.017553  20230626  006  006  177
 -0.003411    0.016824  20230627  006  006  178
 -0.003168    0.017400  20230628  006  006  179
 -0.002921    0.017370  20230629  006  006  180
 -0.001625    0.017317  20230630  006  006  181
 -0.000732    0.017110  20230701  006  006  182
 -0.000181    0.017085  20230702  006  006  183
 -0.000054    0.016946  20230703  006  006  184
  0.000799    0.017261  20230704  006  006  185
  0.001890    0.016791  20230706  006  006  187
  0.001534    0.016708  20230707  006  006  188
  0.001463    0.016573  20230708  006  006  189
  0.002089    0.016802  20230709  006  006  190
  0.002238    0.016810  20230710  006  006  191
  0.002237    0.016569  20230711  006  006  192
  0.002293    0.016530  20230712  006  006  193
  0.001740    0.016521  20230713  006  006  194
  0.001375    0.016905  20230714  006  006  195
  0.000990    0.016648  20230715  006  006  196
  0.001541    0.016852  20230716  006  006  197
  0.001273    0.016774  20230717  006  006  198
  0.001289    0.016781  20230718  006  006  199
  0.001432    0.016766  20230719  006  006  200
  0.001659    0.016858  20230720  006  006  201
  0.001782    0.016799  20230721  006  006  202
  0.001618    0.016389  20230722  006  006  203
  0.001896    0.016452  20230723  006  006  204
  0.002150    0.016397  20230724  006  006  205
  0.002398    0.016673  20230725  006  006  206
  0.002536    0.016740  20230726  006  006  207
  0.002487    0.016519  20230727  006  006  208
  0.002362    0.016757  20230728  006  006  209
  0.001634    0.016843  20230729  006  006  210
  0.001486    0.016914  20230731  006  006  212
  0.001605    0.016914  20230801  006  006  213
  0.001636    0.017126  20230802  006  006  214
  0.003682    0.033106  20230814  006  006  226
 -0.006277    0.042322  20230815  006  006  227
 -0.008781    0.056801  20230817  006  006  229
 -0.006805    0.074893  20230818  006  006  230
 -0.005700    0.068072  20230819  006  006  231
 -0.005303    0.117963  20230821  006  006  233
 -0.004843    0.118544  20230822  006  006  234
 -0.005431    0.237427  20230826  006  006  238
 -0.005974         inf  20230827  006  006  239
 -0.004987         inf  20230828  006  006  240
 -0.005489         inf  20230829  006  006  241
 -0.004418         inf  20230830  006  006  242
 -0.005308         inf  20230831  006  006  243
 -0.007061         inf  20230901  006  006  244
 -0.010748         inf  20230906  006  006  249
 -0.010033         inf  20230907  006  006  250
 -0.009304         inf  20230908  006  006  251
 -0.011766         inf  20230909  006  006  252
 -0.014248         inf  20230910  006  006  253
 -0.015231         inf  20230911  006  006  254
 -0.014786         inf  20230913  006  006  256
 -0.010774         inf  20230914  006  006  257
 -0.009307    0.210274  20230915  006  006  258
 -0.008865    0.112130  20230916  006  006  259
 -0.007707    0.078606  20230917  006  006  260
 -0.007394    0.064823  20230918  006  006  261
 -0.006065    0.046419  20230919  006  006  262
 -0.004325    0.044515  20230920  006  006  263
 -0.003369    0.038849  20230921  006  006  264
 -0.000827    0.037106  20230923  006  006  266
 -0.001504    0.035158  20230926  006  006  269
 -0.001412    0.036010  20230927  006  006  270
 -0.001565    0.035463  20230928  006  006  271
 -0.001338    0.036433  20230929  006  006  272
 -0.001831    0.040900  20230930  006  006  273
 -0.002178    0.037113  20231001  006  006  274
 -0.003954    0.048577  20231005  006  006  278
 -0.004268    0.052372  20231006  006  006  279
 -0.003037    0.061538  20231009  006  006  282
 -0.001793    0.054767  20231010  006  006  283
  0.002651    0.027804  20231019  006  006  292
  0.000705    0.025615  20231020  006  006  293
 -0.001447    0.026844  20231023  006  006  296
 -0.000074    0.025128  20231024  006  006  297
 -0.000597    0.026189  20231025  006  006  298
 -0.000663    0.030837  20231027  006  006  300
 -0.000566    0.035067  20231028  006  006  301
 -0.000301    0.034940  20231029  006  006  302
  0.000058    0.034686  20231030  006  006  303
  0.000421    0.032941  20231031  006  006  304
 -0.000086    0.029393  20231101  006  006  305
  0.000489    0.030312  20231102  006  006  306
  0.000787    0.032446  20231104  006  006  308
  0.000886    0.027785  20231108  006  006  312
  0.000736    0.025591  20231109  006  006  313
  0.000757    0.023806  20231110  006  006  314
  0.000767    0.022751  20231111  006  006  315
  0.000834    0.023464  20231112  006  006  316
  0.000400    0.022943  20231113  006  006  317
  0.000642    0.022885  20231114  006  006  318
