 -0.007234    0.004028  20230603  004  004  154
 -0.007485    0.004135  20230604  004  004  155
 -0.007898    0.003305  20230605  004  004  156
 -0.007716    0.002950  20230606  004  004  157
 -0.007537    0.002680  20230607  004  004  158
 -0.007493    0.002733  20230608  004  004  159
 -0.007195    0.002647  20230609  004  004  160
 -0.006890    0.002657  20230610  004  004  161
 -0.006658    0.002651  20230611  004  004  162
 -0.006765    0.002661  20230612  004  004  163
 -0.006615    0.002601  20230613  004  004  164
 -0.006647    0.002606  20230614  004  004  165
 -0.006531    0.002575  20230615  004  004  166
 -0.006553    0.002405  20230616  004  004  167
 -0.006252    0.002339  20230617  004  004  168
 -0.005971    0.002330  20230618  004  004  169
 -0.005799    0.002338  20230619  004  004  170
 -0.005789    0.002294  20230620  004  004  171
 -0.005711    0.002141  20230621  004  004  172
 -0.005762    0.002100  20230622  004  004  173
 -0.005795    0.001972  20230623  004  004  174
 -0.005729    0.001952  20230624  004  004  175
 -0.005327    0.001829  20230625  004  004  176
 -0.005177    0.001771  20230626  004  004  177
 -0.004983    0.001647  20230627  004  004  178
 -0.004909    0.001571  20230628  004  004  179
 -0.004639    0.001561  20230629  004  004  180
 -0.004576    0.001461  20230630  004  004  181
 -0.004343    0.001396  20230701  004  004  182
 -0.004195    0.001436  20230702  004  004  183
 -0.003689    0.001418  20230703  004  004  184
 -0.003355    0.001449  20230704  004  004  185
 -0.002784    0.001436  20230706  004  004  187
 -0.002701    0.001360  20230707  004  004  188
 -0.002588    0.001338  20230708  004  004  189
 -0.002246    0.001376  20230709  004  004  190
 -0.002018    0.001306  20230710  004  004  191
 -0.001699    0.001265  20230711  004  004  192
 -0.001448    0.001205  20230712  004  004  193
 -0.001289    0.001175  20230713  004  004  194
 -0.001166    0.001151  20230714  004  004  195
 -0.001000    0.001046  20230715  004  004  196
 -0.000880    0.001093  20230716  004  004  197
 -0.000584    0.001001  20230717  004  004  198
 -0.000507    0.001010  20230718  004  004  199
 -0.000319    0.000989  20230719  004  004  200
 -0.000055    0.000934  20230720  004  004  201
  0.000151    0.000887  20230721  004  004  202
  0.000288    0.000880  20230722  004  004  203
  0.000787    0.000862  20230723  004  004  204
  0.001100    0.000926  20230724  004  004  205
  0.001386    0.000935  20230725  004  004  206
  0.001552    0.000978  20230726  004  004  207
  0.001624    0.000919  20230727  004  004  208
  0.001807    0.000912  20230728  004  004  209
  0.001946    0.000978  20230729  004  004  210
  0.002082    0.001005  20230730  004  004  211
  0.002365    0.000989  20230731  004  004  212
  0.002693    0.000941  20230801  004  004  213
  0.002910    0.000959  20230802  004  004  214
  0.002722    0.000924  20230803  004  004  215
  0.002267    0.000848  20230804  004  004  216
  0.001804    0.000844  20230805  004  004  217
  0.001319    0.000899  20230812  004  004  224
  0.001082    0.000835  20230813  004  004  225
  0.000930    0.000805  20230814  004  004  226
  0.000853    0.000772  20230815  004  004  227
  0.001361    0.000719  20230816  004  004  228
  0.002206    0.001001  20230817  004  004  229
  0.002708    0.001154  20230818  004  004  230
  0.003053    0.001150  20230819  004  004  231
  0.003015    0.001186  20230820  004  004  232
  0.003165    0.001288  20230821  004  004  233
  0.003040    0.001133  20230822  004  004  234
  0.002877    0.001016  20230823  004  004  235
  0.002645    0.001073  20230824  004  004  236
  0.002974    0.001182  20230825  004  004  237
  0.003027    0.001156  20230826  004  004  238
  0.003017    0.001093  20230827  004  004  239
  0.003054    0.001113  20230828  004  004  240
  0.003232    0.001086  20230829  004  004  241
  0.003454    0.000999  20230830  004  004  242
  0.003650    0.001014  20230831  004  004  243
  0.003729    0.001051  20230901  004  004  244
  0.003986    0.001038  20230902  004  004  245
  0.004101    0.001017  20230903  004  004  246
  0.004299    0.001060  20230904  004  004  247
  0.003999    0.001168  20230905  004  004  248
  0.003996    0.001088  20230906  004  004  249
  0.003668    0.001097  20230907  004  004  250
  0.003633    0.001009  20230908  004  004  251
  0.003598    0.000962  20230909  004  004  252
  0.003644    0.000933  20230910  004  004  253
  0.003551    0.000935  20230911  004  004  254
  0.003362    0.000942  20230913  004  004  256
  0.003211    0.000942  20230914  004  004  257
  0.002988    0.000985  20230915  004  004  258
  0.002792    0.000939  20230916  004  004  259
  0.002925    0.000933  20230917  004  004  260
  0.003676    0.000798  20230918  004  004  261
  0.004137    0.000957  20230919  004  004  262
  0.004809    0.001009  20230920  004  004  263
  0.004998    0.001079  20230921  004  004  264
  0.005143    0.001163  20230922  004  004  265
  0.004970    0.001130  20230923  004  004  266
  0.004942    0.001113  20230924  004  004  267
  0.004682    0.001138  20230925  004  004  268
  0.004642    0.001111  20230926  004  004  269
  0.004576    0.001107  20230927  004  004  270
  0.004650    0.001189  20230928  004  004  271
  0.004631    0.001199  20230929  004  004  272
  0.004524    0.001242  20230930  004  004  273
  0.004571    0.001273  20231001  004  004  274
  0.004029    0.001200  20231002  004  004  275
  0.002409    0.001246  20231004  004  004  277
  0.001511    0.001109  20231005  004  004  278
  0.001434    0.001271  20231006  004  004  279
  0.000865    0.001302  20231007  004  004  280
  0.000712    0.001188  20231008  004  004  281
  0.000417    0.001204  20231009  004  004  282
  0.000025    0.001190  20231010  004  004  283
 -0.000482    0.001128  20231011  004  004  284
 -0.001528    0.001174  20231012  004  004  285
 -0.002543    0.001264  20231013  004  004  286
 -0.003466    0.001249  20231014  004  004  287
 -0.002412    0.001170  20231018  004  004  291
 -0.002525    0.001069  20231019  004  004  292
 -0.002478    0.001182  20231020  004  004  293
 -0.002635    0.001278  20231021  004  004  294
 -0.002983    0.001230  20231022  004  004  295
 -0.003094    0.001220  20231023  004  004  296
 -0.003187    0.001259  20231024  004  004  297
 -0.002302    0.001237  20231025  004  004  298
 -0.002123    0.001344  20231026  004  004  299
 -0.002232    0.001459  20231027  004  004  300
 -0.002493    0.001514  20231028  004  004  301
 -0.002488    0.001522  20231029  004  004  302
 -0.002498    0.001432  20231030  004  004  303
 -0.002557    0.001454  20231031  004  004  304
 -0.002606    0.001438  20231101  004  004  305
 -0.002381    0.001438  20231102  004  004  306
 -0.002203    0.001353  20231103  004  004  307
 -0.002138    0.001362  20231104  004  004  308
 -0.002165    0.001378  20231105  004  004  309
 -0.002092    0.001366  20231106  004  004  310
 -0.002130    0.001417  20231107  004  004  311
 -0.001909    0.001368  20231108  004  004  312
 -0.001469    0.001142  20231109  004  004  313
 -0.000893    0.001151  20231110  004  004  314
 -0.000828    0.001140  20231111  004  004  315
 -0.000837    0.001114  20231112  004  004  316
 -0.000936    0.001112  20231113  004  004  317
 -0.000621    0.001125  20231114  004  004  318
 -0.000511    0.001069  20231115  004  004  319
 -0.000402    0.001091  20231116  004  004  320
 -0.000570    0.001083  20231117  004  004  321
