 -0.014417    0.005742  20230603  004  004  154
 -0.015863    0.002749  20230620  004  004  171
 -0.015653    0.002634  20230622  004  004  173
 -0.015215    0.002578  20230623  004  004  174
 -0.014796    0.002595  20230624  004  004  175
 -0.014504    0.002657  20230625  004  004  176
 -0.014333    0.002629  20230626  004  004  177
 -0.014538    0.002570  20230627  004  004  178
 -0.014560    0.002553  20230628  004  004  179
 -0.014455    0.002537  20230629  004  004  180
 -0.014297    0.002525  20230630  004  004  181
 -0.014086    0.002526  20230701  004  004  182
 -0.013813    0.002520  20230702  004  004  183
 -0.013478    0.002508  20230703  004  004  184
 -0.013268    0.002520  20230704  004  004  185
 -0.012845    0.002500  20230706  004  004  187
 -0.012644    0.002473  20230707  004  004  188
 -0.012386    0.002456  20230708  004  004  189
 -0.012001    0.002465  20230709  004  004  190
 -0.011531    0.002450  20230710  004  004  191
 -0.011127    0.002421  20230711  004  004  192
 -0.010799    0.002405  20230712  004  004  193
 -0.010513    0.002372  20230713  004  004  194
 -0.010240    0.002337  20230714  004  004  195
 -0.010093    0.002303  20230715  004  004  196
 -0.009786    0.002242  20230716  004  004  197
 -0.009521    0.002175  20230717  004  004  198
 -0.009254    0.002155  20230718  004  004  199
 -0.008853    0.002124  20230719  004  004  200
 -0.008472    0.002095  20230720  004  004  201
 -0.008075    0.002024  20230721  004  004  202
 -0.007758    0.001944  20230722  004  004  203
 -0.007297    0.001873  20230723  004  004  204
 -0.006944    0.001815  20230724  004  004  205
 -0.006583    0.001760  20230725  004  004  206
 -0.006205    0.001703  20230726  004  004  207
 -0.005896    0.001655  20230727  004  004  208
 -0.005564    0.001651  20230728  004  004  209
 -0.005160    0.001618  20230729  004  004  210
 -0.004630    0.001572  20230730  004  004  211
 -0.004221    0.001541  20230731  004  004  212
 -0.003883    0.001486  20230801  004  004  213
 -0.003507    0.001443  20230802  004  004  214
 -0.003754    0.001411  20230803  004  004  215
 -0.004180    0.001388  20230804  004  004  216
 -0.004504    0.001391  20230805  004  004  217
 -0.004503    0.001351  20230812  004  004  224
 -0.004546    0.001208  20230813  004  004  225
 -0.004310    0.001106  20230814  004  004  226
 -0.004137    0.001048  20230815  004  004  227
 -0.003155    0.000984  20230816  004  004  228
 -0.001626    0.001004  20230817  004  004  229
  0.001997    0.000997  20230818  004  004  230
  0.002423    0.000975  20230819  004  004  231
  0.002721    0.000989  20230820  004  004  232
  0.002899    0.000999  20230821  004  004  233
  0.002880    0.001007  20230822  004  004  234
  0.002772    0.000987  20230823  004  004  235
  0.002731    0.000996  20230824  004  004  236
  0.003137    0.000990  20230825  004  004  237
  0.003166    0.001032  20230826  004  004  238
  0.003458    0.001055  20230827  004  004  239
  0.003648    0.001086  20230828  004  004  240
  0.004061    0.001120  20230829  004  004  241
  0.004294    0.001155  20230830  004  004  242
  0.004541    0.001221  20230831  004  004  243
  0.004664    0.001275  20230901  004  004  244
  0.004819    0.001277  20230902  004  004  245
  0.005038    0.001272  20230903  004  004  246
  0.005503    0.001274  20230904  004  004  247
  0.005461    0.001265  20230905  004  004  248
  0.005414    0.001214  20230906  004  004  249
  0.005129    0.001233  20230907  004  004  250
  0.005035    0.001266  20230908  004  004  251
  0.004728    0.001336  20230909  004  004  252
  0.004636    0.001381  20230910  004  004  253
  0.004551    0.001427  20230911  004  004  254
  0.004259    0.001461  20230913  004  004  256
  0.004109    0.001477  20230914  004  004  257
  0.004036    0.001534  20230915  004  004  258
  0.003661    0.001617  20230916  004  004  259
  0.003493    0.001690  20230917  004  004  260
  0.004153    0.001787  20230918  004  004  261
  0.004733    0.001890  20230919  004  004  262
  0.005260    0.001964  20230920  004  004  263
  0.005616    0.002035  20230921  004  004  264
  0.006070    0.002051  20230922  004  004  265
  0.006109    0.002100  20230923  004  004  266
  0.006199    0.002103  20230924  004  004  267
  0.006187    0.002107  20230925  004  004  268
  0.006202    0.002119  20230926  004  004  269
  0.006253    0.002174  20230927  004  004  270
  0.006258    0.002210  20230928  004  004  271
  0.006507    0.002261  20230929  004  004  272
  0.006709    0.002324  20230930  004  004  273
  0.006796    0.002349  20231001  004  004  274
  0.006650    0.002287  20231002  004  004  275
  0.006395    0.002192  20231003  004  004  276
  0.006166    0.002106  20231004  004  004  277
  0.005747    0.002034  20231005  004  004  278
  0.005595    0.001954  20231006  004  004  279
  0.005419    0.001930  20231007  004  004  280
  0.005378    0.001819  20231008  004  004  281
  0.005170    0.001752  20231009  004  004  282
  0.005106    0.001692  20231010  004  004  283
  0.004734    0.001609  20231011  004  004  284
  0.004198    0.001480  20231012  004  004  285
  0.003188    0.001322  20231013  004  004  286
  0.002504    0.001200  20231014  004  004  287
  0.002061    0.001163  20231017  004  004  290
  0.001973    0.001131  20231018  004  004  291
  0.002033    0.001113  20231019  004  004  292
  0.001954    0.001099  20231020  004  004  293
  0.001969    0.001177  20231021  004  004  294
  0.002254    0.001369  20231022  004  004  295
  0.002167    0.001560  20231023  004  004  296
  0.002315    0.001781  20231024  004  004  297
  0.002568    0.002008  20231025  004  004  298
  0.002975    0.002250  20231026  004  004  299
  0.002883    0.002498  20231027  004  004  300
  0.002915    0.002587  20231028  004  004  301
  0.003010    0.002695  20231029  004  004  302
  0.003124    0.002980  20231030  004  004  303
  0.003181    0.003258  20231031  004  004  304
  0.003162    0.003388  20231101  004  004  305
  0.003201    0.003410  20231102  004  004  306
  0.003170    0.003304  20231103  004  004  307
  0.003088    0.003202  20231104  004  004  308
  0.003173    0.003254  20231105  004  004  309
  0.003052    0.003300  20231106  004  004  310
  0.002899    0.003312  20231107  004  004  311
  0.002796    0.003290  20231108  004  004  312
  0.002917    0.003289  20231109  004  004  313
  0.002904    0.003252  20231110  004  004  314
  0.002808    0.003220  20231111  004  004  315
  0.002870    0.003232  20231112  004  004  316
  0.002847    0.003203  20231113  004  004  317
  0.002923    0.003243  20231114  004  004  318
  0.002753    0.003291  20231115  004  004  319
  0.002554    0.003232  20231116  004  004  320
  0.002222    0.003167  20231117  004  004  321
  0.001781    0.003084  20231118  004  004  322
  0.001670    0.003092  20231119  004  004  323
