 -0.008908    0.002950  20230605  005  005  156
 -0.009095    0.002307  20230606  005  005  157
 -0.008219    0.002264  20230610  005  005  161
 -0.008248    0.002102  20230613  005  005  164
 -0.008197    0.002046  20230614  005  005  165
 -0.008379    0.002019  20230615  005  005  166
 -0.008287    0.001980  20230616  005  005  167
 -0.008146    0.001984  20230617  005  005  168
 -0.008066    0.001952  20230618  005  005  169
 -0.007829    0.002024  20230619  005  005  170
 -0.007968    0.001935  20230620  005  005  171
 -0.008087    0.001811  20230621  005  005  172
 -0.008105    0.001765  20230622  005  005  173
 -0.008090    0.001725  20230623  005  005  174
 -0.008061    0.001736  20230624  005  005  175
 -0.007897    0.001754  20230625  005  005  176
 -0.007750    0.001726  20230626  005  005  177
 -0.007685    0.001637  20230627  005  005  178
 -0.007563    0.001552  20230628  005  005  179
 -0.007611    0.001468  20230629  005  005  180
 -0.007615    0.001390  20230630  005  005  181
 -0.007430    0.001341  20230701  005  005  182
 -0.007273    0.001306  20230702  005  005  183
 -0.006995    0.001303  20230703  005  005  184
 -0.006653    0.001346  20230704  005  005  185
 -0.006436    0.001260  20230706  005  005  187
 -0.006269    0.001168  20230707  005  005  188
 -0.006192    0.001135  20230708  005  005  189
 -0.006019    0.001165  20230709  005  005  190
 -0.005866    0.001154  20230710  005  005  191
 -0.005535    0.001174  20230711  005  005  192
 -0.005274    0.001191  20230712  005  005  193
 -0.005067    0.001209  20230713  005  005  194
 -0.004953    0.001213  20230714  005  005  195
 -0.004847    0.001215  20230715  005  005  196
 -0.004667    0.001258  20230716  005  005  197
 -0.004686    0.001256  20230717  005  005  198
 -0.004600    0.001251  20230718  005  005  199
 -0.004462    0.001292  20230719  005  005  200
 -0.004453    0.001301  20230720  005  005  201
 -0.004384    0.001351  20230721  005  005  202
 -0.004316    0.001397  20230722  005  005  203
 -0.004171    0.001416  20230723  005  005  204
 -0.004071    0.001454  20230724  005  005  205
 -0.003800    0.001431  20230725  005  005  206
 -0.003558    0.001388  20230726  005  005  207
 -0.003425    0.001373  20230727  005  005  208
 -0.003431    0.001401  20230728  005  005  209
 -0.003306    0.001384  20230729  005  005  210
 -0.003050    0.001390  20230730  005  005  211
 -0.002949    0.001396  20230731  005  005  212
 -0.002633    0.001413  20230801  005  005  213
 -0.002247    0.001391  20230802  005  005  214
 -0.002233    0.001415  20230803  005  005  215
 -0.002643    0.001389  20230804  005  005  216
 -0.002754    0.001447  20230812  005  005  224
 -0.002047    0.001311  20230813  005  005  225
 -0.001734    0.001224  20230814  005  005  226
 -0.001488    0.001180  20230815  005  005  227
 -0.000901    0.001185  20230816  005  005  228
  0.000846    0.001263  20230817  005  005  229
  0.001009    0.001244  20230818  005  005  230
  0.001008    0.001302  20230819  005  005  231
  0.000978    0.001339  20230820  005  005  232
  0.000848    0.001306  20230821  005  005  233
  0.000905    0.001254  20230822  005  005  234
  0.000853    0.001257  20230823  005  005  235
  0.000907    0.001210  20230824  005  005  236
  0.001190    0.001350  20230825  005  005  237
  0.001210    0.001313  20230826  005  005  238
  0.001371    0.001287  20230827  005  005  239
  0.001517    0.001259  20230828  005  005  240
  0.001685    0.001283  20230829  005  005  241
  0.001636    0.001315  20230830  005  005  242
  0.001641    0.001376  20230831  005  005  243
  0.001990    0.001388  20230901  005  005  244
  0.002251    0.001427  20230902  005  005  245
  0.002477    0.001456  20230903  005  005  246
  0.002510    0.001402  20230904  005  005  247
  0.002334    0.001380  20230905  005  005  248
  0.002191    0.001347  20230906  005  005  249
  0.002085    0.001287  20230907  005  005  250
  0.002103    0.001299  20230908  005  005  251
  0.001852    0.001285  20230909  005  005  252
  0.001659    0.001250  20230910  005  005  253
  0.001606    0.001236  20230911  005  005  254
  0.001840    0.001050  20230913  005  005  256
  0.001908    0.000967  20230914  005  005  257
  0.002098    0.000855  20230915  005  005  258
  0.002368    0.000804  20230916  005  005  259
  0.002652    0.000786  20230917  005  005  260
  0.003446    0.000726  20230918  005  005  261
  0.004007    0.000797  20230919  005  005  262
  0.004444    0.000891  20230920  005  005  263
  0.004837    0.000971  20230921  005  005  264
  0.005298    0.001071  20230922  005  005  265
  0.005552    0.001158  20230923  005  005  266
  0.005864    0.001255  20230924  005  005  267
  0.005858    0.001262  20230925  005  005  268
  0.005898    0.001254  20230926  005  005  269
  0.006037    0.001288  20230927  005  005  270
  0.006064    0.001343  20230928  005  005  271
  0.006067    0.001400  20230929  005  005  272
  0.006088    0.001500  20230930  005  005  273
  0.006204    0.001565  20231001  005  005  274
  0.005164    0.001458  20231005  005  005  278
  0.004985    0.001598  20231006  005  005  279
  0.004779    0.001585  20231007  005  005  280
  0.004683    0.001565  20231008  005  005  281
  0.004589    0.001627  20231009  005  005  282
  0.004072    0.001544  20231010  005  005  283
  0.003711    0.001525  20231011  005  005  284
  0.002725    0.001555  20231012  005  005  285
  0.001870    0.001517  20231013  005  005  286
  0.001089    0.001556  20231014  005  005  287
  0.000947    0.001594  20231015  005  005  288
  0.001390    0.001521  20231018  005  005  291
  0.001310    0.001431  20231019  005  005  292
  0.001130    0.001529  20231020  005  005  293
  0.000793    0.001586  20231021  005  005  294
  0.000408    0.001631  20231022  005  005  295
  0.000501    0.001655  20231023  005  005  296
  0.000701    0.001629  20231024  005  005  297
  0.001624    0.001657  20231025  005  005  298
  0.002153    0.001812  20231026  005  005  299
  0.002058    0.001815  20231027  005  005  300
  0.002380    0.001855  20231028  005  005  301
  0.002369    0.001824  20231029  005  005  302
  0.002367    0.001805  20231030  005  005  303
  0.002344    0.001789  20231031  005  005  304
  0.002387    0.001764  20231101  005  005  305
  0.002351    0.001703  20231102  005  005  306
  0.002420    0.001700  20231103  005  005  307
  0.002457    0.001696  20231104  005  005  308
  0.002542    0.001651  20231105  005  005  309
  0.002795    0.001633  20231106  005  005  310
  0.002817    0.001676  20231107  005  005  311
  0.002733    0.001558  20231108  005  005  312
  0.002967    0.001546  20231109  005  005  313
  0.002959    0.001529  20231110  005  005  314
  0.003129    0.001584  20231111  005  005  315
  0.003292    0.001653  20231112  005  005  316
  0.003431    0.001691  20231113  005  005  317
  0.003482    0.001681  20231114  005  005  318
  0.003545    0.001725  20231115  005  005  319
  0.003286    0.001711  20231117  005  005  321
