 -0.007030    0.007128  20230607  006  006  158
 -0.008700    0.004907  20230610  006  006  161
 -0.007910    0.004045  20230611  006  006  162
 -0.009110    0.004353  20230614  006  006  165
 -0.008630    0.004238  20230615  006  006  166
 -0.008530    0.004002  20230623  006  006  174
 -0.007920    0.003887  20230624  006  006  175
 -0.007800    0.003447  20230625  006  006  176
 -0.008070    0.003576  20230626  006  006  177
 -0.007990    0.003377  20230627  006  006  178
 -0.008730    0.003416  20230628  006  006  179
 -0.008940    0.003508  20230629  006  006  180
 -0.008940    0.003552  20230630  006  006  181
 -0.008500    0.003383  20230701  006  006  182
 -0.008480    0.003226  20230702  006  006  183
 -0.008710    0.003275  20230703  006  006  184
 -0.008340    0.003148  20230704  006  006  185
 -0.008500    0.003226  20230706  006  006  187
 -0.008820    0.003245  20230707  006  006  188
 -0.008540    0.003307  20230708  006  006  189
 -0.008090    0.003055  20230709  006  006  190
 -0.007630    0.002949  20230710  006  006  191
 -0.007390    0.002886  20230711  006  006  192
 -0.007230    0.002882  20230712  006  006  193
 -0.006950    0.002792  20230713  006  006  194
 -0.006870    0.002896  20230714  006  006  195
 -0.006460    0.003036  20230715  006  006  196
 -0.005830    0.002872  20230716  006  006  197
 -0.005870    0.003039  20230717  006  006  198
 -0.005760    0.003133  20230718  006  006  199
 -0.005420    0.003155  20230719  006  006  200
 -0.005380    0.003217  20230720  006  006  201
 -0.005850    0.003332  20230721  006  006  202
 -0.005980    0.003515  20230722  006  006  203
 -0.005950    0.003585  20230723  006  006  204
 -0.005680    0.003676  20230724  006  006  205
 -0.005620    0.003757  20230725  006  006  206
 -0.005870    0.003903  20230727  006  006  208
 -0.005950    0.003830  20230728  006  006  209
 -0.005840    0.003613  20230729  006  006  210
 -0.005580    0.003147  20230730  006  006  211
 -0.005530    0.002896  20230731  006  006  212
 -0.005220    0.002718  20230801  006  006  213
 -0.005040    0.002507  20230802  006  006  214
  0.006410    0.003849  20230815  006  006  227
  0.004410    0.003633  20230816  006  006  228
  0.005330    0.003804  20230817  006  006  229
  0.004990    0.003708  20230818  006  006  230
  0.004860    0.003628  20230819  006  006  231
  0.004220    0.003488  20230820  006  006  232
  0.002850    0.003393  20230821  006  006  233
  0.002860    0.003348  20230822  006  006  234
  0.003030    0.003329  20230823  006  006  235
  0.003000    0.003270  20230824  006  006  236
  0.002280    0.003275  20230825  006  006  237
  0.002060    0.003250  20230826  006  006  238
  0.001900    0.003233  20230827  006  006  239
  0.001500    0.003202  20230828  006  006  240
  0.001690    0.003213  20230829  006  006  241
  0.001480    0.003208  20230830  006  006  242
  0.001590    0.003243  20230831  006  006  243
  0.001770    0.003219  20230901  006  006  244
  0.002610    0.003206  20230902  006  006  245
  0.003690    0.003259  20230903  006  006  246
  0.004160    0.003274  20230904  006  006  247
  0.006420    0.003505  20230909  006  006  252
  0.007700    0.003603  20230910  006  006  253
  0.008070    0.003685  20230911  006  006  254
  0.008800    0.003343  20230913  006  006  256
  0.009210    0.003069  20230914  006  006  257
  0.008280    0.002772  20230915  006  006  258
  0.008020    0.002536  20230916  006  006  259
  0.007540    0.002304  20230917  006  006  260
  0.007370    0.002205  20230918  006  006  261
  0.007170    0.002076  20230919  006  006  262
  0.007070    0.001979  20230920  006  006  263
  0.006580    0.001701  20230926  006  006  269
  0.007030    0.001979  20230927  006  006  270
  0.007880    0.002162  20230928  006  006  271
  0.008330    0.002379  20230929  006  006  272
  0.008760    0.002648  20230930  006  006  273
  0.009020    0.002756  20231001  006  006  274
  0.009790    0.002747  20231006  006  006  279
  0.008590    0.002247  20231007  006  006  280
  0.007950    0.001860  20231009  006  006  282
  0.006520    0.001458  20231010  006  006  283
  0.002330    0.001345  20231015  006  006  288
  0.000970    0.001166  20231019  006  006  292
 -0.000320    0.001190  20231020  006  006  293
 -0.000030    0.001212  20231021  006  006  294
 -0.002120    0.001680  20231023  006  006  296
 -0.002290    0.001735  20231024  006  006  297
 -0.002090    0.001635  20231025  006  006  298
 -0.002510    0.001739  20231027  006  006  300
 -0.003950    0.001991  20231028  006  006  301
 -0.003210    0.001700  20231029  006  006  302
 -0.002940    0.001613  20231030  006  006  303
 -0.002750    0.001540  20231031  006  006  304
 -0.002450    0.001584  20231101  006  006  305
 -0.002250    0.001555  20231102  006  006  306
 -0.002780    0.001682  20231103  006  006  307
 -0.002480    0.001648  20231104  006  006  308
 -0.002410    0.002019  20231108  006  006  312
 -0.002050    0.001981  20231109  006  006  313
 -0.002090    0.002067  20231110  006  006  314
 -0.002220    0.002117  20231111  006  006  315
 -0.002050    0.002196  20231112  006  006  316
 -0.001990    0.002210  20231113  006  006  317
 -0.002010    0.002222  20231114  006  006  318
