 -0.011600    0.003278  20230603  004  004  154
 -0.011550    0.002029  20230620  004  004  171
 -0.011450    0.002066  20230622  004  004  173
 -0.010640    0.002125  20230623  004  004  174
 -0.010230    0.002210  20230624  004  004  175
 -0.009640    0.002291  20230625  004  004  176
 -0.009580    0.002248  20230626  004  004  177
 -0.009750    0.002203  20230627  004  004  178
 -0.009850    0.002177  20230628  004  004  179
 -0.009920    0.002157  20230629  004  004  180
 -0.009890    0.002142  20230630  004  004  181
 -0.009720    0.002154  20230701  004  004  182
 -0.009500    0.002166  20230702  004  004  183
 -0.009270    0.002168  20230703  004  004  184
 -0.009070    0.002163  20230704  004  004  185
 -0.008810    0.002116  20230706  004  004  187
 -0.008800    0.002048  20230707  004  004  188
 -0.008780    0.001986  20230708  004  004  189
 -0.008460    0.001993  20230709  004  004  190
 -0.008230    0.001958  20230710  004  004  191
 -0.007960    0.001894  20230711  004  004  192
 -0.007690    0.001827  20230712  004  004  193
 -0.007490    0.001767  20230713  004  004  194
 -0.007400    0.001671  20230714  004  004  195
 -0.007310    0.001595  20230715  004  004  196
 -0.006930    0.001549  20230716  004  004  197
 -0.006890    0.001460  20230717  004  004  198
 -0.006690    0.001419  20230718  004  004  199
 -0.006460    0.001356  20230719  004  004  200
 -0.006190    0.001295  20230720  004  004  201
 -0.005970    0.001211  20230721  004  004  202
 -0.005820    0.001115  20230722  004  004  203
 -0.005210    0.001040  20230723  004  004  204
 -0.004930    0.000995  20230724  004  004  205
 -0.004660    0.000954  20230725  004  004  206
 -0.004350    0.000903  20230726  004  004  207
 -0.004060    0.000874  20230727  004  004  208
 -0.003880    0.000823  20230728  004  004  209
 -0.003640    0.000717  20230729  004  004  210
 -0.003200    0.000671  20230730  004  004  211
 -0.002830    0.000612  20230731  004  004  212
 -0.002530    0.000562  20230801  004  004  213
 -0.002250    0.000515  20230802  004  004  214
 -0.002160    0.000464  20230803  004  004  215
 -0.002320    0.000410  20230804  004  004  216
 -0.002560    0.000385  20230805  004  004  217
 -0.002130    0.000353  20230812  004  004  224
 -0.001890    0.000308  20230813  004  004  225
 -0.001340    0.000260  20230814  004  004  226
 -0.000940    0.000236  20230815  004  004  227
 -0.000510    0.000218  20230816  004  004  228
  0.000500    0.000218  20230817  004  004  229
  0.001410    0.000292  20230818  004  004  230
  0.001820    0.000313  20230819  004  004  231
  0.001870    0.000328  20230820  004  004  232
  0.002050    0.000369  20230821  004  004  233
  0.002040    0.000384  20230822  004  004  234
  0.001560    0.000399  20230823  004  004  235
  0.001480    0.000418  20230824  004  004  236
  0.001580    0.000461  20230825  004  004  237
  0.001370    0.000515  20230826  004  004  238
  0.001550    0.000570  20230827  004  004  239
  0.001710    0.000613  20230828  004  004  240
  0.002030    0.000660  20230829  004  004  241
  0.002170    0.000700  20230830  004  004  242
  0.002390    0.000743  20230831  004  004  243
  0.002530    0.000767  20230901  004  004  244
  0.002830    0.000751  20230902  004  004  245
  0.003070    0.000729  20230903  004  004  246
  0.003590    0.000708  20230904  004  004  247
  0.003980    0.000688  20230905  004  004  248
  0.004180    0.000676  20230906  004  004  249
  0.004120    0.000704  20230907  004  004  250
  0.004300    0.000755  20230908  004  004  251
  0.004220    0.000822  20230909  004  004  252
  0.004440    0.000844  20230910  004  004  253
  0.004700    0.000880  20230911  004  004  254
  0.004860    0.000980  20230913  004  004  256
  0.004770    0.001043  20230914  004  004  257
  0.004710    0.001057  20230915  004  004  258
  0.004460    0.001103  20230916  004  004  259
  0.004280    0.001105  20230917  004  004  260
  0.004800    0.001146  20230918  004  004  261
  0.005060    0.001181  20230919  004  004  262
  0.005520    0.001209  20230920  004  004  263
  0.005690    0.001270  20230921  004  004  264
  0.005960    0.001329  20230922  004  004  265
  0.005930    0.001436  20230923  004  004  266
  0.005990    0.001522  20230924  004  004  267
  0.006000    0.001559  20230925  004  004  268
  0.006090    0.001636  20230926  004  004  269
  0.006220    0.001709  20230927  004  004  270
  0.006240    0.001768  20230928  004  004  271
  0.006390    0.001832  20230929  004  004  272
  0.006380    0.001892  20230930  004  004  273
  0.006310    0.001935  20231001  004  004  274
  0.006660    0.001902  20231002  004  004  275
  0.006390    0.001851  20231003  004  004  276
  0.006240    0.001798  20231004  004  004  277
  0.006080    0.001696  20231005  004  004  278
  0.005920    0.001589  20231006  004  004  279
  0.005650    0.001517  20231007  004  004  280
  0.005450    0.001420  20231008  004  004  281
  0.005080    0.001350  20231009  004  004  282
  0.004890    0.001287  20231010  004  004  283
  0.004580    0.001232  20231011  004  004  284
  0.004170    0.001142  20231012  004  004  285
  0.003740    0.001045  20231013  004  004  286
  0.003420    0.000934  20231014  004  004  287
  0.002270    0.000902  20231017  004  004  290
  0.002010    0.000918  20231018  004  004  291
  0.001870    0.000936  20231019  004  004  292
  0.001790    0.000917  20231020  004  004  293
  0.001950    0.000908  20231021  004  004  294
  0.002350    0.000885  20231022  004  004  295
  0.002260    0.000861  20231023  004  004  296
  0.002470    0.000864  20231024  004  004  297
  0.002800    0.000886  20231025  004  004  298
  0.002990    0.000900  20231026  004  004  299
  0.002840    0.000968  20231027  004  004  300
  0.002990    0.000979  20231028  004  004  301
  0.003090    0.000985  20231029  004  004  302
  0.003570    0.000938  20231030  004  004  303
  0.003670    0.000923  20231031  004  004  304
  0.003670    0.000893  20231101  004  004  305
  0.003570    0.000874  20231102  004  004  306
  0.003270    0.000878  20231103  004  004  307
  0.002870    0.000871  20231104  004  004  308
  0.002940    0.000859  20231105  004  004  309
  0.002730    0.000840  20231106  004  004  310
  0.002460    0.000827  20231107  004  004  311
  0.002200    0.000849  20231108  004  004  312
  0.002210    0.000896  20231109  004  004  313
  0.001840    0.000926  20231110  004  004  314
  0.001570    0.000947  20231111  004  004  315
  0.001610    0.000951  20231112  004  004  316
  0.001470    0.000980  20231113  004  004  317
  0.001420    0.000995  20231114  004  004  318
  0.001150    0.001011  20231115  004  004  319
  0.000860    0.000963  20231116  004  004  320
  0.000430    0.000944  20231117  004  004  321
  0.000030    0.000954  20231118  004  004  322
  0.000000    0.000973  20231119  004  004  323
