 -0.008150    0.003097  20230605  005  005  156
 -0.009020    0.002445  20230606  005  005  157
 -0.007350    0.002743  20230610  005  005  161
 -0.007660    0.002474  20230613  005  005  164
 -0.007720    0.002348  20230614  005  005  165
 -0.007630    0.002339  20230615  005  005  166
 -0.007600    0.002266  20230616  005  005  167
 -0.007210    0.002290  20230617  005  005  168
 -0.006790    0.002392  20230618  005  005  169
 -0.006020    0.002486  20230619  005  005  170
 -0.006250    0.002439  20230620  005  005  171
 -0.006540    0.002368  20230621  005  005  172
 -0.006640    0.002259  20230622  005  005  173
 -0.006740    0.002083  20230623  005  005  174
 -0.006580    0.002111  20230624  005  005  175
 -0.006420    0.002103  20230625  005  005  176
 -0.006150    0.002046  20230626  005  005  177
 -0.006050    0.001927  20230627  005  005  178
 -0.006200    0.001794  20230628  005  005  179
 -0.006340    0.001666  20230629  005  005  180
 -0.006530    0.001613  20230630  005  005  181
 -0.006520    0.001510  20230701  005  005  182
 -0.006520    0.001515  20230702  005  005  183
 -0.006280    0.001448  20230703  005  005  184
 -0.005940    0.001455  20230704  005  005  185
 -0.005760    0.001328  20230706  005  005  187
 -0.005670    0.001175  20230707  005  005  188
 -0.005600    0.001145  20230708  005  005  189
 -0.005360    0.001238  20230709  005  005  190
 -0.005250    0.001236  20230710  005  005  191
 -0.004850    0.001249  20230711  005  005  192
 -0.004510    0.001342  20230712  005  005  193
 -0.004260    0.001365  20230713  005  005  194
 -0.004160    0.001462  20230714  005  005  195
 -0.004070    0.001507  20230715  005  005  196
 -0.003750    0.001562  20230716  005  005  197
 -0.003710    0.001621  20230717  005  005  198
 -0.003590    0.001674  20230718  005  005  199
 -0.003570    0.001842  20230719  005  005  200
 -0.003580    0.001914  20230720  005  005  201
 -0.003720    0.002071  20230721  005  005  202
 -0.003810    0.002153  20230722  005  005  203
 -0.003580    0.002216  20230723  005  005  204
 -0.003480    0.002264  20230724  005  005  205
 -0.003260    0.002213  20230725  005  005  206
 -0.003140    0.002179  20230726  005  005  207
 -0.003030    0.002160  20230727  005  005  208
 -0.003000    0.002309  20230728  005  005  209
 -0.002990    0.002311  20230729  005  005  210
 -0.002750    0.002317  20230730  005  005  211
 -0.002690    0.002308  20230731  005  005  212
 -0.002280    0.002278  20230801  005  005  213
 -0.002040    0.002250  20230802  005  005  214
 -0.001760    0.002159  20230803  005  005  215
 -0.002430    0.002139  20230804  005  005  216
 -0.002640    0.001937  20230812  005  005  224
 -0.002500    0.001688  20230813  005  005  225
 -0.002330    0.001476  20230814  005  005  226
 -0.002140    0.001247  20230815  005  005  227
 -0.001890    0.001090  20230816  005  005  228
  0.000370    0.000958  20230817  005  005  229
  0.000620    0.001133  20230818  005  005  230
  0.000740    0.001094  20230819  005  005  231
  0.000830    0.001057  20230820  005  005  232
  0.001000    0.001052  20230821  005  005  233
  0.000890    0.001028  20230822  005  005  234
  0.000730    0.001059  20230823  005  005  235
  0.000720    0.001017  20230824  005  005  236
  0.000840    0.001126  20230825  005  005  237
  0.000890    0.001121  20230826  005  005  238
  0.001160    0.001155  20230827  005  005  239
  0.001250    0.001131  20230828  005  005  240
  0.001480    0.001132  20230829  005  005  241
  0.001480    0.001174  20230830  005  005  242
  0.001380    0.001148  20230831  005  005  243
  0.001690    0.001223  20230901  005  005  244
  0.001870    0.001306  20230902  005  005  245
  0.001900    0.001305  20230903  005  005  246
  0.002020    0.001243  20230904  005  005  247
  0.001660    0.001180  20230905  005  005  248
  0.001440    0.001158  20230906  005  005  249
  0.001290    0.001127  20230907  005  005  250
  0.001170    0.001087  20230908  005  005  251
  0.000840    0.001055  20230909  005  005  252
  0.000870    0.000984  20230910  005  005  253
  0.000790    0.000992  20230911  005  005  254
  0.001120    0.000804  20230913  005  005  256
  0.000920    0.000755  20230914  005  005  257
  0.000980    0.000617  20230915  005  005  258
  0.001080    0.000583  20230916  005  005  259
  0.001370    0.000600  20230917  005  005  260
  0.002510    0.000623  20230918  005  005  261
  0.003270    0.000715  20230919  005  005  262
  0.003730    0.000896  20230920  005  005  263
  0.004400    0.001063  20230921  005  005  264
  0.004800    0.001234  20230922  005  005  265
  0.004850    0.001363  20230923  005  005  266
  0.005060    0.001667  20230924  005  005  267
  0.005020    0.001712  20230925  005  005  268
  0.004940    0.001622  20230926  005  005  269
  0.005140    0.001696  20230927  005  005  270
  0.005260    0.001825  20230928  005  005  271
  0.005360    0.001891  20230929  005  005  272
  0.005480    0.002029  20230930  005  005  273
  0.005320    0.002094  20231001  005  005  274
  0.003750    0.002050  20231005  005  005  278
  0.003520    0.002151  20231006  005  005  279
  0.003360    0.002172  20231007  005  005  280
  0.003150    0.001982  20231008  005  005  281
  0.003010    0.002118  20231009  005  005  282
  0.002640    0.002146  20231010  005  005  283
  0.002210    0.002125  20231011  005  005  284
  0.001240    0.002150  20231012  005  005  285
  0.000020    0.002074  20231013  005  005  286
  0.000000    0.002150  20231014  005  005  287
  0.000000    0.002246  20231015  005  005  288
  0.000090    0.002232  20231018  005  005  291
  0.000110    0.002188  20231019  005  005  292
  0.000020    0.002320  20231020  005  005  293
  0.000000    0.002497  20231021  005  005  294
  0.000000    0.002644  20231022  005  005  295
  0.000000    0.002756  20231023  005  005  296
  0.000000    0.002689  20231024  005  005  297
  0.000340    0.002655  20231025  005  005  298
  0.001280    0.002960  20231026  005  005  299
  0.000820    0.002943  20231027  005  005  300
  0.001020    0.002998  20231028  005  005  301
  0.000950    0.003001  20231029  005  005  302
  0.000920    0.002959  20231030  005  005  303
  0.000920    0.002945  20231031  005  005  304
  0.000980    0.002904  20231101  005  005  305
  0.000910    0.002767  20231102  005  005  306
  0.001050    0.002692  20231103  005  005  307
  0.000990    0.002660  20231104  005  005  308
  0.001260    0.002608  20231105  005  005  309
  0.001480    0.002682  20231106  005  005  310
  0.001570    0.002752  20231107  005  005  311
  0.001410    0.002513  20231108  005  005  312
  0.002000    0.002603  20231109  005  005  313
  0.002160    0.002458  20231110  005  005  314
  0.002390    0.002531  20231111  005  005  315
  0.002580    0.002584  20231112  005  005  316
  0.002860    0.002639  20231113  005  005  317
  0.003220    0.002693  20231114  005  005  318
  0.003410    0.002774  20231115  005  005  319
  0.002990    0.002720  20231117  005  005  321
