 -0.002220    0.004351  20230603  002  002  154
  0.001050    0.002578  20230604  002  002  155
 -0.001330    0.001756  20230605  002  002  156
 -0.003010    0.001561  20230606  002  002  157
 -0.003280    0.001477  20230607  002  002  158
 -0.002650    0.001272  20230608  002  002  159
 -0.001930    0.001152  20230609  002  002  160
 -0.002210    0.001047  20230610  002  002  161
 -0.002530    0.001181  20230611  002  002  162
 -0.002590    0.001314  20230612  002  002  163
 -0.002680    0.001324  20230613  002  002  164
 -0.002570    0.001357  20230614  002  002  165
 -0.002770    0.001431  20230615  002  002  166
 -0.002860    0.001408  20230616  002  002  167
 -0.002830    0.001612  20230621  002  002  172
 -0.003400    0.001758  20230622  002  002  173
 -0.002980    0.001925  20230623  002  002  174
 -0.003300    0.001900  20230624  002  002  175
 -0.002760    0.001540  20230625  002  002  176
 -0.002500    0.001521  20230626  002  002  177
 -0.003230    0.001489  20230627  002  002  178
 -0.003960    0.001394  20230628  002  002  179
 -0.003950    0.001470  20230629  002  002  180
 -0.004330    0.001424  20230630  002  002  181
 -0.004280    0.001379  20230701  002  002  182
 -0.004590    0.001372  20230702  002  002  183
 -0.004510    0.001334  20230703  002  002  184
 -0.004810    0.001311  20230704  002  002  185
 -0.005680    0.001169  20230706  002  002  187
 -0.005830    0.001082  20230707  002  002  188
 -0.006540    0.000944  20230708  002  002  189
 -0.007110    0.000940  20230709  002  002  190
 -0.006940    0.000916  20230710  002  002  191
 -0.006240    0.001093  20230711  002  002  192
 -0.006190    0.001149  20230712  002  002  193
 -0.006400    0.001270  20230713  002  002  194
 -0.006950    0.001468  20230714  002  002  195
 -0.006970    0.001605  20230715  002  002  196
 -0.007600    0.001807  20230716  002  002  197
 -0.008000    0.001974  20230717  002  002  198
 -0.007920    0.001954  20230718  002  002  199
 -0.008020    0.001911  20230719  002  002  200
 -0.007300    0.001838  20230720  002  002  201
 -0.007650    0.001728  20230721  002  002  202
 -0.007690    0.001602  20230722  002  002  203
 -0.008170    0.001661  20230723  002  002  204
 -0.008560    0.001649  20230724  002  002  205
 -0.009040    0.001735  20230725  002  002  206
 -0.009180    0.001749  20230726  002  002  207
 -0.009050    0.001719  20230727  002  002  208
 -0.008690    0.001634  20230728  002  002  209
 -0.008490    0.001593  20230729  002  002  210
 -0.008300    0.001620  20230730  002  002  211
 -0.008460    0.001519  20230731  002  002  212
 -0.007850    0.001520  20230801  002  002  213
 -0.007990    0.001659  20230802  002  002  214
 -0.007000    0.001745  20230803  002  002  215
 -0.006290    0.001568  20230804  002  002  216
 -0.006010    0.001661  20230805  002  002  217
 -0.007240    0.001573  20230806  002  002  218
 -0.006870    0.001393  20230807  002  002  219
 -0.006110    0.001270  20230812  002  002  224
 -0.005840    0.001329  20230813  002  002  225
 -0.005320    0.001287  20230814  002  002  226
 -0.006120    0.001305  20230815  002  002  227
 -0.007200    0.001368  20230816  002  002  228
 -0.008580    0.001630  20230817  002  002  229
 -0.008320    0.002164  20230818  002  002  230
 -0.004860    0.002119  20230819  002  002  231
 -0.004270    0.002327  20230820  002  002  232
 -0.004150    0.002366  20230821  002  002  233
 -0.003540    0.002343  20230822  002  002  234
 -0.002920    0.002162  20230823  002  002  235
 -0.002430    0.002198  20230824  002  002  236
 -0.001620    0.002244  20230825  002  002  237
 -0.001510    0.002222  20230826  002  002  238
 -0.002200    0.002241  20230827  002  002  239
 -0.001450    0.002193  20230828  002  002  240
  0.000960    0.002183  20230829  002  002  241
  0.001650    0.002193  20230830  002  002  242
  0.001630    0.001878  20230831  002  002  243
  0.001460    0.001631  20230901  002  002  244
  0.001450    0.001541  20230902  002  002  245
  0.001600    0.001441  20230903  002  002  246
  0.001380    0.001461  20230904  002  002  247
  0.001240    0.001502  20230905  002  002  248
  0.001200    0.001439  20230906  002  002  249
 -0.000840    0.001380  20230907  002  002  250
  0.001000    0.001415  20230908  002  002  251
  0.001100    0.001421  20230909  002  002  252
  0.001940    0.001348  20230910  002  002  253
  0.002610    0.001440  20230911  002  002  254
  0.004190    0.001457  20230913  002  002  256
  0.003540    0.001321  20230914  002  002  257
  0.003900    0.001093  20230915  002  002  258
  0.003680    0.001160  20230916  002  002  259
  0.004710    0.001069  20230917  002  002  260
  0.005760    0.001072  20230918  002  002  261
  0.006170    0.001233  20230919  002  002  262
  0.007280    0.001338  20230920  002  002  263
  0.007890    0.001564  20230921  002  002  264
  0.008250    0.001953  20230922  002  002  265
  0.007720    0.002319  20230923  002  002  266
  0.007920    0.002763  20230924  002  002  267
  0.008260    0.002758  20230925  002  002  268
  0.007960    0.002779  20230926  002  002  269
  0.008840    0.002784  20230927  002  002  270
  0.008760    0.002760  20230928  002  002  271
  0.009650    0.002869  20230929  002  002  272
  0.009440    0.002877  20230930  002  002  273
  0.009550    0.002821  20231001  002  002  274
  0.009760    0.002901  20231002  002  002  275
  0.009790    0.003120  20231003  002  002  276
  0.008800    0.003196  20231004  002  002  277
  0.008760    0.003344  20231005  002  002  278
  0.008170    0.003251  20231006  002  002  279
  0.008030    0.003186  20231007  002  002  280
  0.008140    0.003344  20231008  002  002  281
  0.007280    0.003450  20231009  002  002  282
  0.007300    0.003408  20231010  002  002  283
  0.006890    0.003419  20231013  002  002  286
  0.006410    0.003312  20231014  002  002  287
  0.006690    0.002995  20231018  002  002  291
  0.006420    0.002877  20231019  002  002  292
  0.005370    0.002369  20231020  002  002  293
  0.005250    0.002001  20231021  002  002  294
  0.005560    0.001823  20231023  002  002  296
  0.005570    0.001697  20231024  002  002  297
  0.006100    0.001469  20231025  002  002  298
  0.005870    0.001478  20231027  002  002  300
  0.005780    0.001428  20231028  002  002  301
  0.005370    0.001352  20231030  002  002  303
  0.005130    0.001331  20231031  002  002  304
  0.005630    0.001341  20231101  002  002  305
  0.005950    0.001295  20231102  002  002  306
  0.004600    0.001532  20231103  002  002  307
  0.004640    0.001366  20231104  002  002  308
  0.004910    0.001071  20231106  002  002  310
  0.004560    0.001583  20231107  002  002  311
  0.004540    0.001668  20231108  002  002  312
  0.003950    0.001785  20231109  002  002  313
  0.003660    0.001844  20231110  002  002  314
  0.003880    0.001773  20231111  002  002  315
  0.004310    0.001897  20231112  002  002  316
  0.004850    0.001989  20231113  002  002  317
  0.004120    0.002095  20231114  002  002  318
  0.002570    0.002006  20231115  002  002  319
  0.004040    0.002175  20231116  002  002  320
  0.003600    0.002188  20231117  002  002  321
  0.003450    0.002071  20231118  002  002  322
  0.003230    0.002013  20231120  002  002  324
