 -0.009030    0.004566  20230612  005  005  163
 -0.008880    0.004500  20230613  005  005  164
 -0.009070    0.004435  20230614  005  005  165
 -0.009010    0.004653  20230615  005  005  166
 -0.009050    0.004743  20230616  005  005  167
 -0.009010    0.004801  20230617  005  005  168
 -0.008730    0.005062  20230618  005  005  169
 -0.008780    0.005288  20230619  005  005  170
 -0.008560    0.005196  20230620  005  005  171
 -0.008480    0.005115  20230621  005  005  172
 -0.008350    0.005055  20230622  005  005  173
 -0.008170    0.005026  20230623  005  005  174
 -0.007840    0.005064  20230624  005  005  175
 -0.007470    0.005240  20230625  005  005  176
 -0.007160    0.005234  20230626  005  005  177
 -0.006900    0.005164  20230627  005  005  178
 -0.006750    0.005033  20230628  005  005  179
 -0.006550    0.004921  20230629  005  005  180
 -0.006350    0.004820  20230630  005  005  181
 -0.006140    0.004693  20230701  005  005  182
 -0.005770    0.004580  20230702  005  005  183
 -0.005620    0.004574  20230703  005  005  184
 -0.005360    0.004607  20230704  005  005  185
 -0.005030    0.004407  20230706  005  005  187
 -0.005130    0.004161  20230707  005  005  188
 -0.005050    0.003891  20230708  005  005  189
 -0.004820    0.003875  20230709  005  005  190
 -0.004620    0.003782  20230710  005  005  191
 -0.004290    0.003603  20230711  005  005  192
 -0.003950    0.003436  20230712  005  005  193
 -0.003760    0.003230  20230713  005  005  194
 -0.003800    0.002967  20230714  005  005  195
 -0.003730    0.002770  20230715  005  005  196
 -0.003620    0.002597  20230716  005  005  197
 -0.003390    0.002365  20230717  005  005  198
 -0.003110    0.002328  20230718  005  005  199
 -0.002950    0.002227  20230719  005  005  200
 -0.002600    0.002145  20230720  005  005  201
 -0.002330    0.002064  20230721  005  005  202
 -0.002120    0.001951  20230722  005  005  203
  0.001970    0.001925  20230723  005  005  204
  0.002000    0.001936  20230724  005  005  205
  0.001970    0.001902  20230725  005  005  206
  0.002200    0.001874  20230726  005  005  207
  0.002560    0.001887  20230727  005  005  208
  0.002720    0.001828  20230728  005  005  209
  0.002610    0.001778  20230729  005  005  210
  0.002620    0.001775  20230730  005  005  211
  0.002540    0.001743  20230731  005  005  212
  0.002410    0.001717  20230801  005  005  213
  0.002190    0.001695  20230802  005  005  214
  0.001620    0.001632  20230803  005  005  215
 -0.001520    0.001529  20230804  005  005  216
 -0.001850    0.001484  20230805  005  005  217
 -0.002140    0.001164  20230812  005  005  224
 -0.002010    0.001180  20230813  005  005  225
 -0.001500    0.001147  20230814  005  005  226
 -0.001070    0.001069  20230815  005  005  227
  0.002260    0.000989  20230816  005  005  228
  0.004260    0.000927  20230817  005  005  229
  0.004980    0.000923  20230818  005  005  230
  0.004890    0.000942  20230819  005  005  231
  0.004430    0.000965  20230820  005  005  232
  0.004230    0.000960  20230821  005  005  233
  0.004080    0.000930  20230822  005  005  234
  0.003910    0.000893  20230823  005  005  235
  0.003850    0.000865  20230824  005  005  236
  0.003920    0.000827  20230825  005  005  237
  0.003740    0.000799  20230826  005  005  238
  0.003350    0.000822  20230827  005  005  239
  0.003120    0.000880  20230828  005  005  240
  0.002900    0.000854  20230829  005  005  241
  0.002690    0.000848  20230830  005  005  242
  0.002710    0.000827  20230831  005  005  243
  0.002840    0.000789  20230901  005  005  244
  0.003180    0.000801  20230902  005  005  245
  0.003410    0.000845  20230903  005  005  246
  0.003230    0.000866  20230905  005  005  248
  0.003140    0.000892  20230906  005  005  249
  0.002630    0.000945  20230907  005  005  250
  0.002390    0.000971  20230908  005  005  251
  0.002380    0.001016  20230909  005  005  252
  0.002290    0.001010  20230910  005  005  253
  0.002600    0.001054  20230911  005  005  254
  0.002410    0.001159  20230913  005  005  256
  0.002330    0.001246  20230914  005  005  257
  0.002170    0.001357  20230915  005  005  258
  0.001920    0.001496  20230916  005  005  259
  0.002100    0.001543  20230917  005  005  260
  0.002620    0.001755  20230918  005  005  261
  0.002720    0.001965  20230919  005  005  262
  0.003240    0.002169  20230920  005  005  263
  0.003760    0.002734  20230923  005  005  266
  0.003070    0.003004  20230925  005  005  268
  0.002860    0.003004  20230926  005  005  269
  0.000000    0.002740  20231004  005  005  277
  0.000360    0.002775  20231005  005  005  278
  0.001680    0.002856  20231006  005  005  279
  0.001420    0.002870  20231007  005  005  280
  0.000810    0.002924  20231008  005  005  281
  0.000700    0.003046  20231009  005  005  282
  0.000840    0.003040  20231010  005  005  283
  0.000960    0.003075  20231011  005  005  284
  0.000240    0.002969  20231012  005  005  285
  0.000110    0.002915  20231013  005  005  286
  0.000150    0.002891  20231014  005  005  287
  0.000000    0.002850  20231015  005  005  288
  0.000000    0.002773  20231017  005  005  290
  0.000000    0.002772  20231018  005  005  291
  0.000000    0.002780  20231019  005  005  292
  0.000000    0.002837  20231020  005  005  293
  0.000000    0.002955  20231021  005  005  294
  0.000000    0.003111  20231023  005  005  296
  0.000000    0.003369  20231024  005  005  297
  0.000000    0.003827  20231025  005  005  298
  0.000000    0.004202  20231026  005  005  299
  0.000000    0.004741  20231027  005  005  300
 -0.000070    0.005413  20231028  005  005  301
 -0.000710    0.006108  20231030  005  005  303
 -0.001320    0.006606  20231031  005  005  304
 -0.002040    0.007025  20231101  005  005  305
 -0.002440    0.007264  20231102  005  005  306
 -0.002050    0.007227  20231103  005  005  307
 -0.002280    0.007232  20231104  005  005  308
 -0.002780    0.007326  20231105  005  005  309
 -0.002890    0.007410  20231106  005  005  310
 -0.003040    0.007608  20231107  005  005  311
 -0.002500    0.007738  20231108  005  005  312
 -0.002100    0.007763  20231109  005  005  313
 -0.001720    0.007658  20231110  005  005  314
 -0.001670    0.007668  20231111  005  005  315
 -0.001560    0.007669  20231112  005  005  316
 -0.001700    0.007661  20231113  005  005  317
 -0.001920    0.007796  20231115  005  005  319
 -0.002400    0.007689  20231117  005  005  321
