 -0.010080    0.006834  20230607  001  001  158
 -0.007770    0.006324  20230613  001  001  164
 -0.008790    0.005756  20230614  001  001  165
 -0.010230    0.004948  20230621  001  001  172
 -0.010210    0.005094  20230622  001  001  173
 -0.010200    0.004928  20230623  001  001  174
 -0.010630    0.004872  20230626  001  001  177
 -0.010020    0.004938  20230627  001  001  178
 -0.010480    0.005005  20230628  001  001  179
 -0.010450    0.005274  20230630  001  001  181
 -0.010050    0.005276  20230703  001  001  184
 -0.008990    0.005457  20230704  001  001  185
 -0.009710    0.005357  20230706  001  001  187
 -0.010210    0.005408  20230707  001  001  188
 -0.010390    0.005253  20230708  001  001  189
 -0.010120    0.005319  20230709  001  001  190
 -0.010930    0.005457  20230710  001  001  191
 -0.011040    0.005516  20230711  001  001  192
 -0.011420    0.005396  20230712  001  001  193
 -0.011920    0.005365  20230713  001  001  194
 -0.011990    0.005500  20230714  001  001  195
 -0.011720    0.005323  20230715  001  001  196
 -0.012260    0.005394  20230717  001  001  198
 -0.012340    0.005350  20230718  001  001  199
 -0.012080    0.005554  20230719  001  001  200
 -0.011640    0.005487  20230720  001  001  201
 -0.011990    0.005673  20230721  001  001  202
 -0.012380    0.005660  20230722  001  001  203
 -0.012020    0.005650  20230723  001  001  204
 -0.011380    0.005701  20230724  001  001  205
 -0.011250    0.005939  20230725  001  001  206
 -0.010950    0.006056  20230726  001  001  207
 -0.011500    0.006408  20230728  001  001  209
 -0.011470    0.006444  20230729  001  001  210
 -0.011420    0.006488  20230730  001  001  211
 -0.011420    0.006600  20230731  001  001  212
 -0.011640    0.006546  20230801  001  001  213
 -0.011730    0.006437  20230802  001  001  214
 -0.012710    0.005707  20230812  001  001  224
 -0.013450    0.006192  20230814  001  001  226
 -0.013590    0.006615  20230815  001  001  227
 -0.013810    0.006987  20230816  001  001  228
 -0.014390    0.007116  20230817  001  001  229
 -0.014490    0.007179  20230818  001  001  230
 -0.013890    0.007151  20230819  001  001  231
 -0.013670    0.007007  20230821  001  001  233
 -0.013520    0.006686  20230822  001  001  234
 -0.013550    0.006231  20230825  001  001  237
 -0.012980    0.006149  20230826  001  001  238
 -0.012340    0.006218  20230828  001  001  240
 -0.011790    0.006147  20230829  001  001  241
 -0.011150    0.006025  20230830  001  001  242
 -0.011510    0.005474  20230831  001  001  243
 -0.011350    0.005271  20230901  001  001  244
 -0.011240    0.005386  20230902  001  001  245
 -0.010800    0.005341  20230907  001  001  250
 -0.011620    0.006212  20230908  001  001  251
 -0.011480    0.006102  20230909  001  001  252
 -0.011770    0.005865  20230911  001  001  254
 -0.010260    0.006190  20230913  001  001  256
 -0.009770    0.006095  20230914  001  001  257
 -0.009480    0.005975  20230915  001  001  258
 -0.008490    0.005825  20230916  001  001  259
 -0.007530    0.005687  20230918  001  001  261
 -0.007190    0.005634  20230919  001  001  262
 -0.006680    0.006086  20230920  001  001  263
 -0.005760    0.005499  20230921  001  001  264
 -0.005430    0.005302  20230923  001  001  266
 -0.003970    0.004897  20230924  001  001  267
 -0.004720    0.004987  20230925  001  001  268
 -0.004230    0.004904  20230926  001  001  269
 -0.004130    0.004995  20230927  001  001  270
 -0.004000    0.005011  20230928  001  001  271
 -0.004220    0.005086  20230929  001  001  272
 -0.003960    0.005124  20230930  001  001  273
 -0.004210    0.005334  20231001  001  001  274
 -0.004070    0.005595  20231010  001  001  283
 -0.005520    0.004370  20231013  001  001  286
 -0.007150    0.004295  20231019  001  001  292
 -0.007180    0.004323  20231020  001  001  293
 -0.006670    0.004340  20231022  001  001  295
 -0.005550    0.005151  20231023  001  001  296
 -0.006660    0.005542  20231024  001  001  297
 -0.007330    0.005387  20231025  001  001  298
 -0.006880    0.005952  20231027  001  001  300
 -0.006080    0.005925  20231028  001  001  301
 -0.005980    0.005943  20231030  001  001  303
 -0.005740    0.005863  20231031  001  001  304
 -0.005480    0.005887  20231101  001  001  305
 -0.005560    0.005900  20231102  001  001  306
 -0.006060    0.005841  20231103  001  001  307
 -0.005320    0.005417  20231107  001  001  311
 -0.005240    0.005489  20231108  001  001  312
 -0.005670    0.005408  20231109  001  001  313
 -0.006100    0.005273  20231110  001  001  314
 -0.005850    0.005286  20231111  001  001  315
 -0.005360    0.005433  20231113  001  001  317
 -0.005830    0.005361  20231114  001  001  318
 -0.006020    0.005680  20231115  001  001  319
 -0.005990    0.005094  20231117  001  001  321
 -0.006110    0.004949  20231118  001  001  322
