  0.008400    0.012830  20230607  006  006  158
  0.009700    0.013806  20230614  006  006  165
  0.008310    0.012045  20230621  006  006  172
  0.006600    0.012868  20230622  006  006  173
  0.006690    0.013031  20230626  006  006  177
  0.005900    0.011798  20230627  006  006  178
  0.005530    0.012349  20230628  006  006  179
  0.006200    0.012466  20230629  006  006  180
  0.007160    0.012017  20230630  006  006  181
  0.006820    0.012344  20230701  006  006  182
  0.006210    0.011750  20230702  006  006  183
  0.006070    0.012171  20230703  006  006  184
  0.006250    0.012574  20230704  006  006  185
  0.006650    0.012014  20230706  006  006  187
  0.006180    0.011654  20230707  006  006  188
  0.005750    0.011508  20230708  006  006  189
  0.005880    0.011368  20230709  006  006  190
  0.006060    0.011359  20230710  006  006  191
  0.006390    0.010882  20230711  006  006  192
  0.006170    0.010583  20230712  006  006  193
  0.005880    0.010891  20230713  006  006  194
  0.006190    0.010532  20230714  006  006  195
  0.006720    0.010552  20230715  006  006  196
  0.007030    0.010202  20230716  006  006  197
  0.006950    0.010055  20230717  006  006  198
  0.007030    0.010167  20230718  006  006  199
  0.007030    0.010313  20230719  006  006  200
  0.007260    0.010406  20230720  006  006  201
  0.007830    0.010575  20230721  006  006  202
  0.007950    0.010519  20230722  006  006  203
  0.007850    0.010467  20230723  006  006  204
  0.008160    0.010536  20230724  006  006  205
  0.008250    0.010566  20230725  006  006  206
  0.008270    0.010484  20230726  006  006  207
  0.008400    0.010715  20230727  006  006  208
  0.008160    0.011124  20230728  006  006  209
  0.007960    0.011274  20230729  006  006  210
  0.007960    0.011508  20230731  006  006  212
  0.008010    0.011623  20230801  006  006  213
  0.008200    0.011693  20230802  006  006  214
  0.016350    0.029328  20230814  006  006  226
  0.040000    0.083432  20230815  006  006  227
  0.040000    0.125176  20230817  006  006  229
  0.040000    0.175343  20230818  006  006  230
  0.040000    0.152398  20230819  006  006  231
  0.040000    0.297986  20230821  006  006  233
  0.040000    0.297456  20230822  006  006  234
  0.040000    0.656015  20230826  006  006  238
  0.000000         inf  20230827  006  006  239
  0.000000         inf  20230828  006  006  240
  0.000000         inf  20230829  006  006  241
  0.000000         inf  20230830  006  006  242
  0.000000         inf  20230831  006  006  243
  0.000000         inf  20230901  006  006  244
  0.000000         inf  20230906  006  006  249
  0.000000         inf  20230907  006  006  250
  0.000000         inf  20230908  006  006  251
  0.000000         inf  20230909  006  006  252
  0.000000         inf  20230910  006  006  253
  0.000000         inf  20230911  006  006  254
  0.000000         inf  20230913  006  006  256
  0.000000         inf  20230914  006  006  257
  0.000000    0.564899  20230915  006  006  258
  0.000000    0.270324  20230916  006  006  259
  0.000000    0.167750  20230917  006  006  260
  0.000000    0.125742  20230918  006  006  261
  0.000740    0.070899  20230919  006  006  262
  0.010060    0.056584  20230920  006  006  263
  0.012920    0.045358  20230921  006  006  264
  0.012800    0.037364  20230923  006  006  266
  0.013690    0.034119  20230926  006  006  269
  0.015680    0.033722  20230927  006  006  270
  0.015140    0.032591  20230928  006  006  271
  0.013770    0.030072  20230929  006  006  272
  0.012340    0.027495  20230930  006  006  273
  0.012580    0.027477  20231001  006  006  274
  0.012230    0.026633  20231005  006  006  278
  0.012820    0.025703  20231006  006  006  279
  0.010810    0.023958  20231009  006  006  282
  0.010720    0.021941  20231010  006  006  283
  0.003110    0.015525  20231019  006  006  292
  0.002850    0.014768  20231020  006  006  293
 -0.000630    0.012433  20231023  006  006  296
  0.002380    0.012387  20231024  006  006  297
  0.003280    0.012969  20231025  006  006  298
  0.003220    0.013122  20231027  006  006  300
  0.002730    0.013054  20231028  006  006  301
  0.003500    0.013465  20231029  006  006  302
  0.004350    0.013753  20231030  006  006  303
  0.004610    0.013995  20231031  006  006  304
  0.006130    0.014278  20231101  006  006  305
  0.007020    0.014586  20231102  006  006  306
  0.007150    0.014760  20231104  006  006  308
  0.006870    0.015868  20231108  006  006  312
  0.007420    0.016489  20231109  006  006  313
  0.007620    0.016411  20231110  006  006  314
  0.007520    0.016398  20231111  006  006  315
  0.007240    0.016566  20231112  006  006  316
  0.007690    0.016455  20231113  006  006  317
  0.007730    0.016315  20231114  006  006  318
