 -0.006580    0.004656  20230615  006  006  166
 -0.007400    0.003881  20230623  006  006  174
 -0.007300    0.003218  20230625  006  006  176
 -0.007740    0.003496  20230626  006  006  177
 -0.008650    0.003467  20230629  006  006  180
 -0.007920    0.003227  20230701  006  006  182
 -0.007980    0.003058  20230702  006  006  183
 -0.008390    0.003177  20230703  006  006  184
 -0.007840    0.003040  20230704  006  006  185
 -0.008130    0.003135  20230706  006  006  187
 -0.008120    0.003185  20230707  006  006  188
 -0.007730    0.003275  20230708  006  006  189
 -0.007370    0.003152  20230710  006  006  191
 -0.007180    0.003138  20230712  006  006  193
 -0.006980    0.003111  20230713  006  006  194
 -0.006840    0.003240  20230714  006  006  195
 -0.006370    0.003416  20230715  006  006  196
 -0.005620    0.003202  20230716  006  006  197
 -0.005650    0.003410  20230717  006  006  198
 -0.005220    0.003437  20230719  006  006  200
 -0.005570    0.003578  20230721  006  006  202
 -0.005600    0.003540  20230722  006  006  203
 -0.005530    0.003743  20230724  006  006  205
 -0.005590    0.003643  20230728  006  006  209
 -0.005310    0.003311  20230729  006  006  210
 -0.004900    0.002607  20230730  006  006  211
 -0.004800    0.002489  20230731  006  006  212
 -0.004380    0.002268  20230801  006  006  213
 -0.004460    0.002227  20230802  006  006  214
  0.007730    0.004141  20230817  006  006  229
  0.006270    0.003680  20230818  006  006  230
  0.005830    0.003522  20230819  006  006  231
  0.004860    0.003301  20230820  006  006  232
  0.004580    0.003228  20230822  006  006  234
  0.004360    0.003111  20230824  006  006  236
  0.003280    0.003116  20230825  006  006  237
  0.002920    0.003076  20230826  006  006  238
  0.002760    0.003049  20230827  006  006  239
  0.002650    0.003046  20230828  006  006  240
  0.002890    0.003057  20230829  006  006  241
  0.002620    0.003055  20230830  006  006  242
  0.002750    0.003089  20230831  006  006  243
  0.002920    0.003058  20230901  006  006  244
  0.003810    0.003068  20230902  006  006  245
  0.004270    0.003108  20230903  006  006  246
  0.008960    0.002707  20230913  006  006  256
  0.009700    0.002255  20230914  006  006  257
  0.008080    0.001740  20230915  006  006  258
  0.007670    0.001384  20230916  006  006  259
  0.007420    0.001472  20230918  006  006  261
  0.007160    0.001507  20230919  006  006  262
  0.007100    0.001553  20230920  006  006  263
  0.001510    0.002497  20231007  006  006  280
  0.002220    0.001771  20231009  006  006  282
  0.002440    0.001156  20231010  006  006  283
 -0.001220    0.000911  20231020  006  006  293
  0.001830    0.001231  20231021  006  006  294
 -0.004520    0.002542  20231023  006  006  296
 -0.004090    0.002506  20231024  006  006  297
 -0.003400    0.002220  20231025  006  006  298
 -0.003700    0.002259  20231027  006  006  300
 -0.003220    0.001996  20231028  006  006  301
 -0.002390    0.001651  20231029  006  006  302
 -0.002130    0.001542  20231030  006  006  303
 -0.001970    0.001445  20231031  006  006  304
 -0.002030    0.001410  20231101  006  006  305
 -0.001800    0.001334  20231102  006  006  306
 -0.001500    0.001270  20231104  006  006  308
 -0.001280    0.001610  20231108  006  006  312
 -0.000930    0.001591  20231109  006  006  313
 -0.001010    0.001690  20231110  006  006  314
 -0.001150    0.001735  20231111  006  006  315
 -0.000950    0.001809  20231112  006  006  316
 -0.000870    0.001829  20231113  006  006  317
 -0.000890    0.001843  20231114  006  006  318
