 -0.010000    0.002172  20230626  004  004  177
 -0.010570    0.002150  20230628  004  004  179
 -0.010780    0.002138  20230629  004  004  180
 -0.010660    0.002137  20230630  004  004  181
 -0.010240    0.002187  20230701  004  004  182
 -0.009870    0.002226  20230702  004  004  183
 -0.009820    0.002213  20230703  004  004  184
 -0.009490    0.002216  20230704  004  004  185
 -0.009440    0.002163  20230706  004  004  187
 -0.009430    0.002123  20230707  004  004  188
 -0.009290    0.002108  20230708  004  004  189
 -0.008910    0.002116  20230709  004  004  190
 -0.008890    0.002075  20230710  004  004  191
 -0.008610    0.002011  20230711  004  004  192
 -0.008350    0.001943  20230712  004  004  193
 -0.008180    0.001882  20230713  004  004  194
 -0.008100    0.001784  20230714  004  004  195
 -0.007980    0.001707  20230715  004  004  196
 -0.007580    0.001660  20230716  004  004  197
 -0.007500    0.001571  20230717  004  004  198
 -0.007350    0.001529  20230718  004  004  199
 -0.007100    0.001465  20230719  004  004  200
 -0.006860    0.001405  20230720  004  004  201
 -0.006590    0.001320  20230721  004  004  202
 -0.006450    0.001223  20230722  004  004  203
 -0.005830    0.001148  20230723  004  004  204
 -0.005550    0.001101  20230724  004  004  205
 -0.005290    0.001059  20230725  004  004  206
 -0.005010    0.001005  20230726  004  004  207
 -0.004680    0.000974  20230727  004  004  208
 -0.004510    0.000922  20230728  004  004  209
 -0.004290    0.000818  20230729  004  004  210
 -0.003810    0.000772  20230730  004  004  211
 -0.003430    0.000714  20230731  004  004  212
 -0.003170    0.000663  20230801  004  004  213
 -0.002870    0.000612  20230802  004  004  214
 -0.002750    0.000559  20230803  004  004  215
 -0.002920    0.000505  20230804  004  004  216
 -0.003160    0.000483  20230805  004  004  217
 -0.002670    0.000411  20230812  004  004  224
 -0.002460    0.000366  20230813  004  004  225
 -0.001910    0.000312  20230814  004  004  226
 -0.001480    0.000276  20230815  004  004  227
 -0.001130    0.000232  20230816  004  004  228
 -0.000310    0.000206  20230817  004  004  229
  0.000780    0.000238  20230818  004  004  230
  0.001180    0.000258  20230819  004  004  231
  0.001240    0.000293  20230820  004  004  232
  0.001440    0.000338  20230821  004  004  233
  0.001470    0.000351  20230822  004  004  234
  0.000970    0.000364  20230823  004  004  235
  0.000890    0.000382  20230824  004  004  236
  0.001000    0.000426  20230825  004  004  237
  0.000760    0.000480  20230826  004  004  238
  0.000950    0.000540  20230827  004  004  239
  0.001100    0.000583  20230828  004  004  240
  0.001400    0.000630  20230829  004  004  241
  0.001590    0.000667  20230830  004  004  242
  0.001810    0.000711  20230831  004  004  243
  0.001960    0.000733  20230901  004  004  244
  0.002240    0.000703  20230902  004  004  245
  0.002480    0.000672  20230903  004  004  246
  0.003020    0.000641  20230904  004  004  247
  0.003400    0.000613  20230905  004  004  248
  0.003590    0.000592  20230906  004  004  249
  0.003500    0.000609  20230907  004  004  250
  0.003740    0.000652  20230908  004  004  251
  0.003620    0.000716  20230909  004  004  252
  0.003850    0.000738  20230910  004  004  253
  0.004090    0.000776  20230911  004  004  254
  0.004270    0.000880  20230913  004  004  256
  0.004150    0.000944  20230914  004  004  257
  0.004070    0.000958  20230915  004  004  258
  0.003820    0.001005  20230916  004  004  259
  0.003610    0.001005  20230917  004  004  260
  0.004140    0.001045  20230918  004  004  261
  0.004450    0.001076  20230919  004  004  262
  0.004870    0.001105  20230920  004  004  263
  0.005040    0.001166  20230921  004  004  264
  0.005330    0.001225  20230922  004  004  265
  0.005310    0.001329  20230923  004  004  266
  0.005340    0.001413  20230924  004  004  267
  0.005380    0.001450  20230925  004  004  268
  0.005480    0.001527  20230926  004  004  269
  0.005590    0.001600  20230927  004  004  270
  0.005590    0.001659  20230928  004  004  271
  0.005780    0.001722  20230929  004  004  272
  0.005740    0.001781  20230930  004  004  273
  0.005710    0.001824  20231001  004  004  274
  0.006030    0.001792  20231002  004  004  275
  0.005800    0.001739  20231003  004  004  276
  0.005610    0.001687  20231004  004  004  277
  0.005460    0.001585  20231005  004  004  278
  0.005280    0.001479  20231006  004  004  279
  0.005010    0.001406  20231007  004  004  280
  0.004820    0.001308  20231008  004  004  281
  0.004460    0.001236  20231009  004  004  282
  0.004280    0.001173  20231010  004  004  283
  0.003950    0.001117  20231011  004  004  284
  0.003520    0.001027  20231012  004  004  285
  0.003120    0.000931  20231013  004  004  286
  0.002790    0.000822  20231014  004  004  287
  0.001940    0.000744  20231018  004  004  291
  0.001790    0.000757  20231019  004  004  292
  0.001750    0.000735  20231020  004  004  293
  0.001910    0.000725  20231021  004  004  294
  0.002380    0.000704  20231022  004  004  295
  0.002280    0.000683  20231023  004  004  296
  0.002480    0.000691  20231024  004  004  297
  0.002900    0.000717  20231025  004  004  298
  0.003130    0.000734  20231026  004  004  299
  0.002930    0.000804  20231027  004  004  300
  0.003050    0.000827  20231028  004  004  301
  0.003120    0.000839  20231029  004  004  302
  0.002970    0.000851  20231030  004  004  303
  0.003060    0.000840  20231031  004  004  304
  0.003060    0.000813  20231101  004  004  305
  0.002940    0.000796  20231102  004  004  306
  0.002680    0.000797  20231103  004  004  307
  0.002280    0.000790  20231104  004  004  308
  0.002350    0.000781  20231105  004  004  309
  0.002150    0.000765  20231106  004  004  310
  0.001900    0.000760  20231107  004  004  311
  0.001590    0.000788  20231108  004  004  312
  0.001650    0.000839  20231109  004  004  313
  0.001240    0.000875  20231110  004  004  314
  0.001010    0.000901  20231111  004  004  315
  0.001060    0.000912  20231112  004  004  316
  0.000920    0.000943  20231113  004  004  317
  0.000840    0.000960  20231114  004  004  318
  0.000600    0.000978  20231115  004  004  319
  0.000310    0.000935  20231116  004  004  320
  0.000000    0.000921  20231117  004  004  321
  0.000000    0.000932  20231118  004  004  322
  0.000000    0.000959  20231119  004  004  323
