 -0.007200    0.006005  20230603  003  003  154
 -0.009940    0.004970  20230604  003  003  155
 -0.010760    0.004796  20230605  003  003  156
 -0.009680    0.004410  20230606  003  003  157
 -0.010100    0.003887  20230607  003  003  158
 -0.010420    0.003324  20230608  003  003  159
 -0.011050    0.003034  20230609  003  003  160
 -0.011110    0.003004  20230610  003  003  161
 -0.011500    0.003210  20230611  003  003  162
 -0.011670    0.003031  20230612  003  003  163
 -0.011520    0.002827  20230613  003  003  164
 -0.011060    0.002811  20230614  003  003  165
 -0.011020    0.002854  20230615  003  003  166
 -0.011310    0.002683  20230616  003  003  167
 -0.011310    0.002680  20230617  003  003  168
 -0.011230    0.002545  20230619  003  003  170
 -0.010740    0.002763  20230622  003  003  173
 -0.010450    0.002572  20230623  003  003  174
 -0.008960    0.002688  20230625  003  003  176
 -0.008500    0.002605  20230626  003  003  177
 -0.008160    0.002173  20230627  003  003  178
 -0.007900    0.001763  20230628  003  003  179
 -0.007550    0.001629  20230629  003  003  180
 -0.006590    0.001269  20230630  003  003  181
 -0.006670    0.001364  20230701  003  003  182
 -0.006370    0.001251  20230702  003  003  183
 -0.006110    0.001135  20230703  003  003  184
 -0.006120    0.001135  20230704  003  003  185
 -0.005350    0.001196  20230706  003  003  187
 -0.005200    0.001139  20230707  003  003  188
 -0.005510    0.001419  20230710  003  003  191
 -0.004900    0.001669  20230711  003  003  192
 -0.004760    0.001951  20230712  003  003  193
 -0.004630    0.002335  20230713  003  003  194
 -0.004450    0.002701  20230714  003  003  195
 -0.004350    0.002907  20230715  003  003  196
 -0.004300    0.003345  20230717  003  003  198
 -0.004420    0.003231  20230718  003  003  199
 -0.004330    0.003045  20230719  003  003  200
 -0.004350    0.003062  20230720  003  003  201
 -0.004160    0.003042  20230721  003  003  202
 -0.004330    0.003074  20230723  003  003  204
 -0.004490    0.003384  20230724  003  003  205
 -0.004070    0.003217  20230725  003  003  206
 -0.004200    0.003265  20230726  003  003  207
 -0.004070    0.003256  20230727  003  003  208
 -0.004120    0.003193  20230728  003  003  209
 -0.003840    0.003138  20230729  003  003  210
 -0.003890    0.003155  20230730  003  003  211
 -0.003860    0.003274  20230731  003  003  212
 -0.003290    0.003480  20230801  003  003  213
 -0.002450    0.003506  20230802  003  003  214
 -0.002560    0.003398  20230805  003  003  217
 -0.000030    0.002238  20230812  003  003  224
  0.001220    0.001702  20230813  003  003  225
 -0.000370    0.001633  20230814  003  003  226
 -0.001000    0.002883  20230815  003  003  227
  0.000000    0.003116  20230816  003  003  228
  0.000000    0.003173  20230817  003  003  229
  0.000540    0.004502  20230818  003  003  230
  0.000700    0.004603  20230819  003  003  231
  0.000850    0.004498  20230821  003  003  233
  0.001560    0.004397  20230822  003  003  234
  0.002360    0.004394  20230823  003  003  235
  0.002110    0.004545  20230824  003  003  236
  0.002430    0.004564  20230825  003  003  237
  0.002950    0.004755  20230826  003  003  238
  0.003470    0.004676  20230827  003  003  239
  0.003190    0.004733  20230828  003  003  240
  0.003630    0.004743  20230829  003  003  241
  0.004690    0.004969  20230830  003  003  242
  0.005210    0.005166  20230831  003  003  243
  0.005660    0.005232  20230901  003  003  244
  0.005570    0.005241  20230902  003  003  245
  0.005850    0.005209  20230903  003  003  246
  0.005690    0.005134  20230904  003  003  247
  0.004880    0.005015  20230905  003  003  248
  0.005020    0.004896  20230906  003  003  249
  0.004900    0.004959  20230907  003  003  250
  0.004250    0.004803  20230908  003  003  251
  0.004060    0.004876  20230909  003  003  252
  0.004420    0.004849  20230910  003  003  253
  0.003690    0.004749  20230911  003  003  254
  0.002670    0.004137  20230913  003  003  256
  0.002180    0.003677  20230914  003  003  257
  0.002670    0.003277  20230915  003  003  258
  0.002900    0.003098  20230916  003  003  259
  0.002800    0.002837  20230917  003  003  260
  0.003360    0.002751  20230918  003  003  261
  0.003880    0.002601  20230919  003  003  262
  0.004320    0.002293  20230920  003  003  263
  0.005070    0.002072  20230921  003  003  264
  0.005460    0.001985  20230922  003  003  265
  0.005580    0.001840  20230923  003  003  266
  0.006130    0.001678  20230924  003  003  267
  0.005860    0.001750  20230925  003  003  268
  0.006140    0.001823  20230926  003  003  269
  0.006230    0.001806  20230927  003  003  270
  0.005980    0.001848  20230928  003  003  271
  0.005760    0.001870  20230929  003  003  272
  0.005830    0.001945  20230930  003  003  273
  0.006160    0.001923  20231001  003  003  274
  0.005470    0.001750  20231002  003  003  275
  0.004760    0.001739  20231003  003  003  276
  0.004400    0.001493  20231004  003  003  277
  0.004160    0.001510  20231005  003  003  278
  0.003790    0.001594  20231006  003  003  279
  0.003490    0.001502  20231007  003  003  280
  0.003200    0.001349  20231009  003  003  282
  0.002880    0.001387  20231010  003  003  283
  0.002800    0.001326  20231011  003  003  284
  0.002200    0.001229  20231012  003  003  285
  0.001500    0.001220  20231013  003  003  286
  0.000510    0.001367  20231014  003  003  287
  0.000880    0.001427  20231018  003  003  291
  0.000270    0.001449  20231019  003  003  292
 -0.000200    0.001301  20231020  003  003  293
 -0.002390    0.001467  20231024  003  003  297
 -0.001260    0.001123  20231025  003  003  298
 -0.002180    0.001627  20231026  003  003  299
 -0.001750    0.001590  20231027  003  003  300
 -0.001820    0.001692  20231028  003  003  301
 -0.001660    0.001701  20231030  003  003  303
 -0.002330    0.001709  20231031  003  003  304
 -0.002120    0.001669  20231101  003  003  305
 -0.001830    0.001905  20231102  003  003  306
 -0.001340    0.001894  20231103  003  003  307
 -0.001480    0.001942  20231104  003  003  308
 -0.001770    0.002108  20231106  003  003  310
 -0.002250    0.002249  20231108  003  003  312
 -0.002470    0.002554  20231109  003  003  313
 -0.002710    0.002506  20231110  003  003  314
 -0.003060    0.002509  20231111  003  003  315
 -0.003530    0.002635  20231113  003  003  317
 -0.003720    0.002878  20231114  003  003  318
 -0.004250    0.002876  20231115  003  003  319
