 -0.007360    0.004532  20230620  005  005  171
 -0.007940    0.004467  20230621  005  005  172
 -0.007890    0.004460  20230622  005  005  173
 -0.007620    0.004511  20230623  005  005  174
 -0.006980    0.004690  20230624  005  005  175
 -0.006620    0.004986  20230625  005  005  176
 -0.006470    0.004872  20230626  005  005  177
 -0.006570    0.004673  20230627  005  005  178
 -0.006700    0.004550  20230628  005  005  179
 -0.006780    0.004457  20230629  005  005  180
 -0.006790    0.004390  20230630  005  005  181
 -0.006590    0.004414  20230701  005  005  182
 -0.006420    0.004443  20230702  005  005  183
 -0.006260    0.004433  20230703  005  005  184
 -0.006010    0.004466  20230704  005  005  185
 -0.005690    0.004269  20230706  005  005  187
 -0.005770    0.004027  20230707  005  005  188
 -0.005700    0.003761  20230708  005  005  189
 -0.005470    0.003745  20230709  005  005  190
 -0.005270    0.003653  20230710  005  005  191
 -0.004940    0.003475  20230711  005  005  192
 -0.004610    0.003310  20230712  005  005  193
 -0.004430    0.003105  20230713  005  005  194
 -0.004430    0.002838  20230714  005  005  195
 -0.004360    0.002637  20230715  005  005  196
 -0.004250    0.002463  20230716  005  005  197
 -0.004040    0.002225  20230717  005  005  198
 -0.003730    0.002185  20230718  005  005  199
 -0.003560    0.002080  20230719  005  005  200
 -0.003210    0.001995  20230720  005  005  201
 -0.002960    0.001908  20230721  005  005  202
 -0.002760    0.001793  20230722  005  005  203
 -0.002410    0.001772  20230723  005  005  204
 -0.002310    0.001786  20230724  005  005  205
 -0.002250    0.001751  20230725  005  005  206
 -0.002020    0.001731  20230726  005  005  207
 -0.001670    0.001758  20230727  005  005  208
  0.001720    0.001701  20230728  005  005  209
  0.001580    0.001652  20230729  005  005  210
  0.001580    0.001652  20230730  005  005  211
  0.001500    0.001621  20230731  005  005  212
  0.001350    0.001597  20230801  005  005  213
  0.001120    0.001571  20230802  005  005  214
 -0.001310    0.001493  20230803  005  005  215
 -0.002170    0.001365  20230804  005  005  216
 -0.002500    0.001323  20230805  005  005  217
 -0.002780    0.001000  20230812  005  005  224
 -0.002650    0.001002  20230813  005  005  225
 -0.002130    0.000954  20230814  005  005  226
 -0.001700    0.000860  20230815  005  005  227
  0.001250    0.000803  20230816  005  005  228
  0.003330    0.000736  20230817  005  005  229
  0.004080    0.000725  20230818  005  005  230
  0.003970    0.000750  20230819  005  005  231
  0.003480    0.000787  20230820  005  005  232
  0.003260    0.000793  20230821  005  005  233
  0.003110    0.000760  20230822  005  005  234
  0.002940    0.000717  20230823  005  005  235
  0.002880    0.000690  20230824  005  005  236
  0.002940    0.000657  20230825  005  005  237
  0.002740    0.000642  20230826  005  005  238
  0.002330    0.000670  20230827  005  005  239
  0.002090    0.000735  20230828  005  005  240
  0.001870    0.000710  20230829  005  005  241
  0.001620    0.000716  20230830  005  005  242
  0.001650    0.000704  20230831  005  005  243
  0.001800    0.000672  20230901  005  005  244
  0.002190    0.000674  20230902  005  005  245
  0.002440    0.000700  20230903  005  005  246
  0.002260    0.000719  20230905  005  005  248
  0.002180    0.000746  20230906  005  005  249
  0.001640    0.000809  20230907  005  005  250
  0.001380    0.000849  20230908  005  005  251
  0.001380    0.000902  20230909  005  005  252
  0.001310    0.000897  20230910  005  005  253
  0.001610    0.000942  20230911  005  005  254
  0.001440    0.001060  20230913  005  005  256
  0.001330    0.001174  20230914  005  005  257
  0.001150    0.001317  20230915  005  005  258
  0.000880    0.001484  20230916  005  005  259
  0.001090    0.001538  20230917  005  005  260
  0.001620    0.001771  20230918  005  005  261
  0.001670    0.001996  20230919  005  005  262
  0.002220    0.002218  20230920  005  005  263
  0.000000    0.003152  20231004  005  005  277
  0.000180    0.003259  20231005  005  005  278
  0.001100    0.003175  20231006  005  005  279
  0.000580    0.003089  20231007  005  005  280
  0.000000    0.003009  20231008  005  005  281
  0.000000    0.003049  20231009  005  005  282
  0.000000    0.003045  20231010  005  005  283
  0.000000    0.003076  20231011  005  005  284
  0.000000    0.002964  20231012  005  005  285
  0.000000    0.002915  20231013  005  005  286
  0.000000    0.002889  20231014  005  005  287
  0.000000    0.002854  20231015  005  005  288
  0.000000    0.002783  20231017  005  005  290
  0.000000    0.002799  20231018  005  005  291
  0.000000    0.002832  20231019  005  005  292
  0.000000    0.002917  20231020  005  005  293
  0.000000    0.003060  20231023  005  005  296
  0.000000    0.003337  20231024  005  005  297
  0.000000    0.003825  20231025  005  005  298
  0.000000    0.004231  20231026  005  005  299
  0.000000    0.004825  20231027  005  005  300
 -0.000970    0.006619  20231031  005  005  304
 -0.001870    0.007202  20231101  005  005  305
 -0.002420    0.007535  20231102  005  005  306
 -0.002260    0.007574  20231103  005  005  307
 -0.002510    0.007711  20231106  005  005  310
 -0.002670    0.008023  20231107  005  005  311
 -0.001890    0.008215  20231108  005  005  312
