 -0.00878000   0.00744976   0.65630311 0.0 177 20230626 003 003
 -0.01014000   0.00702481   0.67804140 0.0 178 20230627 003 003
 -0.01088000   0.00715861   0.67110550 0.0 179 20230628 003 003
 -0.01094000   0.00712135   0.67302865 0.0 180 20230629 003 003
 -0.01000000   0.00718343   0.66982824 0.0 181 20230630 003 003
 -0.01004000   0.00736112   0.66076726 0.0 182 20230701 003 003
 -0.00970000   0.00733272   0.66220552 0.0 184 20230703 003 003
 -0.00918000   0.00715111   0.67149198 0.0 185 20230704 003 003
 -0.00896000   0.00565906   0.75321692 0.0 187 20230706 003 003
 -0.00878000   0.00467711   0.81086010 0.0 188 20230707 003 003
 -0.00868000   0.00412590   0.84353602 0.0 189 20230708 003 003
 -0.00824000   0.00366104   0.87066001 0.0 190 20230709 003 003
 -0.00788000   0.00332212   0.88987702 0.0 191 20230710 003 003
 -0.00760000   0.00309896   0.90214878 0.0 192 20230711 003 003
 -0.00732000   0.00314688   0.89954388 0.0 193 20230712 003 003
 -0.00748000   0.00346411   0.88190091 0.0 194 20230713 003 003
 -0.00748000   0.00391387   0.85598922 0.0 195 20230714 003 003
 -0.00750000   0.00403277   0.84901887 0.0 196 20230715 003 003
 -0.00754000   0.00458088   0.81657505 0.0 197 20230716 003 003
 -0.00778000   0.00491552   0.79672122 0.0 198 20230717 003 003
 -0.00784000   0.00491731   0.79661512 0.0 199 20230718 003 003
 -0.00788000   0.00498874   0.79238969 0.0 200 20230719 003 003
 -0.00788000   0.00503400   0.78971589 0.0 201 20230720 003 003
 -0.00778000   0.00502561   0.79021126 0.0 202 20230721 003 003
 -0.00780000   0.00502190   0.79043072 0.0 203 20230722 003 003
 -0.00754000   0.00497964   0.79292750 0.0 205 20230724 003 003
 -0.00732000   0.00491447   0.79678339 0.0 206 20230725 003 003
 -0.00694000   0.00484615   0.80083019 0.0 207 20230726 003 003
 -0.00664000   0.00479936   0.80360436 0.0 208 20230727 003 003
 -0.00638000   0.00476854   0.80543250 0.0 209 20230728 003 003
 -0.00592000   0.00455800   0.81793398 0.0 210 20230729 003 003
  0.00478000   0.00424540   0.83647645 0.0 213 20230801 003 003
  0.00482000   0.00404309   0.84841216 0.0 214 20230802 003 003
  0.00536000   0.00381004   0.86204159 0.0 215 20230803 003 003
  0.00580000   0.00353268   0.87800854 0.0 216 20230804 003 003
  0.00510000   0.00347823   0.88110095 0.0 217 20230805 003 003
  0.00494000   0.00332423   0.88975936 0.0 218 20230806 003 003
  0.00284000   0.00146546   0.97537023 0.0 226 20230814 003 003
  0.00170000   0.00125122   0.98186493 0.0 227 20230815 003 003
  0.00000000   0.00268679   0.92374843 0.0 228 20230816 003 003
  0.00000000   0.00397656   0.85231876 0.0 229 20230817 003 003
  0.00000000   0.00641540   0.71065140 0.0 234 20230822 003 003
  0.00000000   0.00613789   0.72602320 0.0 237 20230825 003 003
  0.00000000   0.00588903   0.74005771 0.0 238 20230826 003 003
  0.00000000   0.00558034   0.75775975 0.0 239 20230827 003 003
  0.00000000   0.00520941   0.77938563 0.0 240 20230828 003 003
  0.00000000   0.00509218   0.78628355 0.0 241 20230829 003 003
  0.00000000   0.00526726   0.77599174 0.0 248 20230905 003 003
  0.00000000   0.00546883   0.76422447 0.0 249 20230906 003 003
  0.00000000   0.00552567   0.76092470 0.0 251 20230908 003 003
  0.00000000   0.00546962   0.76417875 0.0 252 20230909 003 003
  0.00048000   0.00589620   0.73965061 0.0 253 20230910 003 003
  0.00138000   0.00539614   0.76845652 0.0 257 20230914 003 003
  0.00222000   0.00482934   0.80182689 0.0 258 20230915 003 003
  0.00252000   0.00444405   0.82470059 0.0 259 20230916 003 003
  0.00456000   0.00380739   0.86219597 0.0 261 20230918 003 003
  0.00488000   0.00324054   0.89440334 0.0 262 20230919 003 003
  0.00592000   0.00275091   0.92049348 0.0 265 20230922 003 003
  0.00578000   0.00266010   0.92509085 0.0 266 20230923 003 003
  0.00558000   0.00278658   0.91866446 0.0 269 20230926 003 003
  0.00480000   0.00342104   0.88433224 0.0 275 20231002 003 003
  0.00332000   0.00327216   0.89265394 0.0 276 20231003 003 003
  0.00196000   0.00294351   0.91047442 0.0 277 20231004 003 003
  0.00036000   0.00291773   0.91183531 0.0 278 20231005 003 003
  0.00000000   0.00274729   0.92067808 0.0 279 20231006 003 003
  0.00000000   0.00281220   0.91734320 0.0 280 20231007 003 003
  0.00000000   0.00263832   0.92618078 0.0 282 20231009 003 003
  0.00000000   0.00267594   0.92429501 0.0 283 20231010 003 003
  0.00000000   0.00282362   0.91675228 0.0 285 20231012 003 003
  0.00000000   0.00282569   0.91664487 0.0 286 20231013 003 003
  0.00000000   0.00286321   0.91469395 0.0 287 20231014 003 003
  0.00000000   0.00289579   0.91298914 0.0 291 20231018 003 003
  0.00000000   0.00294518   0.91038615 0.0 292 20231019 003 003
  0.00000000   0.00306836   0.90380311 0.0 293 20231020 003 003
X
