 -0.00998000   0.00683470   0.82786530 0.0 158 20230607 001 001
 -0.00774000   0.00632744   0.84713244 0.0 164 20230613 001 001
 -0.00878000   0.00575280   0.86866379 0.0 165 20230614 001 001
 -0.01026000   0.00493986   0.89809215 0.0 172 20230621 001 001
 -0.01024000   0.00507750   0.89322430 0.0 173 20230622 001 001
 -0.01020000   0.00491635   0.89891809 0.0 174 20230623 001 001
 -0.01064000   0.00486247   0.90080452 0.0 177 20230626 001 001
 -0.01002000   0.00492665   0.89855647 0.0 178 20230627 001 001
 -0.01048000   0.00499383   0.89618993 0.0 179 20230628 001 001
 -0.01044000   0.00526326   0.88657218 0.0 181 20230630 001 001
 -0.01002000   0.00526616   0.88646787 0.0 184 20230703 001 001
 -0.00898000   0.00544970   0.87981123 0.0 185 20230704 001 001
 -0.00970000   0.00535258   0.88334310 0.0 187 20230706 001 001
 -0.01020000   0.00540581   0.88140982 0.0 188 20230707 001 001
 -0.01038000   0.00525133   0.88700205 0.0 189 20230708 001 001
 -0.01012000   0.00531402   0.88473964 0.0 190 20230709 001 001
 -0.01092000   0.00545392   0.87965709 0.0 191 20230710 001 001
 -0.01104000   0.00551749   0.87733346 0.0 192 20230711 001 001
 -0.01142000   0.00539911   0.88165379 0.0 193 20230712 001 001
 -0.01192000   0.00536749   0.88280231 0.0 194 20230713 001 001
 -0.01198000   0.00550067   0.87794912 0.0 195 20230714 001 001
 -0.01172000   0.00532104   0.88448566 0.0 196 20230715 001 001
 -0.01228000   0.00539399   0.88183969 0.0 198 20230717 001 001
 -0.01234000   0.00534980   0.88344395 0.0 199 20230718 001 001
 -0.01208000   0.00555219   0.87606180 0.0 200 20230719 001 001
 -0.01164000   0.00548180   0.87863904 0.0 201 20230720 001 001
 -0.01198000   0.00566521   0.87190300 0.0 202 20230721 001 001
 -0.01238000   0.00565190   0.87239391 0.0 203 20230722 001 001
 -0.01202000   0.00564404   0.87268370 0.0 204 20230723 001 001
 -0.01138000   0.00569492   0.87080574 0.0 205 20230724 001 001
 -0.01126000   0.00593187   0.86200178 0.0 206 20230725 001 001
 -0.01094000   0.00604696   0.85769498 0.0 207 20230726 001 001
 -0.01150000   0.00640245   0.84429431 0.0 209 20230728 001 001
 -0.01146000   0.00643691   0.84298891 0.0 210 20230729 001 001
 -0.01142000   0.00648203   0.84127820 0.0 211 20230730 001 001
 -0.01144000   0.00659172   0.83711368 0.0 212 20230731 001 001
 -0.01164000   0.00653813   0.83914942 0.0 213 20230801 001 001
 -0.01174000   0.00643354   0.84311652 0.0 214 20230802 001 001
 -0.01272000   0.00569718   0.87072229 0.0 224 20230812 001 001
 -0.01344000   0.00620167   0.85187930 0.0 226 20230814 001 001
 -0.01360000   0.00661823   0.83610594 0.0 227 20230815 001 001
 -0.01384000   0.00698491   0.82213753 0.0 228 20230816 001 001
 -0.01440000   0.00710437   0.81758016 0.0 229 20230817 001 001
 -0.01450000   0.00716605   0.81522638 0.0 230 20230818 001 001
 -0.01390000   0.00713642   0.81635720 0.0 231 20230819 001 001
 -0.01368000   0.00699563   0.82172877 0.0 233 20230821 001 001
 -0.01352000   0.00667759   0.83384818 0.0 234 20230822 001 001
 -0.01354000   0.00621547   0.85135943 0.0 237 20230825 001 001
 -0.01296000   0.00614648   0.85395730 0.0 238 20230826 001 001
 -0.01234000   0.00621691   0.85130531 0.0 240 20230828 001 001
 -0.01178000   0.00614837   0.85388619 0.0 241 20230829 001 001
 -0.01114000   0.00602903   0.85836703 0.0 242 20230830 001 001
 -0.01150000   0.00547479   0.87889534 0.0 243 20230831 001 001
 -0.01132000   0.00526971   0.88633966 0.0 244 20230901 001 001
 -0.01122000   0.00538972   0.88199508 0.0 245 20230902 001 001
 -0.01078000   0.00536002   0.88307327 0.0 250 20230907 001 001
 -0.01162000   0.00623555   0.85060239 0.0 251 20230908 001 001
 -0.01148000   0.00612360   0.85481769 0.0 252 20230909 001 001
 -0.01174000   0.00588598   0.86371368 0.0 254 20230911 001 001
 -0.01022000   0.00622004   0.85118699 0.0 256 20230913 001 001
 -0.00972000   0.00613225   0.85449249 0.0 257 20230914 001 001
 -0.00942000   0.00599878   0.85950029 0.0 258 20230915 001 001
 -0.00846000   0.00584333   0.86530185 0.0 259 20230916 001 001
 -0.00750000   0.00570370   0.87048095 0.0 261 20230918 001 001
 -0.00716000   0.00564882   0.87250751 0.0 262 20230919 001 001
 -0.00666000   0.00608995   0.85608208 0.0 263 20230920 001 001
 -0.00572000   0.00548656   0.87846518 0.0 264 20230921 001 001
 -0.00538000   0.00528343   0.88584489 0.0 266 20230923 001 001
 -0.00396000   0.00487047   0.90052497 0.0 267 20230924 001 001
 -0.00472000   0.00496444   0.89722681 0.0 268 20230925 001 001
 -0.00424000   0.00487824   0.90025330 0.0 269 20230926 001 001
 -0.00414000   0.00496928   0.89705616 0.0 270 20230927 001 001
 -0.00400000   0.00498932   0.89634925 0.0 271 20230928 001 001
 -0.00422000   0.00506405   0.89370203 0.0 272 20230929 001 001
 -0.00394000   0.00510115   0.89238238 0.0 273 20230930 001 001
 -0.00420000   0.00530746   0.88497663 0.0 274 20231001 001 001
 -0.00408000   0.00559087   0.87464124 0.0 283 20231010 001 001
 -0.00554000   0.00437123   0.91755283 0.0 286 20231013 001 001
 -0.00714000   0.00429368   0.92011422 0.0 292 20231019 001 001
 -0.00716000   0.00432111   0.91921097 0.0 293 20231020 001 001
 -0.00666000   0.00433806   0.91865140 0.0 295 20231022 001 001
 -0.00552000   0.00512143   0.89165932 0.0 296 20231023 001 001
 -0.00664000   0.00551648   0.87737077 0.0 297 20231024 001 001
 -0.00730000   0.00535965   0.88308674 0.0 298 20231025 001 001
 -0.00686000   0.00592629   0.86220992 0.0 300 20231027 001 001
 -0.00608000   0.00590130   0.86314261 0.0 301 20231028 001 001
 -0.00596000   0.00592044   0.86242849 0.0 303 20231030 001 001
 -0.00572000   0.00583946   0.86544597 0.0 304 20231031 001 001
 -0.00548000   0.00586442   0.86451703 0.0 305 20231101 001 001
 -0.00554000   0.00588091   0.86390251 0.0 306 20231102 001 001
 -0.00606000   0.00581698   0.86628157 0.0 307 20231103 001 001
 -0.00536000   0.00540096   0.88158649 0.0 311 20231107 001 001
 -0.00526000   0.00547369   0.87893540 0.0 312 20231108 001 001
 -0.00570000   0.00539315   0.88187033 0.0 313 20231109 001 001
 -0.00612000   0.00525515   0.88686478 0.0 314 20231110 001 001
 -0.00588000   0.00526727   0.88642782 0.0 315 20231111 001 001
 -0.00538000   0.00541567   0.88105118 0.0 317 20231113 001 001
 -0.00582000   0.00535141   0.88338566 0.0 318 20231114 001 001
 -0.00604000   0.00566455   0.87192726 0.0 319 20231115 001 001
 -0.00600000   0.00507922   0.89316291 0.0 321 20231117 001 001
 -0.00612000   0.00493936   0.89810979 0.0 322 20231118 001 001
 -0.00696000   0.00487630   0.90032113 0.0 324 20231120 001 001
X
