 -0.03596000   0.00999144   0.54414839 0.0 154 20230603 004 004
 -0.01930000   0.00361028   0.87357479 0.0 171 20230620 004 004
 -0.01860000   0.00345456   0.88244098 0.0 173 20230622 004 004
 -0.01824000   0.00327140   0.89269596 0.0 174 20230623 004 004
 -0.01758000   0.00321600   0.89575607 0.0 175 20230624 004 004
 -0.01710000   0.00328338   0.89203173 0.0 176 20230625 004 004
 -0.01668000   0.00329569   0.89134812 0.0 177 20230626 004 004
 -0.01704000   0.00325246   0.89374483 0.0 178 20230627 004 004
 -0.01714000   0.00330218   0.89098734 0.0 179 20230628 004 004
 -0.01696000   0.00331569   0.89023507 0.0 180 20230629 004 004
 -0.01678000   0.00335453   0.88806659 0.0 181 20230630 004 004
 -0.01654000   0.00337314   0.88702440 0.0 182 20230701 004 004
 -0.01628000   0.00334956   0.88834465 0.0 183 20230702 004 004
 -0.01590000   0.00333072   0.88939744 0.0 184 20230703 004 004
 -0.01566000   0.00337169   0.88710582 0.0 185 20230704 004 004
 -0.01524000   0.00339510   0.88579214 0.0 187 20230706 004 004
 -0.01510000   0.00341317   0.88477576 0.0 188 20230707 004 004
 -0.01504000   0.00342548   0.88408238 0.0 189 20230708 004 004
 -0.01466000   0.00343975   0.88327736 0.0 190 20230709 004 004
 -0.01416000   0.00341960   0.88441378 0.0 191 20230710 004 004
 -0.01386000   0.00334256   0.88873619 0.0 192 20230711 004 004
 -0.01364000   0.00334416   0.88864672 0.0 193 20230712 004 004
 -0.01352000   0.00328589   0.89189219 0.0 194 20230713 004 004
 -0.01332000   0.00326864   0.89284921 0.0 195 20230714 004 004
 -0.01322000   0.00327439   0.89253050 0.0 196 20230715 004 004
 -0.01304000   0.00320094   0.89658415 0.0 197 20230716 004 004
 -0.01292000   0.00313616   0.90012777 0.0 198 20230717 004 004
 -0.01260000   0.00315932   0.89886481 0.0 199 20230718 004 004
 -0.01216000   0.00317141   0.89820349 0.0 200 20230719 004 004
 -0.01184000   0.00319883   0.89670014 0.0 201 20230720 004 004
 -0.01128000   0.00314936   0.89940846 0.0 202 20230721 004 004
 -0.01106000   0.00308809   0.90273744 0.0 203 20230722 004 004
 -0.01060000   0.00301514   0.90666294 0.0 204 20230723 004 004
 -0.01016000   0.00297224   0.90895104 0.0 205 20230724 004 004
 -0.00994000   0.00291559   0.91194832 0.0 206 20230725 004 004
 -0.00958000   0.00283585   0.91611826 0.0 207 20230726 004 004
 -0.00946000   0.00275617   0.92022443 0.0 208 20230727 004 004
 -0.00924000   0.00283149   0.91634417 0.0 209 20230728 004 004
 -0.00862000   0.00290201   0.91266239 0.0 210 20230729 004 004
 -0.00760000   0.00284384   0.91570294 0.0 211 20230730 004 004
 -0.00700000   0.00281473   0.91721249 0.0 212 20230731 004 004
 -0.00652000   0.00273139   0.92148900 0.0 213 20230801 004 004
 -0.00608000   0.00264008   0.92609274 0.0 214 20230802 004 004
 -0.00658000   0.00259613   0.92827696 0.0 215 20230803 004 004
 -0.00724000   0.00259288   0.92843717 0.0 216 20230804 004 004
 -0.00752000   0.00267807   0.92418808 0.0 217 20230805 004 004
 -0.00722000   0.00262919   0.92663586 0.0 224 20230812 004 004
 -0.00748000   0.00235492   0.93986416 0.0 225 20230813 004 004
 -0.00736000   0.00217769   0.94790733 0.0 226 20230814 004 004
 -0.00688000   0.00209462   0.95152694 0.0 227 20230815 004 004
 -0.00536000   0.00197251   0.95666254 0.0 228 20230816 004 004
 -0.00308000   0.00194530   0.95777583 0.0 229 20230817 004 004
  0.00410000   0.00172141   0.96648115 0.0 230 20230818 004 004
  0.00466000   0.00163783   0.96951336 0.0 231 20230819 004 004
  0.00538000   0.00163041   0.96977675 0.0 232 20230820 004 004
  0.00602000   0.00159399   0.97105461 0.0 233 20230821 004 004
  0.00578000   0.00157392   0.97174829 0.0 234 20230822 004 004
  0.00556000   0.00159314   0.97108394 0.0 235 20230823 004 004
  0.00526000   0.00159421   0.97104681 0.0 236 20230824 004 004
  0.00578000   0.00156409   0.97208560 0.0 237 20230825 004 004
  0.00556000   0.00161783   0.97022080 0.0 238 20230826 004 004
  0.00604000   0.00161784   0.97022051 0.0 239 20230827 004 004
  0.00618000   0.00164265   0.96934181 0.0 240 20230828 004 004
  0.00652000   0.00167361   0.96823043 0.0 241 20230829 004 004
  0.00668000   0.00170714   0.96700764 0.0 242 20230830 004 004
  0.00694000   0.00182250   0.96265310 0.0 243 20230831 004 004
  0.00696000   0.00192994   0.95839947 0.0 244 20230901 004 004
  0.00680000   0.00193401   0.95823443 0.0 245 20230902 004 004
  0.00658000   0.00191307   0.95907938 0.0 246 20230903 004 004
  0.00706000   0.00193276   0.95828515 0.0 247 20230904 004 004
  0.00652000   0.00191624   0.95895207 0.0 248 20230905 004 004
  0.00614000   0.00177617   0.96442896 0.0 249 20230906 004 004
  0.00538000   0.00176631   0.96480238 0.0 250 20230907 004 004
  0.00520000   0.00179961   0.96353519 0.0 251 20230908 004 004
  0.00482000   0.00186390   0.96103609 0.0 252 20230909 004 004
  0.00402000   0.00191947   0.95882189 0.0 253 20230910 004 004
  0.00354000   0.00195173   0.95751387 0.0 254 20230911 004 004
  0.00276000   0.00186853   0.96085364 0.0 256 20230913 004 004
  0.00232000   0.00183479   0.96217602 0.0 257 20230914 004 004
  0.00208000   0.00191242   0.95910579 0.0 258 20230915 004 004
  0.00112000   0.00199292   0.95582008 0.0 259 20230916 004 004
  0.00070000   0.00210470   0.95109332 0.0 260 20230917 004 004
  0.00174000   0.00224247   0.94501686 0.0 261 20230918 004 004
  0.00260000   0.00240780   0.93738431 0.0 262 20230919 004 004
  0.00322000   0.00249437   0.93324983 0.0 263 20230920 004 004
  0.00334000   0.00262024   0.92708147 0.0 264 20230921 004 004
  0.00352000   0.00264218   0.92598778 0.0 265 20230922 004 004
  0.00368000   0.00267572   0.92430621 0.0 266 20230923 004 004
  0.00390000   0.00260994   0.92759293 0.0 267 20230924 004 004
  0.00398000   0.00259298   0.92843229 0.0 268 20230925 004 004
  0.00388000   0.00255778   0.93016511 0.0 269 20230926 004 004
  0.00382000   0.00259418   0.92837340 0.0 270 20230927 004 004
  0.00346000   0.00265708   0.92524242 0.0 271 20230928 004 004
  0.00382000   0.00274714   0.92068589 0.0 272 20230929 004 004
  0.00426000   0.00283528   0.91614759 0.0 273 20230930 004 004
  0.00468000   0.00287959   0.91383773 0.0 274 20231001 004 004
  0.00430000   0.00280484   0.91772336 0.0 275 20231002 004 004
  0.00412000   0.00265112   0.92554092 0.0 276 20231003 004 004
  0.00452000   0.00247460   0.93420196 0.0 277 20231004 004 004
  0.00422000   0.00239269   0.93809688 0.0 278 20231005 004 004
  0.00440000   0.00230751   0.94205707 0.0 279 20231006 004 004
  0.00448000   0.00231311   0.94179952 0.0 280 20231007 004 004
  0.00482000   0.00213641   0.94971836 0.0 281 20231008 004 004
  0.00490000   0.00204356   0.95370173 0.0 282 20231009 004 004
  0.00532000   0.00195971   0.95718783 0.0 283 20231010 004 004
  0.00546000   0.00182693   0.96248138 0.0 284 20231011 004 004
  0.00556000   0.00162306   0.97003633 0.0 285 20231012 004 004
  0.00430000   0.00145382   0.97574574 0.0 286 20231013 004 004
  0.00354000   0.00132032   0.97986823 0.0 287 20231014 004 004
  0.00392000   0.00138865   0.97780138 0.0 290 20231017 004 004
  0.00394000   0.00141949   0.97683877 0.0 291 20231018 004 004
  0.00430000   0.00148523   0.97472626 0.0 292 20231019 004 004
  0.00418000   0.00164436   0.96928084 0.0 293 20231020 004 004
  0.00412000   0.00197717   0.95647085 0.0 294 20231021 004 004
  0.00470000   0.00245999   0.93490285 0.0 295 20231022 004 004
  0.00462000   0.00290401   0.91255742 0.0 296 20231023 004 004
  0.00498000   0.00336426   0.88752204 0.0 297 20231024 004 004
  0.00562000   0.00387027   0.85853493 0.0 298 20231025 004 004
  0.00716000   0.00442008   0.82612324 0.0 299 20231026 004 004
  0.00730000   0.00493459   0.79559207 0.0 300 20231027 004 004
  0.00724000   0.00509650   0.78602946 0.0 301 20231028 004 004
  0.00762000   0.00532013   0.77289575 0.0 302 20231029 004 004
  0.00768000   0.00602227   0.73251575 0.0 303 20231030 004 004
  0.00818000   0.00668662   0.69593638 0.0 304 20231031 004 004
  0.00822000   0.00696657   0.68108618 0.0 305 20231101 004 004
  0.00862000   0.00700432   0.67911065 0.0 306 20231102 004 004
  0.00886000   0.00671069   0.69464576 0.0 307 20231103 004 004
  0.00906000   0.00646654   0.70785326 0.0 308 20231104 004 004
  0.00942000   0.00656953   0.70225072 0.0 309 20231105 004 004
  0.00932000   0.00667543   0.69653749 0.0 310 20231106 004 004
  0.00908000   0.00664727   0.69805187 0.0 311 20231107 004 004
  0.00898000   0.00652868   0.70446712 0.0 312 20231108 004 004
  0.00968000   0.00649361   0.70637625 0.0 313 20231109 004 004
  0.01008000   0.00639384   0.71183497 0.0 314 20231110 004 004
  0.01010000   0.00631041   0.71643090 0.0 315 20231111 004 004
  0.01046000   0.00634542   0.71449900 0.0 316 20231112 004 004
  0.01054000   0.00625012   0.71976960 0.0 317 20231113 004 004
  0.01094000   0.00635568   0.71393335 0.0 318 20231114 004 004
  0.01080000   0.00646388   0.70799845 0.0 319 20231115 004 004
  0.01030000   0.00633270   0.71520013 0.0 320 20231116 004 004
  0.00940000   0.00616236   0.72465557 0.0 321 20231117 004 004
  0.00884000   0.00591470   0.73860013 0.0 322 20231118 004 004
  0.00902000   0.00588214   0.74044967 0.0 323 20231119 004 004
  0.00864000   0.00611125   0.72751474 0.0 324 20231120 004 004
X
