 -0.02126000   0.00574109   0.74850351 0.0 166 20230615 006 006
 -0.01716000   0.00365581   0.87096059 0.0 174 20230623 006 006
 -0.01428000   0.00292944   0.91121793 0.0 176 20230625 006 006
 -0.01190000   0.00253645   0.93120801 0.0 177 20230626 006 006
 -0.00770000   0.00224240   0.94501984 0.0 180 20230629 006 006
 -0.00690000   0.00226403   0.94404185 0.0 182 20230701 006 006
 -0.00554000   0.00223303   0.94544148 0.0 183 20230702 006 006
 -0.00636000   0.00210745   0.95097446 0.0 184 20230703 006 006
 -0.00838000   0.00217908   0.94784582 0.0 185 20230704 006 006
 -0.00816000   0.00246225   0.93479466 0.0 187 20230706 006 006
 -0.00928000   0.00253498   0.93127942 0.0 188 20230707 006 006
 -0.01010000   0.00270913   0.92261934 0.0 189 20230708 006 006
 -0.01094000   0.00278534   0.91872865 0.0 191 20230710 006 006
 -0.01268000   0.00283355   0.91623741 0.0 193 20230712 006 006
 -0.01228000   0.00276028   0.92001450 0.0 194 20230713 006 006
 -0.01122000   0.00267088   0.92454952 0.0 195 20230714 006 006
 -0.01096000   0.00253159   0.93144500 0.0 196 20230715 006 006
 -0.00862000   0.00251058   0.93246579 0.0 197 20230716 006 006
 -0.00594000   0.00239690   0.93789864 0.0 198 20230717 006 006
 -0.00354000   0.00232843   0.94109315 0.0 200 20230719 006 006
  0.00000000   0.00229355   0.94269687 0.0 202 20230721 006 006
  0.00000000   0.00222520   0.94579297 0.0 203 20230722 006 006
  0.00000000   0.00241680   0.93695915 0.0 205 20230724 006 006
  0.00000000   0.00256185   0.92996538 0.0 209 20230728 006 006
  0.00000000   0.00235010   0.94008839 0.0 210 20230729 006 006
  0.00000000   0.00234323   0.94040781 0.0 211 20230730 006 006
  0.00028000   0.00234556   0.94029963 0.0 212 20230731 006 006
  0.00208000   0.00248748   0.93358260 0.0 213 20230801 006 006
  0.00336000   0.00253030   0.93150771 0.0 214 20230802 006 006
 -0.00848000   0.00351111   0.87923515 0.0 229 20230817 006 006
 -0.00946000   0.00305214   0.90467739 0.0 230 20230818 006 006
 -0.00784000   0.00297173   0.90897799 0.0 231 20230819 006 006
 -0.00720000   0.00279778   0.91808766 0.0 232 20230820 006 006
 -0.00722000   0.00272978   0.92157054 0.0 234 20230822 006 006
 -0.00842000   0.00254812   0.93063772 0.0 236 20230824 006 006
 -0.00838000   0.00256702   0.92971170 0.0 237 20230825 006 006
 -0.00638000   0.00244308   0.93571079 0.0 238 20230826 006 006
 -0.00518000   0.00240647   0.93744749 0.0 239 20230827 006 006
 -0.00512000   0.00236216   0.93952703 0.0 240 20230828 006 006
 -0.00488000   0.00237105   0.93911159 0.0 241 20230829 006 006
 -0.00510000   0.00230481   0.94218117 0.0 242 20230830 006 006
 -0.00466000   0.00230723   0.94207001 0.0 243 20230831 006 006
 -0.00460000   0.00230909   0.94198453 0.0 244 20230901 006 006
 -0.00400000   0.00225734   0.94434524 0.0 245 20230902 006 006
 -0.00334000   0.00225091   0.94463605 0.0 246 20230903 006 006
 -0.00210000   0.00180107   0.96347910 0.0 256 20230913 006 006
 -0.00260000   0.00135000   0.97898173 0.0 257 20230914 006 006
 -0.00390000   0.00161258   0.97040534 0.0 258 20230915 006 006
 -0.00420000   0.00183484   0.96217418 0.0 259 20230916 006 006
 -0.00408000   0.00197212   0.95667869 0.0 261 20230918 006 006
 -0.00418000   0.00187165   0.96073049 0.0 262 20230919 006 006
 -0.00432000   0.00184276   0.96186537 0.0 263 20230920 006 006
  0.00000000   0.00412836   0.84339076 0.0 280 20231007 006 006
 -0.00230000   0.00271314   0.92241591 0.0 282 20231009 006 006
  0.00000000   0.00246992   0.93442667 0.0 283 20231010 006 006
  0.00542000   0.00229689   0.94254416 0.0 293 20231020 006 006
  0.00802000   0.00208131   0.95209783 0.0 294 20231021 006 006
  0.01048000   0.00205484   0.95322478 0.0 296 20231023 006 006
  0.00942000   0.00180144   0.96346480 0.0 297 20231024 006 006
  0.00838000   0.00181306   0.96301812 0.0 298 20231025 006 006
  0.00902000   0.00207239   0.95247847 0.0 300 20231027 006 006
  0.00908000   0.00205435   0.95324552 0.0 301 20231028 006 006
  0.00986000   0.00211601   0.95060468 0.0 302 20231029 006 006
  0.00998000   0.00214349   0.94940966 0.0 303 20231030 006 006
  0.00920000   0.00218805   0.94744891 0.0 304 20231031 006 006
  0.00838000   0.00215900   0.94873029 0.0 305 20231101 006 006
  0.00826000   0.00205111   0.95338279 0.0 306 20231102 006 006
  0.00776000   0.00206922   0.95261395 0.0 308 20231104 006 006
  0.00824000   0.00212071   0.95040077 0.0 312 20231108 006 006
  0.00770000   0.00196809   0.95684415 0.0 313 20231109 006 006
  0.00826000   0.00196681   0.95689690 0.0 314 20231110 006 006
  0.00790000   0.00189982   0.95961082 0.0 315 20231111 006 006
  0.00776000   0.00191718   0.95891428 0.0 316 20231112 006 006
  0.00858000   0.00204390   0.95368773 0.0 317 20231113 006 006
  0.00900000   0.00219726   0.94704020 0.0 318 20231114 006 006
  0.00882000   0.00235847   0.93969876 0.0 319 20231115 006 006
X
