 -0.01580000   0.00591848   0.86250156 0.0 156 20230605 003 003
 -0.01572000   0.00567353   0.87159592 0.0 157 20230606 003 003
 -0.01534000   0.00569732   0.87071699 0.0 158 20230607 003 003
 -0.01524000   0.00572292   0.86977017 0.0 159 20230608 003 003
 -0.01542000   0.00581965   0.86618239 0.0 160 20230609 003 003
 -0.01548000   0.00598689   0.85994518 0.0 161 20230610 003 003
 -0.01538000   0.00601709   0.85881454 0.0 163 20230612 003 003
 -0.01522000   0.00588048   0.86391866 0.0 164 20230613 003 003
 -0.01518000   0.00592929   0.86209786 0.0 165 20230614 003 003
 -0.01512000   0.00593720   0.86180276 0.0 166 20230615 003 003
 -0.01496000   0.00583677   0.86554587 0.0 167 20230616 003 003
 -0.01474000   0.00607238   0.85674149 0.0 170 20230619 003 003
 -0.01452000   0.00603874   0.85800308 0.0 173 20230622 003 003
 -0.01426000   0.00594102   0.86166000 0.0 174 20230623 003 003
 -0.01420000   0.00586623   0.86444932 0.0 176 20230625 003 003
 -0.01402000   0.00610393   0.85555673 0.0 177 20230626 003 003
 -0.01374000   0.00603272   0.85822886 0.0 178 20230627 003 003
 -0.01374000   0.00577125   0.86797965 0.0 179 20230628 003 003
 -0.01378000   0.00570897   0.87028629 0.0 180 20230629 003 003
 -0.01370000   0.00570770   0.87033337 0.0 181 20230630 003 003
 -0.01366000   0.00573140   0.86945617 0.0 182 20230701 003 003
 -0.01348000   0.00557292   0.87530082 0.0 184 20230703 003 003
 -0.01368000   0.00559932   0.87433046 0.0 185 20230704 003 003
 -0.01384000   0.00551148   0.87755370 0.0 187 20230706 003 003
 -0.01388000   0.00546599   0.87921655 0.0 188 20230707 003 003
 -0.01412000   0.00528090   0.88593620 0.0 191 20230710 003 003
 -0.01406000   0.00552767   0.87696075 0.0 192 20230711 003 003
 -0.01422000   0.00554657   0.87626803 0.0 193 20230712 003 003
 -0.01436000   0.00544245   0.88007540 0.0 194 20230713 003 003
 -0.01462000   0.00535028   0.88342667 0.0 195 20230714 003 003
 -0.01466000   0.00526626   0.88646406 0.0 198 20230717 003 003
 -0.01470000   0.00528133   0.88592058 0.0 199 20230718 003 003
 -0.01444000   0.00534742   0.88353032 0.0 200 20230719 003 003
 -0.01466000   0.00532354   0.88439524 0.0 201 20230720 003 003
 -0.01458000   0.00529532   0.88541549 0.0 202 20230721 003 003
 -0.01458000   0.00517564   0.88972116 0.0 205 20230724 003 003
 -0.01458000   0.00519125   0.88916165 0.0 206 20230725 003 003
 -0.01464000   0.00526559   0.88648832 0.0 207 20230726 003 003
 -0.01448000   0.00542260   0.88079882 0.0 208 20230727 003 003
 -0.01464000   0.00545393   0.87965679 0.0 209 20230728 003 003
 -0.01460000   0.00535188   0.88336837 0.0 210 20230729 003 003
 -0.01472000   0.00532602   0.88430542 0.0 212 20230731 003 003
 -0.01468000   0.00544757   0.87988871 0.0 213 20230801 003 003
 -0.01444000   0.00544791   0.87987643 0.0 214 20230802 003 003
 -0.01374000   0.00586996   0.86431062 0.0 224 20230812 003 003
 -0.01296000   0.00573979   0.86914575 0.0 225 20230813 003 003
 -0.01302000   0.00548235   0.87861896 0.0 226 20230814 003 003
 -0.01262000   0.00550997   0.87760901 0.0 227 20230815 003 003
 -0.01248000   0.00570473   0.87044317 0.0 228 20230816 003 003
 -0.01232000   0.00570759   0.87033743 0.0 229 20230817 003 003
 -0.01202000   0.00571197   0.87017518 0.0 230 20230818 003 003
 -0.01198000   0.00570817   0.87031567 0.0 231 20230819 003 003
 -0.01198000   0.00564488   0.87265265 0.0 233 20230821 003 003
 -0.01194000   0.00566524   0.87190193 0.0 234 20230822 003 003
 -0.01206000   0.00559211   0.87459546 0.0 235 20230823 003 003
 -0.01220000   0.00547858   0.87875694 0.0 236 20230824 003 003
 -0.01218000   0.00539355   0.88185591 0.0 237 20230825 003 003
 -0.01208000   0.00541662   0.88101661 0.0 239 20230827 003 003
 -0.01208000   0.00548114   0.87866342 0.0 240 20230828 003 003
 -0.01218000   0.00532606   0.88430375 0.0 241 20230829 003 003
 -0.01246000   0.00522566   0.88792592 0.0 242 20230830 003 003
 -0.01278000   0.00520524   0.88865942 0.0 243 20230831 003 003
 -0.01296000   0.00510034   0.89241111 0.0 244 20230901 003 003
 -0.01300000   0.00510856   0.89211833 0.0 246 20230903 003 003
 -0.01318000   0.00510318   0.89231014 0.0 247 20230904 003 003
 -0.01310000   0.00515145   0.89058703 0.0 248 20230905 003 003
 -0.01310000   0.00529892   0.88528556 0.0 249 20230906 003 003
 -0.01308000   0.00524685   0.88716358 0.0 250 20230907 003 003
 -0.01304000   0.00529097   0.88557273 0.0 251 20230908 003 003
 -0.01292000   0.00529104   0.88556999 0.0 252 20230909 003 003
 -0.01276000   0.00530729   0.88498276 0.0 253 20230910 003 003
 -0.01278000   0.00531128   0.88483876 0.0 254 20230911 003 003
 -0.01258000   0.00526530   0.88649893 0.0 256 20230913 003 003
 -0.01266000   0.00526611   0.88646966 0.0 257 20230914 003 003
 -0.01270000   0.00516540   0.89008766 0.0 258 20230915 003 003
 -0.01280000   0.00518727   0.88930416 0.0 259 20230916 003 003
 -0.01288000   0.00512562   0.89150977 0.0 260 20230917 003 003
 -0.01302000   0.00504282   0.89445585 0.0 261 20230918 003 003
 -0.01302000   0.00504600   0.89434284 0.0 262 20230919 003 003
 -0.01314000   0.00514149   0.89094311 0.0 263 20230920 003 003
 -0.01324000   0.00507911   0.89316678 0.0 264 20230921 003 003
 -0.01356000   0.00512800   0.89142483 0.0 265 20230922 003 003
 -0.01374000   0.00512278   0.89161116 0.0 266 20230923 003 003
 -0.01352000   0.00513549   0.89115745 0.0 267 20230924 003 003
 -0.01360000   0.00506746   0.89358109 0.0 268 20230925 003 003
 -0.01356000   0.00507168   0.89343113 0.0 269 20230926 003 003
 -0.01342000   0.00506976   0.89349931 0.0 270 20230927 003 003
 -0.01348000   0.00514264   0.89090174 0.0 271 20230928 003 003
 -0.01348000   0.00512862   0.89140254 0.0 272 20230929 003 003
 -0.01342000   0.00512496   0.89153326 0.0 273 20230930 003 003
 -0.01336000   0.00519649   0.88897353 0.0 274 20231001 003 003
 -0.01354000   0.00528366   0.88583660 0.0 275 20231002 003 003
 -0.01370000   0.00518911   0.88923812 0.0 276 20231003 003 003
 -0.01362000   0.00518904   0.88924092 0.0 277 20231004 003 003
 -0.01362000   0.00525379   0.88691354 0.0 278 20231005 003 003
 -0.01398000   0.00521226   0.88840759 0.0 279 20231006 003 003
 -0.01418000   0.00527431   0.88617390 0.0 280 20231007 003 003
 -0.01408000   0.00533202   0.88408798 0.0 282 20231009 003 003
 -0.01414000   0.00532376   0.88438720 0.0 283 20231010 003 003
 -0.01436000   0.00523793   0.88748467 0.0 285 20231012 003 003
 -0.01446000   0.00521610   0.88826942 0.0 286 20231013 003 003
 -0.01464000   0.00522171   0.88806778 0.0 287 20231014 003 003
 -0.01452000   0.00500620   0.89575261 0.0 291 20231018 003 003
 -0.01438000   0.00515367   0.89050746 0.0 292 20231019 003 003
 -0.01462000   0.00526367   0.88655764 0.0 293 20231020 003 003
 -0.01542000   0.00577094   0.86799115 0.0 297 20231024 003 003
 -0.01572000   0.00603189   0.85826010 0.0 298 20231025 003 003
 -0.01604000   0.00666189   0.83444566 0.0 300 20231027 003 003
 -0.01636000   0.00685020   0.82727462 0.0 301 20231028 003 003
 -0.01656000   0.00690790   0.82507479 0.0 303 20231030 003 003
 -0.01676000   0.00724791   0.81210315 0.0 304 20231031 003 003
 -0.01692000   0.00741321   0.80579907 0.0 305 20231101 003 003
 -0.01682000   0.00754946   0.80060828 0.0 306 20231102 003 003
 -0.01686000   0.00759946   0.79870522 0.0 307 20231103 003 003
 -0.01690000   0.00768046   0.79562426 0.0 312 20231108 003 003
 -0.01702000   0.00768063   0.79561794 0.0 313 20231109 003 003
 -0.01686000   0.00759350   0.79893208 0.0 314 20231110 003 003
 -0.01702000   0.00767499   0.79583234 0.0 315 20231111 003 003
 -0.01700000   0.00767759   0.79573327 0.0 317 20231113 003 003
 -0.01742000   0.00769266   0.79516053 0.0 319 20231115 003 003
 -0.01730000   0.00730406   0.80996138 0.0 321 20231117 003 003
X
