 -0.01030000   0.00231772   0.94158715 0.0 163 20230612 005 005
 -0.01042000   0.00241196   0.93718785 0.0 164 20230613 005 005
 -0.01096000   0.00233099   0.94097453 0.0 165 20230614 005 005
 -0.01120000   0.00247536   0.93416572 0.0 166 20230615 005 005
 -0.01140000   0.00254961   0.93056482 0.0 167 20230616 005 005
 -0.01136000   0.00258884   0.92863697 0.0 168 20230617 005 005
 -0.01100000   0.00268422   0.92387819 0.0 169 20230618 005 005
 -0.01080000   0.00273349   0.92138213 0.0 170 20230619 005 005
 -0.01036000   0.00266663   0.92476320 0.0 171 20230620 005 005
 -0.01028000   0.00266502   0.92484397 0.0 172 20230621 005 005
 -0.01032000   0.00266755   0.92471707 0.0 173 20230622 005 005
 -0.01030000   0.00267458   0.92436349 0.0 174 20230623 005 005
 -0.01024000   0.00270771   0.92269135 0.0 175 20230624 005 005
 -0.01016000   0.00281423   0.91723824 0.0 176 20230625 005 005
 -0.01006000   0.00283379   0.91622508 0.0 177 20230626 005 005
 -0.00984000   0.00284446   0.91567051 0.0 178 20230627 005 005
 -0.00954000   0.00279705   0.91812527 0.0 179 20230628 005 005
 -0.00914000   0.00277399   0.91931140 0.0 180 20230629 005 005
 -0.00896000   0.00276638   0.91970205 0.0 181 20230630 005 005
 -0.00884000   0.00274040   0.92102987 0.0 182 20230701 005 005
 -0.00844000   0.00274234   0.92093086 0.0 183 20230702 005 005
 -0.00836000   0.00276756   0.91964120 0.0 184 20230703 005 005
 -0.00790000   0.00275467   0.92030102 0.0 185 20230704 005 005
 -0.00714000   0.00265805   0.92519373 0.0 187 20230706 005 005
 -0.00682000   0.00252945   0.93154883 0.0 188 20230707 005 005
 -0.00636000   0.00238974   0.93823528 0.0 189 20230708 005 005
 -0.00590000   0.00234053   0.94053268 0.0 190 20230709 005 005
 -0.00550000   0.00227606   0.94349527 0.0 191 20230710 005 005
 -0.00516000   0.00218988   0.94736761 0.0 192 20230711 005 005
 -0.00490000   0.00210230   0.95119661 0.0 193 20230712 005 005
 -0.00468000   0.00201101   0.95506793 0.0 194 20230713 005 005
 -0.00464000   0.00192624   0.95854902 0.0 195 20230714 005 005
 -0.00468000   0.00184172   0.96190596 0.0 196 20230715 005 005
 -0.00456000   0.00176929   0.96468985 0.0 197 20230716 005 005
 -0.00460000   0.00168322   0.96788210 0.0 198 20230717 005 005
 -0.00420000   0.00166616   0.96849930 0.0 199 20230718 005 005
 -0.00406000   0.00162579   0.96993995 0.0 200 20230719 005 005
 -0.00374000   0.00159179   0.97113085 0.0 201 20230720 005 005
 -0.00346000   0.00162274   0.97004783 0.0 202 20230721 005 005
 -0.00310000   0.00160927   0.97052115 0.0 203 20230722 005 005
 -0.00266000   0.00156993   0.97188562 0.0 204 20230723 005 005
 -0.00228000   0.00155478   0.97240317 0.0 205 20230724 005 005
 -0.00186000   0.00155036   0.97255349 0.0 206 20230725 005 005
 -0.00142000   0.00156401   0.97208834 0.0 207 20230726 005 005
  0.00158000   0.00153021   0.97323424 0.0 208 20230727 005 005
  0.00162000   0.00153762   0.97298485 0.0 209 20230728 005 005
  0.00148000   0.00156328   0.97211319 0.0 210 20230729 005 005
  0.00166000   0.00156219   0.97215044 0.0 211 20230730 005 005
  0.00176000   0.00154728   0.97265804 0.0 212 20230731 005 005
  0.00162000   0.00155475   0.97240436 0.0 213 20230801 005 005
  0.00158000   0.00160210   0.97077209 0.0 214 20230802 005 005
  0.00100000   0.00156617   0.97201437 0.0 215 20230803 005 005
  0.00034000   0.00155692   0.97233039 0.0 216 20230804 005 005
  0.00048000   0.00156824   0.97194344 0.0 217 20230805 005 005
 -0.00042000   0.00142906   0.97653645 0.0 224 20230812 005 005
 -0.00042000   0.00128060   0.98102754 0.0 225 20230813 005 005
 -0.00014000   0.00107978   0.98640019 0.0 226 20230814 005 005
  0.00000000   0.00092375   0.98999220 0.0 227 20230815 005 005
  0.00078000   0.00090054   0.99048162 0.0 228 20230816 005 005
  0.00256000   0.00097645   0.98883724 0.0 229 20230817 005 005
  0.00306000   0.00120902   0.98303723 0.0 230 20230818 005 005
  0.00276000   0.00125508   0.98175585 0.0 231 20230819 005 005
  0.00226000   0.00129106   0.98072535 0.0 232 20230820 005 005
  0.00204000   0.00134111   0.97924912 0.0 233 20230821 005 005
  0.00226000   0.00132598   0.97970074 0.0 234 20230822 005 005
  0.00212000   0.00127960   0.98105657 0.0 235 20230823 005 005
  0.00212000   0.00125694   0.98170340 0.0 236 20230824 005 005
  0.00248000   0.00126138   0.98157740 0.0 237 20230825 005 005
  0.00266000   0.00124764   0.98196584 0.0 238 20230826 005 005
  0.00248000   0.00122403   0.98262441 0.0 239 20230827 005 005
  0.00238000   0.00125301   0.98181444 0.0 240 20230828 005 005
  0.00256000   0.00127716   0.98112667 0.0 241 20230829 005 005
  0.00250000   0.00128094   0.98101789 0.0 242 20230830 005 005
  0.00260000   0.00135139   0.97893995 0.0 243 20230831 005 005
  0.00300000   0.00136806   0.97843373 0.0 244 20230901 005 005
  0.00364000   0.00137694   0.97816193 0.0 245 20230902 005 005
  0.00424000   0.00138178   0.97801334 0.0 246 20230903 005 005
  0.00408000   0.00137981   0.97807389 0.0 248 20230905 005 005
  0.00396000   0.00139189   0.97770107 0.0 249 20230906 005 005
  0.00376000   0.00147433   0.97508234 0.0 250 20230907 005 005
  0.00360000   0.00153347   0.97312468 0.0 251 20230908 005 005
  0.00350000   0.00160201   0.97077525 0.0 252 20230909 005 005
  0.00338000   0.00163765   0.96951997 0.0 253 20230910 005 005
  0.00350000   0.00163377   0.96965754 0.0 254 20230911 005 005
  0.00360000   0.00160069   0.97082108 0.0 256 20230913 005 005
  0.00386000   0.00159864   0.97089267 0.0 257 20230914 005 005
  0.00406000   0.00163337   0.96967185 0.0 258 20230915 005 005
  0.00400000   0.00165405   0.96893466 0.0 259 20230916 005 005
  0.00460000   0.00172445   0.96636879 0.0 260 20230917 005 005
  0.00538000   0.00185371   0.96143687 0.0 261 20230918 005 005
  0.00582000   0.00192940   0.95842129 0.0 262 20230919 005 005
  0.00618000   0.00193834   0.95805889 0.0 263 20230920 005 005
  0.00684000   0.00201972   0.95470387 0.0 266 20230923 005 005
  0.00642000   0.00210433   0.95110905 0.0 268 20230925 005 005
  0.00636000   0.00205933   0.95303446 0.0 269 20230926 005 005
  0.00222000   0.00152761   0.97332144 0.0 277 20231004 005 005
  0.00232000   0.00138220   0.97800052 0.0 278 20231005 005 005
  0.00310000   0.00139188   0.97770143 0.0 279 20231006 005 005
  0.00302000   0.00137995   0.97806948 0.0 280 20231007 005 005
  0.00232000   0.00154466   0.97274703 0.0 281 20231008 005 005
  0.00172000   0.00173549   0.96595865 0.0 282 20231009 005 005
  0.00204000   0.00169108   0.96759588 0.0 283 20231010 005 005
  0.00174000   0.00168186   0.96793133 0.0 284 20231011 005 005
  0.00058000   0.00167720   0.96810031 0.0 285 20231012 005 005
  0.00022000   0.00166045   0.96870512 0.0 286 20231013 005 005
  0.00034000   0.00167471   0.96819055 0.0 287 20231014 005 005
  0.00000000   0.00166917   0.96839070 0.0 288 20231015 005 005
  0.00000000   0.00156104   0.97218978 0.0 290 20231017 005 005
  0.00000000   0.00155872   0.97226906 0.0 291 20231018 005 005
  0.00000000   0.00151759   0.97365665 0.0 292 20231019 005 005
  0.00000000   0.00149197   0.97450513 0.0 293 20231020 005 005
 -0.00010000   0.00151556   0.97372448 0.0 294 20231021 005 005
 -0.00156000   0.00158333   0.97142404 0.0 296 20231023 005 005
 -0.00200000   0.00161736   0.97023737 0.0 297 20231024 005 005
 -0.00126000   0.00163558   0.96959352 0.0 298 20231025 005 005
 -0.00146000   0.00176844   0.96472186 0.0 299 20231026 005 005
 -0.00192000   0.00191506   0.95899963 0.0 300 20231027 005 005
 -0.00234000   0.00210668   0.95100790 0.0 301 20231028 005 005
 -0.00206000   0.00243096   0.93628711 0.0 303 20231030 005 005
 -0.00238000   0.00262813   0.92668885 0.0 304 20231031 005 005
 -0.00268000   0.00279224   0.91837347 0.0 305 20231101 005 005
 -0.00286000   0.00285468   0.91513860 0.0 306 20231102 005 005
 -0.00268000   0.00277518   0.91925025 0.0 307 20231103 005 005
 -0.00278000   0.00282703   0.91657573 0.0 308 20231104 005 005
 -0.00288000   0.00296244   0.90947133 0.0 309 20231105 005 005
 -0.00282000   0.00299158   0.90792155 0.0 310 20231106 005 005
 -0.00294000   0.00300997   0.90693951 0.0 311 20231107 005 005
 -0.00274000   0.00295883   0.90966284 0.0 312 20231108 005 005
 -0.00266000   0.00296887   0.90913010 0.0 313 20231109 005 005
 -0.00260000   0.00295229   0.91000950 0.0 314 20231110 005 005
 -0.00258000   0.00301539   0.90664959 0.0 315 20231111 005 005
 -0.00256000   0.00307228   0.90359157 0.0 316 20231112 005 005
 -0.00264000   0.00307712   0.90333021 0.0 317 20231113 005 005
 -0.00298000   0.00311588   0.90123081 0.0 319 20231115 005 005
 -0.00366000   0.00302870   0.90593636 0.0 321 20231117 005 005
 -0.00378000   0.00298028   0.90852344 0.0 322 20231118 005 005
X
