 -0.01598000   0.01291529   0.61553711 0.0 158 20230607 001 001
 -0.01620000   0.01234289   0.63280648 0.0 164 20230613 001 001
 -0.01556000   0.01271351   0.62155062 0.0 165 20230614 001 001
 -0.01422000   0.01299659   0.61313695 0.0 172 20230621 001 001
 -0.01462000   0.01210560   0.64015627 0.0 173 20230622 001 001
 -0.01466000   0.01176323   0.65095806 0.0 174 20230623 001 001
 -0.01444000   0.01208265   0.64087313 0.0 177 20230626 001 001
 -0.01446000   0.01121855   0.66861874 0.0 178 20230627 001 001
 -0.01422000   0.01118935   0.66958183 0.0 179 20230628 001 001
 -0.01368000   0.01133039   0.66494524 0.0 181 20230630 001 001
 -0.01318000   0.01158291   0.65674049 0.0 184 20230703 001 001
 -0.01324000   0.01129175   0.66621166 0.0 185 20230704 001 001
 -0.01298000   0.01126003   0.66725349 0.0 187 20230706 001 001
 -0.01318000   0.01089199   0.67948335 0.0 188 20230707 001 001
 -0.01278000   0.01076915   0.68362272 0.0 189 20230708 001 001
 -0.01252000   0.01010031   0.70664918 0.0 190 20230709 001 001
 -0.01238000   0.00996918   0.71125698 0.0 191 20230710 001 001
 -0.01232000   0.00987629   0.71453923 0.0 192 20230711 001 001
 -0.01246000   0.00988444   0.71425062 0.0 193 20230712 001 001
 -0.01270000   0.00980809   0.71695799 0.0 194 20230713 001 001
 -0.01254000   0.00966426   0.72208416 0.0 195 20230714 001 001
 -0.01238000   0.00971217   0.72037297 0.0 196 20230715 001 001
 -0.01272000   0.00954199   0.72646850 0.0 198 20230717 001 001
 -0.01266000   0.00963665   0.72307211 0.0 199 20230718 001 001
 -0.01212000   0.01009290   0.70690870 0.0 200 20230719 001 001
 -0.01206000   0.01019445   0.70335954 0.0 201 20230720 001 001
 -0.01184000   0.01057549   0.69020581 0.0 202 20230721 001 001
 -0.01170000   0.01080676   0.68235242 0.0 203 20230722 001 001
 -0.01132000   0.01066518   0.68714845 0.0 204 20230723 001 001
 -0.01100000   0.01044631   0.69463575 0.0 205 20230724 001 001
 -0.01078000   0.01040050   0.69621420 0.0 206 20230725 001 001
 -0.01072000   0.01058678   0.68982017 0.0 207 20230726 001 001
 -0.01068000   0.01097003   0.67686850 0.0 209 20230728 001 001
 -0.01088000   0.01075482   0.68410724 0.0 210 20230729 001 001
 -0.01068000   0.01056968   0.69040453 0.0 211 20230730 001 001
 -0.01036000   0.01076323   0.68382281 0.0 212 20230731 001 001
 -0.01044000   0.01070613   0.68575740 0.0 213 20230801 001 001
 -0.01032000   0.01121708   0.66866708 0.0 214 20230802 001 001
 -0.01006000   0.01470762   0.56560570 0.0 224 20230812 001 001
 -0.01292000   0.01505776   0.55656064 0.0 226 20230814 001 001
 -0.01088000   0.01245397   0.62940431 0.0 227 20230815 001 001
 -0.00910000   0.01307702   0.61077547 0.0 228 20230816 001 001
 -0.00860000   0.01344427   0.60015398 0.0 229 20230817 001 001
 -0.00966000   0.01340860   0.60117412 0.0 230 20230818 001 001
 -0.00904000   0.01399331   0.58476526 0.0 231 20230819 001 001
 -0.00884000   0.01381335   0.58974522 0.0 233 20230821 001 001
 -0.00948000   0.01406708   0.58274186 0.0 234 20230822 001 001
 -0.00892000   0.01359153   0.59596920 0.0 237 20230825 001 001
 -0.00894000   0.01371542   0.59248132 0.0 238 20230826 001 001
 -0.00870000   0.01384892   0.58875602 0.0 240 20230828 001 001
 -0.00888000   0.01321528   0.60674578 0.0 241 20230829 001 001
 -0.00898000   0.01285783   0.61724150 0.0 242 20230830 001 001
 -0.00840000   0.01356890   0.59660953 0.0 243 20230831 001 001
 -0.00910000   0.01263404   0.62394112 0.0 244 20230901 001 001
 -0.00942000   0.01217222   0.63808149 0.0 245 20230902 001 001
 -0.01018000   0.01195712   0.64481235 0.0 250 20230907 001 001
 -0.00996000   0.01112778   0.67161822 0.0 251 20230908 001 001
 -0.00960000   0.01109471   0.67271483 0.0 252 20230909 001 001
 -0.00944000   0.01134150   0.66458166 0.0 254 20230911 001 001
 -0.00980000   0.01013270   0.70551568 0.0 256 20230913 001 001
 -0.00966000   0.01165569   0.65439880 0.0 257 20230914 001 001
 -0.00898000   0.01204114   0.64217222 0.0 258 20230915 001 001
 -0.00914000   0.01205324   0.64179331 0.0 259 20230916 001 001
 -0.00924000   0.01205627   0.64169842 0.0 261 20230918 001 001
 -0.00896000   0.01249646   0.62810934 0.0 262 20230919 001 001
 -0.00878000   0.01315975   0.60835958 0.0 263 20230920 001 001
 -0.00898000   0.01414358   0.58065468 0.0 264 20230921 001 001
 -0.00984000   0.01391893   0.58681613 0.0 266 20230923 001 001
 -0.01014000   0.01374906   0.59153932 0.0 267 20230924 001 001
 -0.01024000   0.01392090   0.58676147 0.0 268 20230925 001 001
 -0.00970000   0.01444198   0.57261884 0.0 269 20230926 001 001
 -0.00920000   0.01380689   0.58992511 0.0 270 20230927 001 001
 -0.00926000   0.01431698   0.57596439 0.0 271 20230928 001 001
 -0.00900000   0.01491289   0.56027573 0.0 272 20230929 001 001
 -0.00918000   0.01536293   0.54885894 0.0 273 20230930 001 001
 -0.00874000   0.01567842   0.54107124 0.0 274 20231001 001 001
 -0.00752000   0.01803271   0.48819560 0.0 283 20231010 001 001
 -0.00560000   0.01913042   0.46642002 0.0 286 20231013 001 001
 -0.00714000   0.01949540   0.45954594 0.0 292 20231019 001 001
 -0.00820000   0.01763829   0.49644414 0.0 293 20231020 001 001
 -0.00882000   0.01672933   0.51636344 0.0 295 20231022 001 001
 -0.00978000   0.01611646   0.53054595 0.0 296 20231023 001 001
 -0.00878000   0.01453525   0.57014120 0.0 297 20231024 001 001
 -0.00818000   0.01465981   0.56685817 0.0 298 20231025 001 001
 -0.00834000   0.01306402   0.61115628 0.0 300 20231027 001 001
 -0.00874000   0.01324697   0.60582739 0.0 301 20231028 001 001
 -0.00894000   0.01277296   0.61977053 0.0 303 20231030 001 001
 -0.00890000   0.01325570   0.60557473 0.0 304 20231031 001 001
 -0.00948000   0.01268695   0.62234831 0.0 305 20231101 001 001
 -0.00958000   0.01309586   0.61022413 0.0 306 20231102 001 001
 -0.00958000   0.01410103   0.58181411 0.0 307 20231103 001 001
 -0.00912000   0.01594680   0.53458333 0.0 311 20231107 001 001
 -0.00860000   0.01571802   0.54010612 0.0 312 20231108 001 001
 -0.00890000   0.01583750   0.53721052 0.0 313 20231109 001 001
 -0.00838000   0.01551421   0.54510295 0.0 314 20231110 001 001
 -0.00848000   0.01580830   0.53791583 0.0 315 20231111 001 001
 -0.00838000   0.01582437   0.53752768 0.0 317 20231113 001 001
 -0.00746000   0.01670656   0.51687926 0.0 318 20231114 001 001
 -0.00734000   0.01585645   0.53675365 0.0 319 20231115 001 001
 -0.00748000   0.01393145   0.58647007 0.0 321 20231117 001 001
 -0.00748000   0.01507245   0.55618620 0.0 322 20231118 001 001
 -0.00820000   0.01434390   0.57524151 0.0 324 20231120 001 001
X
