 -0.016823    0.005390  20230605  003  003  156
 -0.015610    0.004691  20230606  003  003  157
 -0.015327    0.004530  20230607  003  003  158
 -0.015413    0.004436  20230608  003  003  159
 -0.015763    0.004309  20230609  003  003  160
 -0.015907    0.004339  20230610  003  003  161
 -0.015930    0.004176  20230612  003  003  163
 -0.015803    0.004084  20230613  003  003  164
 -0.015507    0.004169  20230614  003  003  165
 -0.015417    0.004223  20230615  003  003  166
 -0.015317    0.004215  20230616  003  003  167
 -0.015003    0.004421  20230619  003  003  170
 -0.014650    0.004450  20230622  003  003  173
 -0.014270    0.004551  20230623  003  003  174
 -0.013597    0.004699  20230625  003  003  176
 -0.013077    0.004771  20230626  003  003  177
 -0.012757    0.004587  20230627  003  003  178
 -0.012913    0.004485  20230628  003  003  179
 -0.012910    0.004471  20230629  003  003  180
 -0.012743    0.004486  20230630  003  003  181
 -0.012787    0.004379  20230701  003  003  182
 -0.012527    0.004181  20230703  003  003  184
 -0.012580    0.004104  20230704  003  003  185
 -0.012387    0.003893  20230706  003  003  187
 -0.012273    0.003839  20230707  003  003  188
 -0.012667    0.003826  20230710  003  003  191
 -0.012210    0.003900  20230711  003  003  192
 -0.012163    0.003964  20230712  003  003  193
 -0.012070    0.004139  20230713  003  003  194
 -0.012027    0.004331  20230714  003  003  195
 -0.012070    0.004641  20230717  003  003  198
 -0.012063    0.004576  20230718  003  003  199
 -0.011820    0.004556  20230719  003  003  200
 -0.011803    0.004484  20230720  003  003  201
 -0.011673    0.004515  20230721  003  003  202
 -0.011617    0.004540  20230724  003  003  205
 -0.011303    0.004606  20230725  003  003  206
 -0.011327    0.004608  20230726  003  003  207
 -0.011057    0.004706  20230727  003  003  208
 -0.011103    0.004746  20230728  003  003  209
 -0.011177    0.004780  20230729  003  003  210
 -0.010977    0.004791  20230731  003  003  212
 -0.010630    0.004987  20230801  003  003  213
 -0.010283    0.005116  20230802  003  003  214
 -0.008180    0.004856  20230812  003  003  224
 -0.007370    0.004826  20230813  003  003  225
 -0.007243    0.005081  20230814  003  003  226
 -0.006217    0.006132  20230815  003  003  227
 -0.005210    0.006195  20230816  003  003  228
 -0.005647    0.006257  20230817  003  003  229
 -0.005507    0.006243  20230818  003  003  230
 -0.005520    0.006184  20230819  003  003  231
 -0.005607    0.006105  20230821  003  003  233
 -0.005293    0.006170  20230822  003  003  234
 -0.005023    0.006104  20230823  003  003  235
 -0.005157    0.006127  20230824  003  003  236
 -0.004660    0.006175  20230825  003  003  237
 -0.004173    0.006137  20230827  003  003  239
 -0.004503    0.006153  20230828  003  003  240
 -0.004237    0.006124  20230829  003  003  241
 -0.003703    0.006042  20230830  003  003  242
 -0.003560    0.006095  20230831  003  003  243
 -0.003540    0.006032  20230901  003  003  244
 -0.003420    0.006004  20230903  003  003  246
 -0.003627    0.005865  20230904  003  003  247
 -0.004097    0.005813  20230905  003  003  248
 -0.004210    0.005853  20230906  003  003  249
 -0.004243    0.005787  20230907  003  003  250
 -0.004333    0.005792  20230908  003  003  251
 -0.004303    0.005753  20230909  003  003  252
 -0.004280    0.005744  20230910  003  003  253
 -0.004547    0.005718  20230911  003  003  254
 -0.005490    0.005480  20230913  003  003  256
 -0.005783    0.005348  20230914  003  003  257
 -0.005517    0.005254  20230915  003  003  258
 -0.005410    0.005180  20230916  003  003  259
 -0.005523    0.005099  20230917  003  003  260
 -0.004943    0.005093  20230918  003  003  261
 -0.004657    0.004996  20230919  003  003  262
 -0.004573    0.004885  20230920  003  003  263
 -0.004150    0.004790  20230921  003  003  264
 -0.004023    0.004816  20230922  003  003  265
 -0.004037    0.004745  20230923  003  003  266
 -0.003950    0.004627  20230924  003  003  267
 -0.004157    0.004690  20230925  003  003  268
 -0.004047    0.004661  20230926  003  003  269
 -0.003957    0.004662  20230927  003  003  270
 -0.003937    0.004717  20230928  003  003  271
 -0.004070    0.004717  20230929  003  003  272
 -0.003983    0.004714  20230930  003  003  273
 -0.004070    0.004835  20231001  003  003  274
 -0.004637    0.004876  20231002  003  003  275
 -0.005100    0.004832  20231003  003  003  276
 -0.005717    0.004729  20231004  003  003  277
 -0.005947    0.004759  20231005  003  003  278
 -0.006357    0.004782  20231006  003  003  279
 -0.006667    0.004807  20231007  003  003  280
 -0.007033    0.004696  20231009  003  003  282
 -0.007243    0.004613  20231010  003  003  283
 -0.008213    0.004468  20231012  003  003  285
 -0.008567    0.004385  20231013  003  003  286
 -0.009163    0.004225  20231014  003  003  287
 -0.008873    0.003953  20231018  003  003  291
 -0.008970    0.003879  20231019  003  003  292
 -0.009110    0.003914  20231020  003  003  293
 -0.009663    0.004158  20231024  003  003  297
 -0.008773    0.004319  20231025  003  003  298
 -0.008120    0.004660  20231027  003  003  300
 -0.008403    0.004742  20231028  003  003  301
 -0.008773    0.004713  20231030  003  003  303
 -0.009110    0.004893  20231031  003  003  304
 -0.008793    0.004992  20231101  003  003  305
 -0.008490    0.005043  20231102  003  003  306
 -0.008223    0.004971  20231103  003  003  307
 -0.009050    0.004950  20231108  003  003  312
 -0.009030    0.004961  20231109  003  003  313
 -0.009027    0.004964  20231110  003  003  314
 -0.009157    0.005039  20231111  003  003  315
 -0.009267    0.005089  20231113  003  003  317
 -0.009747    0.005072  20231115  003  003  319
