 -0.006367    0.004028  20230615  006  006  166
 -0.004497    0.003139  20230623  006  006  174
 -0.003190    0.002639  20230625  006  006  176
 -0.002707    0.002529  20230626  006  006  177
 -0.001577    0.002482  20230629  006  006  180
 -0.001187    0.002349  20230701  006  006  182
 -0.000343    0.002328  20230702  006  006  183
 -0.000753    0.002311  20230703  006  006  184
 -0.001300    0.002285  20230704  006  006  185
 -0.001317    0.002421  20230706  006  006  187
 -0.001777    0.002473  20230707  006  006  188
 -0.001843    0.002560  20230708  006  006  189
 -0.001813    0.002558  20230710  006  006  191
 -0.002207    0.002562  20230712  006  006  193
 -0.002057    0.002511  20230713  006  006  194
 -0.001657    0.002526  20230714  006  006  195
 -0.001443    0.002528  20230715  006  006  196
 -0.000297    0.002447  20230716  006  006  197
  0.000697    0.002478  20230717  006  006  198
  0.001557    0.002431  20230719  006  006  200
  0.002807    0.002458  20230721  006  006  202
  0.002803    0.002418  20230722  006  006  203
  0.002787    0.002542  20230724  006  006  205
  0.002977    0.002569  20230728  006  006  209
  0.003020    0.002391  20230729  006  006  210
  0.003023    0.002191  20230730  006  006  211
  0.002887    0.002179  20230731  006  006  212
  0.003793    0.002201  20230801  006  006  213
  0.004293    0.002204  20230802  006  006  214
  0.001897    0.003826  20230817  006  006  229
 -0.003300    0.003165  20230818  006  006  230
 -0.003483    0.003087  20230819  006  006  231
 -0.004943    0.003114  20230820  006  006  232
 -0.005423    0.002983  20230822  006  006  234
 -0.006063    0.002773  20230824  006  006  236
 -0.006823    0.002721  20230825  006  006  237
 -0.006723    0.002690  20230826  006  006  238
 -0.006673    0.002715  20230827  006  006  239
 -0.006713    0.002732  20230828  006  006  240
 -0.006403    0.002758  20230829  006  006  241
 -0.006797    0.002765  20230830  006  006  242
 -0.006577    0.002799  20230831  006  006  243
 -0.006503    0.002761  20230901  006  006  244
 -0.005843    0.002721  20230902  006  006  245
 -0.005653    0.002742  20230903  006  006  246
 -0.002107    0.002371  20230913  006  006  256
 -0.000407    0.002031  20230914  006  006  257
  0.001383    0.002165  20230915  006  006  258
  0.004507    0.002531  20230916  006  006  259
  0.003847    0.002775  20230918  006  006  261
  0.003593    0.002815  20230919  006  006  262
  0.003383    0.002812  20230920  006  006  263
 -0.001023    0.003499  20231007  006  006  280
 -0.001293    0.002578  20231009  006  006  282
 -0.000820    0.002226  20231010  006  006  283
 -0.000013    0.001877  20231020  006  006  293
  0.002507    0.001677  20231021  006  006  294
  0.002210    0.002153  20231023  006  006  296
  0.002827    0.001982  20231024  006  006  297
  0.003790    0.001861  20231025  006  006  298
  0.003540    0.002002  20231027  006  006  300
  0.003207    0.001971  20231028  006  006  301
  0.002537    0.001998  20231029  006  006  302
  0.001963    0.002003  20231030  006  006  303
  0.001383    0.002040  20231031  006  006  304
  0.001007    0.002008  20231101  006  006  305
  0.001107    0.001955  20231102  006  006  306
  0.000990    0.002011  20231104  006  006  308
  0.000257    0.002142  20231108  006  006  312
  0.000367    0.002021  20231109  006  006  313
  0.000810    0.002017  20231110  006  006  314
  0.001030    0.001946  20231111  006  006  315
  0.001120    0.002004  20231112  006  006  316
  0.001843    0.002021  20231113  006  006  317
  0.001947    0.002129  20231114  006  006  318
