 -0.002270    0.002782  20230603  002  002  154
 -0.001357    0.002340  20230604  002  002  155
 -0.002157    0.002075  20230605  002  002  156
 -0.002233    0.001886  20230606  002  002  157
 -0.001453    0.001751  20230607  002  002  158
 -0.001360    0.001671  20230608  002  002  159
 -0.001073    0.001581  20230609  002  002  160
 -0.001203    0.001486  20230610  002  002  161
 -0.001350    0.001533  20230611  002  002  162
 -0.001493    0.001566  20230612  002  002  163
 -0.001607    0.001597  20230613  002  002  164
 -0.001707    0.001592  20230614  002  002  165
 -0.001777    0.001607  20230615  002  002  166
 -0.001847    0.001618  20230616  002  002  167
 -0.002030    0.001695  20230621  002  002  172
 -0.001997    0.001668  20230622  002  002  173
 -0.001987    0.001724  20230623  002  002  174
 -0.002323    0.001742  20230624  002  002  175
 -0.001750    0.001623  20230625  002  002  176
 -0.001543    0.001561  20230626  002  002  177
 -0.001400    0.001414  20230627  002  002  178
 -0.001487    0.001383  20230628  002  002  179
 -0.001373    0.001396  20230629  002  002  180
 -0.001387    0.001352  20230630  002  002  181
 -0.001480    0.001268  20230701  002  002  182
 -0.001267    0.001279  20230702  002  002  183
 -0.001493    0.001263  20230703  002  002  184
 -0.001417    0.001286  20230704  002  002  185
 -0.001833    0.001278  20230706  002  002  187
 -0.001603    0.001342  20230707  002  002  188
 -0.001920    0.001340  20230708  002  002  189
 -0.001967    0.001390  20230709  002  002  190
 -0.002067    0.001419  20230710  002  002  191
 -0.001870    0.001477  20230711  002  002  192
 -0.001900    0.001621  20230712  002  002  193
 -0.002197    0.001757  20230713  002  002  194
 -0.002380    0.001819  20230714  002  002  195
 -0.002620    0.001861  20230715  002  002  196
 -0.003013    0.001980  20230716  002  002  197
 -0.003207    0.002077  20230717  002  002  198
 -0.003090    0.002053  20230718  002  002  199
 -0.003213    0.002038  20230719  002  002  200
 -0.002983    0.001942  20230720  002  002  201
 -0.003097    0.001831  20230721  002  002  202
 -0.003293    0.001821  20230722  002  002  203
 -0.003320    0.001862  20230723  002  002  204
 -0.003533    0.001879  20230724  002  002  205
 -0.003543    0.001838  20230725  002  002  206
 -0.003533    0.001814  20230726  002  002  207
 -0.003323    0.001849  20230727  002  002  208
 -0.003080    0.001787  20230728  002  002  209
 -0.002930    0.001713  20230729  002  002  210
 -0.002897    0.001749  20230730  002  002  211
 -0.002993    0.001650  20230731  002  002  212
 -0.002633    0.001679  20230801  002  002  213
 -0.002680    0.001711  20230802  002  002  214
 -0.002677    0.001675  20230803  002  002  215
 -0.002417    0.001541  20230804  002  002  216
 -0.002643    0.001473  20230805  002  002  217
 -0.003090    0.001370  20230806  002  002  218
 -0.002980    0.001344  20230807  002  002  219
 -0.003023    0.001264  20230812  002  002  224
 -0.002757    0.001215  20230813  002  002  225
 -0.002740    0.001172  20230814  002  002  226
 -0.002887    0.001164  20230815  002  002  227
 -0.002997    0.001295  20230816  002  002  228
 -0.003423    0.001427  20230817  002  002  229
 -0.002943    0.001658  20230818  002  002  230
 -0.001627    0.001739  20230819  002  002  231
 -0.001693    0.001949  20230820  002  002  232
 -0.001723    0.001912  20230821  002  002  233
 -0.001553    0.001856  20230822  002  002  234
 -0.001767    0.001747  20230823  002  002  235
 -0.001893    0.001712  20230824  002  002  236
 -0.001493    0.001695  20230825  002  002  237
 -0.001733    0.001680  20230826  002  002  238
 -0.001883    0.001611  20230827  002  002  239
 -0.001800    0.001582  20230828  002  002  240
 -0.000900    0.001586  20230829  002  002  241
 -0.000597    0.001566  20230830  002  002  242
 -0.001010    0.001459  20230831  002  002  243
 -0.001080    0.001354  20230901  002  002  244
 -0.000990    0.001351  20230902  002  002  245
 -0.000750    0.001422  20230903  002  002  246
 -0.000673    0.001496  20230904  002  002  247
 -0.000267    0.001709  20230905  002  002  248
  0.000067    0.001673  20230906  002  002  249
 -0.000677    0.001673  20230907  002  002  250
  0.000103    0.001777  20230908  002  002  251
  0.000270    0.001793  20230909  002  002  252
  0.000690    0.001845  20230910  002  002  253
  0.000940    0.001830  20230911  002  002  254
  0.001993    0.001859  20230913  002  002  256
  0.002287    0.001703  20230914  002  002  257
  0.002803    0.001519  20230915  002  002  258
  0.002783    0.001416  20230916  002  002  259
  0.003143    0.001410  20230917  002  002  260
  0.003463    0.001379  20230918  002  002  261
  0.003543    0.001601  20230919  002  002  262
  0.004203    0.001548  20230920  002  002  263
  0.004510    0.001656  20230921  002  002  264
  0.004737    0.001588  20230922  002  002  265
  0.004947    0.001671  20230923  002  002  266
  0.004973    0.001892  20230924  002  002  267
  0.004950    0.001888  20230925  002  002  268
  0.004533    0.001801  20230926  002  002  269
  0.004657    0.001924  20230927  002  002  270
  0.004633    0.001916  20230928  002  002  271
  0.005027    0.001891  20230929  002  002  272
  0.004807    0.001989  20230930  002  002  273
  0.005003    0.002007  20231001  002  002  274
  0.005140    0.002065  20231002  002  002  275
  0.004827    0.002166  20231003  002  002  276
  0.004523    0.002279  20231004  002  002  277
  0.004683    0.002316  20231005  002  002  278
  0.004097    0.002284  20231006  002  002  279
  0.004270    0.002224  20231007  002  002  280
  0.004217    0.002352  20231008  002  002  281
  0.004143    0.002447  20231009  002  002  282
  0.004013    0.002517  20231010  002  002  283
  0.004043    0.002795  20231013  002  002  286
  0.003683    0.002873  20231014  002  002  287
  0.003200    0.002818  20231018  002  002  291
  0.002910    0.002552  20231019  002  002  292
  0.002343    0.002307  20231020  002  002  293
  0.002607    0.002022  20231021  002  002  294
  0.002037    0.001951  20231023  002  002  296
  0.002787    0.001813  20231024  002  002  297
  0.003003    0.001784  20231025  002  002  298
  0.002730    0.002154  20231027  002  002  300
  0.002400    0.002059  20231028  002  002  301
  0.001503    0.001954  20231030  002  002  303
  0.001347    0.001917  20231031  002  002  304
  0.001347    0.001925  20231101  002  002  305
  0.001310    0.001976  20231102  002  002  306
  0.000770    0.002036  20231103  002  002  307
  0.000880    0.001883  20231104  002  002  308
  0.000757    0.001919  20231106  002  002  310
  0.000240    0.002015  20231107  002  002  311
  0.000417    0.001940  20231108  002  002  312
  0.000413    0.001997  20231109  002  002  313
  0.000437    0.002016  20231110  002  002  314
  0.000613    0.002035  20231111  002  002  315
  0.001027    0.002123  20231112  002  002  316
  0.001330    0.002139  20231113  002  002  317
  0.001170    0.002145  20231114  002  002  318
  0.000577    0.002061  20231115  002  002  319
  0.000907    0.002139  20231116  002  002  320
  0.000910    0.002156  20231117  002  002  321
  0.000943    0.002100  20231118  002  002  322
  0.001043    0.002054  20231120  002  002  324
