 -0.006777    0.003140  20230607  001  001  158
 -0.006827    0.003073  20230608  001  001  159
 -0.006320    0.002956  20230609  001  001  160
 -0.006420    0.002869  20230610  001  001  161
 -0.006683    0.002872  20230612  001  001  163
 -0.006567    0.002864  20230613  001  001  164
 -0.006247    0.002834  20230614  001  001  165
 -0.005887    0.002846  20230615  001  001  166
 -0.005413    0.002843  20230619  001  001  170
 -0.002523    0.002714  20230621  001  001  172
 -0.002713    0.002682  20230622  001  001  173
 -0.002597    0.002642  20230623  001  001  174
 -0.002670    0.002632  20230624  001  001  175
 -0.002543    0.002603  20230625  001  001  176
 -0.002693    0.002528  20230626  001  001  177
 -0.002727    0.002462  20230627  001  001  178
 -0.003083    0.002366  20230628  001  001  179
 -0.003143    0.002319  20230629  001  001  180
 -0.003220    0.002305  20230630  001  001  181
 -0.003210    0.002316  20230701  001  001  182
 -0.003403    0.002269  20230702  001  001  183
 -0.003283    0.002248  20230703  001  001  184
 -0.003520    0.002275  20230704  001  001  185
 -0.003663    0.002242  20230706  001  001  187
 -0.003753    0.002184  20230707  001  001  188
 -0.003830    0.002130  20230708  001  001  189
 -0.003693    0.002122  20230709  001  001  190
 -0.003637    0.002089  20230710  001  001  191
 -0.003490    0.002078  20230711  001  001  192
 -0.003530    0.002091  20230712  001  001  193
 -0.001583    0.002069  20230713  001  001  194
 -0.001680    0.002052  20230714  001  001  195
 -0.001593    0.002042  20230715  001  001  196
 -0.001833    0.002027  20230716  001  001  197
 -0.001713    0.001948  20230717  001  001  198
 -0.001523    0.001945  20230718  001  001  199
 -0.001450    0.001862  20230719  001  001  200
 -0.001310    0.001776  20230720  001  001  201
 -0.001233    0.001657  20230721  001  001  202
 -0.000893    0.001547  20230722  001  001  203
 -0.000840    0.001379  20230723  001  001  204
 -0.000513    0.001343  20230724  001  001  205
 -0.000527    0.001330  20230725  001  001  206
 -0.000323    0.001404  20230726  001  001  207
 -0.000237    0.001370  20230727  001  001  208
 -0.000220    0.001301  20230728  001  001  209
 -0.000293    0.001150  20230729  001  001  210
 -0.000340    0.001023  20230730  001  001  211
 -0.000477    0.000950  20230731  001  001  212
 -0.000583    0.000937  20230801  001  001  213
 -0.000547    0.000974  20230802  001  001  214
 -0.001293    0.001128  20230806  001  001  218
 -0.001203    0.001199  20230807  001  001  219
 -0.000167    0.001302  20230812  001  001  224
  0.001187    0.001195  20230813  001  001  225
  0.002590    0.001258  20230814  001  001  226
  0.004023    0.001366  20230815  001  001  227
  0.004197    0.001392  20230816  001  001  228
  0.004110    0.001290  20230817  001  001  229
  0.004193    0.001280  20230818  001  001  230
  0.004313    0.001367  20230819  001  001  231
  0.004163    0.001455  20230820  001  001  232
  0.003693    0.001417  20230821  001  001  233
  0.003457    0.001414  20230822  001  001  234
  0.003593    0.001337  20230823  001  001  235
  0.003743    0.001267  20230824  001  001  236
  0.003527    0.001282  20230825  001  001  237
  0.003317    0.001355  20230826  001  001  238
  0.002947    0.001438  20230827  001  001  239
  0.002523    0.001512  20230828  001  001  240
  0.002493    0.001577  20230829  001  001  241
  0.002173    0.001647  20230830  001  001  242
  0.002017    0.001680  20230831  001  001  243
  0.002020    0.001626  20230901  001  001  244
  0.002370    0.001527  20230902  001  001  245
  0.002683    0.001525  20230903  001  001  246
  0.002973    0.001528  20230904  001  001  247
  0.002850    0.001503  20230906  001  001  249
  0.003330    0.001486  20230907  001  001  250
  0.003080    0.001431  20230908  001  001  251
  0.003380    0.001404  20230909  001  001  252
  0.003757    0.001340  20230910  001  001  253
  0.003997    0.001307  20230911  001  001  254
  0.004150    0.001312  20230913  001  001  256
  0.003953    0.001315  20230914  001  001  257
  0.003757    0.001260  20230915  001  001  258
  0.003237    0.001226  20230916  001  001  259
  0.002447    0.001256  20230917  001  001  260
  0.002173    0.001248  20230918  001  001  261
  0.001767    0.001280  20230919  001  001  262
  0.000690    0.001294  20230920  001  001  263
  0.000360    0.001229  20230921  001  001  264
  0.000217    0.001139  20230922  001  001  265
  0.000093    0.001146  20230923  001  001  266
 -0.000327    0.001317  20230924  001  001  267
 -0.000177    0.001359  20230925  001  001  268
 -0.000050    0.001473  20230926  001  001  269
  0.000123    0.001680  20230927  001  001  270
  0.000267    0.001819  20230928  001  001  271
  0.000493    0.001991  20230929  001  001  272
  0.000637    0.002205  20230930  001  001  273
  0.000927    0.002367  20231001  001  001  274
  0.002137    0.002338  20231002  001  001  275
  0.003173    0.002347  20231003  001  001  276
  0.003390    0.002167  20231005  001  001  278
  0.003567    0.002015  20231006  001  001  279
  0.003663    0.002020  20231007  001  001  280
  0.003263    0.001918  20231008  001  001  281
  0.003357    0.001840  20231009  001  001  282
  0.003177    0.001654  20231010  001  001  283
  0.002757    0.001623  20231011  001  001  284
  0.002377    0.001372  20231013  001  001  286
  0.001880    0.001240  20231014  001  001  287
  0.001280    0.001134  20231018  001  001  291
  0.000613    0.001150  20231019  001  001  292
 -0.000653    0.001145  20231020  001  001  293
 -0.000670    0.001184  20231021  001  001  294
 -0.000460    0.001249  20231022  001  001  295
  0.000630    0.001311  20231023  001  001  296
  0.000547    0.001384  20231024  001  001  297
  0.000157    0.001397  20231025  001  001  298
  0.000533    0.001432  20231026  001  001  299
  0.000133    0.001544  20231027  001  001  300
  0.000390    0.001616  20231028  001  001  301
  0.000140    0.001648  20231029  001  001  302
  0.000173    0.001649  20231030  001  001  303
  0.000657    0.001706  20231031  001  001  304
  0.000360    0.001722  20231101  001  001  305
  0.000287    0.001741  20231102  001  001  306
 -0.000023    0.001729  20231103  001  001  307
  0.000157    0.001689  20231104  001  001  308
 -0.000470    0.001779  20231105  001  001  309
 -0.000827    0.001811  20231106  001  001  310
 -0.000517    0.001847  20231107  001  001  311
 -0.000927    0.001907  20231108  001  001  312
 -0.000943    0.001906  20231109  001  001  313
 -0.001127    0.001920  20231110  001  001  314
 -0.001363    0.001944  20231111  001  001  315
 -0.001270    0.002004  20231112  001  001  316
 -0.001413    0.002001  20231113  001  001  317
 -0.001443    0.002027  20231114  001  001  318
 -0.001383    0.002083  20231115  001  001  319
 -0.001520    0.002140  20231116  001  001  320
 -0.001900    0.002138  20231117  001  001  321
 -0.001807    0.002168  20231118  001  001  322
 -0.001880    0.002303  20231119  001  001  323
 -0.001780    0.002365  20231120  001  001  324
