 -0.007013    0.006032  20230607  002  002  158
 -0.007677    0.006082  20230608  002  002  159
 -0.006847    0.006037  20230609  002  002  160
 -0.007690    0.006118  20230612  002  002  163
 -0.008353    0.006019  20230613  002  002  164
 -0.007427    0.005949  20230614  002  002  165
 -0.007427    0.005972  20230615  002  002  166
 -0.007403    0.006042  20230616  002  002  167
 -0.006470    0.005872  20230618  002  002  169
 -0.005907    0.005449  20230621  002  002  172
 -0.005903    0.005357  20230622  002  002  173
 -0.005767    0.005215  20230623  002  002  174
 -0.005533    0.005111  20230624  002  002  175
 -0.004583    0.004899  20230626  002  002  177
 -0.004763    0.004777  20230627  002  002  178
 -0.004283    0.004615  20230628  002  002  179
 -0.003730    0.004423  20230629  002  002  180
 -0.003693    0.004473  20230630  002  002  181
 -0.003807    0.004414  20230702  002  002  183
 -0.003597    0.004449  20230703  002  002  184
 -0.003440    0.004563  20230706  002  002  187
 -0.003773    0.004637  20230707  002  002  188
  0.001103    0.004686  20230708  002  002  189
  0.001233    0.004835  20230709  002  002  190
  0.001130    0.004896  20230710  002  002  191
  0.000933    0.004916  20230711  002  002  192
  0.000763    0.004983  20230712  002  002  193
  0.000507    0.005029  20230713  002  002  194
  0.000207    0.004918  20230714  002  002  195
  0.000053    0.004880  20230715  002  002  196
 -0.000807    0.004839  20230716  002  002  197
 -0.001030    0.004768  20230717  002  002  198
 -0.001217    0.004711  20230718  002  002  199
 -0.001530    0.004648  20230719  002  002  200
 -0.001937    0.004578  20230720  002  002  201
 -0.002027    0.004257  20230721  002  002  202
 -0.005463    0.003752  20230722  002  002  203
 -0.005403    0.003301  20230723  002  002  204
 -0.005103    0.003292  20230724  002  002  205
 -0.005020    0.003364  20230725  002  002  206
 -0.005307    0.003458  20230726  002  002  207
 -0.005077    0.003399  20230727  002  002  208
 -0.000913    0.003313  20230728  002  002  209
 -0.001063    0.002813  20230729  002  002  210
 -0.000777    0.002534  20230730  002  002  211
 -0.000620    0.002371  20230731  002  002  212
 -0.000567    0.002244  20230801  002  002  213
 -0.003203    0.002184  20230802  002  002  214
 -0.001670    0.002187  20230803  002  002  215
 -0.001673    0.002147  20230804  002  002  216
 -0.001090    0.002229  20230805  002  002  217
 -0.000740    0.002311  20230806  002  002  218
 -0.000770    0.002397  20230807  002  002  219
 -0.002003    0.002434  20230812  002  002  224
 -0.001343    0.002348  20230813  002  002  225
 -0.000947    0.002366  20230814  002  002  226
 -0.000907    0.002359  20230815  002  002  227
 -0.001347    0.002293  20230816  002  002  228
 -0.000887    0.002331  20230817  002  002  229
 -0.001577    0.002144  20230818  002  002  230
 -0.002007    0.001993  20230819  002  002  231
 -0.002173    0.001922  20230820  002  002  232
 -0.002010    0.001897  20230821  002  002  233
 -0.002050    0.001855  20230822  002  002  234
 -0.001903    0.001750  20230823  002  002  235
 -0.001747    0.001715  20230824  002  002  236
 -0.001540    0.001661  20230825  002  002  237
 -0.001630    0.001589  20230826  002  002  238
 -0.001407    0.001581  20230827  002  002  239
 -0.001260    0.001604  20230828  002  002  240
 -0.000980    0.001602  20230829  002  002  241
 -0.000930    0.001713  20230830  002  002  242
 -0.000740    0.001729  20230831  002  002  243
 -0.000730    0.001691  20230901  002  002  244
 -0.000607    0.001583  20230902  002  002  245
 -0.000640    0.001584  20230903  002  002  246
 -0.000373    0.001587  20230904  002  002  247
 -0.000403    0.001620  20230905  002  002  248
 -0.000453    0.001554  20230906  002  002  249
 -0.000800    0.001550  20230907  002  002  250
 -0.000920    0.001485  20230908  002  002  251
 -0.000957    0.001416  20230909  002  002  252
 -0.000603    0.001347  20230910  002  002  253
 -0.000233    0.001322  20230911  002  002  254
  0.000200    0.001314  20230913  002  002  256
  0.000410    0.001265  20230914  002  002  257
  0.000617    0.001238  20230915  002  002  258
  0.000773    0.001305  20230916  002  002  259
  0.000930    0.001485  20230917  002  002  260
  0.001053    0.001691  20230918  002  002  261
  0.001220    0.001890  20230919  002  002  262
  0.001327    0.002106  20230920  002  002  263
  0.001630    0.002107  20230921  002  002  264
  0.001150    0.002068  20230922  002  002  265
  0.000647    0.001992  20230923  002  002  266
  0.000797    0.002086  20230924  002  002  267
  0.000643    0.001992  20230925  002  002  268
  0.000517    0.001981  20230926  002  002  269
  0.000313    0.001951  20230927  002  002  270
  0.000103    0.001907  20230928  002  002  271
 -0.000127    0.001942  20230929  002  002  272
 -0.000557    0.002130  20230930  002  002  273
 -0.000600    0.002330  20231001  002  002  274
 -0.000503    0.002435  20231002  002  002  275
 -0.000353    0.002504  20231003  002  002  276
 -0.000327    0.002487  20231004  002  002  277
  0.000000    0.002457  20231005  002  002  278
  0.000000    0.002434  20231006  002  002  279
  0.000000    0.002405  20231007  002  002  280
  0.000000    0.002396  20231008  002  002  281
  0.000000    0.002344  20231009  002  002  282
  0.000000    0.002351  20231010  002  002  283
  0.000247    0.002317  20231011  002  002  284
  0.000483    0.002347  20231012  002  002  285
  0.000670    0.002243  20231013  002  002  286
  0.000860    0.002155  20231014  002  002  287
  0.000853    0.002069  20231018  002  002  291
  0.000820    0.001957  20231019  002  002  292
  0.000817    0.001797  20231020  002  002  293
  0.000790    0.001711  20231021  002  002  294
  0.000597    0.001731  20231022  002  002  295
  0.000673    0.001639  20231023  002  002  296
  0.000730    0.001678  20231024  002  002  297
  0.000240    0.001694  20231025  002  002  298
 -0.000423    0.001771  20231027  002  002  300
 -0.000343    0.001666  20231028  002  002  301
 -0.000223    0.001654  20231029  002  002  302
 -0.000203    0.001664  20231030  002  002  303
  0.000047    0.001569  20231031  002  002  304
  0.000253    0.001476  20231101  002  002  305
  0.000420    0.001481  20231102  002  002  306
  0.000397    0.001482  20231103  002  002  307
  0.000447    0.001617  20231104  002  002  308
  0.000227    0.001813  20231105  002  002  309
  0.000300    0.001923  20231106  002  002  310
  0.000320    0.002078  20231107  002  002  311
  0.000267    0.002080  20231108  002  002  312
  0.000217    0.002188  20231109  002  002  313
  0.000363    0.002203  20231110  002  002  314
  0.000353    0.002239  20231111  002  002  315
  0.000383    0.002251  20231112  002  002  316
  0.000240    0.002295  20231113  002  002  317
  0.000550    0.002332  20231114  002  002  318
  0.000753    0.002415  20231115  002  002  319
  0.001183    0.002520  20231116  002  002  320
  0.001650    0.002675  20231117  002  002  321
  0.002297    0.002916  20231118  002  002  322
  0.002613    0.003158  20231119  002  002  323
  0.002933    0.003389  20231120  002  002  324
