 -0.014260    0.002688  20230626  004  004  177
 -0.014907    0.002657  20230628  004  004  179
 -0.014713    0.002631  20230629  004  004  180
 -0.014447    0.002619  20230630  004  004  181
 -0.014120    0.002632  20230701  004  004  182
 -0.013700    0.002631  20230702  004  004  183
 -0.013537    0.002632  20230703  004  004  184
 -0.013290    0.002656  20230704  004  004  185
 -0.013177    0.002624  20230706  004  004  187
 -0.013047    0.002606  20230707  004  004  188
 -0.012890    0.002612  20230708  004  004  189
 -0.012473    0.002622  20230709  004  004  190
 -0.012333    0.002585  20230710  004  004  191
 -0.011947    0.002555  20230711  004  004  192
 -0.011643    0.002539  20230712  004  004  193
 -0.011370    0.002505  20230713  004  004  194
 -0.011113    0.002469  20230714  004  004  195
 -0.010963    0.002433  20230715  004  004  196
 -0.010643    0.002372  20230716  004  004  197
 -0.010363    0.002302  20230717  004  004  198
 -0.010137    0.002282  20230718  004  004  199
 -0.009730    0.002250  20230719  004  004  200
 -0.009380    0.002220  20230720  004  004  201
 -0.008957    0.002147  20230721  004  004  202
 -0.008643    0.002065  20230722  004  004  203
 -0.008193    0.001993  20230723  004  004  204
 -0.007837    0.001935  20230724  004  004  205
 -0.007487    0.001877  20230725  004  004  206
 -0.007123    0.001818  20230726  004  004  207
 -0.006803    0.001768  20230727  004  004  208
 -0.006493    0.001763  20230728  004  004  209
 -0.006110    0.001729  20230729  004  004  210
 -0.005577    0.001683  20230730  004  004  211
 -0.005160    0.001651  20230731  004  004  212
 -0.004823    0.001595  20230801  004  004  213
 -0.004440    0.001548  20230802  004  004  214
 -0.004683    0.001515  20230803  004  004  215
 -0.005093    0.001492  20230804  004  004  216
 -0.005413    0.001497  20230805  004  004  217
 -0.005370    0.001438  20230812  004  004  224
 -0.005403    0.001293  20230813  004  004  225
 -0.005160    0.001186  20230814  004  004  226
 -0.004980    0.001118  20230815  004  004  227
 -0.004043    0.001035  20230816  004  004  228
 -0.002600    0.001033  20230817  004  004  229
  0.000927    0.001017  20230818  004  004  230
  0.001483    0.000988  20230819  004  004  231
  0.002053    0.001006  20230820  004  004  232
  0.002237    0.001011  20230821  004  004  233
  0.002227    0.001015  20230822  004  004  234
  0.002113    0.000992  20230823  004  004  235
  0.002070    0.000996  20230824  004  004  236
  0.002483    0.000984  20230825  004  004  237
  0.002503    0.001018  20230826  004  004  238
  0.002820    0.001037  20230827  004  004  239
  0.002997    0.001062  20230828  004  004  240
  0.003407    0.001091  20230829  004  004  241
  0.003650    0.001117  20230830  004  004  242
  0.003907    0.001179  20230831  004  004  243
  0.004037    0.001231  20230901  004  004  244
  0.004173    0.001220  20230902  004  004  245
  0.004393    0.001208  20230903  004  004  246
  0.004877    0.001201  20230904  004  004  247
  0.004807    0.001185  20230905  004  004  248
  0.004753    0.001128  20230906  004  004  249
  0.004440    0.001136  20230907  004  004  250
  0.004350    0.001161  20230908  004  004  251
  0.004030    0.001227  20230909  004  004  252
  0.003923    0.001270  20230910  004  004  253
  0.003810    0.001314  20230911  004  004  254
  0.003517    0.001346  20230913  004  004  256
  0.003353    0.001359  20230914  004  004  257
  0.003270    0.001417  20230915  004  004  258
  0.002890    0.001503  20230916  004  004  259
  0.002797    0.001576  20230917  004  004  260
  0.003373    0.001672  20230918  004  004  261
  0.003977    0.001773  20230919  004  004  262
  0.004490    0.001846  20230920  004  004  263
  0.004860    0.001915  20230921  004  004  264
  0.005317    0.001928  20230922  004  004  265
  0.005373    0.001975  20230923  004  004  266
  0.005467    0.001976  20230924  004  004  267
  0.005463    0.001979  20230925  004  004  268
  0.005490    0.001989  20230926  004  004  269
  0.005523    0.002042  20230927  004  004  270
  0.005520    0.002077  20230928  004  004  271
  0.005767    0.002126  20230929  004  004  272
  0.005970    0.002189  20230930  004  004  273
  0.006080    0.002212  20231001  004  004  274
  0.005920    0.002151  20231002  004  004  275
  0.005697    0.002059  20231003  004  004  276
  0.005487    0.001970  20231004  004  004  277
  0.005073    0.001900  20231005  004  004  278
  0.004910    0.001820  20231006  004  004  279
  0.004740    0.001796  20231007  004  004  280
  0.004707    0.001687  20231008  004  004  281
  0.004503    0.001622  20231009  004  004  282
  0.004457    0.001564  20231010  004  004  283
  0.004080    0.001483  20231011  004  004  284
  0.003523    0.001355  20231012  004  004  285
  0.002527    0.001201  20231013  004  004  286
  0.001860    0.001088  20231014  004  004  287
  0.001630    0.001002  20231018  004  004  291
  0.001707    0.000984  20231019  004  004  292
  0.001660    0.000972  20231020  004  004  293
  0.001703    0.001075  20231021  004  004  294
  0.002070    0.001325  20231022  004  004  295
  0.002010    0.001562  20231023  004  004  296
  0.002220    0.001825  20231024  004  004  297
  0.002583    0.002082  20231025  004  004  298
  0.003223    0.002364  20231026  004  004  299
  0.003207    0.002662  20231027  004  004  300
  0.003230    0.002742  20231028  004  004  301
  0.003383    0.002843  20231029  004  004  302
  0.003340    0.002867  20231030  004  004  303
  0.003513    0.003137  20231031  004  004  304
  0.003543    0.003264  20231101  004  004  305
  0.003623    0.003285  20231102  004  004  306
  0.003580    0.003182  20231103  004  004  307
  0.003383    0.003085  20231104  004  004  308
  0.003557    0.003138  20231105  004  004  309
  0.003437    0.003183  20231106  004  004  310
  0.003187    0.003199  20231107  004  004  311
  0.002947    0.003178  20231108  004  004  312
  0.003153    0.003177  20231109  004  004  313
  0.003197    0.003142  20231110  004  004  314
  0.003113    0.003112  20231111  004  004  315
  0.003220    0.003126  20231112  004  004  316
  0.003190    0.003098  20231113  004  004  317
  0.003347    0.003137  20231114  004  004  318
  0.003257    0.003184  20231115  004  004  319
  0.003067    0.003127  20231116  004  004  320
  0.002530    0.003067  20231117  004  004  321
  0.002153    0.002986  20231118  004  004  322
  0.002070    0.002997  20231119  004  004  323
