 -0.014267    0.003276  20230612  005  005  163
 -0.014127    0.003293  20230613  005  005  164
 -0.014440    0.003312  20230614  005  005  165
 -0.014527    0.003448  20230615  005  005  166
 -0.014647    0.003497  20230616  005  005  167
 -0.014680    0.003518  20230617  005  005  168
 -0.014507    0.003682  20230618  005  005  169
 -0.014530    0.003793  20230619  005  005  170
 -0.014270    0.003734  20230620  005  005  171
 -0.014187    0.003690  20230621  005  005  172
 -0.014130    0.003666  20230622  005  005  173
 -0.014003    0.003664  20230623  005  005  174
 -0.013810    0.003699  20230624  005  005  175
 -0.013580    0.003818  20230625  005  005  176
 -0.013370    0.003824  20230626  005  005  177
 -0.013103    0.003789  20230627  005  005  178
 -0.012863    0.003720  20230628  005  005  179
 -0.012550    0.003674  20230629  005  005  180
 -0.012310    0.003644  20230630  005  005  181
 -0.012060    0.003579  20230701  005  005  182
 -0.011637    0.003536  20230702  005  005  183
 -0.011427    0.003542  20230703  005  005  184
 -0.011057    0.003546  20230704  005  005  185
 -0.010480    0.003415  20230706  005  005  187
 -0.010267    0.003252  20230707  005  005  188
 -0.009970    0.003083  20230708  005  005  189
 -0.009547    0.003044  20230709  005  005  190
 -0.009163    0.002975  20230710  005  005  191
 -0.008723    0.002855  20230711  005  005  192
 -0.008320    0.002732  20230712  005  005  193
 -0.007963    0.002596  20230713  005  005  194
 -0.007680    0.002439  20230714  005  005  195
 -0.007370    0.002313  20230715  005  005  196
 -0.006947    0.002201  20230716  005  005  197
 -0.006530    0.002068  20230717  005  005  198
 -0.006140    0.002036  20230718  005  005  199
 -0.005707    0.001967  20230719  005  005  200
 -0.005123    0.001899  20230720  005  005  201
 -0.004600    0.001851  20230721  005  005  202
 -0.004123    0.001800  20230722  005  005  203
 -0.002233    0.001753  20230723  005  005  204
 -0.001753    0.001732  20230724  005  005  205
 -0.001193    0.001704  20230725  005  005  206
 -0.000580    0.001688  20230726  005  005  207
  0.000910    0.001663  20230727  005  005  208
  0.001203    0.001625  20230728  005  005  209
  0.001293    0.001608  20230729  005  005  210
  0.001427    0.001589  20230730  005  005  211
  0.001437    0.001563  20230731  005  005  212
  0.001343    0.001561  20230801  005  005  213
  0.001253    0.001576  20230802  005  005  214
  0.000873    0.001537  20230803  005  005  215
 -0.000383    0.001487  20230804  005  005  216
 -0.000457    0.001485  20230805  005  005  217
 -0.001087    0.001308  20230812  005  005  224
 -0.001003    0.001226  20230813  005  005  225
 -0.000753    0.001099  20230814  005  005  226
 -0.000493    0.000982  20230815  005  005  227
  0.001020    0.000941  20230816  005  005  228
  0.002273    0.000940  20230817  005  005  229
  0.003407    0.000998  20230818  005  005  230
  0.003370    0.000998  20230819  005  005  231
  0.003203    0.001009  20230820  005  005  232
  0.003043    0.001012  20230821  005  005  233
  0.003053    0.001008  20230822  005  005  234
  0.003000    0.000973  20230823  005  005  235
  0.002963    0.000958  20230824  005  005  236
  0.003177    0.000952  20230825  005  005  237
  0.003240    0.000953  20230826  005  005  238
  0.003233    0.000966  20230827  005  005  239
  0.003307    0.001007  20230828  005  005  240
  0.003480    0.001020  20230829  005  005  241
  0.003470    0.001055  20230830  005  005  242
  0.003597    0.001098  20230831  005  005  243
  0.003963    0.001113  20230901  005  005  244
  0.004490    0.001139  20230902  005  005  245
  0.005057    0.001177  20230903  005  005  246
  0.005190    0.001205  20230905  005  005  248
  0.005303    0.001246  20230906  005  005  249
  0.005180    0.001335  20230907  005  005  250
  0.005057    0.001392  20230908  005  005  251
  0.005087    0.001450  20230909  005  005  252
  0.005103    0.001473  20230910  005  005  253
  0.005267    0.001497  20230911  005  005  254
  0.005440    0.001503  20230913  005  005  256
  0.005527    0.001518  20230914  005  005  257
  0.005557    0.001551  20230915  005  005  258
  0.005473    0.001580  20230916  005  005  259
  0.005827    0.001613  20230917  005  005  260
  0.006367    0.001746  20230918  005  005  261
  0.006633    0.001859  20230919  005  005  262
  0.007013    0.001924  20230920  005  005  263
  0.007867    0.002145  20230923  005  005  266
  0.007753    0.002292  20230925  005  005  268
  0.007840    0.002303  20230926  005  005  269
  0.005380    0.002143  20231004  005  005  277
  0.005143    0.002068  20231005  005  005  278
  0.005320    0.002061  20231006  005  005  279
  0.005130    0.002028  20231007  005  005  280
  0.004270    0.002057  20231008  005  005  281
  0.003503    0.002118  20231009  005  005  282
  0.003800    0.002099  20231010  005  005  283
  0.003827    0.002100  20231011  005  005  284
  0.003180    0.002017  20231012  005  005  285
  0.002877    0.001967  20231013  005  005  286
  0.002853    0.001949  20231014  005  005  287
  0.002700    0.001923  20231015  005  005  288
  0.002597    0.001815  20231017  005  005  290
  0.002440    0.001811  20231018  005  005  291
  0.002253    0.001777  20231019  005  005  292
  0.002183    0.001758  20231020  005  005  293
  0.002163    0.001789  20231021  005  005  294
  0.001533    0.001888  20231023  005  005  296
  0.001237    0.002024  20231024  005  005  297
  0.001517    0.002241  20231025  005  005  298
  0.001447    0.002452  20231026  005  005  299
  0.001270    0.002731  20231027  005  005  300
  0.001017    0.003094  20231028  005  005  301
  0.001160    0.003503  20231030  005  005  303
  0.001020    0.003789  20231031  005  005  304
  0.000683    0.004005  20231101  005  005  305
  0.000440    0.004124  20231102  005  005  306
  0.000447    0.004054  20231103  005  005  307
  0.000307    0.004084  20231104  005  005  308
  0.000103    0.004184  20231105  005  005  309
  0.000060    0.004239  20231106  005  005  310
 -0.000150    0.004327  20231107  005  005  311
  0.000043    0.004366  20231108  005  005  312
  0.000153    0.004376  20231109  005  005  313
  0.000400    0.004326  20231110  005  005  314
  0.000573    0.004358  20231111  005  005  315
  0.000733    0.004374  20231112  005  005  316
  0.000700    0.004382  20231113  005  005  317
  0.000860    0.004483  20231115  005  005  319
  0.000690    0.004423  20231117  005  005  321
