 -0.006667    0.004851  20230603  003  003  154
 -0.008137    0.004396  20230604  003  003  155
 -0.008007    0.004066  20230605  003  003  156
 -0.007250    0.003738  20230606  003  003  157
 -0.007050    0.003396  20230607  003  003  158
 -0.006997    0.003029  20230608  003  003  159
 -0.007103    0.002922  20230609  003  003  160
 -0.007303    0.002915  20230610  003  003  161
 -0.007427    0.003148  20230611  003  003  162
 -0.007397    0.003159  20230612  003  003  163
 -0.007257    0.002962  20230613  003  003  164
 -0.006967    0.002883  20230614  003  003  165
 -0.006853    0.002837  20230615  003  003  166
 -0.006843    0.002791  20230616  003  003  167
 -0.006657    0.002737  20230617  003  003  168
 -0.006460    0.002647  20230619  003  003  170
 -0.006127    0.002835  20230622  003  003  173
 -0.005800    0.002666  20230623  003  003  174
 -0.005143    0.002332  20230625  003  003  176
 -0.004720    0.002369  20230626  003  003  177
 -0.004520    0.002190  20230627  003  003  178
 -0.004703    0.001985  20230628  003  003  179
 -0.004767    0.001813  20230629  003  003  180
 -0.004510    0.001673  20230630  003  003  181
 -0.004600    0.001712  20230701  003  003  182
 -0.004413    0.001594  20230702  003  003  183
 -0.004183    0.001583  20230703  003  003  184
 -0.004173    0.001552  20230704  003  003  185
 -0.003893    0.001593  20230706  003  003  187
 -0.003740    0.001528  20230707  003  003  188
 -0.003850    0.001719  20230710  003  003  191
 -0.003360    0.001878  20230711  003  003  192
 -0.003193    0.002063  20230712  003  003  193
 -0.003100    0.002316  20230713  003  003  194
 -0.003020    0.002491  20230714  003  003  195
 -0.002800    0.002615  20230715  003  003  196
 -0.002843    0.002950  20230717  003  003  198
 -0.002873    0.002870  20230718  003  003  199
 -0.002700    0.002679  20230719  003  003  200
 -0.002820    0.002689  20230720  003  003  201
 -0.002733    0.002713  20230721  003  003  202
 -0.002877    0.002851  20230723  003  003  204
 -0.002923    0.002997  20230724  003  003  205
 -0.002667    0.002979  20230725  003  003  206
 -0.002660    0.003002  20230726  003  003  207
 -0.002460    0.002962  20230727  003  003  208
 -0.002767    0.002951  20230728  003  003  209
 -0.002793    0.002977  20230729  003  003  210
 -0.002937    0.003009  20230730  003  003  211
 -0.002820    0.003059  20230731  003  003  212
 -0.002560    0.003192  20230801  003  003  213
 -0.002097    0.003185  20230802  003  003  214
 -0.002170    0.002934  20230805  003  003  217
 -0.000223    0.002131  20230812  003  003  224
  0.000257    0.001859  20230813  003  003  225
 -0.000130    0.001643  20230814  003  003  226
  0.000093    0.002413  20230815  003  003  227
  0.001440    0.002439  20230816  003  003  228
  0.001340    0.002455  20230817  003  003  229
  0.002167    0.003079  20230818  003  003  230
  0.002177    0.003049  20230819  003  003  231
  0.002080    0.003073  20230821  003  003  233
  0.002480    0.003053  20230822  003  003  234
  0.002720    0.003139  20230823  003  003  235
  0.002423    0.003250  20230824  003  003  236
  0.002657    0.003248  20230825  003  003  237
  0.003000    0.003342  20230826  003  003  238
  0.003240    0.003294  20230827  003  003  239
  0.003067    0.003343  20230828  003  003  240
  0.003150    0.003313  20230829  003  003  241
  0.003623    0.003349  20230830  003  003  242
  0.003883    0.003376  20230831  003  003  243
  0.004037    0.003343  20230901  003  003  244
  0.004083    0.003290  20230902  003  003  245
  0.004310    0.003227  20230903  003  003  246
  0.003997    0.003175  20230904  003  003  247
  0.003487    0.003057  20230905  003  003  248
  0.003600    0.002966  20230906  003  003  249
  0.003633    0.002952  20230907  003  003  250
  0.003193    0.002859  20230908  003  003  251
  0.002957    0.002845  20230909  003  003  252
  0.003183    0.002821  20230910  003  003  253
  0.002773    0.002809  20230911  003  003  254
  0.002220    0.002525  20230913  003  003  256
  0.002073    0.002318  20230914  003  003  257
  0.002117    0.002168  20230915  003  003  258
  0.002253    0.002064  20230916  003  003  259
  0.002290    0.001896  20230917  003  003  260
  0.002793    0.001817  20230918  003  003  261
  0.003200    0.001749  20230919  003  003  262
  0.003390    0.001594  20230920  003  003  263
  0.003780    0.001514  20230921  003  003  264
  0.003917    0.001580  20230922  003  003  265
  0.003860    0.001534  20230923  003  003  266
  0.004083    0.001424  20230924  003  003  267
  0.003793    0.001471  20230925  003  003  268
  0.003987    0.001528  20230926  003  003  269
  0.004067    0.001531  20230927  003  003  270
  0.004077    0.001576  20230928  003  003  271
  0.003840    0.001622  20230929  003  003  272
  0.003933    0.001679  20230930  003  003  273
  0.003980    0.001719  20231001  003  003  274
  0.003473    0.001655  20231002  003  003  275
  0.002813    0.001585  20231003  003  003  276
  0.002370    0.001441  20231004  003  003  277
  0.002253    0.001343  20231005  003  003  278
  0.001957    0.001417  20231006  003  003  279
  0.001773    0.001380  20231007  003  003  280
  0.001513    0.001283  20231009  003  003  282
  0.001267    0.001245  20231010  003  003  283
  0.001183    0.001177  20231011  003  003  284
  0.000743    0.001121  20231012  003  003  285
  0.000377    0.001093  20231013  003  003  286
 -0.000170    0.001098  20231014  003  003  287
  0.000347    0.001214  20231018  003  003  291
  0.000323    0.001105  20231019  003  003  292
  0.000287    0.001093  20231020  003  003  293
 -0.001073    0.001180  20231024  003  003  297
 -0.000387    0.001142  20231025  003  003  298
 -0.001537    0.001479  20231026  003  003  299
 -0.001377    0.001399  20231027  003  003  300
 -0.001477    0.001445  20231028  003  003  301
 -0.001653    0.001425  20231030  003  003  303
 -0.001953    0.001549  20231031  003  003  304
 -0.001890    0.001702  20231101  003  003  305
 -0.001620    0.001817  20231102  003  003  306
 -0.001377    0.001809  20231103  003  003  307
 -0.001457    0.001802  20231104  003  003  308
 -0.001793    0.002001  20231106  003  003  310
 -0.001687    0.002005  20231108  003  003  312
 -0.001573    0.002092  20231109  003  003  313
 -0.001607    0.001959  20231110  003  003  314
 -0.001750    0.001938  20231111  003  003  315
 -0.001860    0.001961  20231113  003  003  317
 -0.001897    0.002101  20231114  003  003  318
 -0.002093    0.002149  20231115  003  003  319
