 -0.012643    0.003396  20230620  005  005  171
 -0.013223    0.003372  20230621  005  005  172
 -0.013450    0.003391  20230622  005  005  173
 -0.013347    0.003447  20230623  005  005  174
 -0.013047    0.003574  20230624  005  005  175
 -0.012787    0.003739  20230625  005  005  176
 -0.012653    0.003674  20230626  005  005  177
 -0.012597    0.003561  20230627  005  005  178
 -0.012553    0.003488  20230628  005  005  179
 -0.012480    0.003440  20230629  005  005  180
 -0.012453    0.003410  20230630  005  005  181
 -0.012277    0.003426  20230701  005  005  182
 -0.012067    0.003442  20230702  005  005  183
 -0.011853    0.003448  20230703  005  005  184
 -0.011490    0.003453  20230704  005  005  185
 -0.010923    0.003322  20230706  005  005  187
 -0.010707    0.003159  20230707  005  005  188
 -0.010420    0.002989  20230708  005  005  189
 -0.010000    0.002950  20230709  005  005  190
 -0.009627    0.002879  20230710  005  005  191
 -0.009173    0.002757  20230711  005  005  192
 -0.008787    0.002631  20230712  005  005  193
 -0.008433    0.002490  20230713  005  005  194
 -0.008127    0.002326  20230714  005  005  195
 -0.007840    0.002195  20230715  005  005  196
 -0.007420    0.002081  20230716  005  005  197
 -0.007010    0.001942  20230717  005  005  198
 -0.006610    0.001906  20230718  005  005  199
 -0.006173    0.001833  20230719  005  005  200
 -0.005593    0.001763  20230720  005  005  201
 -0.005083    0.001710  20230721  005  005  202
 -0.004610    0.001656  20230722  005  005  203
 -0.003987    0.001611  20230723  005  005  204
 -0.003480    0.001590  20230724  005  005  205
 -0.002910    0.001559  20230725  005  005  206
 -0.002290    0.001546  20230726  005  005  207
 -0.001653    0.001528  20230727  005  005  208
 -0.000217    0.001488  20230728  005  005  209
  0.000043    0.001469  20230729  005  005  210
  0.000743    0.001448  20230730  005  005  211
  0.000737    0.001421  20230731  005  005  212
  0.000637    0.001417  20230801  005  005  213
  0.000527    0.001426  20230802  005  005  214
 -0.000437    0.001382  20230803  005  005  215
 -0.000853    0.001323  20230804  005  005  216
 -0.001063    0.001322  20230805  005  005  217
 -0.001610    0.001152  20230812  005  005  224
 -0.001520    0.001069  20230813  005  005  225
 -0.001280    0.000942  20230814  005  005  226
 -0.000990    0.000832  20230815  005  005  227
  0.000417    0.000796  20230816  005  005  228
  0.001603    0.000802  20230817  005  005  229
  0.002700    0.000881  20230818  005  005  230
  0.002663    0.000885  20230819  005  005  231
  0.002477    0.000900  20230820  005  005  232
  0.002310    0.000908  20230821  005  005  233
  0.002313    0.000898  20230822  005  005  234
  0.002273    0.000860  20230823  005  005  235
  0.002240    0.000847  20230824  005  005  236
  0.002443    0.000845  20230825  005  005  237
  0.002517    0.000852  20230826  005  005  238
  0.002497    0.000868  20230827  005  005  239
  0.002563    0.000911  20230828  005  005  240
  0.002750    0.000927  20230829  005  005  241
  0.002707    0.000970  20230830  005  005  242
  0.002837    0.001015  20230831  005  005  243
  0.003213    0.001033  20230901  005  005  244
  0.003767    0.001059  20230902  005  005  245
  0.004347    0.001094  20230903  005  005  246
  0.004493    0.001127  20230905  005  005  248
  0.004597    0.001169  20230906  005  005  249
  0.004457    0.001261  20230907  005  005  250
  0.004317    0.001323  20230908  005  005  251
  0.004343    0.001381  20230909  005  005  252
  0.004360    0.001403  20230910  005  005  253
  0.004527    0.001427  20230911  005  005  254
  0.004697    0.001439  20230913  005  005  256
  0.004777    0.001462  20230914  005  005  257
  0.004807    0.001503  20230915  005  005  258
  0.004710    0.001539  20230916  005  005  259
  0.005087    0.001578  20230917  005  005  260
  0.005643    0.001718  20230918  005  005  261
  0.005893    0.001837  20230919  005  005  262
  0.006297    0.001909  20230920  005  005  263
  0.000083    0.002630  20231004  005  005  277
  0.001320    0.002381  20231005  005  005  278
  0.003157    0.002296  20231006  005  005  279
  0.003223    0.002194  20231007  005  005  280
  0.002917    0.002117  20231008  005  005  281
  0.002963    0.002115  20231009  005  005  282
  0.003187    0.002096  20231010  005  005  283
  0.003187    0.002096  20231011  005  005  284
  0.002950    0.002017  20231012  005  005  285
  0.002830    0.001972  20231013  005  005  286
  0.002743    0.001956  20231014  005  005  287
  0.002750    0.001936  20231015  005  005  288
  0.002647    0.001832  20231017  005  005  290
  0.002500    0.001840  20231018  005  005  291
  0.002320    0.001830  20231019  005  005  292
  0.002123    0.001834  20231020  005  005  293
  0.001197    0.001898  20231023  005  005  296
  0.000880    0.002042  20231024  005  005  297
  0.001183    0.002268  20231025  005  005  298
  0.001097    0.002489  20231026  005  005  299
  0.000910    0.002792  20231027  005  005  300
  0.000867    0.003757  20231031  005  005  304
  0.000433    0.004055  20231101  005  005  305
  0.000127    0.004219  20231102  005  005  306
  0.000153    0.004232  20231103  005  005  307
  0.000027    0.004298  20231106  005  005  310
 -0.000260    0.004439  20231107  005  005  311
  0.000043    0.004498  20231108  005  005  312
