 -0.010960    0.011752  20230607  001  001  158
 -0.009020    0.012039  20230613  001  001  164
 -0.007023    0.011930  20230614  001  001  165
 -0.006340    0.011941  20230621  001  001  172
 -0.010490    0.011665  20230622  001  001  173
 -0.011190    0.011338  20230623  001  001  174
 -0.011840    0.011298  20230626  001  001  177
 -0.012253    0.011018  20230627  001  001  178
 -0.012300    0.010935  20230628  001  001  179
 -0.011953    0.011269  20230630  001  001  181
 -0.011837    0.011370  20230703  001  001  184
 -0.011373    0.011177  20230704  001  001  185
 -0.011180    0.011077  20230706  001  001  187
 -0.011307    0.010987  20230707  001  001  188
 -0.011300    0.010684  20230708  001  001  189
 -0.010927    0.010302  20230709  001  001  190
 -0.010877    0.010200  20230710  001  001  191
 -0.010940    0.010155  20230711  001  001  192
 -0.011223    0.010027  20230712  001  001  193
 -0.011610    0.009790  20230713  001  001  194
 -0.011617    0.009921  20230714  001  001  195
 -0.011307    0.009913  20230715  001  001  196
 -0.011677    0.009849  20230717  001  001  198
 -0.011803    0.009878  20230718  001  001  199
 -0.011673    0.010161  20230719  001  001  200
 -0.011737    0.010354  20230720  001  001  201
 -0.011747    0.010880  20230721  001  001  202
 -0.011787    0.011123  20230722  001  001  203
 -0.011440    0.011002  20230723  001  001  204
 -0.010977    0.010893  20230724  001  001  205
 -0.011013    0.011279  20230725  001  001  206
 -0.010903    0.011520  20230726  001  001  207
 -0.011407    0.012005  20230728  001  001  209
 -0.011547    0.011905  20230729  001  001  210
 -0.011427    0.011913  20230730  001  001  211
 -0.011160    0.012192  20230731  001  001  212
 -0.011047    0.012296  20230801  001  001  213
 -0.010890    0.012466  20230802  001  001  214
 -0.011457    0.014518  20230812  001  001  224
 -0.013860    0.014489  20230814  001  001  226
 -0.012927    0.013038  20230815  001  001  227
 -0.012017    0.013734  20230816  001  001  228
 -0.016433    0.013978  20230817  001  001  229
 -0.014833    0.014594  20230818  001  001  230
 -0.012367    0.014482  20230819  001  001  231
 -0.016507    0.014579  20230821  001  001  233
 -0.016673    0.014941  20230822  001  001  234
 -0.016497    0.014468  20230825  001  001  237
 -0.016313    0.014464  20230826  001  001  238
 -0.016523    0.014837  20230828  001  001  240
 -0.016670    0.014394  20230829  001  001  241
 -0.016213    0.014820  20230830  001  001  242
 -0.016127    0.014103  20230831  001  001  243
 -0.016307    0.013737  20230901  001  001  244
 -0.016097    0.013428  20230902  001  001  245
 -0.016160    0.012802  20230907  001  001  250
 -0.016210    0.012393  20230908  001  001  251
 -0.016113    0.012398  20230909  001  001  252
 -0.016227    0.012426  20230911  001  001  254
 -0.015710    0.011878  20230913  001  001  256
 -0.015500    0.012314  20230914  001  001  257
 -0.015180    0.012130  20230915  001  001  258
 -0.011030    0.012110  20230916  001  001  259
 -0.010573    0.012179  20230918  001  001  261
 -0.010240    0.012302  20230919  001  001  262
 -0.009247    0.012494  20230920  001  001  263
 -0.008873    0.012579  20230921  001  001  264
 -0.008910    0.012523  20230923  001  001  266
 -0.008267    0.012040  20230924  001  001  267
 -0.008950    0.012315  20230925  001  001  268
 -0.008530    0.012433  20230926  001  001  269
 -0.008310    0.011926  20230927  001  001  270
 -0.008440    0.012356  20230928  001  001  271
 -0.008697    0.012613  20230929  001  001  272
 -0.008643    0.012841  20230930  001  001  273
 -0.008477    0.012898  20231001  001  001  274
 -0.012627    0.013814  20231010  001  001  283
 -0.008027    0.014880  20231013  001  001  286
 -0.015530    0.014582  20231019  001  001  292
 -0.015270    0.014077  20231020  001  001  293
 -0.014833    0.013918  20231022  001  001  295
 -0.008500    0.013552  20231023  001  001  296
 -0.008203    0.013412  20231024  001  001  297
 -0.008007    0.013614  20231025  001  001  298
 -0.007723    0.012739  20231027  001  001  300
 -0.007363    0.012595  20231028  001  001  301
 -0.007423    0.012091  20231030  001  001  303
 -0.007370    0.012303  20231031  001  001  304
 -0.007417    0.012054  20231101  001  001  305
 -0.007423    0.011888  20231102  001  001  306
 -0.007753    0.012282  20231103  001  001  307
 -0.007297    0.012458  20231107  001  001  311
 -0.007287    0.012834  20231108  001  001  312
 -0.007763    0.012653  20231109  001  001  313
 -0.008133    0.012316  20231110  001  001  314
 -0.007850    0.012238  20231111  001  001  315
 -0.007590    0.012426  20231113  001  001  317
 -0.007050    0.012705  20231114  001  001  318
 -0.007090    0.012692  20231115  001  001  319
 -0.007033    0.011334  20231117  001  001  321
 -0.007127    0.011725  20231118  001  001  322
