 -0.02632000   0.01284460   0.61763477 0.0 156 20230605 002 002
 -0.01640000   0.01327469   0.60502577 0.0 157 20230606 002 002
 -0.01530000   0.01342901   0.60059017 0.0 158 20230607 002 002
 -0.01524000   0.01361100   0.59541911 0.0 159 20230608 002 002
 -0.01568000   0.01380191   0.59006381 0.0 160 20230609 002 002
 -0.01514000   0.01390623   0.58716726 0.0 161 20230610 002 002
 -0.01524000   0.01401141   0.58426797 0.0 163 20230612 002 002
 -0.01488000   0.01429858   0.57645941 0.0 164 20230613 002 002
 -0.01472000   0.01451664   0.57063431 0.0 165 20230614 002 002
 -0.01472000   0.01462794   0.56769532 0.0 166 20230615 002 002
 -0.01372000   0.01508672   0.55582267 0.0 173 20230622 002 002
 -0.01390000   0.01570111   0.54051793 0.0 174 20230623 002 002
 -0.01436000   0.01575420   0.53922659 0.0 175 20230624 002 002
 -0.01454000   0.01535505   0.54905587 0.0 177 20230626 002 002
 -0.01422000   0.01492535   0.55995488 0.0 178 20230627 002 002
 -0.01364000   0.01545260   0.54662776 0.0 179 20230628 002 002
 -0.01348000   0.01608940   0.53118658 0.0 180 20230629 002 002
 -0.01316000   0.01647327   0.52221310 0.0 181 20230630 002 002
 -0.01276000   0.01632153   0.52573073 0.0 182 20230701 002 002
 -0.01260000   0.01622795   0.52791911 0.0 183 20230702 002 002
 -0.01230000   0.01587813   0.53623152 0.0 184 20230703 002 002
 -0.01220000   0.01567013   0.54127371 0.0 185 20230704 002 002
 -0.01190000   0.01548412   0.54584676 0.0 187 20230706 002 002
 -0.01114000   0.01512510   0.55484682 0.0 188 20230707 002 002
 -0.01084000   0.01482937   0.56243491 0.0 189 20230708 002 002
 -0.01038000   0.01476885   0.56400752 0.0 190 20230709 002 002
 -0.01020000   0.01455332   0.56966335 0.0 191 20230710 002 002
 -0.01036000   0.01407153   0.58262014 0.0 192 20230711 002 002
 -0.01030000   0.01353273   0.59763533 0.0 193 20230712 002 002
 -0.01046000   0.01321006   0.60689706 0.0 194 20230713 002 002
 -0.01092000   0.01334177   0.60309207 0.0 195 20230714 002 002
 -0.01116000   0.01324098   0.60600084 0.0 196 20230715 002 002
 -0.01124000   0.01326233   0.60538286 0.0 197 20230716 002 002
 -0.01110000   0.01306795   0.61104113 0.0 198 20230717 002 002
 -0.01102000   0.01314924   0.60866576 0.0 199 20230718 002 002
 -0.01120000   0.01327023   0.60515469 0.0 200 20230719 002 002
 -0.01166000   0.01358166   0.59624851 0.0 201 20230720 002 002
 -0.01216000   0.01381062   0.58982122 0.0 202 20230721 002 002
 -0.01216000   0.01389640   0.58743936 0.0 203 20230722 002 002
 -0.01274000   0.01457213   0.56916618 0.0 206 20230725 002 002
 -0.01282000   0.01452669   0.57036799 0.0 207 20230726 002 002
 -0.01260000   0.01426529   0.57735670 0.0 208 20230727 002 002
 -0.01254000   0.01477236   0.56391621 0.0 209 20230728 002 002
 -0.01290000   0.01461682   0.56798798 0.0 210 20230729 002 002
 -0.01376000   0.01487551   0.56124061 0.0 212 20230731 002 002
 -0.01338000   0.01512191   0.55492771 0.0 213 20230801 002 002
 -0.01294000   0.01549794   0.54550487 0.0 214 20230802 002 002
 -0.01264000   0.01583152   0.53735501 0.0 215 20230803 002 002
 -0.01270000   0.01564643   0.54185301 0.0 216 20230804 002 002
 -0.01316000   0.01559376   0.54314393 0.0 217 20230805 002 002
 -0.01276000   0.01540149   0.54789782 0.0 219 20230807 002 002
 -0.01342000   0.01561981   0.54250491 0.0 224 20230812 002 002
 -0.01328000   0.01602075   0.53281760 0.0 225 20230813 002 002
 -0.01324000   0.01594162   0.53470737 0.0 226 20230814 002 002
 -0.01364000   0.01583504   0.53726995 0.0 227 20230815 002 002
 -0.01384000   0.01587664   0.53626740 0.0 228 20230816 002 002
 -0.01416000   0.01668016   0.51747841 0.0 230 20230818 002 002
 -0.01364000   0.01685826   0.51345849 0.0 231 20230819 002 002
 -0.01468000   0.01803051   0.48824087 0.0 233 20230821 002 002
 -0.01496000   0.01768455   0.49546462 0.0 234 20230822 002 002
 -0.02440000   0.01763009   0.49661815 0.0 235 20230823 002 002
 -0.02566000   0.01793550   0.49020696 0.0 236 20230824 002 002
 -0.01434000   0.01817426   0.48529133 0.0 237 20230825 002 002
 -0.01422000   0.01797975   0.48928973 0.0 238 20230826 002 002
 -0.01478000   0.01790082   0.49092793 0.0 240 20230828 002 002
 -0.01496000   0.01790966   0.49074399 0.0 241 20230829 002 002
 -0.01472000   0.01737132   0.50216067 0.0 242 20230830 002 002
 -0.01450000   0.01726618   0.50444216 0.0 243 20230831 002 002
 -0.01410000   0.01712744   0.50747931 0.0 244 20230901 002 002
 -0.01406000   0.01728666   0.50399649 0.0 245 20230902 002 002
 -0.01372000   0.01718914   0.50612485 0.0 247 20230904 002 002
 -0.01318000   0.01744293   0.50061667 0.0 248 20230905 002 002
 -0.01344000   0.01699060   0.51050431 0.0 249 20230906 002 002
 -0.01364000   0.01768892   0.49537224 0.0 250 20230907 002 002
 -0.01370000   0.01819961   0.48477441 0.0 251 20230908 002 002
 -0.01318000   0.01846469   0.47942352 0.0 252 20230909 002 002
 -0.01296000   0.01871168   0.47452754 0.0 253 20230910 002 002
 -0.01318000   0.01864672   0.47580695 0.0 254 20230911 002 002
 -0.01306000   0.01936022   0.46207145 0.0 256 20230913 002 002
 -0.01380000   0.01959188   0.45775801 0.0 257 20230914 002 002
 -0.01406000   0.01927645   0.46364856 0.0 258 20230915 002 002
 -0.01428000   0.01897134   0.46947190 0.0 259 20230916 002 002
 -0.01390000   0.01903745   0.46819955 0.0 260 20230917 002 002
 -0.01398000   0.01898806   0.46914947 0.0 261 20230918 002 002
 -0.01396000   0.01908449   0.46729770 0.0 262 20230919 002 002
 -0.01430000   0.01825862   0.48357445 0.0 263 20230920 002 002
 -0.01420000   0.01814437   0.48590213 0.0 264 20230921 002 002
 -0.02632000   0.01767900   0.49558201 0.0 265 20230922 002 002
 -0.02566000   0.01739077   0.50174063 0.0 266 20230923 002 002
 -0.02632000   0.01711516   0.50774950 0.0 269 20230926 002 002
 -0.02632000   0.01674375   0.51603729 0.0 270 20230927 002 002
 -0.02632000   0.01634650   0.52514923 0.0 271 20230928 002 002
 -0.02632000   0.01616231   0.52946305 0.0 272 20230929 002 002
 -0.02632000   0.01565696   0.54159558 0.0 273 20230930 002 002
 -0.02632000   0.01553931   0.54448366 0.0 274 20231001 002 002
 -0.02632000   0.01549394   0.54560369 0.0 275 20231002 002 002
 -0.02632000   0.01544523   0.54681063 0.0 276 20231003 002 002
 -0.02632000   0.01476488   0.56411117 0.0 277 20231004 002 002
 -0.02632000   0.01471549   0.56539989 0.0 278 20231005 002 002
 -0.02632000   0.01442863   0.57297456 0.0 279 20231006 002 002
 -0.02632000   0.01437878   0.57430661 0.0 280 20231007 002 002
 -0.02632000   0.01442109   0.57317585 0.0 283 20231010 002 002
 -0.02940000   0.01448624   0.57144111 0.0 287 20231014 002 002
 -0.02632000   0.01574677   0.53940719 0.0 291 20231018 002 002
 -0.02632000   0.01622326   0.52802920 0.0 292 20231019 002 002
 -0.02632000   0.01701878   0.50987893 0.0 293 20231020 002 002
 -0.02566000   0.01684556   0.51374334 0.0 294 20231021 002 002
 -0.02632000   0.01755676   0.49817836 0.0 297 20231024 002 002
 -0.02566000   0.01856708   0.47738343 0.0 300 20231027 002 002
 -0.02566000   0.01742234   0.50105971 0.0 301 20231028 002 002
 -0.02632000   0.01676444   0.51556963 0.0 303 20231030 002 002
 -0.02632000   0.01564665   0.54184771 0.0 304 20231031 002 002
 -0.02632000   0.01538740   0.54824877 0.0 305 20231101 002 002
 -0.02632000   0.01502979   0.55727494 0.0 306 20231102 002 002
 -0.02632000   0.01486506   0.56151080 0.0 307 20231103 002 002
 -0.02632000   0.01477733   0.56378692 0.0 308 20231104 002 002
 -0.02566000   0.01444913   0.57242817 0.0 310 20231106 002 002
 -0.02632000   0.01476212   0.56418282 0.0 311 20231107 002 002
 -0.02632000   0.01489771   0.56066740 0.0 312 20231108 002 002
 -0.02566000   0.01433382   0.57551217 0.0 313 20231109 002 002
 -0.02566000   0.01432303   0.57580197 0.0 314 20231110 002 002
 -0.02632000   0.01419594   0.57923228 0.0 315 20231111 002 002
 -0.02566000   0.01426566   0.57734656 0.0 317 20231113 002 002
 -0.02566000   0.01433658   0.57543802 0.0 318 20231114 002 002
 -0.02632000   0.01428252   0.57689202 0.0 320 20231116 002 002
 -0.02632000   0.01453992   0.57001776 0.0 321 20231117 002 002
 -0.02566000   0.01458477   0.56883258 0.0 322 20231118 002 002
 -0.02566000   0.01430285   0.57634455 0.0 324 20231120 002 002
 -0.02566000   0.01372027   0.59234542 0.0 325 20231121 002 002
X
