 -0.00496000   0.00980555   0.71704805 0.0 154 20230603 006 006
 -0.00332000   0.00521277   0.88838923 0.0 158 20230607 006 006
 -0.00346000   0.00479445   0.90317315 0.0 165 20230614 006 006
 -0.00212000   0.00452345   0.91245610 0.0 172 20230621 006 006
 -0.00312000   0.00468739   0.90687060 0.0 173 20230622 006 006
 -0.00342000   0.00566186   0.87202638 0.0 174 20230623 006 006
 -0.00274000   0.00600055   0.85943389 0.0 175 20230624 006 006
 -0.00226000   0.00584631   0.86519104 0.0 177 20230626 006 006
 -0.00246000   0.00568487   0.87117702 0.0 178 20230627 006 006
 -0.00336000   0.00540777   0.88133854 0.0 179 20230628 006 006
 -0.00342000   0.00507919   0.89316416 0.0 180 20230629 006 006
 -0.00326000   0.00482724   0.90203321 0.0 181 20230630 006 006
 -0.00258000   0.00483336   0.90181988 0.0 182 20230701 006 006
 -0.00260000   0.00467937   0.90714622 0.0 183 20230702 006 006
 -0.00252000   0.00458794   0.91027045 0.0 184 20230703 006 006
 -0.00242000   0.00452779   0.91230935 0.0 185 20230704 006 006
 -0.00234000   0.00405379   0.92787635 0.0 187 20230706 006 006
 -0.00252000   0.00357489   0.94255906 0.0 188 20230707 006 006
 -0.00272000   0.00371590   0.93835688 0.0 189 20230708 006 006
 -0.00280000   0.00361331   0.94142473 0.0 190 20230709 006 006
 -0.00278000   0.00372638   0.93804044 0.0 191 20230710 006 006
 -0.00252000   0.00372516   0.93807721 0.0 192 20230711 006 006
 -0.00254000   0.00388731   0.93310976 0.0 193 20230712 006 006
 -0.00292000   0.00390378   0.93259794 0.0 194 20230713 006 006
 -0.00362000   0.00383514   0.93472242 0.0 195 20230714 006 006
 -0.00372000   0.00394721   0.93124193 0.0 196 20230715 006 006
 -0.00330000   0.00403164   0.92858028 0.0 197 20230716 006 006
 -0.00326000   0.00390279   0.93262887 0.0 198 20230717 006 006
 -0.00346000   0.00390386   0.93259549 0.0 199 20230718 006 006
 -0.00308000   0.00379995   0.93580252 0.0 200 20230719 006 006
 -0.00320000   0.00368598   0.93925738 0.0 201 20230720 006 006
 -0.00252000   0.00350172   0.94469678 0.0 202 20230721 006 006
 -0.00228000   0.00347081   0.94559091 0.0 203 20230722 006 006
 -0.00178000   0.00342335   0.94695336 0.0 204 20230723 006 006
 -0.00154000   0.00343525   0.94661278 0.0 205 20230724 006 006
 -0.00170000   0.00335603   0.94886351 0.0 206 20230725 006 006
 -0.00150000   0.00343502   0.94661939 0.0 207 20230726 006 006
 -0.00110000   0.00362186   0.94117099 0.0 208 20230727 006 006
 -0.00100000   0.00350686   0.94454747 0.0 209 20230728 006 006
 -0.00110000   0.00352041   0.94415349 0.0 210 20230729 006 006
 -0.00108000   0.00359796   0.94187868 0.0 211 20230730 006 006
 -0.00090000   0.00351250   0.94438362 0.0 212 20230731 006 006
 -0.00080000   0.00359645   0.94192338 0.0 213 20230801 006 006
 -0.00056000   0.00365344   0.94023132 0.0 214 20230802 006 006
  0.00116000   0.00187136   0.98322350 0.0 224 20230812 006 006
  0.00432000   0.00199044   0.98108256 0.0 225 20230813 006 006
  0.00680000   0.00360508   0.94166833 0.0 226 20230814 006 006
  0.00820000   0.00624157   0.85037518 0.0 227 20230815 006 006
  0.00696000   0.00638585   0.84492290 0.0 228 20230816 006 006
  0.00582000   0.00620893   0.85160601 0.0 229 20230817 006 006
  0.00642000   0.00599933   0.85947937 0.0 230 20230818 006 006
  0.00642000   0.00618488   0.85251206 0.0 231 20230819 006 006
  0.00642000   0.00640029   0.84437621 0.0 232 20230820 006 006
  0.00724000   0.00635335   0.84615290 0.0 233 20230821 006 006
  0.00714000   0.00624444   0.85026681 0.0 234 20230822 006 006
  0.00674000   0.00600298   0.85934287 0.0 238 20230826 006 006
  0.00612000   0.00617472   0.85289466 0.0 239 20230827 006 006
  0.00616000   0.00645982   0.84212041 0.0 240 20230828 006 006
  0.00622000   0.00623947   0.85045433 0.0 241 20230829 006 006
  0.00638000   0.00619049   0.85230064 0.0 242 20230830 006 006
  0.00546000   0.00626180   0.84961188 0.0 243 20230831 006 006
  0.00576000   0.00610596   0.85548073 0.0 244 20230901 006 006
  0.00592000   0.00607791   0.85653394 0.0 245 20230902 006 006
  0.00528000   0.00652174   0.83977145 0.0 246 20230903 006 006
  0.00492000   0.00684319   0.82754159 0.0 247 20230904 006 006
  0.00416000   0.00665599   0.83467013 0.0 249 20230906 006 006
  0.00384000   0.00685480   0.82709920 0.0 250 20230907 006 006
  0.00206000   0.00665852   0.83457375 0.0 251 20230908 006 006
  0.00246000   0.00664535   0.83507490 0.0 252 20230909 006 006
  0.00104000   0.00724246   0.81231093 0.0 253 20230910 006 006
  0.00112000   0.00729256   0.81039983 0.0 254 20230911 006 006
  0.00136000   0.00685919   0.82693166 0.0 256 20230913 006 006
 -0.00004000   0.00620450   0.85177296 0.0 257 20230914 006 006
 -0.00016000   0.00536145   0.88302153 0.0 258 20230915 006 006
 -0.00072000   0.00460932   0.90954238 0.0 259 20230916 006 006
 -0.00062000   0.00407324   0.92725641 0.0 260 20230917 006 006
 -0.00034000   0.00386236   0.93388283 0.0 261 20230918 006 006
  0.00036000   0.00371096   0.93850577 0.0 262 20230919 006 006
  0.00016000   0.00343949   0.94649130 0.0 263 20230920 006 006
  0.00096000   0.00321382   0.95280993 0.0 264 20230921 006 006
  0.00200000   0.00242641   0.97226757 0.0 266 20230923 006 006
  0.00090000   0.00255633   0.96935707 0.0 269 20230926 006 006
  0.00074000   0.00251785   0.97023207 0.0 270 20230927 006 006
  0.00052000   0.00288946   0.96133763 0.0 271 20230928 006 006
  0.00014000   0.00314456   0.95468730 0.0 272 20230929 006 006
  0.00016000   0.00345682   0.94599384 0.0 273 20230930 006 006
  0.00000000   0.00378352   0.93630463 0.0 274 20231001 006 006
 -0.00180000   0.00380825   0.93554842 0.0 278 20231005 006 006
 -0.00188000   0.00352106   0.94413453 0.0 279 20231006 006 006
 -0.00106000   0.00325565   0.95166183 0.0 282 20231009 006 006
 -0.00134000   0.00312109   0.95531672 0.0 283 20231010 006 006
  0.00036000   0.00358018   0.94240332 0.0 286 20231013 006 006
 -0.00054000   0.00407207   0.92729378 0.0 291 20231018 006 006
 -0.00178000   0.00372019   0.93822730 0.0 292 20231019 006 006
 -0.00258000   0.00334432   0.94919294 0.0 293 20231020 006 006
 -0.00200000   0.00382144   0.93514365 0.0 296 20231023 006 006
 -0.00118000   0.00357473   0.94256377 0.0 297 20231024 006 006
 -0.00134000   0.00288818   0.96137005 0.0 298 20231025 006 006
 -0.00370000   0.00194710   0.98187548 0.0 300 20231027 006 006
 -0.00298000   0.00169835   0.98612088 0.0 301 20231028 006 006
 -0.00274000   0.00171891   0.98578995 0.0 302 20231029 006 006
 -0.00240000   0.00168320   0.98636240 0.0 303 20231030 006 006
 -0.00116000   0.00164350   0.98698574 0.0 304 20231031 006 006
  0.00056000   0.00144894   0.98984063 0.0 305 20231101 006 006
  0.00126000   0.00142294   0.99019659 0.0 306 20231102 006 006
  0.00084000   0.00151235   0.98894691 0.0 308 20231104 006 006
 -0.00086000   0.00156378   0.98819596 0.0 312 20231108 006 006
 -0.00038000   0.00136141   0.99101496 0.0 313 20231109 006 006
 -0.00024000   0.00124471   0.99247277 0.0 314 20231110 006 006
  0.00022000   0.00120249   0.99296945 0.0 315 20231111 006 006
  0.00030000   0.00113912   0.99368417 0.0 316 20231112 006 006
  0.00018000   0.00120380   0.99295431 0.0 317 20231113 006 006
  0.00000000   0.00127729   0.99207824 0.0 318 20231114 006 006
  0.00032000   0.00139863   0.99052405 0.0 319 20231115 006 006
  0.00158000   0.00168824   0.98628217 0.0 321 20231117 006 006
X
