 -0.01684000   0.00425369   0.83598560 0.0 171 20230620 003 003
 -0.01912000   0.00376265   0.86479187 0.0 173 20230622 003 003
 -0.01980000   0.00348909   0.88048548 0.0 174 20230623 003 003
 -0.02004000   0.00331596   0.89021993 0.0 175 20230624 003 003
 -0.01988000   0.00316928   0.89831978 0.0 176 20230625 003 003
 -0.01956000   0.00304088   0.90528297 0.0 177 20230626 003 003
 -0.01946000   0.00290157   0.91268569 0.0 178 20230627 003 003
 -0.01906000   0.00286393   0.91465616 0.0 179 20230628 003 003
 -0.01910000   0.00280423   0.91775507 0.0 180 20230629 003 003
 -0.01900000   0.00274570   0.92075974 0.0 181 20230630 003 003
 -0.01900000   0.00271058   0.92254591 0.0 182 20230701 003 003
 -0.01898000   0.00264471   0.92586112 0.0 183 20230702 003 003
 -0.01906000   0.00253118   0.93146473 0.0 184 20230703 003 003
 -0.01876000   0.00248960   0.93348026 0.0 185 20230704 003 003
 -0.01864000   0.00228633   0.94302720 0.0 187 20230706 003 003
 -0.01872000   0.00212287   0.95030737 0.0 188 20230707 003 003
 -0.01874000   0.00202004   0.95469058 0.0 189 20230708 003 003
 -0.01864000   0.00190634   0.95934981 0.0 190 20230709 003 003
 -0.01876000   0.00183785   0.96205711 0.0 191 20230710 003 003
 -0.01924000   0.00178435   0.96411830 0.0 192 20230711 003 003
 -0.01942000   0.00182771   0.96245140 0.0 193 20230712 003 003
 -0.01964000   0.00192934   0.95842367 0.0 194 20230713 003 003
 -0.01980000   0.00210197   0.95121062 0.0 195 20230714 003 003
 -0.01984000   0.00241575   0.93700850 0.0 196 20230715 003 003
 -0.01988000   0.00269977   0.92309278 0.0 197 20230716 003 003
 -0.02024000   0.00301349   0.90675116 0.0 198 20230717 003 003
 -0.02010000   0.00297536   0.90878516 0.0 199 20230718 003 003
 -0.01990000   0.00288348   0.91363430 0.0 200 20230719 003 003
 -0.01956000   0.00289407   0.91307932 0.0 201 20230720 003 003
 -0.01924000   0.00287747   0.91394871 0.0 202 20230721 003 003
 -0.01890000   0.00292186   0.91161799 0.0 203 20230722 003 003
 -0.01834000   0.00274464   0.92081380 0.0 204 20230723 003 003
 -0.01798000   0.00263085   0.92655313 0.0 205 20230724 003 003
 -0.01756000   0.00253180   0.93143469 0.0 206 20230725 003 003
 -0.01710000   0.00241149   0.93721008 0.0 207 20230726 003 003
 -0.01666000   0.00236173   0.93954670 0.0 208 20230727 003 003
 -0.01636000   0.00225445   0.94447607 0.0 209 20230728 003 003
 -0.01568000   0.00221498   0.94625062 0.0 210 20230729 003 003
 -0.01444000   0.00192739   0.95850253 0.0 212 20230731 003 003
 -0.01380000   0.00188062   0.96037525 0.0 213 20230801 003 003
 -0.01304000   0.00172208   0.96645653 0.0 214 20230802 003 003
 -0.01200000   0.00161769   0.97022563 0.0 215 20230803 003 003
 -0.01162000   0.00171300   0.96679175 0.0 216 20230804 003 003
 -0.01156000   0.00171196   0.96683025 0.0 217 20230805 003 003
 -0.01104000   0.00150640   0.97402865 0.0 218 20230806 003 003
 -0.00812000   0.00110580   0.98575109 0.0 224 20230812 003 003
 -0.00576000   0.00089970   0.99049908 0.0 226 20230814 003 003
 -0.00470000   0.00088289   0.99084598 0.0 227 20230815 003 003
 -0.00436000   0.00096912   0.98900151 0.0 228 20230816 003 003
 -0.00350000   0.00100270   0.98823959 0.0 229 20230817 003 003
 -0.00160000   0.00126911   0.98135710 0.0 230 20230818 003 003
  0.00000000   0.00139011   0.97775620 0.0 231 20230819 003 003
  0.00000000   0.00136587   0.97850049 0.0 234 20230822 003 003
  0.00000000   0.00134652   0.97908664 0.0 235 20230823 003 003
  0.00000000   0.00137708   0.97815788 0.0 236 20230824 003 003
  0.00000000   0.00142849   0.97655439 0.0 237 20230825 003 003
  0.00000000   0.00149756   0.97432113 0.0 238 20230826 003 003
  0.00000000   0.00170393   0.96712548 0.0 239 20230827 003 003
  0.00000000   0.00184917   0.96161491 0.0 240 20230828 003 003
  0.00000000   0.00202916   0.95430839 0.0 241 20230829 003 003
  0.00000000   0.00207312   0.95244771 0.0 242 20230830 003 003
  0.00000000   0.00208517   0.95193249 0.0 243 20230831 003 003
  0.00000000   0.00195447   0.95740193 0.0 244 20230901 003 003
  0.00000000   0.00185931   0.96121693 0.0 246 20230903 003 003
  0.00012000   0.00175930   0.96506673 0.0 248 20230905 003 003
  0.00116000   0.00164129   0.96939027 0.0 249 20230906 003 003
  0.00110000   0.00171439   0.96674049 0.0 250 20230907 003 003
  0.00066000   0.00182255   0.96265131 0.0 251 20230908 003 003
  0.00052000   0.00200817   0.95518643 0.0 252 20230909 003 003
  0.00124000   0.00220382   0.94674850 0.0 253 20230910 003 003
  0.00174000   0.00251113   0.93243927 0.0 254 20230911 003 003
  0.00162000   0.00294690   0.91029531 0.0 256 20230913 003 003
  0.00110000   0.00313927   0.89995855 0.0 257 20230914 003 003
  0.00112000   0.00305883   0.90431714 0.0 258 20230915 003 003
  0.00052000   0.00308685   0.90280449 0.0 259 20230916 003 003
  0.00068000   0.00307463   0.90346497 0.0 260 20230917 003 003
  0.00082000   0.00294306   0.91049850 0.0 261 20230918 003 003
  0.00028000   0.00288521   0.91354376 0.0 262 20230919 003 003
  0.00042000   0.00276040   0.92000836 0.0 263 20230920 003 003
  0.00134000   0.00267249   0.92446870 0.0 264 20230921 003 003
  0.00238000   0.00257512   0.92931348 0.0 265 20230922 003 003
  0.00226000   0.00256129   0.92999297 0.0 266 20230923 003 003
  0.00208000   0.00254807   0.93064016 0.0 269 20230926 003 003
  0.00192000   0.00246364   0.93472797 0.0 270 20230927 003 003
  0.00252000   0.00211023   0.95085448 0.0 275 20231002 003 003
  0.00212000   0.00173903   0.96582639 0.0 276 20231003 003 003
  0.00142000   0.00141309   0.97703993 0.0 277 20231004 003 003
  0.00000000   0.00137059   0.97835642 0.0 278 20231005 003 003
  0.00000000   0.00131229   0.98010528 0.0 279 20231006 003 003
  0.00000000   0.00135911   0.97870624 0.0 280 20231007 003 003
  0.00000000   0.00145534   0.97569692 0.0 282 20231009 003 003
  0.00000000   0.00155144   0.97251695 0.0 283 20231010 003 003
  0.00000000   0.00152719   0.97333574 0.0 284 20231011 003 003
  0.00000000   0.00150063   0.97421968 0.0 285 20231012 003 003
  0.00000000   0.00145517   0.97570246 0.0 286 20231013 003 003
  0.00000000   0.00140770   0.97720909 0.0 287 20231014 003 003
  0.00000000   0.00139244   0.97768402 0.0 290 20231017 003 003
  0.00000000   0.00133536   0.97942114 0.0 291 20231018 003 003
  0.00000000   0.00127638   0.98114896 0.0 292 20231019 003 003
  0.00034000   0.00113047   0.98512232 0.0 293 20231020 003 003
  0.01136000   0.00257456   0.92934072 0.0 305 20231101 003 003
  0.01352000   0.00270381   0.92288858 0.0 306 20231102 003 003
  0.01354000   0.00248947   0.93348640 0.0 307 20231103 003 003
  0.01344000   0.00240125   0.93769360 0.0 310 20231106 003 003
  0.01310000   0.00245193   0.93528831 0.0 311 20231107 003 003
  0.01380000   0.00260893   0.92764276 0.0 312 20231108 003 003
  0.01368000   0.00253922   0.93107259 0.0 313 20231109 003 003
  0.01330000   0.00231578   0.94167644 0.0 314 20231110 003 003
  0.01290000   0.00215750   0.94879621 0.0 317 20231113 003 003
  0.01206000   0.00194985   0.95759046 0.0 321 20231117 003 003
  0.01184000   0.00190637   0.95934850 0.0 322 20231118 003 003
X
