 -0.00688000   0.01546912   0.54621828 0.0 158 20230607 001 001
 -0.00326000   0.01748632   0.49968484 0.0 164 20230613 001 001
  0.00314000   0.01737907   0.50199330 0.0 165 20230614 001 001
  0.00522000   0.01786552   0.49166381 0.0 172 20230621 001 001
 -0.00688000   0.01780485   0.49293244 0.0 173 20230622 001 001
 -0.00894000   0.01731808   0.50331396 0.0 174 20230623 001 001
 -0.01064000   0.01691497   0.51218909 0.0 177 20230626 001 001
 -0.01244000   0.01687395   0.51310682 0.0 178 20230627 001 001
 -0.01234000   0.01659986   0.51930773 0.0 179 20230628 001 001
 -0.01188000   0.01718651   0.50618249 0.0 181 20230630 001 001
 -0.01244000   0.01722194   0.50540727 0.0 184 20230703 001 001
 -0.01202000   0.01676758   0.51549876 0.0 185 20230704 001 001
 -0.01096000   0.01657024   0.51998514 0.0 187 20230706 001 001
 -0.01062000   0.01660612   0.51916468 0.0 188 20230707 001 001
 -0.01084000   0.01598210   0.53373921 0.0 189 20230708 001 001
 -0.01026000   0.01543968   0.54694825 0.0 190 20230709 001 001
 -0.00942000   0.01512669   0.55480647 0.0 191 20230710 001 001
 -0.00956000   0.01503039   0.55725962 0.0 192 20230711 001 001
 -0.00992000   0.01476746   0.56404382 0.0 193 20230712 001 001
 -0.01032000   0.01416887   0.57996690 0.0 194 20230713 001 001
 -0.01040000   0.01456175   0.56944031 0.0 195 20230714 001 001
 -0.00992000   0.01467352   0.56649852 0.0 196 20230715 001 001
 -0.01016000   0.01459111   0.56866527 0.0 198 20230717 001 001
 -0.01050000   0.01462876   0.56767398 0.0 199 20230718 001 001
 -0.01090000   0.01483343   0.56232965 0.0 200 20230719 001 001
 -0.01160000   0.01537332   0.54859984 0.0 201 20230720 001 001
 -0.01148000   0.01640061   0.52389288 0.0 202 20230721 001 001
 -0.01136000   0.01690414   0.51243114 0.0 203 20230722 001 001
 -0.01106000   0.01669572   0.51712507 0.0 204 20230723 001 001
 -0.01060000   0.01652418   0.52104151 0.0 205 20230724 001 001
 -0.01104000   0.01750079   0.49937484 0.0 206 20230725 001 001
 -0.01106000   0.01792861   0.49035016 0.0 207 20230726 001 001
 -0.01206000   0.01865649   0.47561410 0.0 209 20230728 001 001
 -0.01230000   0.01853621   0.47799700 0.0 210 20230729 001 001
 -0.01220000   0.01871143   0.47453246 0.0 211 20230730 001 001
 -0.01172000   0.01924128   0.46431345 0.0 212 20230731 001 001
 -0.01106000   0.01964161   0.45684126 0.0 213 20230801 001 001
 -0.01062000   0.01976004   0.45467046 0.0 214 20230802 001 001
 -0.01162000   0.02303873   0.40107936 0.0 224 20230812 001 001
 -0.01528000   0.02205949   0.41585907 0.0 226 20230814 001 001
 -0.01434000   0.01994877   0.45124817 0.0 227 20230815 001 001
 -0.01320000   0.02103304   0.43243116 0.0 228 20230816 001 001
 -0.02632000   0.02124238   0.42895696 0.0 229 20230817 001 001
 -0.02632000   0.02299631   0.40169987 0.0 230 20230818 001 001
 -0.01430000   0.02211246   0.41503465 0.0 231 20230819 001 001
 -0.02704000   0.02276996   0.40504071 0.0 233 20230821 001 001
 -0.02704000   0.02395684   0.38806224 0.0 234 20230822 001 001
 -0.02704000   0.02346309   0.39496562 0.0 237 20230825 001 001
 -0.02704000   0.02343084   0.39542431 0.0 238 20230826 001 001
 -0.02858000   0.02435287   0.38268214 0.0 240 20230828 001 001
 -0.02942000   0.02376227   0.39075631 0.0 241 20230829 001 001
 -0.02858000   0.02557703   0.36688498 0.0 242 20230830 001 001
 -0.02858000   0.02333635   0.39677387 0.0 243 20230831 001 001
 -0.02858000   0.02331295   0.39710927 0.0 244 20230901 001 001
 -0.02784000   0.02274641   0.40539116 0.0 245 20230902 001 001
 -0.02778000   0.02119086   0.42980734 0.0 250 20230907 001 001
 -0.02718000   0.01986480   0.45276541 0.0 251 20230908 001 001
 -0.02746000   0.02001449   0.45006698 0.0 252 20230909 001 001
 -0.02764000   0.02010254   0.44849288 0.0 254 20230911 001 001
 -0.02704000   0.01931838   0.46285796 0.0 256 20230913 001 001
 -0.02704000   0.01933560   0.46253404 0.0 257 20230914 001 001
 -0.02704000   0.01853902   0.47794110 0.0 258 20230915 001 001
 -0.01542000   0.01866763   0.47539449 0.0 259 20230916 001 001
 -0.01494000   0.01901277   0.46867383 0.0 261 20230918 001 001
 -0.01460000   0.01899313   0.46905190 0.0 262 20230919 001 001
 -0.01246000   0.01841581   0.48040259 0.0 263 20230920 001 001
 -0.01204000   0.01826672   0.48341024 0.0 264 20230921 001 001
 -0.01162000   0.01855586   0.47760624 0.0 266 20230923 001 001
 -0.01084000   0.01764059   0.49639529 0.0 267 20230924 001 001
 -0.01202000   0.01819617   0.48484454 0.0 268 20230925 001 001
 -0.01182000   0.01811825   0.48643696 0.0 269 20230926 001 001
 -0.01174000   0.01710948   0.50787461 0.0 270 20230927 001 001
 -0.01224000   0.01783698   0.49225992 0.0 271 20230928 001 001
 -0.01306000   0.01789240   0.49110335 0.0 272 20230929 001 001
 -0.01302000   0.01807858   0.48725119 0.0 273 20230930 001 001
 -0.01264000   0.01770932   0.49494141 0.0 274 20231001 001 001
 -0.02632000   0.01770091   0.49511904 0.0 283 20231010 001 001
 -0.01324000   0.02137643   0.42675808 0.0 286 20231013 001 001
 -0.03226000   0.01984917   0.45304874 0.0 292 20231019 001 001
 -0.03054000   0.02024296   0.44600242 0.0 293 20231020 001 001
 -0.02942000   0.02065587   0.43881774 0.0 295 20231022 001 001
 -0.01006000   0.01937301   0.46183154 0.0 296 20231023 001 001
 -0.00926000   0.02022115   0.44638765 0.0 297 20231024 001 001
 -0.00852000   0.02087035   0.43516561 0.0 298 20231025 001 001
 -0.00796000   0.01916694   0.46572429 0.0 300 20231027 001 001
 -0.00726000   0.01863309   0.47607613 0.0 301 20231028 001 001
 -0.00736000   0.01757468   0.49779633 0.0 303 20231030 001 001
 -0.00746000   0.01778072   0.49343863 0.0 304 20231031 001 001
 -0.00736000   0.01762044   0.49682298 0.0 305 20231101 001 001
 -0.00726000   0.01666253   0.51787919 0.0 306 20231102 001 001
 -0.00774000   0.01693445   0.51175427 0.0 307 20231103 001 001
 -0.00750000   0.01603413   0.53249907 0.0 311 20231107 001 001
 -0.00810000   0.01733759   0.50289083 0.0 312 20231108 001 001
 -0.00876000   0.01675639   0.51575148 0.0 313 20231109 001 001
 -0.00998000   0.01613270   0.53016198 0.0 314 20231110 001 001
 -0.00930000   0.01560510   0.54286551 0.0 315 20231111 001 001
 -0.00916000   0.01603361   0.53251135 0.0 317 20231113 001 001
 -0.00796000   0.01604742   0.53218281 0.0 318 20231114 001 001
 -0.00790000   0.01651747   0.52119583 0.0 319 20231115 001 001
 -0.00768000   0.01485371   0.56180447 0.0 321 20231117 001 001
 -0.00780000   0.01501085   0.55775952 0.0 322 20231118 001 001
 -0.00960000   0.01623076   0.52785331 0.0 324 20231120 001 001
X
