 -0.00680000   0.00310289   0.90193605 0.0 158 20230607 001 001
 -0.00794000   0.00305176   0.90469748 0.0 159 20230608 001 001
 -0.00722000   0.00299092   0.90795648 0.0 160 20230609 001 001
 -0.00688000   0.00285543   0.91509956 0.0 161 20230610 001 001
 -0.00730000   0.00287624   0.91401327 0.0 163 20230612 001 001
 -0.00718000   0.00283509   0.91615748 0.0 164 20230613 001 001
 -0.00738000   0.00276065   0.91999519 0.0 165 20230614 001 001
 -0.00688000   0.00276516   0.91976452 0.0 166 20230615 001 001
 -0.00552000   0.00283988   0.91590881 0.0 170 20230619 001 001
 -0.00504000   0.00261933   0.92712623 0.0 172 20230621 001 001
 -0.00520000   0.00243092   0.93628925 0.0 173 20230622 001 001
 -0.00518000   0.00239634   0.93792480 0.0 174 20230623 001 001
 -0.00524000   0.00241507   0.93704063 0.0 175 20230624 001 001
 -0.00486000   0.00241287   0.93714505 0.0 176 20230625 001 001
 -0.00498000   0.00237970   0.93870682 0.0 177 20230626 001 001
 -0.00466000   0.00235560   0.93983281 0.0 178 20230627 001 001
 -0.00496000   0.00229055   0.94283420 0.0 179 20230628 001 001
 -0.00508000   0.00222320   0.94588286 0.0 180 20230629 001 001
 -0.00500000   0.00221974   0.94603741 0.0 181 20230630 001 001
 -0.00486000   0.00223195   0.94549006 0.0 182 20230701 001 001
 -0.00554000   0.00214644   0.94928080 0.0 183 20230702 001 001
 -0.00544000   0.00213788   0.94965434 0.0 184 20230703 001 001
 -0.00550000   0.00217251   0.94813579 0.0 185 20230704 001 001
 -0.00604000   0.00223505   0.94535083 0.0 187 20230706 001 001
 -0.00644000   0.00217802   0.94789273 0.0 188 20230707 001 001
 -0.00670000   0.00214184   0.94948173 0.0 189 20230708 001 001
 -0.00688000   0.00216495   0.94846898 0.0 190 20230709 001 001
 -0.00714000   0.00219883   0.94697058 0.0 191 20230710 001 001
 -0.00776000   0.00223793   0.94522107 0.0 192 20230711 001 001
 -0.00838000   0.00227387   0.94359487 0.0 193 20230712 001 001
 -0.00872000   0.00223783   0.94522589 0.0 194 20230713 001 001
 -0.00912000   0.00224716   0.94480532 0.0 195 20230714 001 001
 -0.00956000   0.00231186   0.94185686 0.0 196 20230715 001 001
 -0.00986000   0.00234240   0.94044626 0.0 197 20230716 001 001
 -0.01036000   0.00233035   0.94100404 0.0 198 20230717 001 001
 -0.01036000   0.00230178   0.94231999 0.0 199 20230718 001 001
 -0.01014000   0.00223214   0.94548166 0.0 200 20230719 001 001
 -0.01044000   0.00212276   0.95031178 0.0 201 20230720 001 001
 -0.01074000   0.00195295   0.95746404 0.0 202 20230721 001 001
 -0.00986000   0.00177817   0.96435302 0.0 203 20230722 001 001
 -0.00914000   0.00160345   0.97072488 0.0 204 20230723 001 001
 -0.00880000   0.00152058   0.97355676 0.0 205 20230724 001 001
 -0.00902000   0.00150715   0.97400397 0.0 206 20230725 001 001
 -0.00912000   0.00159798   0.97091579 0.0 207 20230726 001 001
 -0.00948000   0.00153933   0.97292727 0.0 208 20230727 001 001
 -0.00954000   0.00144154   0.97613943 0.0 209 20230728 001 001
 -0.00886000   0.00124765   0.98196566 0.0 210 20230729 001 001
 -0.00776000   0.00104332   0.98728597 0.0 211 20230730 001 001
 -0.00692000   0.00093790   0.98968792 0.0 212 20230731 001 001
 -0.00622000   0.00089165   0.99066609 0.0 213 20230801 001 001
 -0.00528000   0.00093325   0.98978841 0.0 214 20230802 001 001
 -0.00730000   0.00122614   0.98256594 0.0 218 20230806 001 001
 -0.00744000   0.00129233   0.98068857 0.0 219 20230807 001 001
 -0.00590000   0.00119683   0.98336905 0.0 224 20230812 001 001
 -0.00386000   0.00095283   0.98936230 0.0 225 20230813 001 001
 -0.00278000   0.00089745   0.99054599 0.0 226 20230814 001 001
 -0.00112000   0.00100447   0.98819894 0.0 227 20230815 001 001
 -0.00042000   0.00110655   0.98573208 0.0 228 20230816 001 001
 -0.00068000   0.00108896   0.98617268 0.0 229 20230817 001 001
  0.00000000   0.00111202   0.98559374 0.0 230 20230818 001 001
  0.00096000   0.00147244   0.97514361 0.0 231 20230819 001 001
  0.00330000   0.00181460   0.96295875 0.0 232 20230820 001 001
  0.00242000   0.00185896   0.96123064 0.0 233 20230821 001 001
  0.00216000   0.00186109   0.96114707 0.0 234 20230822 001 001
  0.00318000   0.00172108   0.96649367 0.0 235 20230823 001 001
  0.00282000   0.00154778   0.97264105 0.0 236 20230824 001 001
  0.00244000   0.00154206   0.97283500 0.0 237 20230825 001 001
  0.00196000   0.00157284   0.97178560 0.0 238 20230826 001 001
  0.00244000   0.00162606   0.96993065 0.0 239 20230827 001 001
  0.00278000   0.00166679   0.96847689 0.0 240 20230828 001 001
  0.00314000   0.00166756   0.96844906 0.0 241 20230829 001 001
  0.00304000   0.00180687   0.96325648 0.0 242 20230830 001 001
  0.00218000   0.00182023   0.96274102 0.0 243 20230831 001 001
  0.00168000   0.00169359   0.96750396 0.0 244 20230901 001 001
  0.00100000   0.00162595   0.96993434 0.0 245 20230902 001 001
  0.00158000   0.00162917   0.96982056 0.0 246 20230903 001 001
  0.00182000   0.00164167   0.96937692 0.0 247 20230904 001 001
  0.00000000   0.00167578   0.96815187 0.0 249 20230906 001 001
  0.00000000   0.00169601   0.96741587 0.0 250 20230907 001 001
  0.00000000   0.00166159   0.96866411 0.0 251 20230908 001 001
  0.00000000   0.00157927   0.97156417 0.0 252 20230909 001 001
  0.00000000   0.00141501   0.97697967 0.0 253 20230910 001 001
  0.00000000   0.00132833   0.97963083 0.0 254 20230911 001 001
  0.00000000   0.00127548   0.98117477 0.0 256 20230913 001 001
  0.00000000   0.00123443   0.98233563 0.0 257 20230914 001 001
  0.00000000   0.00112780   0.98519111 0.0 258 20230915 001 001
 -0.00082000   0.00098566   0.98862928 0.0 259 20230916 001 001
 -0.00184000   0.00097224   0.98893178 0.0 260 20230917 001 001
 -0.00178000   0.00091129   0.99025631 0.0 261 20230918 001 001
 -0.00020000   0.00089062   0.99068737 0.0 262 20230919 001 001
 -0.00024000   0.00084099   0.99168372 0.0 263 20230920 001 001
 -0.00126000   0.00079105   0.99263144 0.0 264 20230921 001 001
 -0.00118000   0.00076996   0.99301517 0.0 265 20230922 001 001
 -0.00030000   0.00086569   0.99119467 0.0 266 20230923 001 001
  0.00088000   0.00107739   0.98645914 0.0 267 20230924 001 001
  0.00084000   0.00113794   0.98492968 0.0 268 20230925 001 001
  0.00100000   0.00120983   0.98301506 0.0 269 20230926 001 001
  0.00170000   0.00139233   0.97768742 0.0 270 20230927 001 001
  0.00158000   0.00150931   0.97393233 0.0 271 20230928 001 001
  0.00186000   0.00163945   0.96945572 0.0 272 20230929 001 001
  0.00230000   0.00178757   0.96399546 0.0 273 20230930 001 001
  0.00300000   0.00190460   0.95941949 0.0 274 20231001 001 001
  0.00272000   0.00174580   0.96557361 0.0 275 20231002 001 001
  0.00348000   0.00170224   0.96718746 0.0 276 20231003 001 001
  0.00258000   0.00145991   0.97554952 0.0 278 20231005 001 001
  0.00238000   0.00125699   0.98170197 0.0 279 20231006 001 001
  0.00328000   0.00124705   0.98198247 0.0 280 20231007 001 001
  0.00340000   0.00118268   0.98375058 0.0 281 20231008 001 001
  0.00410000   0.00112352   0.98530090 0.0 282 20231009 001 001
  0.00406000   0.00097823   0.98879713 0.0 283 20231010 001 001
  0.00492000   0.00097258   0.98892409 0.0 284 20231011 001 001
  0.00400000   0.00069811   0.99424714 0.0 286 20231013 001 001
  0.00352000   0.00062368   0.99540049 0.0 287 20231014 001 001
  0.00420000   0.00053964   0.99655056 0.0 291 20231018 001 001
  0.00402000   0.00067406   0.99463362 0.0 292 20231019 001 001
 -0.00152000   0.00078830   0.99268210 0.0 293 20231020 001 001
 -0.00186000   0.00099589   0.98839611 0.0 294 20231021 001 001
 -0.00090000   0.00129502   0.98061049 0.0 295 20231022 001 001
  0.00226000   0.00138989   0.97776312 0.0 296 20231023 001 001
  0.00154000   0.00154306   0.97280115 0.0 297 20231024 001 001
  0.00042000   0.00160572   0.97064567 0.0 298 20231025 001 001
  0.00264000   0.00168667   0.96775633 0.0 299 20231026 001 001
  0.00142000   0.00178175   0.96421695 0.0 300 20231027 001 001
  0.00106000   0.00184252   0.96187472 0.0 301 20231028 001 001
  0.00138000   0.00187307   0.96067446 0.0 302 20231029 001 001
  0.00150000   0.00185357   0.96144217 0.0 303 20231030 001 001
  0.00064000   0.00201158   0.95504397 0.0 304 20231031 001 001
  0.00012000   0.00216620   0.94841385 0.0 305 20231101 001 001
  0.00024000   0.00216342   0.94853604 0.0 306 20231102 001 001
  0.00066000   0.00214840   0.94919509 0.0 307 20231103 001 001
  0.00148000   0.00210453   0.95110047 0.0 308 20231104 001 001
  0.00084000   0.00218389   0.94763297 0.0 309 20231105 001 001
  0.00036000   0.00224842   0.94474816 0.0 310 20231106 001 001
  0.00172000   0.00227749   0.94343013 0.0 311 20231107 001 001
  0.00046000   0.00232178   0.94139999 0.0 312 20231108 001 001
  0.00110000   0.00223944   0.94515342 0.0 313 20231109 001 001
  0.00134000   0.00209578   0.95147711 0.0 314 20231110 001 001
  0.00104000   0.00200474   0.95532936 0.0 315 20231111 001 001
  0.00152000   0.00200880   0.95516008 0.0 316 20231112 001 001
  0.00172000   0.00195829   0.95724601 0.0 317 20231113 001 001
  0.00188000   0.00187929   0.96042782 0.0 318 20231114 001 001
  0.00232000   0.00186111   0.96114624 0.0 319 20231115 001 001
  0.00148000   0.00182752   0.96245885 0.0 320 20231116 001 001
  0.00000000   0.00180872   0.96318519 0.0 321 20231117 001 001
  0.00000000   0.00184627   0.96172833 0.0 322 20231118 001 001
  0.00000000   0.00203547   0.95404291 0.0 323 20231119 001 001
  0.00000000   0.00212583   0.95017856 0.0 324 20231120 001 001
  0.00004000   0.00230240   0.94229144 0.0 325 20231121 001 001
X
