 -0.002295    0.001998  20230603  002  002  154
 -0.002560    0.002221  20230604  002  002  155
 -0.002570    0.002235  20230605  002  002  156
 -0.001845    0.002049  20230606  002  002  157
 -0.000540    0.001888  20230607  002  002  158
 -0.000715    0.001871  20230608  002  002  159
 -0.000645    0.001796  20230609  002  002  160
 -0.000700    0.001706  20230610  002  002  161
 -0.000760    0.001710  20230611  002  002  162
 -0.000945    0.001692  20230612  002  002  163
 -0.001070    0.001734  20230613  002  002  164
 -0.001275    0.001709  20230614  002  002  165
 -0.001280    0.001695  20230615  002  002  166
 -0.001340    0.001722  20230616  002  002  167
 -0.001630    0.001736  20230621  002  002  172
 -0.001295    0.001624  20230622  002  002  173
 -0.001490    0.001623  20230623  002  002  174
 -0.001835    0.001662  20230624  002  002  175
 -0.001245    0.001665  20230625  002  002  176
 -0.001065    0.001581  20230626  002  002  177
 -0.000485    0.001376  20230627  002  002  178
 -0.000250    0.001377  20230628  002  002  179
 -0.000085    0.001359  20230629  002  002  180
  0.000085    0.001316  20230630  002  002  181
 -0.000080    0.001213  20230701  002  002  182
  0.000395    0.001233  20230702  002  002  183
  0.000015    0.001228  20230703  002  002  184
  0.000280    0.001273  20230704  002  002  185
  0.000090    0.001332  20230706  002  002  187
  0.000510    0.001472  20230707  002  002  188
  0.000390    0.001538  20230708  002  002  189
  0.000605    0.001616  20230709  002  002  190
  0.000370    0.001670  20230710  002  002  191
  0.000315    0.001669  20230711  002  002  192
  0.000245    0.001857  20230712  002  002  193
 -0.000095    0.002001  20230713  002  002  194
 -0.000095    0.001995  20230714  002  002  195
 -0.000445    0.001988  20230715  002  002  196
 -0.000720    0.002067  20230716  002  002  197
 -0.000810    0.002129  20230717  002  002  198
 -0.000675    0.002103  20230718  002  002  199
 -0.000810    0.002102  20230719  002  002  200
 -0.000825    0.001994  20230720  002  002  201
 -0.000820    0.001882  20230721  002  002  202
 -0.001095    0.001930  20230722  002  002  203
 -0.000895    0.001963  20230723  002  002  204
 -0.001020    0.001994  20230724  002  002  205
 -0.000795    0.001889  20230725  002  002  206
 -0.000710    0.001847  20230726  002  002  207
 -0.000460    0.001914  20230727  002  002  208
 -0.000275    0.001863  20230728  002  002  209
 -0.000150    0.001773  20230729  002  002  210
 -0.000195    0.001814  20230730  002  002  211
 -0.000260    0.001716  20230731  002  002  212
 -0.000025    0.001759  20230801  002  002  213
 -0.000025    0.001738  20230802  002  002  214
 -0.000515    0.001640  20230803  002  002  215
 -0.000480    0.001528  20230804  002  002  216
 -0.000960    0.001380  20230805  002  002  217
 -0.001015    0.001268  20230806  002  002  218
 -0.001035    0.001320  20230807  002  002  219
 -0.001480    0.001261  20230812  002  002  224
 -0.001215    0.001157  20230813  002  002  225
 -0.001450    0.001115  20230814  002  002  226
 -0.001270    0.001094  20230815  002  002  227
 -0.000895    0.001259  20230816  002  002  228
 -0.000845    0.001325  20230817  002  002  229
 -0.000255    0.001406  20230818  002  002  230
 -0.000010    0.001549  20230819  002  002  231
 -0.000405    0.001761  20230820  002  002  232
 -0.000510    0.001685  20230821  002  002  233
 -0.000560    0.001613  20230822  002  002  234
 -0.001190    0.001540  20230823  002  002  235
 -0.001625    0.001469  20230824  002  002  236
 -0.001430    0.001420  20230825  002  002  237
 -0.001845    0.001409  20230826  002  002  238
 -0.001725    0.001296  20230827  002  002  239
 -0.001975    0.001276  20230828  002  002  240
 -0.001830    0.001288  20230829  002  002  241
 -0.001720    0.001252  20230830  002  002  242
 -0.002330    0.001250  20230831  002  002  243
 -0.002350    0.001215  20230901  002  002  244
 -0.002210    0.001256  20230902  002  002  245
 -0.001925    0.001413  20230903  002  002  246
 -0.001700    0.001513  20230904  002  002  247
 -0.001020    0.001812  20230905  002  002  248
 -0.000500    0.001790  20230906  002  002  249
 -0.000595    0.001820  20230907  002  002  250
 -0.000345    0.001959  20230908  002  002  251
 -0.000145    0.001979  20230909  002  002  252
  0.000065    0.002093  20230910  002  002  253
  0.000105    0.002025  20230911  002  002  254
  0.000895    0.002060  20230913  002  002  256
  0.001660    0.001894  20230914  002  002  257
  0.002255    0.001731  20230915  002  002  258
  0.002335    0.001544  20230916  002  002  259
  0.002360    0.001581  20230917  002  002  260
  0.002315    0.001533  20230918  002  002  261
  0.002230    0.001785  20230919  002  002  262
  0.002665    0.001653  20230920  002  002  263
  0.002820    0.001703  20230921  002  002  264
  0.002980    0.001406  20230922  002  002  265
  0.003560    0.001346  20230923  002  002  266
  0.003500    0.001456  20230924  002  002  267
  0.003295    0.001453  20230925  002  002  268
  0.002820    0.001312  20230926  002  002  269
  0.002565    0.001494  20230927  002  002  270
  0.002570    0.001494  20230928  002  002  271
  0.002715    0.001402  20230929  002  002  272
  0.002490    0.001544  20230930  002  002  273
  0.002730    0.001600  20231001  002  002  274
  0.002830    0.001647  20231002  002  002  275
  0.002345    0.001688  20231003  002  002  276
  0.002385    0.001821  20231004  002  002  277
  0.002645    0.001803  20231005  002  002  278
  0.002060    0.001800  20231006  002  002  279
  0.002390    0.001743  20231007  002  002  280
  0.002255    0.001856  20231008  002  002  281
  0.002575    0.001946  20231009  002  002  282
  0.002370    0.002072  20231010  002  002  283
  0.002620    0.002482  20231013  002  002  286
  0.002320    0.002654  20231014  002  002  287
  0.001455    0.002730  20231018  002  002  291
  0.001155    0.002389  20231019  002  002  292
  0.000830    0.002276  20231020  002  002  293
  0.001285    0.002032  20231021  002  002  294
  0.000275    0.002016  20231023  002  002  296
  0.001395    0.001871  20231024  002  002  297
  0.001455    0.001941  20231025  002  002  298
  0.001160    0.002491  20231027  002  002  300
  0.000710    0.002374  20231028  002  002  301
 -0.000430    0.002256  20231030  002  002  303
 -0.000545    0.002210  20231031  002  002  304
 -0.000795    0.002218  20231101  002  002  305
 -0.001010    0.002316  20231102  002  002  306
 -0.001145    0.002287  20231103  002  002  307
 -0.001000    0.002142  20231104  002  002  308
 -0.001320    0.002342  20231106  002  002  310
 -0.001920    0.002231  20231107  002  002  311
 -0.001645    0.002076  20231108  002  002  312
 -0.001355    0.002103  20231109  002  002  313
 -0.001175    0.002102  20231110  002  002  314
 -0.001020    0.002166  20231111  002  002  315
 -0.000615    0.002236  20231112  002  002  316
 -0.000430    0.002214  20231113  002  002  317
 -0.000305    0.002170  20231114  002  002  318
 -0.000420    0.002088  20231115  002  002  319
 -0.000660    0.002121  20231116  002  002  320
 -0.000435    0.002141  20231117  002  002  321
 -0.000310    0.002115  20231118  002  002  322
 -0.000050    0.002074  20231120  002  002  324
