 -0.007315    0.006968  20230607  002  002  158
 -0.007910    0.007177  20230608  002  002  159
 -0.007080    0.007135  20230609  002  002  160
 -0.007515    0.007399  20230612  002  002  163
 -0.007635    0.007313  20230613  002  002  164
 -0.006365    0.007292  20230614  002  002  165
 -0.006345    0.007360  20230615  002  002  166
 -0.006225    0.007407  20230616  002  002  167
 -0.004915    0.007207  20230618  002  002  169
 -0.003815    0.006539  20230621  002  002  172
 -0.003470    0.006400  20230622  002  002  173
 -0.003520    0.006282  20230623  002  002  174
 -0.003325    0.006197  20230624  002  002  175
 -0.002355    0.005933  20230626  002  002  177
 -0.002670    0.005757  20230627  002  002  178
 -0.002025    0.005518  20230628  002  002  179
 -0.001245    0.005290  20230629  002  002  180
 -0.001190    0.005365  20230630  002  002  181
 -0.001775    0.005315  20230702  002  002  183
 -0.001500    0.005333  20230703  002  002  184
 -0.001360    0.005481  20230706  002  002  187
 -0.001675    0.005475  20230707  002  002  188
 -0.002315    0.005477  20230708  002  002  189
 -0.002185    0.005560  20230709  002  002  190
 -0.002505    0.005514  20230710  002  002  191
 -0.003025    0.005423  20230711  002  002  192
 -0.003455    0.005317  20230712  002  002  193
 -0.003685    0.005136  20230713  002  002  194
 -0.003880    0.005101  20230714  002  002  195
 -0.004275    0.005099  20230715  002  002  196
 -0.004990    0.005108  20230716  002  002  197
 -0.005005    0.005118  20230717  002  002  198
 -0.005290    0.005087  20230718  002  002  199
 -0.005520    0.005064  20230719  002  002  200
 -0.005825    0.005078  20230720  002  002  201
 -0.005550    0.004801  20230721  002  002  202
 -0.005455    0.004222  20230722  002  002  203
 -0.005475    0.003742  20230723  002  002  204
 -0.005340    0.003805  20230724  002  002  205
 -0.005460    0.003981  20230725  002  002  206
 -0.005850    0.004166  20230726  002  002  207
 -0.005450    0.004068  20230727  002  002  208
  0.000490    0.003934  20230728  002  002  209
  0.000390    0.003256  20230729  002  002  210
  0.000515    0.002889  20230730  002  002  211
  0.000575    0.002688  20230731  002  002  212
  0.000380    0.002502  20230801  002  002  213
 -0.003550    0.002434  20230802  002  002  214
 -0.003455    0.002401  20230803  002  002  215
 -0.003365    0.002361  20230804  002  002  216
 -0.002700    0.002489  20230805  002  002  217
 -0.002105    0.002639  20230806  002  002  218
 -0.001960    0.002813  20230807  002  002  219
 -0.002005    0.002838  20230812  002  002  224
 -0.001145    0.002760  20230813  002  002  225
 -0.000675    0.002850  20230814  002  002  226
 -0.000690    0.002869  20230815  002  002  227
 -0.000865    0.002795  20230816  002  002  228
 -0.000290    0.002903  20230817  002  002  229
 -0.001275    0.002592  20230818  002  002  230
 -0.001855    0.002386  20230819  002  002  231
 -0.001950    0.002264  20230820  002  002  232
 -0.001700    0.002246  20230821  002  002  233
 -0.001665    0.002192  20230822  002  002  234
 -0.001525    0.002044  20230823  002  002  235
 -0.001325    0.002001  20230824  002  002  236
 -0.001075    0.001930  20230825  002  002  237
 -0.001135    0.001854  20230826  002  002  238
 -0.000815    0.001843  20230827  002  002  239
 -0.000655    0.001860  20230828  002  002  240
 -0.000500    0.001863  20230829  002  002  241
 -0.000415    0.001960  20230830  002  002  242
 -0.000360    0.001984  20230831  002  002  243
 -0.000415    0.001911  20230901  002  002  244
 -0.000300    0.001842  20230902  002  002  245
 -0.000380    0.001865  20230903  002  002  246
 -0.000150    0.001885  20230904  002  002  247
 -0.000100    0.001933  20230905  002  002  248
 -0.000220    0.001842  20230906  002  002  249
 -0.000575    0.001783  20230907  002  002  250
 -0.000770    0.001670  20230908  002  002  251
 -0.000855    0.001580  20230909  002  002  252
 -0.000735    0.001534  20230910  002  002  253
 -0.000350    0.001516  20230911  002  002  254
  0.000300    0.001485  20230913  002  002  256
  0.000615    0.001419  20230914  002  002  257
  0.000925    0.001430  20230915  002  002  258
  0.001160    0.001535  20230916  002  002  259
  0.001395    0.001778  20230917  002  002  260
  0.001580    0.002012  20230918  002  002  261
  0.001830    0.002223  20230919  002  002  262
  0.001990    0.002455  20230920  002  002  263
  0.002445    0.002437  20230921  002  002  264
  0.001725    0.002373  20230922  002  002  265
  0.000970    0.002275  20230923  002  002  266
  0.001195    0.002362  20230924  002  002  267
  0.000965    0.002257  20230925  002  002  268
  0.000775    0.002272  20230926  002  002  269
  0.000470    0.002233  20230927  002  002  270
  0.000155    0.002161  20230928  002  002  271
 -0.000190    0.002181  20230929  002  002  272
 -0.000835    0.002418  20230930  002  002  273
 -0.000900    0.002652  20231001  002  002  274
 -0.000755    0.002726  20231002  002  002  275
 -0.000530    0.002757  20231003  002  002  276
 -0.000490    0.002702  20231004  002  002  277
  0.000000    0.002592  20231005  002  002  278
  0.000000    0.002504  20231006  002  002  279
  0.000000    0.002425  20231007  002  002  280
  0.000000    0.002441  20231008  002  002  281
  0.000000    0.002392  20231009  002  002  282
  0.000000    0.002416  20231010  002  002  283
  0.000370    0.002405  20231011  002  002  284
  0.000725    0.002488  20231012  002  002  285
  0.001005    0.002354  20231013  002  002  286
  0.001290    0.002249  20231014  002  002  287
  0.001280    0.002213  20231018  002  002  291
  0.001230    0.002105  20231019  002  002  292
  0.001225    0.001897  20231020  002  002  293
  0.001185    0.001749  20231021  002  002  294
  0.000895    0.001833  20231022  002  002  295
  0.001010    0.001709  20231023  002  002  296
  0.001095    0.001729  20231024  002  002  297
  0.000335    0.001691  20231025  002  002  298
 -0.000640    0.001753  20231027  002  002  300
 -0.000515    0.001636  20231028  002  002  301
 -0.000335    0.001664  20231029  002  002  302
 -0.000305    0.001707  20231030  002  002  303
  0.000070    0.001583  20231031  002  002  304
  0.000380    0.001459  20231101  002  002  305
  0.000630    0.001500  20231102  002  002  306
  0.000595    0.001523  20231103  002  002  307
  0.000670    0.001732  20231104  002  002  308
  0.000340    0.002038  20231105  002  002  309
  0.000450    0.002199  20231106  002  002  310
  0.000480    0.002423  20231107  002  002  311
  0.000400    0.002453  20231108  002  002  312
  0.000325    0.002590  20231109  002  002  313
  0.000545    0.002598  20231110  002  002  314
  0.000530    0.002611  20231111  002  002  315
  0.000575    0.002597  20231112  002  002  316
  0.000360    0.002673  20231113  002  002  317
  0.000825    0.002704  20231114  002  002  318
  0.001130    0.002783  20231115  002  002  319
  0.001775    0.002903  20231116  002  002  320
  0.002475    0.003143  20231117  002  002  321
  0.003445    0.003495  20231118  002  002  322
  0.003920    0.003856  20231119  002  002  323
  0.004400    0.004205  20231120  002  002  324
