 -0.007500    0.008180  20230607  002  002  158
 -0.008005    0.008530  20230608  002  002  159
 -0.006990    0.008532  20230609  002  002  160
 -0.004990    0.008527  20230614  002  002  165
 -0.000205    0.007604  20230622  002  002  173
 -0.001835    0.007180  20230623  002  002  174
 -0.001885    0.007005  20230624  002  002  175
 -0.001985    0.006856  20230626  002  002  177
 -0.003055    0.006425  20230627  002  002  178
 -0.002735    0.006455  20230628  002  002  179
 -0.002545    0.006417  20230629  002  002  180
 -0.002145    0.006438  20230703  002  002  184
 -0.001870    0.006315  20230706  002  002  187
 -0.002265    0.006072  20230714  002  002  195
 -0.003430    0.005968  20230715  002  002  196
 -0.005540    0.005987  20230716  002  002  197
 -0.005635    0.006067  20230717  002  002  198
 -0.006200    0.006021  20230718  002  002  199
 -0.006785    0.006089  20230719  002  002  200
 -0.007010    0.006096  20230720  002  002  201
 -0.006480    0.005556  20230721  002  002  202
 -0.006090    0.004827  20230722  002  002  203
 -0.006075    0.004290  20230723  002  002  204
 -0.005980    0.004407  20230724  002  002  205
 -0.006040    0.004553  20230726  002  002  207
 -0.002480    0.004360  20230728  002  002  209
  0.000265    0.003473  20230729  002  002  210
  0.000380    0.002952  20230730  002  002  211
 -0.004295    0.002622  20230731  002  002  212
 -0.004275    0.002365  20230801  002  002  213
 -0.003815    0.002249  20230802  002  002  214
 -0.003705    0.002213  20230803  002  002  215
 -0.003635    0.002182  20230804  002  002  216
 -0.002915    0.002353  20230805  002  002  217
 -0.002295    0.002562  20230806  002  002  218
 -0.002370    0.002625  20230807  002  002  219
 -0.002415    0.002699  20230812  002  002  224
 -0.001580    0.002630  20230813  002  002  225
 -0.001010    0.002844  20230814  002  002  226
 -0.000920    0.002917  20230815  002  002  227
 -0.001190    0.002863  20230816  002  002  228
 -0.000845    0.002963  20230817  002  002  229
 -0.001535    0.002599  20230818  002  002  230
 -0.002070    0.002300  20230819  002  002  231
 -0.002205    0.002072  20230820  002  002  232
 -0.001965    0.002039  20230821  002  002  233
 -0.001920    0.001987  20230822  002  002  234
 -0.001790    0.001853  20230823  002  002  235
 -0.001605    0.001814  20230824  002  002  236
 -0.001355    0.001764  20230825  002  002  237
 -0.001425    0.001696  20230826  002  002  238
 -0.000970    0.001641  20230827  002  002  239
 -0.000865    0.001638  20230828  002  002  240
 -0.000710    0.001655  20230829  002  002  241
 -0.000595    0.001738  20230830  002  002  242
 -0.000695    0.001769  20230831  002  002  243
 -0.000755    0.001724  20230901  002  002  244
 -0.000570    0.001709  20230902  002  002  245
 -0.000345    0.001794  20230903  002  002  246
 -0.000045    0.001844  20230904  002  002  247
 -0.000005    0.001895  20230905  002  002  248
 -0.000090    0.001839  20230906  002  002  249
 -0.000460    0.001770  20230907  002  002  250
 -0.000650    0.001648  20230908  002  002  251
 -0.000725    0.001569  20230909  002  002  252
 -0.000630    0.001569  20230910  002  002  253
 -0.000355    0.001583  20230911  002  002  254
  0.000300    0.001625  20230913  002  002  256
  0.000615    0.001574  20230914  002  002  257
  0.000920    0.001566  20230915  002  002  258
  0.001095    0.001562  20230916  002  002  259
  0.001340    0.001732  20230917  002  002  260
  0.001545    0.001906  20230918  002  002  261
  0.001770    0.002041  20230919  002  002  262
  0.001960    0.002272  20230920  002  002  263
  0.002375    0.002250  20230921  002  002  264
  0.001605    0.002182  20230922  002  002  265
  0.000855    0.002060  20230923  002  002  266
  0.001030    0.002112  20230924  002  002  267
  0.000830    0.001992  20230925  002  002  268
  0.000655    0.001981  20230926  002  002  269
  0.000355    0.001912  20230927  002  002  270
  0.000010    0.001799  20230928  002  002  271
 -0.000340    0.001787  20230929  002  002  272
 -0.001910    0.002000  20230930  002  002  273
 -0.001655    0.002226  20231001  002  002  274
 -0.000990    0.002304  20231002  002  002  275
 -0.000720    0.002335  20231003  002  002  276
 -0.000625    0.002284  20231004  002  002  277
 -0.000160    0.002182  20231005  002  002  278
  0.000000    0.002106  20231006  002  002  279
  0.000000    0.002052  20231007  002  002  280
  0.000000    0.002045  20231008  002  002  281
  0.000000    0.001987  20231009  002  002  282
  0.000025    0.002004  20231010  002  002  283
  0.000455    0.001979  20231011  002  002  284
  0.000820    0.002043  20231012  002  002  285
  0.001050    0.001933  20231013  002  002  286
  0.001280    0.001853  20231014  002  002  287
  0.001275    0.001777  20231018  002  002  291
  0.001240    0.001666  20231019  002  002  292
  0.001215    0.001473  20231020  002  002  293
  0.001130    0.001362  20231021  002  002  294
  0.000870    0.001420  20231022  002  002  295
  0.000970    0.001333  20231023  002  002  296
  0.001030    0.001402  20231024  002  002  297
 -0.000325    0.001427  20231025  002  002  298
 -0.000805    0.001513  20231027  002  002  300
 -0.000650    0.001422  20231028  002  002  301
 -0.000470    0.001421  20231029  002  002  302
 -0.000430    0.001452  20231030  002  002  303
 -0.000085    0.001348  20231031  002  002  304
  0.000255    0.001261  20231101  002  002  305
  0.000530    0.001317  20231102  002  002  306
  0.000510    0.001426  20231103  002  002  307
  0.000650    0.001719  20231104  002  002  308
  0.000330    0.001978  20231105  002  002  309
  0.000485    0.002180  20231106  002  002  310
  0.000550    0.002450  20231107  002  002  311
  0.000490    0.002505  20231108  002  002  312
  0.000405    0.002625  20231109  002  002  313
  0.000595    0.002549  20231110  002  002  314
  0.000590    0.002496  20231111  002  002  315
  0.000670    0.002444  20231112  002  002  316
  0.000540    0.002458  20231113  002  002  317
  0.000965    0.002412  20231114  002  002  318
  0.001245    0.002449  20231115  002  002  319
  0.001835    0.002549  20231116  002  002  320
  0.002450    0.002783  20231117  002  002  321
  0.003270    0.003138  20231118  002  002  322
  0.003725    0.003438  20231119  002  002  323
  0.004135    0.003731  20231120  002  002  324
