 -0.009070    0.009048  20230603  006  006  154
 -0.005505    0.004818  20230607  006  006  158
 -0.006770    0.004090  20230614  006  006  165
 -0.007745    0.004457  20230621  006  006  172
 -0.009470    0.004172  20230622  006  006  173
 -0.008890    0.004618  20230623  006  006  174
 -0.007750    0.004765  20230624  006  006  175
 -0.007070    0.004586  20230626  006  006  177
 -0.006300    0.004565  20230627  006  006  178
 -0.006255    0.004372  20230628  006  006  179
 -0.006315    0.004311  20230629  006  006  180
 -0.005750    0.004223  20230630  006  006  181
 -0.005080    0.004245  20230701  006  006  182
 -0.004975    0.004188  20230702  006  006  183
 -0.004565    0.004077  20230703  006  006  184
 -0.004240    0.004222  20230704  006  006  185
 -0.003530    0.003992  20230706  006  006  187
 -0.003625    0.003873  20230707  006  006  188
 -0.003655    0.003939  20230708  006  006  189
 -0.003445    0.004090  20230709  006  006  190
 -0.003545    0.004202  20230710  006  006  191
 -0.003575    0.004285  20230711  006  006  192
 -0.003575    0.004380  20230712  006  006  193
 -0.004110    0.004362  20230713  006  006  194
 -0.004705    0.004318  20230714  006  006  195
 -0.004865    0.004263  20230715  006  006  196
 -0.004870    0.004421  20230716  006  006  197
 -0.004720    0.004301  20230717  006  006  198
 -0.004750    0.004282  20230718  006  006  199
 -0.004385    0.004191  20230719  006  006  200
 -0.004260    0.004050  20230720  006  006  201
 -0.003960    0.003922  20230721  006  006  202
 -0.003870    0.003799  20230722  006  006  203
 -0.003520    0.003721  20230723  006  006  204
 -0.003450    0.003668  20230724  006  006  205
 -0.003450    0.003624  20230725  006  006  206
 -0.003205    0.003635  20230726  006  006  207
 -0.002945    0.003592  20230727  006  006  208
 -0.002760    0.003536  20230728  006  006  209
 -0.003020    0.003533  20230729  006  006  210
 -0.003040    0.003614  20230730  006  006  211
 -0.002940    0.003485  20230731  006  006  212
 -0.002970    0.003564  20230801  006  006  213
 -0.002930    0.003584  20230802  006  006  214
 -0.001065    0.002096  20230812  006  006  224
  0.001590    0.002070  20230813  006  006  225
  0.005330    0.003099  20230814  006  006  226
  0.007210    0.004884  20230815  006  006  227
  0.006685    0.005077  20230816  006  006  228
  0.005730    0.005192  20230817  006  006  229
  0.006155    0.004950  20230818  006  006  230
  0.006305    0.005014  20230819  006  006  231
  0.006395    0.005104  20230820  006  006  232
  0.006565    0.005081  20230821  006  006  233
  0.006620    0.004994  20230822  006  006  234
  0.006215    0.004837  20230826  006  006  238
  0.005505    0.004964  20230827  006  006  239
  0.005395    0.005171  20230828  006  006  240
  0.005170    0.004992  20230829  006  006  241
  0.005380    0.004806  20230830  006  006  242
  0.004680    0.004873  20230831  006  006  243
  0.004545    0.004862  20230901  006  006  244
  0.004365    0.004876  20230902  006  006  245
  0.004165    0.005141  20230903  006  006  246
  0.003635    0.005331  20230904  006  006  247
  0.003780    0.005367  20230906  006  006  249
  0.003475    0.005512  20230907  006  006  250
  0.002785    0.005412  20230908  006  006  251
  0.003115    0.005469  20230909  006  006  252
  0.002290    0.005832  20230910  006  006  253
  0.002465    0.005817  20230911  006  006  254
  0.002495    0.005534  20230913  006  006  256
  0.001845    0.005040  20230914  006  006  257
  0.001835    0.004546  20230915  006  006  258
  0.001430    0.004018  20230916  006  006  259
  0.001745    0.003633  20230917  006  006  260
  0.001805    0.003464  20230918  006  006  261
  0.001715    0.003181  20230919  006  006  262
  0.001630    0.002878  20230920  006  006  263
  0.002035    0.002647  20230921  006  006  264
  0.002790    0.002163  20230923  006  006  266
  0.001685    0.002333  20230926  006  006  269
  0.001590    0.002335  20230927  006  006  270
  0.001485    0.002420  20230928  006  006  271
  0.001530    0.002563  20230929  006  006  272
  0.001390    0.002745  20230930  006  006  273
  0.001120    0.003004  20231001  006  006  274
  0.000460    0.003461  20231005  006  006  278
  0.000045    0.003138  20231006  006  006  279
  0.001090    0.002895  20231009  006  006  282
  0.001230    0.002836  20231010  006  006  283
  0.000780    0.003574  20231013  006  006  286
 -0.001215    0.003457  20231018  006  006  291
 -0.000820    0.003205  20231019  006  006  292
 -0.001510    0.002759  20231020  006  006  293
 -0.002290    0.003402  20231023  006  006  296
 -0.001840    0.003284  20231024  006  006  297
 -0.001510    0.002724  20231025  006  006  298
 -0.002340    0.002323  20231027  006  006  300
 -0.000910    0.002091  20231028  006  006  301
 -0.000520    0.001976  20231029  006  006  302
 -0.000365    0.001915  20231030  006  006  303
  0.001340    0.001697  20231031  006  006  304
  0.001635    0.001762  20231101  006  006  305
  0.002385    0.001790  20231102  006  006  306
  0.002415    0.001863  20231104  006  006  308
  0.001935    0.001639  20231108  006  006  312
  0.002310    0.001600  20231109  006  006  313
  0.002355    0.001561  20231110  006  006  314
  0.002320    0.001380  20231111  006  006  315
  0.002325    0.001306  20231112  006  006  316
  0.001735    0.001476  20231113  006  006  317
  0.001795    0.001490  20231114  006  006  318
  0.001600    0.001695  20231115  006  006  319
