 -0.006260    0.003714  20230615  006  006  166
 -0.003045    0.002768  20230623  006  006  174
 -0.001135    0.002349  20230625  006  006  176
 -0.000190    0.002046  20230626  006  006  177
  0.001960    0.001990  20230629  006  006  180
  0.002180    0.001910  20230701  006  006  182
  0.003475    0.001963  20230702  006  006  183
  0.003065    0.001878  20230703  006  006  184
  0.001970    0.001908  20230704  006  006  185
  0.002090    0.002064  20230706  006  006  187
  0.001395    0.002117  20230707  006  006  188
  0.001100    0.002202  20230708  006  006  189
  0.000965    0.002260  20230710  006  006  191
  0.000280    0.002274  20230712  006  006  193
  0.000405    0.002210  20230713  006  006  194
  0.000935    0.002169  20230714  006  006  195
  0.001020    0.002084  20230715  006  006  196
  0.002365    0.002070  20230716  006  006  197
  0.003870    0.002012  20230717  006  006  198
  0.004945    0.001929  20230719  006  006  200
  0.006995    0.001899  20230721  006  006  202
  0.007005    0.001856  20230722  006  006  203
  0.006945    0.001942  20230724  006  006  205
  0.007260    0.002031  20230728  006  006  209
  0.007185    0.001931  20230729  006  006  210
  0.006985    0.001983  20230730  006  006  211
  0.006730    0.002024  20230731  006  006  212
  0.007880    0.002167  20230801  006  006  213
  0.008670    0.002193  20230802  006  006  214
 -0.001020    0.003668  20230817  006  006  229
 -0.008085    0.002908  20230818  006  006  230
 -0.008140    0.002870  20230819  006  006  231
 -0.009845    0.003021  20230820  006  006  232
 -0.010425    0.002860  20230822  006  006  234
 -0.011275    0.002604  20230824  006  006  236
 -0.011875    0.002523  20230825  006  006  237
 -0.011545    0.002497  20230826  006  006  238
 -0.011390    0.002548  20230827  006  006  239
 -0.011395    0.002575  20230828  006  006  240
 -0.011050    0.002608  20230829  006  006  241
 -0.011505    0.002620  20230830  006  006  242
 -0.011240    0.002654  20230831  006  006  243
 -0.011215    0.002613  20230901  006  006  244
 -0.010670    0.002548  20230902  006  006  245
 -0.010615    0.002559  20230903  006  006  246
 -0.007640    0.002203  20230913  006  006  256
 -0.005460    0.001919  20230914  006  006  257
 -0.001965    0.002378  20230915  006  006  258
  0.002925    0.003105  20230916  006  006  259
  0.002060    0.003427  20230918  006  006  261
  0.001810    0.003469  20230919  006  006  262
  0.001525    0.003441  20230920  006  006  263
 -0.002290    0.004000  20231007  006  006  280
 -0.003050    0.002981  20231009  006  006  282
 -0.002450    0.002761  20231010  006  006  283
  0.000590    0.002360  20231020  006  006  293
  0.002845    0.001900  20231021  006  006  294
  0.005575    0.001959  20231023  006  006  296
  0.006285    0.001719  20231024  006  006  297
  0.007385    0.001681  20231025  006  006  298
  0.007160    0.001873  20231027  006  006  300
  0.006420    0.001958  20231028  006  006  301
  0.005000    0.002172  20231029  006  006  302
  0.004010    0.002233  20231030  006  006  303
  0.003060    0.002337  20231031  006  006  304
  0.002525    0.002306  20231101  006  006  305
  0.002560    0.002266  20231102  006  006  306
  0.002235    0.002382  20231104  006  006  308
  0.001025    0.002408  20231108  006  006  312
  0.001015    0.002236  20231109  006  006  313
  0.001720    0.002181  20231110  006  006  314
  0.002120    0.002051  20231111  006  006  315
  0.002155    0.002102  20231112  006  006  316
  0.003200    0.002118  20231113  006  006  317
  0.003365    0.002272  20231114  006  006  318
