 -0.016885    0.002631  20230612  005  005  163
 -0.016750    0.002689  20230613  005  005  164
 -0.017125    0.002750  20230614  005  005  165
 -0.017285    0.002846  20230615  005  005  166
 -0.017445    0.002874  20230616  005  005  167
 -0.017515    0.002876  20230617  005  005  168
 -0.017395    0.002993  20230618  005  005  169
 -0.017405    0.003046  20230619  005  005  170
 -0.017125    0.003003  20230620  005  005  171
 -0.017040    0.002978  20230621  005  005  172
 -0.017020    0.002971  20230622  005  005  173
 -0.016920    0.002983  20230623  005  005  174
 -0.016795    0.003016  20230624  005  005  175
 -0.016635    0.003107  20230625  005  005  176
 -0.016475    0.003119  20230626  005  005  177
 -0.016205    0.003102  20230627  005  005  178
 -0.015920    0.003064  20230628  005  005  179
 -0.015550    0.003050  20230629  005  005  180
 -0.015290    0.003055  20230630  005  005  181
 -0.015020    0.003023  20230701  005  005  182
 -0.014570    0.003014  20230702  005  005  183
 -0.014330    0.003026  20230703  005  005  184
 -0.013905    0.003016  20230704  005  005  185
 -0.013205    0.002919  20230706  005  005  187
 -0.012835    0.002798  20230707  005  005  188
 -0.012430    0.002680  20230708  005  005  189
 -0.011910    0.002629  20230709  005  005  190
 -0.011435    0.002571  20230710  005  005  191
 -0.010940    0.002481  20230711  005  005  192
 -0.010505    0.002380  20230712  005  005  193
 -0.010065    0.002278  20230713  005  005  194
 -0.009620    0.002175  20230714  005  005  195
 -0.009190    0.002085  20230715  005  005  196
 -0.008610    0.002002  20230716  005  005  197
 -0.008100    0.001920  20230717  005  005  198
 -0.007655    0.001890  20230718  005  005  199
 -0.007085    0.001837  20230719  005  005  200
 -0.006385    0.001777  20230720  005  005  201
 -0.005735    0.001745  20230721  005  005  202
 -0.005125    0.001724  20230722  005  005  203
 -0.004335    0.001667  20230723  005  005  204
 -0.003630    0.001630  20230724  005  005  205
 -0.002775    0.001605  20230725  005  005  206
 -0.001970    0.001596  20230726  005  005  207
  0.000085    0.001551  20230727  005  005  208
  0.000445    0.001524  20230728  005  005  209
  0.000635    0.001523  20230729  005  005  210
  0.000830    0.001496  20230730  005  005  211
  0.000885    0.001473  20230731  005  005  212
  0.000810    0.001483  20230801  005  005  213
  0.000785    0.001516  20230802  005  005  214
  0.000500    0.001489  20230803  005  005  215
  0.000185    0.001466  20230804  005  005  216
  0.000240    0.001486  20230805  005  005  217
 -0.000560    0.001380  20230812  005  005  224
 -0.000500    0.001250  20230813  005  005  225
 -0.000380    0.001075  20230814  005  005  226
 -0.000205    0.000939  20230815  005  005  227
  0.000400    0.000916  20230816  005  005  228
  0.001280    0.000947  20230817  005  005  229
  0.002620    0.001036  20230818  005  005  230
  0.002610    0.001026  20230819  005  005  231
  0.002590    0.001031  20230820  005  005  232
  0.002450    0.001038  20230821  005  005  233
  0.002540    0.001047  20230822  005  005  234
  0.002545    0.001013  20230823  005  005  235
  0.002520    0.001004  20230824  005  005  236
  0.002805    0.001015  20230825  005  005  237
  0.002990    0.001030  20230826  005  005  238
  0.003175    0.001037  20230827  005  005  239
  0.003400    0.001071  20230828  005  005  240
  0.003770    0.001103  20230829  005  005  241
  0.003860    0.001158  20230830  005  005  242
  0.004040    0.001233  20230831  005  005  243
  0.004525    0.001275  20230901  005  005  244
  0.005145    0.001307  20230902  005  005  245
  0.005880    0.001344  20230903  005  005  246
  0.006170    0.001374  20230905  005  005  248
  0.006385    0.001423  20230906  005  005  249
  0.006455    0.001529  20230907  005  005  250
  0.006390    0.001602  20230908  005  005  251
  0.006440    0.001667  20230909  005  005  252
  0.006510    0.001705  20230910  005  005  253
  0.006600    0.001718  20230911  005  005  254
  0.006955    0.001675  20230913  005  005  256
  0.007125    0.001654  20230914  005  005  257
  0.007250    0.001648  20230915  005  005  258
  0.007250    0.001622  20230916  005  005  259
  0.007690    0.001648  20230917  005  005  260
  0.008240    0.001741  20230918  005  005  261
  0.008590    0.001805  20230919  005  005  262
  0.008900    0.001801  20230920  005  005  263
  0.009920    0.001851  20230923  005  005  266
  0.010095    0.001936  20230925  005  005  268
  0.010330    0.001952  20230926  005  005  269
  0.008070    0.001845  20231004  005  005  277
  0.007535    0.001715  20231005  005  005  278
  0.007140    0.001664  20231006  005  005  279
  0.006985    0.001607  20231007  005  005  280
  0.006000    0.001624  20231008  005  005  281
  0.004905    0.001654  20231009  005  005  282
  0.005280    0.001628  20231010  005  005  283
  0.005260    0.001612  20231011  005  005  284
  0.004650    0.001541  20231012  005  005  285
  0.004260    0.001493  20231013  005  005  286
  0.004205    0.001477  20231014  005  005  287
  0.004050    0.001459  20231015  005  005  288
  0.003895    0.001335  20231017  005  005  290
  0.003660    0.001331  20231018  005  005  291
  0.003380    0.001275  20231019  005  005  292
  0.003275    0.001218  20231020  005  005  293
  0.003245    0.001207  20231021  005  005  294
  0.002300    0.001277  20231023  005  005  296
  0.001855    0.001351  20231024  005  005  297
  0.002275    0.001448  20231025  005  005  298
  0.002170    0.001577  20231026  005  005  299
  0.001905    0.001727  20231027  005  005  300
  0.001560    0.001934  20231028  005  005  301
  0.002095    0.002201  20231030  005  005  303
  0.002190    0.002381  20231031  005  005  304
  0.002045    0.002496  20231101  005  005  305
  0.001880    0.002554  20231102  005  005  306
  0.001695    0.002468  20231103  005  005  307
  0.001600    0.002510  20231104  005  005  308
  0.001545    0.002612  20231105  005  005  309
  0.001535    0.002653  20231106  005  005  310
  0.001295    0.002686  20231107  005  005  311
  0.001315    0.002680  20231108  005  005  312
  0.001280    0.002682  20231109  005  005  313
  0.001460    0.002661  20231110  005  005  314
  0.001695    0.002703  20231111  005  005  315
  0.001880    0.002727  20231112  005  005  316
  0.001900    0.002742  20231113  005  005  317
  0.002250    0.002826  20231115  005  005  319
  0.002235    0.002790  20231117  005  005  321
