 -0.012560    0.004058  20230603  004  004  154
 -0.013000    0.004235  20230604  004  004  155
 -0.012635    0.003410  20230605  004  004  156
 -0.012350    0.003221  20230606  004  004  157
 -0.011940    0.003075  20230607  004  004  158
 -0.011845    0.002788  20230608  004  004  159
 -0.011375    0.002828  20230609  004  004  160
 -0.011170    0.002851  20230610  004  004  161
 -0.011070    0.002945  20230611  004  004  162
 -0.011220    0.002900  20230612  004  004  163
 -0.010965    0.002877  20230613  004  004  164
 -0.010930    0.002858  20230614  004  004  165
 -0.010755    0.002825  20230615  004  004  166
 -0.010740    0.002788  20230616  004  004  167
 -0.010360    0.002712  20230617  004  004  168
 -0.010185    0.002767  20230618  004  004  169
 -0.010030    0.002700  20230619  004  004  170
 -0.009970    0.002645  20230620  004  004  171
 -0.009830    0.002668  20230621  004  004  172
 -0.009980    0.002644  20230622  004  004  173
 -0.009930    0.002572  20230623  004  004  174
 -0.009735    0.002553  20230624  004  004  175
 -0.009280    0.002518  20230625  004  004  176
 -0.009075    0.002468  20230626  004  004  177
 -0.008840    0.002521  20230627  004  004  178
 -0.008765    0.002462  20230628  004  004  179
 -0.008410    0.002415  20230629  004  004  180
 -0.008295    0.002477  20230630  004  004  181
 -0.007965    0.002446  20230701  004  004  182
 -0.007770    0.002422  20230702  004  004  183
 -0.007300    0.002429  20230703  004  004  184
 -0.006975    0.002422  20230704  004  004  185
 -0.006220    0.002383  20230706  004  004  187
 -0.006130    0.002343  20230707  004  004  188
 -0.005870    0.002360  20230708  004  004  189
 -0.005650    0.002362  20230709  004  004  190
 -0.005370    0.002449  20230710  004  004  191
 -0.005005    0.002539  20230711  004  004  192
 -0.004660    0.002532  20230712  004  004  193
 -0.004475    0.002497  20230713  004  004  194
 -0.004220    0.002572  20230714  004  004  195
 -0.003980    0.002664  20230715  004  004  196
 -0.003885    0.002697  20230716  004  004  197
 -0.003495    0.002840  20230717  004  004  198
 -0.003345    0.002991  20230718  004  004  199
 -0.003160    0.003080  20230719  004  004  200
 -0.002755    0.003184  20230720  004  004  201
 -0.002555    0.003280  20230721  004  004  202
 -0.002310    0.003375  20230722  004  004  203
 -0.001800    0.003316  20230723  004  004  204
 -0.000650    0.003348  20230724  004  004  205
 -0.000400    0.003435  20230725  004  004  206
 -0.000075    0.003539  20230726  004  004  207
 -0.000110    0.003548  20230727  004  004  208
  0.000210    0.003561  20230728  004  004  209
  0.000445    0.003690  20230729  004  004  210
  0.000630    0.003602  20230730  004  004  211
  0.000900    0.003531  20230731  004  004  212
  0.001295    0.003449  20230801  004  004  213
  0.001530    0.003453  20230802  004  004  214
  0.001265    0.003435  20230803  004  004  215
  0.000705    0.003515  20230805  004  004  217
  0.000370    0.003457  20230812  004  004  224
  0.000165    0.003285  20230813  004  004  225
 -0.000030    0.003343  20230814  004  004  226
 -0.000160    0.003197  20230815  004  004  227
  0.000795    0.003254  20230816  004  004  228
  0.000730    0.003546  20230817  004  004  229
  0.001335    0.003580  20230818  004  004  230
  0.001595    0.003588  20230819  004  004  231
  0.001445    0.003680  20230820  004  004  232
  0.001775    0.003834  20230821  004  004  233
  0.001395    0.003717  20230822  004  004  234
  0.001160    0.003638  20230823  004  004  235
  0.000995    0.003761  20230824  004  004  236
  0.001430    0.003900  20230825  004  004  237
  0.001400    0.003984  20230826  004  004  238
  0.001280    0.004005  20230827  004  004  239
  0.001300    0.004010  20230828  004  004  240
  0.001460    0.003980  20230829  004  004  241
  0.001680    0.003871  20230830  004  004  242
  0.001980    0.003951  20230831  004  004  243
  0.002115    0.003989  20230901  004  004  244
  0.002420    0.003934  20230902  004  004  245
  0.002430    0.003827  20230903  004  004  246
  0.002445    0.003983  20230905  004  004  248
  0.002220    0.004014  20230906  004  004  249
  0.001800    0.003962  20230907  004  004  250
  0.001720    0.003823  20230908  004  004  251
  0.001715    0.003798  20230909  004  004  252
  0.001660    0.003761  20230910  004  004  253
  0.001545    0.003738  20230911  004  004  254
  0.001205    0.003654  20230913  004  004  256
  0.001070    0.003658  20230914  004  004  257
  0.000800    0.003717  20230915  004  004  258
  0.000460    0.003747  20230916  004  004  259
  0.000795    0.003705  20230917  004  004  260
  0.001520    0.003615  20230918  004  004  261
  0.002315    0.003520  20230919  004  004  262
  0.003165    0.003617  20230920  004  004  263
  0.003450    0.003737  20230921  004  004  264
  0.003620    0.003848  20230922  004  004  265
  0.003345    0.003913  20230923  004  004  266
  0.003220    0.003936  20230924  004  004  267
  0.002855    0.004036  20230925  004  004  268
  0.002765    0.004000  20230926  004  004  269
  0.002510    0.004000  20230927  004  004  270
  0.002575    0.004131  20230928  004  004  271
  0.002560    0.004222  20230929  004  004  272
  0.002340    0.004318  20230930  004  004  273
  0.001325    0.004408  20231002  004  004  275
 -0.002295    0.004497  20231004  004  004  277
 -0.003545    0.004325  20231005  004  004  278
 -0.003615    0.004505  20231006  004  004  279
 -0.004300    0.004519  20231007  004  004  280
 -0.004505    0.004336  20231008  004  004  281
 -0.004820    0.004331  20231009  004  004  282
 -0.005280    0.004244  20231010  004  004  283
 -0.005890    0.004052  20231011  004  004  284
 -0.007230    0.003955  20231012  004  004  285
 -0.008455    0.003972  20231013  004  004  286
 -0.008570    0.003961  20231014  004  004  287
 -0.007235    0.004051  20231018  004  004  291
 -0.007275    0.003891  20231019  004  004  292
 -0.007285    0.003939  20231020  004  004  293
 -0.007460    0.003989  20231021  004  004  294
 -0.007840    0.003947  20231022  004  004  295
 -0.007955    0.003827  20231023  004  004  296
 -0.008075    0.003821  20231024  004  004  297
 -0.006985    0.003763  20231025  004  004  298
 -0.006865    0.003600  20231026  004  004  299
 -0.007140    0.003801  20231027  004  004  300
 -0.007555    0.003823  20231028  004  004  301
 -0.007555    0.003852  20231029  004  004  302
 -0.007465    0.003784  20231030  004  004  303
 -0.007490    0.003807  20231031  004  004  304
 -0.007660    0.003803  20231101  004  004  305
 -0.007480    0.003813  20231102  004  004  306
 -0.007310    0.003828  20231103  004  004  307
 -0.007340    0.003784  20231104  004  004  308
 -0.007370    0.003878  20231106  004  004  310
 -0.007240    0.004130  20231108  004  004  312
 -0.006465    0.003852  20231109  004  004  313
 -0.005615    0.003912  20231110  004  004  314
 -0.005525    0.003838  20231111  004  004  315
 -0.005445    0.003832  20231112  004  004  316
 -0.005605    0.003687  20231113  004  004  317
 -0.005105    0.003711  20231114  004  004  318
 -0.004795    0.003661  20231115  004  004  319
 -0.004975    0.003532  20231117  004  004  321
