 -0.006420    0.003427  20230607  001  001  158
 -0.007715    0.003257  20230608  001  001  159
 -0.006910    0.003163  20230609  001  001  160
 -0.007140    0.003045  20230610  001  001  161
 -0.007440    0.003056  20230612  001  001  163
 -0.007060    0.003043  20230613  001  001  164
 -0.006630    0.003008  20230614  001  001  165
 -0.006235    0.003018  20230615  001  001  166
 -0.004880    0.003000  20230619  001  001  170
 -0.000130    0.002860  20230621  001  001  172
 -0.000160    0.002803  20230622  001  001  173
  0.000010    0.002788  20230623  001  001  174
 -0.000275    0.002763  20230624  001  001  175
 -0.000235    0.002715  20230625  001  001  176
 -0.000435    0.002609  20230626  001  001  177
 -0.000240    0.002533  20230627  001  001  178
 -0.000490    0.002412  20230628  001  001  179
 -0.000505    0.002364  20230629  001  001  180
 -0.000745    0.002368  20230630  001  001  181
 -0.000860    0.002403  20230701  001  001  182
 -0.001820    0.002368  20230702  001  001  183
 -0.001735    0.002344  20230703  001  001  184
 -0.002385    0.002394  20230704  001  001  185
 -0.002765    0.002406  20230706  001  001  187
 -0.002825    0.002375  20230707  001  001  188
 -0.002890    0.002344  20230708  001  001  189
 -0.003025    0.002350  20230709  001  001  190
 -0.003355    0.002337  20230710  001  001  191
 -0.003450    0.002356  20230711  001  001  192
 -0.003855    0.002373  20230712  001  001  193
 -0.003830    0.002349  20230713  001  001  194
 -0.003995    0.002341  20230714  001  001  195
 -0.004160    0.002363  20230715  001  001  196
 -0.004325    0.002352  20230716  001  001  197
 -0.004180    0.002275  20230717  001  001  198
 -0.004105    0.002283  20230718  001  001  199
 -0.004080    0.002195  20230719  001  001  200
 -0.004270    0.002116  20230720  001  001  201
 -0.004205    0.001984  20230721  001  001  202
 -0.003695    0.001883  20230722  001  001  203
 -0.003375    0.001727  20230723  001  001  204
 -0.003020    0.001675  20230724  001  001  205
 -0.003100    0.001640  20230725  001  001  206
 -0.003250    0.001680  20230726  001  001  207
 -0.003085    0.001603  20230727  001  001  208
 -0.002970    0.001509  20230728  001  001  209
 -0.002750    0.001343  20230729  001  001  210
 -0.002425    0.001199  20230730  001  001  211
 -0.002440    0.001057  20230731  001  001  212
 -0.002400    0.000982  20230801  001  001  213
 -0.002035    0.000984  20230802  001  001  214
 -0.003265    0.001075  20230806  001  001  218
 -0.003195    0.001096  20230807  001  001  219
 -0.002550    0.001126  20230812  001  001  224
 -0.000330    0.001082  20230813  001  001  225
  0.001460    0.001230  20230814  001  001  226
  0.002630    0.001469  20230815  001  001  227
  0.002620    0.001501  20230816  001  001  228
  0.002210    0.001409  20230817  001  001  229
  0.002345    0.001372  20230818  001  001  230
  0.002345    0.001441  20230819  001  001  231
  0.002900    0.001525  20230820  001  001  232
  0.002355    0.001482  20230821  001  001  233
  0.002120    0.001455  20230822  001  001  234
  0.003100    0.001397  20230823  001  001  235
  0.003280    0.001307  20230824  001  001  236
  0.002870    0.001301  20230825  001  001  237
  0.002400    0.001340  20230826  001  001  238
  0.002285    0.001413  20230827  001  001  239
  0.002260    0.001486  20230828  001  001  240
  0.002285    0.001539  20230829  001  001  241
  0.001980    0.001577  20230830  001  001  242
  0.001480    0.001567  20230831  001  001  243
  0.001545    0.001467  20230901  001  001  244
  0.001620    0.001402  20230902  001  001  245
  0.002185    0.001405  20230903  001  001  246
  0.002665    0.001447  20230904  001  001  247
  0.001590    0.001428  20230906  001  001  249
  0.002235    0.001466  20230907  001  001  250
  0.002090    0.001409  20230908  001  001  251
  0.002170    0.001376  20230909  001  001  252
  0.002250    0.001312  20230910  001  001  253
  0.002500    0.001306  20230911  001  001  254
  0.003055    0.001311  20230913  001  001  256
  0.002850    0.001254  20230914  001  001  257
  0.002535    0.001196  20230915  001  001  258
  0.001585    0.001157  20230916  001  001  259
  0.000370    0.001208  20230917  001  001  260
  0.000155    0.001187  20230918  001  001  261
 -0.000110    0.001245  20230919  001  001  262
 -0.001305    0.001291  20230920  001  001  263
 -0.001830    0.001228  20230921  001  001  264
 -0.001955    0.001115  20230922  001  001  265
 -0.001625    0.001134  20230923  001  001  266
 -0.001590    0.001360  20230924  001  001  267
 -0.001665    0.001404  20230925  001  001  268
 -0.001570    0.001503  20230926  001  001  269
 -0.001370    0.001745  20230927  001  001  270
 -0.001220    0.001931  20230928  001  001  271
 -0.000905    0.002163  20230929  001  001  272
 -0.000685    0.002452  20230930  001  001  273
 -0.000215    0.002698  20231001  001  001  274
  0.001400    0.002703  20231002  001  001  275
  0.003060    0.002768  20231003  001  001  276
  0.002975    0.002540  20231005  001  001  278
  0.002950    0.002371  20231006  001  001  279
  0.003075    0.002383  20231007  001  001  280
  0.002950    0.002262  20231008  001  001  281
  0.003010    0.002209  20231009  001  001  282
  0.002960    0.002004  20231010  001  001  283
  0.002430    0.001983  20231011  001  001  284
  0.002060    0.001621  20231013  001  001  286
  0.001650    0.001402  20231014  001  001  287
  0.001610    0.001291  20231018  001  001  291
  0.001045    0.001341  20231019  001  001  292
 -0.000985    0.001314  20231020  001  001  293
 -0.001005    0.001380  20231021  001  001  294
 -0.000690    0.001426  20231022  001  001  295
  0.000945    0.001455  20231023  001  001  296
  0.000820    0.001433  20231024  001  001  297
  0.000235    0.001449  20231025  001  001  298
  0.000800    0.001452  20231026  001  001  299
  0.000200    0.001566  20231027  001  001  300
  0.000585    0.001641  20231028  001  001  301
  0.000210    0.001670  20231029  001  001  302
  0.000260    0.001677  20231030  001  001  303
  0.000985    0.001693  20231031  001  001  304
  0.000540    0.001682  20231101  001  001  305
  0.000430    0.001704  20231102  001  001  306
 -0.000035    0.001726  20231103  001  001  307
  0.000235    0.001699  20231104  001  001  308
 -0.000705    0.001798  20231105  001  001  309
 -0.001240    0.001838  20231106  001  001  310
 -0.000775    0.001890  20231107  001  001  311
 -0.001390    0.001999  20231108  001  001  312
 -0.001415    0.002014  20231109  001  001  313
 -0.001690    0.002044  20231110  001  001  314
 -0.002045    0.002069  20231111  001  001  315
 -0.001905    0.002124  20231112  001  001  316
 -0.002120    0.002140  20231113  001  001  317
 -0.002165    0.002144  20231114  001  001  318
 -0.002075    0.002162  20231115  001  001  319
 -0.002280    0.002189  20231116  001  001  320
 -0.002850    0.002170  20231117  001  001  321
 -0.002710    0.002183  20231118  001  001  322
 -0.002820    0.002312  20231119  001  001  323
 -0.002670    0.002353  20231120  001  001  324
