  0.001190    0.004682  20230607  001  001  158
  0.000850    0.005588  20230613  001  001  164
 -0.001670    0.005162  20230614  001  001  165
  0.003630    0.004551  20230621  001  001  172
  0.002015    0.004015  20230622  001  001  173
  0.001365    0.003726  20230623  001  001  174
 -0.000055    0.003810  20230624  001  001  175
 -0.000270    0.003287  20230626  001  001  177
 -0.000885    0.002906  20230627  001  001  178
 -0.001015    0.002736  20230628  001  001  179
  0.000005    0.002540  20230629  001  001  180
  0.000115    0.002384  20230630  001  001  181
 -0.000105    0.002474  20230701  001  001  182
 -0.000170    0.002440  20230703  001  001  184
 -0.001635    0.002574  20230704  001  001  185
 -0.001335    0.002469  20230706  001  001  187
 -0.001290    0.002261  20230707  001  001  188
 -0.000810    0.002218  20230708  001  001  189
 -0.000735    0.002354  20230709  001  001  190
 -0.000625    0.002328  20230710  001  001  191
 -0.000605    0.002281  20230711  001  001  192
 -0.001190    0.002387  20230712  001  001  193
 -0.001460    0.002509  20230713  001  001  194
 -0.001275    0.002373  20230714  001  001  195
 -0.001125    0.002404  20230715  001  001  196
 -0.001280    0.002269  20230717  001  001  198
 -0.001315    0.002185  20230718  001  001  199
 -0.001335    0.002007  20230719  001  001  200
 -0.001660    0.001875  20230720  001  001  201
 -0.002005    0.001708  20230721  001  001  202
 -0.002320    0.001715  20230722  001  001  203
 -0.002075    0.001682  20230723  001  001  204
 -0.001875    0.001825  20230724  001  001  205
 -0.001755    0.001683  20230725  001  001  206
 -0.001905    0.001696  20230726  001  001  207
 -0.001760    0.001923  20230727  001  001  208
 -0.001965    0.001895  20230728  001  001  209
 -0.002115    0.001852  20230729  001  001  210
 -0.002050    0.001858  20230730  001  001  211
 -0.001820    0.001786  20230731  001  001  212
 -0.001775    0.001860  20230801  001  001  213
 -0.001485    0.001661  20230802  001  001  214
 -0.000915    0.001698  20230807  001  001  219
 -0.000215    0.002115  20230812  001  001  224
 -0.000965    0.002558  20230813  001  001  225
 -0.001180    0.002583  20230814  001  001  226
 -0.001180    0.003134  20230815  001  001  227
 -0.000845    0.002782  20230816  001  001  228
 -0.000545    0.002506  20230817  001  001  229
 -0.001215    0.002242  20230818  001  001  230
 -0.000975    0.002202  20230819  001  001  231
 -0.002225    0.001965  20230821  001  001  233
 -0.002750    0.001885  20230822  001  001  234
 -0.003045    0.002268  20230824  001  001  236
 -0.002550    0.002380  20230825  001  001  237
 -0.002535    0.002510  20230826  001  001  238
 -0.002380    0.002576  20230827  001  001  239
 -0.002365    0.002464  20230828  001  001  240
 -0.002360    0.002401  20230829  001  001  241
 -0.002500    0.002385  20230830  001  001  242
 -0.002495    0.002364  20230831  001  001  243
 -0.002685    0.002505  20230901  001  001  244
 -0.002635    0.002465  20230902  001  001  245
 -0.001445    0.002339  20230906  001  001  249
 -0.002590    0.002562  20230907  001  001  250
 -0.002255    0.002801  20230908  001  001  251
 -0.002370    0.002816  20230909  001  001  252
 -0.002435    0.002753  20230910  001  001  253
 -0.002965    0.002513  20230911  001  001  254
 -0.002480    0.002596  20230913  001  001  256
 -0.001420    0.002280  20230914  001  001  257
 -0.000775    0.002074  20230915  001  001  258
 -0.000860    0.002031  20230916  001  001  259
 -0.000475    0.002104  20230917  001  001  260
 -0.000235    0.002058  20230918  001  001  261
  0.000190    0.001851  20230919  001  001  262
  0.001880    0.001541  20230920  001  001  263
  0.002080    0.001471  20230921  001  001  264
  0.003255    0.001552  20230922  001  001  265
  0.002990    0.001627  20230923  001  001  266
  0.003305    0.001643  20230924  001  001  267
  0.002990    0.001646  20230925  001  001  268
  0.003325    0.001629  20230926  001  001  269
  0.003140    0.001793  20230927  001  001  270
  0.003120    0.001771  20230928  001  001  271
  0.003495    0.001756  20230929  001  001  272
  0.003310    0.001765  20230930  001  001  273
  0.003475    0.001856  20231001  001  001  274
  0.003515    0.001641  20231002  001  001  275
  0.002780    0.001635  20231009  001  001  282
  0.002830    0.001680  20231010  001  001  283
  0.002810    0.001815  20231013  001  001  286
  0.000955    0.002987  20231019  001  001  292
  0.001115    0.002773  20231020  001  001  293
  0.001490    0.002735  20231021  001  001  294
  0.002930    0.002606  20231022  001  001  295
  0.002315    0.002643  20231023  001  001  296
  0.002790    0.002106  20231024  001  001  297
  0.002635    0.002218  20231025  001  001  298
  0.003380    0.001912  20231027  001  001  300
  0.003395    0.001947  20231028  001  001  301
  0.003275    0.001797  20231030  001  001  303
  0.003360    0.001922  20231031  001  001  304
  0.003065    0.001922  20231101  001  001  305
  0.002945    0.002364  20231102  001  001  306
  0.002330    0.002416  20231103  001  001  307
  0.002505    0.002817  20231106  001  001  310
  0.003210    0.003156  20231107  001  001  311
  0.002700    0.002863  20231108  001  001  312
  0.002155    0.002806  20231109  001  001  313
  0.001840    0.002598  20231110  001  001  314
  0.002240    0.002728  20231111  001  001  315
  0.002290    0.002565  20231113  001  001  317
  0.002635    0.002658  20231114  001  001  318
  0.002505    0.002299  20231115  001  001  319
  0.002590    0.001894  20231117  001  001  321
  0.002730    0.002003  20231118  001  001  322
