 -0.003455    0.022405  20230607  006  006  158
 -0.003825    0.020302  20230614  006  006  165
 -0.004010    0.019137  20230621  006  006  172
 -0.006120    0.020955  20230622  006  006  173
 -0.004830    0.019815  20230626  006  006  177
 -0.004670    0.019336  20230627  006  006  178
 -0.003970    0.019925  20230628  006  006  179
 -0.004475    0.019822  20230629  006  006  180
 -0.004005    0.019967  20230630  006  006  181
 -0.002990    0.019493  20230701  006  006  182
 -0.002040    0.019752  20230702  006  006  183
 -0.002000    0.019333  20230703  006  006  184
 -0.001025    0.019605  20230704  006  006  185
  0.000185    0.019180  20230706  006  006  187
 -0.000285    0.019236  20230707  006  006  188
 -0.000090    0.019106  20230708  006  006  189
  0.000355    0.019518  20230709  006  006  190
  0.000660    0.019536  20230710  006  006  191
  0.000265    0.019413  20230711  006  006  192
  0.000590    0.019503  20230712  006  006  193
  0.000265    0.019336  20230713  006  006  194
 -0.000205    0.020092  20230714  006  006  195
 -0.001370    0.019696  20230715  006  006  196
 -0.000810    0.020177  20230716  006  006  197
 -0.001650    0.020133  20230717  006  006  198
 -0.001650    0.020088  20230718  006  006  199
 -0.001650    0.019992  20230719  006  006  200
 -0.001650    0.020084  20230720  006  006  201
 -0.001720    0.019911  20230721  006  006  202
 -0.002120    0.019324  20230722  006  006  203
 -0.001665    0.019445  20230723  006  006  204
 -0.001435    0.019327  20230724  006  006  205
 -0.001080    0.019727  20230725  006  006  206
 -0.001105    0.019867  20230726  006  006  207
 -0.000915    0.019421  20230727  006  006  208
 -0.000580    0.019573  20230728  006  006  209
 -0.001200    0.019628  20230729  006  006  210
 -0.001130    0.019617  20230731  006  006  212
 -0.000995    0.019560  20230801  006  006  213
 -0.000605    0.019843  20230802  006  006  214
 -0.002830    0.034995  20230814  006  006  226
 -0.018775    0.021768  20230815  006  006  227
 -0.019990    0.022613  20230817  006  006  229
 -0.019990    0.024668  20230818  006  006  230
 -0.019990    0.025909  20230819  006  006  231
 -0.019990    0.027952  20230821  006  006  233
 -0.019990    0.029088  20230822  006  006  234
 -0.019990    0.028133  20230826  006  006  238
 -0.019990    0.027544  20230827  006  006  239
 -0.016835    0.029499  20230828  006  006  240
 -0.017185    0.029366  20230829  006  006  241
 -0.013575    0.029312  20230830  006  006  242
 -0.013975    0.028490  20230831  006  006  243
 -0.014900    0.027699  20230901  006  006  244
 -0.022450    0.025221  20230906  006  006  249
 -0.016605    0.024463  20230907  006  006  250
 -0.016670    0.027566  20230908  006  006  251
 -0.023550    0.027994  20230909  006  006  252
 -0.023880    0.023833  20230910  006  006  253
 -0.023805    0.023407  20230911  006  006  254
 -0.024085    0.024567  20230913  006  006  256
 -0.017440    0.028914  20230914  006  006  257
 -0.016495    0.032961  20230915  006  006  258
 -0.016360    0.033033  20230916  006  006  259
 -0.015480    0.034033  20230917  006  006  260
 -0.015385    0.034363  20230918  006  006  261
 -0.007655    0.034179  20230919  006  006  262
 -0.006080    0.038480  20230920  006  006  263
 -0.006465    0.035594  20230921  006  006  264
 -0.000070    0.036977  20230923  006  006  266
 -0.000720    0.035678  20230926  006  006  269
 -0.005485    0.037153  20230927  006  006  270
 -0.006640    0.036899  20230928  006  006  271
 -0.006345    0.039613  20230929  006  006  272
 -0.007775    0.047603  20230930  006  006  273
 -0.008245    0.041932  20231001  006  006  274
 -0.016020    0.059549  20231005  006  006  278
 -0.016465    0.065706  20231006  006  006  279
 -0.010595    0.080328  20231009  006  006  282
 -0.003900    0.071180  20231010  006  006  283
 -0.002700    0.033944  20231019  006  006  292
 -0.004500    0.031038  20231020  006  006  293
 -0.012905    0.034050  20231023  006  006  296
 -0.003385    0.031499  20231024  006  006  297
 -0.004940    0.032798  20231025  006  006  298
 -0.005665    0.039695  20231027  006  006  300
 -0.005580    0.046073  20231028  006  006  301
 -0.005550    0.045678  20231029  006  006  302
 -0.005190    0.045152  20231030  006  006  303
 -0.004180    0.042415  20231031  006  006  304
 -0.004035    0.036951  20231101  006  006  305
 -0.003975    0.038174  20231102  006  006  306
 -0.005895    0.041289  20231104  006  006  308
 -0.007380    0.033743  20231108  006  006  312
 -0.006235    0.030142  20231109  006  006  313
 -0.005750    0.027503  20231110  006  006  314
 -0.005295    0.025928  20231111  006  006  315
 -0.004670    0.026914  20231112  006  006  316
 -0.005365    0.026186  20231113  006  006  317
 -0.005320    0.026170  20231114  006  006  318
