 -0.022360    0.006974  20230603  004  004  154
 -0.018340    0.003108  20230620  004  004  171
 -0.017990    0.002918  20230622  004  004  173
 -0.017700    0.002805  20230623  004  004  174
 -0.017240    0.002788  20230624  004  004  175
 -0.017085    0.002841  20230625  004  004  176
 -0.016850    0.002819  20230626  004  004  177
 -0.017075    0.002753  20230627  004  004  178
 -0.017065    0.002740  20230628  004  004  179
 -0.016870    0.002727  20230629  004  004  180
 -0.016650    0.002716  20230630  004  004  181
 -0.016415    0.002713  20230701  004  004  182
 -0.016110    0.002698  20230702  004  004  183
 -0.015715    0.002678  20230703  004  004  184
 -0.015505    0.002699  20230704  004  004  185
 -0.015010    0.002692  20230706  004  004  187
 -0.014730    0.002686  20230707  004  004  188
 -0.014380    0.002691  20230708  004  004  189
 -0.013965    0.002701  20230709  004  004  190
 -0.013375    0.002696  20230710  004  004  191
 -0.012910    0.002684  20230711  004  004  192
 -0.012570    0.002694  20230712  004  004  193
 -0.012250    0.002675  20230713  004  004  194
 -0.011895    0.002670  20230714  004  004  195
 -0.011730    0.002657  20230715  004  004  196
 -0.011460    0.002589  20230716  004  004  197
 -0.011085    0.002532  20230717  004  004  198
 -0.010790    0.002523  20230718  004  004  199
 -0.010305    0.002509  20230719  004  004  200
 -0.009880    0.002495  20230720  004  004  201
 -0.009380    0.002430  20230721  004  004  202
 -0.008980    0.002359  20230722  004  004  203
 -0.008590    0.002289  20230723  004  004  204
 -0.008190    0.002226  20230724  004  004  205
 -0.007785    0.002163  20230725  004  004  206
 -0.007365    0.002104  20230726  004  004  207
 -0.007045    0.002046  20230727  004  004  208
 -0.006660    0.002065  20230728  004  004  209
 -0.006175    0.002068  20230729  004  004  210
 -0.005560    0.002023  20230730  004  004  211
 -0.005115    0.002006  20230731  004  004  212
 -0.004740    0.001948  20230801  004  004  213
 -0.004300    0.001906  20230802  004  004  214
 -0.004730    0.001885  20230803  004  004  215
 -0.005305    0.001877  20230804  004  004  216
 -0.005685    0.001895  20230805  004  004  217
 -0.005880    0.001850  20230812  004  004  224
 -0.006045    0.001658  20230813  004  004  225
 -0.005950    0.001530  20230814  004  004  226
 -0.005870    0.001454  20230815  004  004  227
 -0.004575    0.001367  20230816  004  004  228
 -0.002755    0.001397  20230817  004  004  229
  0.002345    0.001349  20230818  004  004  230
  0.002775    0.001306  20230819  004  004  231
  0.003205    0.001319  20230820  004  004  232
  0.003385    0.001313  20230821  004  004  233
  0.003355    0.001318  20230822  004  004  234
  0.003440    0.001281  20230823  004  004  235
  0.003415    0.001284  20230824  004  004  236
  0.003975    0.001255  20230825  004  004  237
  0.004125    0.001290  20230826  004  004  238
  0.004475    0.001298  20230827  004  004  239
  0.004680    0.001322  20230828  004  004  240
  0.005140    0.001350  20230829  004  004  241
  0.005420    0.001382  20230830  004  004  242
  0.005690    0.001459  20230831  004  004  243
  0.005810    0.001530  20230901  004  004  244
  0.005885    0.001540  20230902  004  004  245
  0.006080    0.001544  20230903  004  004  246
  0.006520    0.001557  20230904  004  004  247
  0.006245    0.001554  20230905  004  004  248
  0.006060    0.001483  20230906  004  004  249
  0.005650    0.001497  20230907  004  004  250
  0.005415    0.001522  20230908  004  004  251
  0.004990    0.001593  20230909  004  004  252
  0.004725    0.001649  20230910  004  004  253
  0.004455    0.001701  20230911  004  004  254
  0.003930    0.001702  20230913  004  004  256
  0.003750    0.001694  20230914  004  004  257
  0.003665    0.001773  20230915  004  004  258
  0.003220    0.001874  20230916  004  004  259
  0.003050    0.001982  20230917  004  004  260
  0.003780    0.002107  20230918  004  004  261
  0.004525    0.002245  20230919  004  004  262
  0.005090    0.002342  20230920  004  004  263
  0.005530    0.002418  20230921  004  004  264
  0.006070    0.002412  20230922  004  004  265
  0.006145    0.002432  20230923  004  004  266
  0.006260    0.002394  20230924  004  004  267
  0.006240    0.002382  20230925  004  004  268
  0.006215    0.002361  20230926  004  004  269
  0.006225    0.002407  20230927  004  004  270
  0.006205    0.002431  20230928  004  004  271
  0.006495    0.002475  20230929  004  004  272
  0.006805    0.002540  20230930  004  004  273
  0.006975    0.002556  20231001  004  004  274
  0.006570    0.002479  20231002  004  004  275
  0.006335    0.002362  20231003  004  004  276
  0.006095    0.002260  20231004  004  004  277
  0.005550    0.002203  20231005  004  004  278
  0.005410    0.002137  20231006  004  004  279
  0.005285    0.002137  20231007  004  004  280
  0.005335    0.002018  20231008  004  004  281
  0.005215    0.001953  20231009  004  004  282
  0.005220    0.001895  20231010  004  004  283
  0.004815    0.001797  20231011  004  004  284
  0.004210    0.001649  20231012  004  004  285
  0.002905    0.001460  20231013  004  004  286
  0.002035    0.001333  20231014  004  004  287
  0.001965    0.001294  20231017  004  004  290
  0.001975    0.001237  20231018  004  004  291
  0.002150    0.001201  20231019  004  004  292
  0.002090    0.001190  20231020  004  004  293
  0.002060    0.001311  20231021  004  004  294
  0.002345    0.001611  20231022  004  004  295
  0.002305    0.001909  20231023  004  004  296
  0.002490    0.002240  20231024  004  004  297
  0.002810    0.002570  20231025  004  004  298
  0.003560    0.002924  20231026  004  004  299
  0.003630    0.003263  20231027  004  004  300
  0.003615    0.003391  20231028  004  004  301
  0.003790    0.003550  20231029  004  004  302
  0.003830    0.004001  20231030  004  004  303
  0.004065    0.004425  20231031  004  004  304
  0.004085    0.004636  20231101  004  004  305
  0.004290    0.004678  20231102  004  004  306
  0.004410    0.004517  20231103  004  004  307
  0.004520    0.004367  20231104  004  004  308
  0.004685    0.004451  20231105  004  004  309
  0.004640    0.004530  20231106  004  004  310
  0.004510    0.004555  20231107  004  004  311
  0.004460    0.004510  20231108  004  004  312
  0.004760    0.004485  20231109  004  004  313
  0.005010    0.004415  20231110  004  004  314
  0.005015    0.004356  20231111  004  004  315
  0.005165    0.004373  20231112  004  004  316
  0.005200    0.004315  20231113  004  004  317
  0.005450    0.004367  20231114  004  004  318
  0.005375    0.004431  20231115  004  004  319
  0.005115    0.004366  20231116  004  004  320
  0.004665    0.004279  20231117  004  004  321
  0.004095    0.004150  20231118  004  004  322
  0.003975    0.004151  20231119  004  004  323
