 -0.010350    0.005101  20230603  004  004  154
 -0.010775    0.005233  20230604  004  004  155
 -0.010595    0.004111  20230605  004  004  156
 -0.009965    0.003624  20230606  004  004  157
 -0.009560    0.003266  20230607  004  004  158
 -0.009265    0.003345  20230608  004  004  159
 -0.008745    0.003243  20230609  004  004  160
 -0.008515    0.003274  20230610  004  004  161
 -0.008395    0.003266  20230611  004  004  162
 -0.008515    0.003308  20230612  004  004  163
 -0.008215    0.003222  20230613  004  004  164
 -0.008200    0.003240  20230614  004  004  165
 -0.008000    0.003182  20230615  004  004  166
 -0.007925    0.002948  20230616  004  004  167
 -0.007490    0.002869  20230617  004  004  168
 -0.007275    0.002838  20230618  004  004  169
 -0.007145    0.002858  20230619  004  004  170
 -0.007055    0.002803  20230620  004  004  171
 -0.006995    0.002595  20230621  004  004  172
 -0.007100    0.002556  20230622  004  004  173
 -0.007075    0.002376  20230623  004  004  174
 -0.006905    0.002366  20230624  004  004  175
 -0.006470    0.002186  20230625  004  004  176
 -0.006310    0.002125  20230626  004  004  177
 -0.006070    0.001984  20230627  004  004  178
 -0.005945    0.001935  20230628  004  004  179
 -0.005585    0.001947  20230629  004  004  180
 -0.005410    0.001834  20230630  004  004  181
 -0.005025    0.001777  20230701  004  004  182
 -0.004855    0.001834  20230702  004  004  183
 -0.004235    0.001813  20230703  004  004  184
 -0.003915    0.001875  20230704  004  004  185
 -0.003130    0.001875  20230706  004  004  187
 -0.002995    0.001783  20230707  004  004  188
 -0.002760    0.001765  20230708  004  004  189
 -0.002475    0.001824  20230709  004  004  190
 -0.002210    0.001735  20230710  004  004  191
 -0.001810    0.001681  20230711  004  004  192
 -0.001510    0.001618  20230712  004  004  193
 -0.001360    0.001576  20230713  004  004  194
 -0.001125    0.001526  20230714  004  004  195
 -0.000895    0.001351  20230715  004  004  196
 -0.000915    0.001421  20230716  004  004  197
 -0.000470    0.001247  20230717  004  004  198
 -0.000370    0.001248  20230718  004  004  199
 -0.000155    0.001195  20230719  004  004  200
  0.000245    0.001098  20230720  004  004  201
  0.000540    0.001025  20230721  004  004  202
  0.000860    0.000998  20230722  004  004  203
  0.001470    0.000971  20230723  004  004  204
  0.001855    0.001038  20230724  004  004  205
  0.002185    0.001053  20230725  004  004  206
  0.002390    0.001116  20230726  004  004  207
  0.002440    0.001010  20230727  004  004  208
  0.002715    0.000995  20230728  004  004  209
  0.002925    0.001081  20230729  004  004  210
  0.003020    0.001122  20230730  004  004  211
  0.003345    0.001106  20230731  004  004  212
  0.003770    0.001025  20230801  004  004  213
  0.004005    0.001043  20230802  004  004  214
  0.003815    0.001028  20230803  004  004  215
  0.003265    0.000945  20230804  004  004  216
  0.002710    0.000963  20230805  004  004  217
  0.002230    0.001170  20230812  004  004  224
  0.001815    0.001080  20230813  004  004  225
  0.001515    0.001045  20230814  004  004  226
  0.001395    0.001028  20230815  004  004  227
  0.002030    0.000889  20230816  004  004  228
  0.002925    0.001205  20230817  004  004  229
  0.003480    0.001360  20230818  004  004  230
  0.003895    0.001342  20230819  004  004  231
  0.003755    0.001396  20230820  004  004  232
  0.003980    0.001545  20230821  004  004  233
  0.003755    0.001327  20230822  004  004  234
  0.003640    0.001158  20230823  004  004  235
  0.003335    0.001240  20230824  004  004  236
  0.003785    0.001381  20230825  004  004  237
  0.003880    0.001334  20230826  004  004  238
  0.003780    0.001244  20230827  004  004  239
  0.003755    0.001263  20230828  004  004  240
  0.003910    0.001222  20230829  004  004  241
  0.004175    0.001086  20230830  004  004  242
  0.004475    0.001118  20230831  004  004  243
  0.004590    0.001167  20230901  004  004  244
  0.004965    0.001148  20230902  004  004  245
  0.005030    0.001112  20230903  004  004  246
  0.005235    0.001193  20230904  004  004  247
  0.004820    0.001352  20230905  004  004  248
  0.004830    0.001263  20230906  004  004  249
  0.004385    0.001295  20230907  004  004  250
  0.004335    0.001172  20230908  004  004  251
  0.004360    0.001100  20230909  004  004  252
  0.004370    0.001074  20230910  004  004  253
  0.004190    0.001066  20230911  004  004  254
  0.003890    0.001088  20230913  004  004  256
  0.003730    0.001107  20230914  004  004  257
  0.003390    0.001141  20230915  004  004  258
  0.003135    0.001070  20230916  004  004  259
  0.003350    0.001057  20230917  004  004  260
  0.004190    0.000866  20230918  004  004  261
  0.004745    0.001097  20230919  004  004  262
  0.005555    0.001158  20230920  004  004  263
  0.005795    0.001244  20230921  004  004  264
  0.005940    0.001369  20230922  004  004  265
  0.005795    0.001340  20230923  004  004  266
  0.005835    0.001340  20230924  004  004  267
  0.005490    0.001403  20230925  004  004  268
  0.005410    0.001384  20230926  004  004  269
  0.005250    0.001380  20230927  004  004  270
  0.005355    0.001506  20230928  004  004  271
  0.005350    0.001511  20230929  004  004  272
  0.005225    0.001565  20230930  004  004  273
  0.005365    0.001634  20231001  004  004  274
  0.004600    0.001547  20231002  004  004  275
  0.002340    0.001646  20231004  004  004  277
  0.001155    0.001436  20231005  004  004  278
  0.001125    0.001647  20231006  004  004  279
  0.000275    0.001689  20231007  004  004  280
  0.000060    0.001533  20231008  004  004  281
 -0.000275    0.001554  20231009  004  004  282
 -0.000750    0.001526  20231010  004  004  283
 -0.001390    0.001410  20231011  004  004  284
 -0.002720    0.001423  20231012  004  004  285
 -0.004025    0.001519  20231013  004  004  286
 -0.005275    0.001468  20231014  004  004  287
 -0.003650    0.001431  20231018  004  004  291
 -0.003820    0.001303  20231019  004  004  292
 -0.003725    0.001485  20231020  004  004  293
 -0.003900    0.001607  20231021  004  004  294
 -0.004425    0.001557  20231022  004  004  295
 -0.004565    0.001523  20231023  004  004  296
 -0.004660    0.001578  20231024  004  004  297
 -0.003445    0.001585  20231025  004  004  298
 -0.003250    0.001745  20231026  004  004  299
 -0.003350    0.001913  20231027  004  004  300
 -0.003770    0.001994  20231028  004  004  301
 -0.003790    0.001989  20231029  004  004  302
 -0.003760    0.001855  20231030  004  004  303
 -0.003825    0.001868  20231031  004  004  304
 -0.003895    0.001840  20231101  004  004  305
 -0.003640    0.001848  20231102  004  004  306
 -0.003375    0.001762  20231103  004  004  307
 -0.003270    0.001775  20231104  004  004  308
 -0.003325    0.001822  20231105  004  004  309
 -0.003205    0.001813  20231106  004  004  310
 -0.003210    0.001927  20231107  004  004  311
 -0.002870    0.001842  20231108  004  004  312
 -0.002250    0.001518  20231109  004  004  313
 -0.001375    0.001512  20231110  004  004  314
 -0.001280    0.001496  20231111  004  004  315
 -0.001295    0.001454  20231112  004  004  316
 -0.001470    0.001438  20231113  004  004  317
 -0.001045    0.001446  20231114  004  004  318
 -0.000820    0.001381  20231115  004  004  319
 -0.000650    0.001442  20231116  004  004  320
 -0.000820    0.001444  20231117  004  004  321
