 -0.011555    0.003007  20230607  006  006  158
 -0.003740    0.002652  20230610  006  006  161
 -0.004365    0.002697  20230611  006  006  162
 -0.005385    0.002735  20230614  006  006  165
 -0.004470    0.002719  20230615  006  006  166
 -0.003185    0.002738  20230623  006  006  174
 -0.003055    0.002536  20230624  006  006  175
 -0.001920    0.002310  20230625  006  006  176
 -0.001100    0.002122  20230626  006  006  177
 -0.000015    0.001997  20230627  006  006  178
  0.001285    0.001917  20230628  006  006  179
  0.001400    0.001911  20230629  006  006  180
  0.001650    0.001914  20230630  006  006  181
  0.001845    0.001906  20230701  006  006  182
  0.002660    0.001923  20230702  006  006  183
  0.002505    0.001865  20230703  006  006  184
  0.001850    0.001861  20230704  006  006  185
  0.001980    0.001945  20230706  006  006  187
  0.001695    0.001959  20230707  006  006  188
  0.001495    0.002006  20230708  006  006  189
  0.001150    0.002112  20230709  006  006  190
  0.001165    0.002161  20230710  006  006  191
  0.001065    0.002250  20230711  006  006  192
  0.000565    0.002266  20230712  006  006  193
  0.000460    0.002303  20230713  006  006  194
  0.000890    0.002271  20230714  006  006  195
  0.000935    0.002189  20230715  006  006  196
  0.002040    0.002173  20230716  006  006  197
  0.003235    0.002102  20230717  006  006  198
  0.003340    0.002062  20230718  006  006  199
  0.004130    0.001980  20230719  006  006  200
  0.005535    0.001961  20230720  006  006  201
  0.006400    0.001941  20230721  006  006  202
  0.006840    0.001886  20230722  006  006  203
  0.006655    0.001860  20230723  006  006  204
  0.006620    0.001920  20230724  006  006  205
  0.006680    0.001977  20230725  006  006  206
  0.007010    0.001976  20230727  006  006  208
  0.006995    0.001953  20230728  006  006  209
  0.006975    0.001909  20230729  006  006  210
  0.006895    0.001919  20230730  006  006  211
  0.006880    0.001954  20230731  006  006  212
  0.007525    0.002044  20230801  006  006  213
  0.008600    0.002077  20230802  006  006  214
 -0.007730    0.004731  20230815  006  006  227
 -0.011940    0.003431  20230816  006  006  228
 -0.009515    0.003275  20230817  006  006  229
 -0.010030    0.002960  20230818  006  006  230
 -0.009745    0.002775  20230819  006  006  231
 -0.010625    0.002805  20230820  006  006  232
 -0.012285    0.002844  20230821  006  006  233
 -0.012365    0.002707  20230822  006  006  234
 -0.011925    0.002617  20230823  006  006  235
 -0.012235    0.002459  20230824  006  006  236
 -0.012550    0.002370  20230825  006  006  237
 -0.012315    0.002367  20230826  006  006  238
 -0.012215    0.002401  20230827  006  006  239
 -0.012390    0.002425  20230828  006  006  240
 -0.011725    0.002486  20230829  006  006  241
 -0.012125    0.002489  20230830  006  006  242
 -0.011905    0.002505  20230831  006  006  243
 -0.011860    0.002458  20230901  006  006  244
 -0.011445    0.002383  20230902  006  006  245
 -0.010610    0.002372  20230903  006  006  246
 -0.010560    0.002460  20230904  006  006  247
 -0.009545    0.002703  20230909  006  006  252
 -0.008105    0.002918  20230910  006  006  253
 -0.008895    0.002941  20230911  006  006  254
 -0.007715    0.002781  20230913  006  006  256
 -0.006470    0.002803  20230914  006  006  257
 -0.004255    0.003099  20230915  006  006  258
 -0.001630    0.003365  20230916  006  006  259
 -0.001120    0.003659  20230917  006  006  260
 -0.001145    0.003785  20230918  006  006  261
 -0.001240    0.003747  20230919  006  006  262
 -0.001360    0.003680  20230920  006  006  263
  0.003470    0.003266  20230926  006  006  269
  0.002905    0.002800  20230927  006  006  270
  0.002175    0.002186  20230928  006  006  271
  0.002645    0.001781  20230929  006  006  272
  0.003360    0.001632  20230930  006  006  273
  0.003380    0.001680  20231001  006  006  274
  0.001845    0.002026  20231006  006  006  279
  0.001070    0.001962  20231007  006  006  280
  0.000305    0.002085  20231009  006  006  282
 -0.000205    0.002050  20231010  006  006  283
  0.000000    0.002576  20231015  006  006  288
  0.000000    0.002615  20231019  006  006  292
  0.003300    0.002433  20231020  006  006  293
  0.003570    0.002041  20231021  006  006  294
  0.005755    0.002069  20231023  006  006  296
  0.006260    0.001892  20231024  006  006  297
  0.007130    0.001841  20231025  006  006  298
  0.007185    0.001909  20231027  006  006  300
  0.007060    0.002105  20231028  006  006  301
  0.006310    0.002285  20231029  006  006  302
  0.004875    0.002347  20231030  006  006  303
  0.003185    0.002437  20231031  006  006  304
  0.002690    0.002455  20231101  006  006  305
  0.002660    0.002418  20231102  006  006  306
  0.002915    0.002737  20231103  006  006  307
  0.003285    0.002574  20231104  006  006  308
  0.002405    0.002617  20231108  006  006  312
  0.002375    0.002464  20231109  006  006  313
  0.002985    0.002427  20231110  006  006  314
  0.003335    0.002323  20231111  006  006  315
  0.003370    0.002371  20231112  006  006  316
  0.006170    0.002382  20231113  006  006  317
  0.006905    0.002508  20231114  006  006  318
