 -0.008785    0.003271  20230608  001  001  159
 -0.008710    0.003214  20230612  001  001  163
 -0.007445    0.003137  20230613  001  001  164
 -0.006545    0.003062  20230614  001  001  165
 -0.005915    0.003081  20230615  001  001  166
 -0.002225    0.002956  20230622  001  001  173
 -0.001840    0.002922  20230623  001  001  174
 -0.001960    0.002884  20230624  001  001  175
 -0.002115    0.002677  20230626  001  001  177
 -0.001815    0.002546  20230627  001  001  178
 -0.002170    0.002369  20230628  001  001  179
 -0.001875    0.002311  20230629  001  001  180
 -0.002060    0.002323  20230630  001  001  181
 -0.002065    0.002379  20230701  001  001  182
 -0.002095    0.002389  20230702  001  001  183
 -0.001995    0.002359  20230703  001  001  184
 -0.002250    0.002378  20230704  001  001  185
 -0.002650    0.002380  20230706  001  001  187
 -0.002700    0.002343  20230707  001  001  188
 -0.002775    0.002337  20230708  001  001  189
 -0.002930    0.002339  20230709  001  001  190
 -0.003255    0.002324  20230710  001  001  191
 -0.003305    0.002347  20230711  001  001  192
 -0.003695    0.002366  20230712  001  001  193
 -0.003665    0.002338  20230713  001  001  194
 -0.003835    0.002325  20230714  001  001  195
 -0.003975    0.002343  20230715  001  001  196
 -0.004155    0.002331  20230716  001  001  197
 -0.004015    0.002252  20230717  001  001  198
 -0.003940    0.002260  20230718  001  001  199
 -0.003915    0.002171  20230719  001  001  200
 -0.004110    0.002090  20230720  001  001  201
 -0.004055    0.001959  20230721  001  001  202
 -0.003530    0.001864  20230722  001  001  203
 -0.003215    0.001711  20230723  001  001  204
 -0.002880    0.001654  20230724  001  001  205
 -0.002915    0.001678  20230726  001  001  207
 -0.002695    0.001492  20230728  001  001  209
 -0.002395    0.001302  20230729  001  001  210
 -0.001980    0.001142  20230730  001  001  211
 -0.001955    0.000994  20230731  001  001  212
 -0.001905    0.000922  20230801  001  001  213
 -0.001415    0.000929  20230802  001  001  214
 -0.002815    0.001017  20230806  001  001  218
 -0.003130    0.001045  20230807  001  001  219
 -0.002375    0.001146  20230812  001  001  224
 -0.000200    0.001120  20230813  001  001  225
  0.001550    0.001271  20230814  001  001  226
  0.002685    0.001514  20230815  001  001  227
  0.002715    0.001546  20230816  001  001  228
  0.002260    0.001446  20230817  001  001  229
  0.002420    0.001406  20230818  001  001  230
  0.002600    0.001450  20230819  001  001  231
  0.003120    0.001516  20230820  001  001  232
  0.002630    0.001470  20230821  001  001  233
  0.002350    0.001433  20230822  001  001  234
  0.003330    0.001371  20230823  001  001  235
  0.002855    0.001348  20230825  001  001  237
  0.002335    0.001364  20230826  001  001  238
  0.002210    0.001426  20230827  001  001  239
  0.002130    0.001491  20230828  001  001  240
  0.002150    0.001542  20230829  001  001  241
  0.001850    0.001587  20230830  001  001  242
  0.001385    0.001578  20230831  001  001  243
  0.001390    0.001473  20230901  001  001  244
  0.001460    0.001425  20230902  001  001  245
  0.002090    0.001453  20230903  001  001  246
  0.002640    0.001540  20230904  001  001  247
  0.002180    0.001620  20230907  001  001  250
  0.002165    0.001563  20230908  001  001  251
  0.001935    0.001516  20230909  001  001  252
  0.001715    0.001436  20230910  001  001  253
  0.001995    0.001420  20230911  001  001  254
  0.002590    0.001428  20230913  001  001  256
  0.002340    0.001366  20230914  001  001  257
  0.001975    0.001305  20230915  001  001  258
  0.001330    0.001253  20230916  001  001  259
  0.000315    0.001295  20230917  001  001  260
  0.000080    0.001265  20230918  001  001  261
 -0.000230    0.001193  20230919  001  001  262
 -0.001320    0.001247  20230920  001  001  263
 -0.001885    0.001194  20230921  001  001  264
 -0.002005    0.001099  20230922  001  001  265
 -0.001185    0.001141  20230923  001  001  266
 -0.001525    0.001325  20230925  001  001  268
 -0.001430    0.001427  20230926  001  001  269
 -0.001165    0.001788  20230928  001  001  271
 -0.000835    0.002067  20230929  001  001  272
  0.003475    0.002756  20231003  001  001  276
  0.003330    0.002350  20231005  001  001  278
  0.002880    0.002055  20231008  001  001  281
  0.002985    0.001965  20231009  001  001  282
  0.002680    0.001858  20231010  001  001  283
 -0.001560    0.001446  20231013  001  001  286
 -0.000990    0.001309  20231014  001  001  287
 -0.001220    0.001285  20231018  001  001  291
 -0.001010    0.001326  20231019  001  001  292
 -0.000530    0.001330  20231020  001  001  293
 -0.000595    0.001402  20231021  001  001  294
 -0.000255    0.001453  20231022  001  001  295
  0.000835    0.001492  20231023  001  001  296
  0.001205    0.001482  20231024  001  001  297
  0.000665    0.001494  20231025  001  001  298
  0.000960    0.001494  20231026  001  001  299
  0.000355    0.001603  20231027  001  001  300
  0.001465    0.001677  20231028  001  001  301
  0.000330    0.001704  20231029  001  001  302
  0.000340    0.001709  20231030  001  001  303
  0.001420    0.001723  20231031  001  001  304
  0.000965    0.001704  20231101  001  001  305
  0.000785    0.001716  20231102  001  001  306
  0.000055    0.001729  20231103  001  001  307
  0.000330    0.001691  20231104  001  001  308
 -0.000610    0.001777  20231105  001  001  309
 -0.001140    0.001807  20231106  001  001  310
 -0.000705    0.001855  20231107  001  001  311
 -0.001320    0.001960  20231108  001  001  312
 -0.001335    0.001968  20231109  001  001  313
 -0.001540    0.001986  20231110  001  001  314
 -0.001890    0.002002  20231111  001  001  315
 -0.001765    0.002051  20231112  001  001  316
 -0.001965    0.002066  20231113  001  001  317
 -0.002020    0.002069  20231114  001  001  318
 -0.001905    0.002085  20231115  001  001  319
 -0.002080    0.002108  20231116  001  001  320
 -0.002670    0.002089  20231117  001  001  321
 -0.002595    0.002104  20231118  001  001  322
 -0.002490    0.002177  20231120  001  001  324
