 -0.006400    0.004274  20230603  003  003  154
 -0.007235    0.004108  20230604  003  003  155
 -0.006630    0.003702  20230605  003  003  156
 -0.006035    0.003402  20230606  003  003  157
 -0.005525    0.003150  20230607  003  003  158
 -0.005285    0.002882  20230608  003  003  159
 -0.005130    0.002866  20230609  003  003  160
 -0.005400    0.002870  20230610  003  003  161
 -0.005390    0.003117  20230611  003  003  162
 -0.005260    0.003223  20230612  003  003  163
 -0.005125    0.003029  20230613  003  003  164
 -0.004920    0.002920  20230614  003  003  165
 -0.004770    0.002828  20230615  003  003  166
 -0.004610    0.002844  20230616  003  003  167
 -0.004330    0.002766  20230617  003  003  168
 -0.004075    0.002699  20230619  003  003  170
 -0.003820    0.002871  20230622  003  003  173
 -0.003475    0.002713  20230623  003  003  174
 -0.003235    0.002153  20230625  003  003  176
 -0.002830    0.002251  20230626  003  003  177
 -0.002700    0.002198  20230627  003  003  178
 -0.003105    0.002095  20230628  003  003  179
 -0.003375    0.001905  20230629  003  003  180
 -0.003470    0.001875  20230630  003  003  181
 -0.003565    0.001886  20230701  003  003  182
 -0.003435    0.001765  20230702  003  003  183
 -0.003220    0.001806  20230703  003  003  184
 -0.003200    0.001760  20230704  003  003  185
 -0.003165    0.001792  20230706  003  003  187
 -0.003010    0.001722  20230707  003  003  188
 -0.003020    0.001869  20230710  003  003  191
 -0.002590    0.001983  20230711  003  003  192
 -0.002410    0.002119  20230712  003  003  193
 -0.002335    0.002306  20230713  003  003  194
 -0.002305    0.002386  20230714  003  003  195
 -0.002025    0.002468  20230715  003  003  196
 -0.002115    0.002752  20230717  003  003  198
 -0.002100    0.002689  20230718  003  003  199
 -0.001885    0.002497  20230719  003  003  200
 -0.002055    0.002503  20230720  003  003  201
 -0.002020    0.002549  20230721  003  003  202
 -0.002150    0.002739  20230723  003  003  204
 -0.002140    0.002804  20230724  003  003  205
 -0.001965    0.002860  20230725  003  003  206
 -0.001890    0.002871  20230726  003  003  207
 -0.001655    0.002814  20230727  003  003  208
 -0.002090    0.002829  20230728  003  003  209
 -0.002270    0.002896  20230729  003  003  210
 -0.002460    0.002936  20230730  003  003  211
 -0.002300    0.002951  20230731  003  003  212
 -0.002195    0.003047  20230801  003  003  213
 -0.001920    0.003024  20230802  003  003  214
 -0.001975    0.002702  20230805  003  003  217
 -0.000320    0.002078  20230812  003  003  224
 -0.000225    0.001937  20230813  003  003  225
 -0.000010    0.001649  20230814  003  003  226
  0.000640    0.002178  20230815  003  003  227
  0.002160    0.002100  20230816  003  003  228
  0.002010    0.002097  20230817  003  003  229
  0.002980    0.002368  20230818  003  003  230
  0.002915    0.002272  20230819  003  003  231
  0.002695    0.002361  20230821  003  003  233
  0.002940    0.002381  20230822  003  003  234
  0.002900    0.002511  20230823  003  003  235
  0.002580    0.002603  20230824  003  003  236
  0.002770    0.002590  20230825  003  003  237
  0.003025    0.002636  20230826  003  003  238
  0.003125    0.002603  20230827  003  003  239
  0.003005    0.002648  20230828  003  003  240
  0.002910    0.002597  20230829  003  003  241
  0.003090    0.002539  20230830  003  003  242
  0.003220    0.002481  20230831  003  003  243
  0.003225    0.002399  20230901  003  003  244
  0.003340    0.002314  20230902  003  003  245
  0.003540    0.002236  20230903  003  003  246
  0.003150    0.002195  20230904  003  003  247
  0.002790    0.002078  20230905  003  003  248
  0.002890    0.002000  20230906  003  003  249
  0.003000    0.001949  20230907  003  003  250
  0.002665    0.001887  20230908  003  003  251
  0.002405    0.001829  20230909  003  003  252
  0.002565    0.001807  20230910  003  003  253
  0.002315    0.001840  20230911  003  003  254
  0.001995    0.001719  20230913  003  003  256
  0.002020    0.001639  20230914  003  003  257
  0.001840    0.001613  20230915  003  003  258
  0.001930    0.001547  20230916  003  003  259
  0.002035    0.001426  20230917  003  003  260
  0.002510    0.001350  20230918  003  003  261
  0.002860    0.001323  20230919  003  003  262
  0.002925    0.001244  20230920  003  003  263
  0.003135    0.001234  20230921  003  003  264
  0.003145    0.001377  20230922  003  003  265
  0.003000    0.001381  20230923  003  003  266
  0.003060    0.001297  20230924  003  003  267
  0.002760    0.001332  20230925  003  003  268
  0.002910    0.001380  20230926  003  003  269
  0.002985    0.001394  20230927  003  003  270
  0.003125    0.001440  20230928  003  003  271
  0.002880    0.001498  20230929  003  003  272
  0.002985    0.001546  20230930  003  003  273
  0.002890    0.001617  20231001  003  003  274
  0.002475    0.001608  20231002  003  003  275
  0.001840    0.001508  20231003  003  003  276
  0.001355    0.001415  20231004  003  003  277
  0.001300    0.001259  20231005  003  003  278
  0.001040    0.001328  20231006  003  003  279
  0.000915    0.001319  20231007  003  003  280
  0.000670    0.001251  20231009  003  003  282
  0.000460    0.001173  20231010  003  003  283
  0.000375    0.001103  20231011  003  003  284
  0.000015    0.001067  20231012  003  003  285
 -0.000185    0.001029  20231013  003  003  286
 -0.000510    0.000963  20231014  003  003  287
  0.000080    0.001108  20231018  003  003  291
  0.000350    0.000934  20231019  003  003  292
  0.000530    0.000988  20231020  003  003  293
 -0.000415    0.001037  20231024  003  003  297
  0.000050    0.001152  20231025  003  003  298
 -0.001215    0.001405  20231026  003  003  299
 -0.001190    0.001303  20231027  003  003  300
 -0.001305    0.001322  20231028  003  003  301
 -0.001650    0.001286  20231030  003  003  303
 -0.001765    0.001469  20231031  003  003  304
 -0.001775    0.001718  20231101  003  003  305
 -0.001515    0.001773  20231102  003  003  306
 -0.001395    0.001767  20231103  003  003  307
 -0.001445    0.001732  20231104  003  003  308
 -0.001805    0.001948  20231106  003  003  310
 -0.001405    0.001884  20231108  003  003  312
 -0.001125    0.001860  20231109  003  003  313
 -0.001055    0.001686  20231110  003  003  314
 -0.001095    0.001653  20231111  003  003  315
 -0.001025    0.001624  20231113  003  003  317
 -0.000985    0.001713  20231114  003  003  318
 -0.001015    0.001786  20231115  003  003  319
