 -0.012630    0.003551  20230620  003  003  171
 -0.013765    0.003202  20230622  003  003  173
 -0.013410    0.003018  20230623  003  003  174
 -0.013080    0.002934  20230624  003  003  175
 -0.012660    0.002907  20230625  003  003  176
 -0.012535    0.002808  20230626  003  003  177
 -0.012385    0.002688  20230627  003  003  178
 -0.012280    0.002625  20230628  003  003  179
 -0.012370    0.002550  20230629  003  003  180
 -0.012305    0.002508  20230630  003  003  181
 -0.012185    0.002508  20230701  003  003  182
 -0.011940    0.002479  20230702  003  003  183
 -0.011705    0.002380  20230703  003  003  184
 -0.011565    0.002347  20230704  003  003  185
 -0.011705    0.002155  20230706  003  003  187
 -0.011975    0.001989  20230707  003  003  188
 -0.012210    0.001853  20230708  003  003  189
 -0.012160    0.001771  20230709  003  003  190
 -0.012330    0.001687  20230710  003  003  191
 -0.012600    0.001622  20230711  003  003  192
 -0.012730    0.001620  20230712  003  003  193
 -0.013005    0.001653  20230713  003  003  194
 -0.013330    0.001722  20230714  003  003  195
 -0.013540    0.001883  20230715  003  003  196
 -0.013685    0.002050  20230716  003  003  197
 -0.013935    0.002191  20230717  003  003  198
 -0.013830    0.002158  20230718  003  003  199
 -0.013565    0.002094  20230719  003  003  200
 -0.013360    0.002083  20230720  003  003  201
 -0.013140    0.002043  20230721  003  003  202
 -0.012890    0.002007  20230722  003  003  203
 -0.012420    0.001902  20230723  003  003  204
 -0.012235    0.001848  20230724  003  003  205
 -0.012020    0.001787  20230725  003  003  206
 -0.011680    0.001716  20230726  003  003  207
 -0.011320    0.001689  20230727  003  003  208
 -0.011100    0.001615  20230728  003  003  209
 -0.010640    0.001582  20230729  003  003  210
 -0.009655    0.001458  20230731  003  003  212
 -0.009100    0.001458  20230801  003  003  213
 -0.008530    0.001407  20230802  003  003  214
 -0.007735    0.001359  20230803  003  003  215
 -0.007765    0.001421  20230804  003  003  216
 -0.007875    0.001388  20230805  003  003  217
 -0.007475    0.001283  20230806  003  003  218
 -0.002605    0.001148  20230812  003  003  224
 -0.001565    0.000943  20230814  003  003  226
 -0.001005    0.000877  20230815  003  003  227
 -0.000085    0.000959  20230816  003  003  228
  0.000720    0.000989  20230817  003  003  229
  0.002615    0.001257  20230818  003  003  230
  0.004720    0.001441  20230819  003  003  231
  0.004910    0.001437  20230822  003  003  234
  0.004755    0.001438  20230823  003  003  235
  0.004595    0.001472  20230824  003  003  236
  0.004620    0.001525  20230825  003  003  237
  0.004650    0.001549  20230826  003  003  238
  0.004780    0.001655  20230827  003  003  239
  0.004975    0.001727  20230828  003  003  240
  0.005100    0.001821  20230829  003  003  241
  0.005250    0.001867  20230830  003  003  242
  0.005380    0.001867  20230831  003  003  243
  0.005435    0.001824  20230901  003  003  244
  0.005460    0.001752  20230903  003  003  246
  0.005320    0.001684  20230905  003  003  248
  0.005840    0.001631  20230906  003  003  249
  0.005670    0.001682  20230907  003  003  250
  0.005200    0.001739  20230908  003  003  251
  0.004700    0.001844  20230909  003  003  252
  0.004965    0.001962  20230910  003  003  253
  0.005105    0.002124  20230911  003  003  254
  0.004520    0.002344  20230913  003  003  256
  0.003875    0.002383  20230914  003  003  257
  0.003925    0.002309  20230915  003  003  258
  0.003485    0.002294  20230916  003  003  259
  0.003730    0.002258  20230917  003  003  260
  0.003995    0.002178  20230918  003  003  261
  0.003775    0.002150  20230919  003  003  262
  0.004005    0.002084  20230920  003  003  263
  0.004730    0.002080  20230921  003  003  264
  0.005420    0.002052  20230922  003  003  265
  0.005460    0.002066  20230923  003  003  266
  0.005495    0.002056  20230926  003  003  269
  0.005550    0.002063  20230927  003  003  270
  0.005665    0.002030  20231002  003  003  275
  0.004765    0.001842  20231003  003  003  276
  0.003900    0.001623  20231004  003  003  277
  0.002495    0.001564  20231005  003  003  278
  0.001720    0.001581  20231006  003  003  279
  0.001810    0.001576  20231007  003  003  280
  0.001530    0.001584  20231009  003  003  282
  0.001185    0.001584  20231010  003  003  283
  0.001455    0.001600  20231011  003  003  284
  0.001160    0.001589  20231012  003  003  285
  0.000815    0.001559  20231013  003  003  286
  0.000625    0.001547  20231014  003  003  287
  0.000550    0.001534  20231017  003  003  290
  0.000585    0.001502  20231018  003  003  291
  0.000190    0.001459  20231019  003  003  292
  0.000185    0.001380  20231020  003  003  293
  0.005170    0.004165  20231101  003  003  305
  0.006720    0.004629  20231102  003  003  306
  0.006745    0.004505  20231103  003  003  307
  0.006440    0.004585  20231106  003  003  310
  0.006205    0.004605  20231107  003  003  311
  0.006540    0.004782  20231108  003  003  312
  0.006505    0.004746  20231109  003  003  313
  0.006395    0.004701  20231110  003  003  314
  0.006255    0.004595  20231113  003  003  317
  0.005290    0.004575  20231117  003  003  321
