 -0.012555    0.002759  20230613  005  005  164
 -0.012785    0.002769  20230614  005  005  165
 -0.012510    0.002665  20230616  005  005  167
 -0.012805    0.002469  20230620  005  005  171
 -0.012920    0.002444  20230621  005  005  172
 -0.012980    0.002406  20230622  005  005  173
 -0.013065    0.002434  20230624  005  005  175
 -0.012860    0.002505  20230625  005  005  176
 -0.012740    0.002570  20230626  005  005  177
 -0.012615    0.002515  20230627  005  005  178
 -0.012440    0.002526  20230628  005  005  179
 -0.012475    0.002546  20230629  005  005  180
 -0.012405    0.002542  20230630  005  005  181
 -0.012290    0.002516  20230701  005  005  182
 -0.012140    0.002526  20230702  005  005  183
 -0.011830    0.002580  20230703  005  005  184
 -0.011530    0.002569  20230704  005  005  185
 -0.011265    0.002579  20230706  005  005  187
 -0.011070    0.002545  20230707  005  005  188
 -0.011010    0.002501  20230708  005  005  189
 -0.010865    0.002485  20230709  005  005  190
 -0.010690    0.002503  20230710  005  005  191
 -0.010470    0.002519  20230711  005  005  192
 -0.010275    0.002552  20230712  005  005  193
 -0.010130    0.002579  20230713  005  005  194
 -0.010005    0.002629  20230714  005  005  195
 -0.009890    0.002612  20230715  005  005  196
 -0.009805    0.002606  20230716  005  005  197
 -0.009840    0.002614  20230717  005  005  198
 -0.009755    0.002611  20230718  005  005  199
 -0.009550    0.002660  20230719  005  005  200
 -0.009520    0.002704  20230720  005  005  201
 -0.009350    0.002739  20230721  005  005  202
 -0.009260    0.002765  20230722  005  005  203
 -0.009145    0.002763  20230723  005  005  204
 -0.009055    0.002764  20230724  005  005  205
 -0.008770    0.002773  20230725  005  005  206
 -0.008490    0.002742  20230726  005  005  207
 -0.008345    0.002752  20230727  005  005  208
 -0.008340    0.002798  20230728  005  005  209
 -0.008180    0.002845  20230729  005  005  210
 -0.007930    0.002879  20230730  005  005  211
 -0.007820    0.002878  20230731  005  005  212
 -0.007560    0.002945  20230801  005  005  213
 -0.007190    0.002897  20230802  005  005  214
 -0.007295    0.002883  20230803  005  005  215
 -0.007515    0.002863  20230804  005  005  216
 -0.007480    0.002763  20230812  005  005  224
 -0.006475    0.002873  20230813  005  005  225
 -0.006130    0.002900  20230814  005  005  226
 -0.005775    0.003145  20230815  005  005  227
 -0.004595    0.003356  20230816  005  005  228
 -0.002750    0.003615  20230817  005  005  229
 -0.002600    0.003532  20230818  005  005  230
 -0.002505    0.003616  20230819  005  005  231
 -0.002600    0.003675  20230820  005  005  232
 -0.002850    0.003617  20230821  005  005  233
 -0.002680    0.003506  20230822  005  005  234
 -0.002615    0.003494  20230823  005  005  235
 -0.002640    0.003447  20230824  005  005  236
 -0.002560    0.003582  20230825  005  005  237
 -0.002650    0.003562  20230826  005  005  238
 -0.002760    0.003472  20230827  005  005  239
 -0.002705    0.003429  20230828  005  005  240
 -0.002680    0.003424  20230829  005  005  241
 -0.002620    0.003400  20230830  005  005  242
 -0.002565    0.003485  20230831  005  005  243
 -0.002490    0.003534  20230901  005  005  244
 -0.002330    0.003511  20230902  005  005  245
 -0.002005    0.003530  20230903  005  005  246
 -0.002095    0.003570  20230904  005  005  247
 -0.002275    0.003543  20230905  005  005  248
 -0.002330    0.003525  20230906  005  005  249
 -0.002260    0.003404  20230907  005  005  250
 -0.002225    0.003425  20230908  005  005  251
 -0.002285    0.003387  20230909  005  005  252
 -0.002490    0.003364  20230910  005  005  253
 -0.002530    0.003386  20230911  005  005  254
 -0.002550    0.003202  20230913  005  005  256
 -0.002340    0.003003  20230914  005  005  257
 -0.002265    0.002932  20230915  005  005  258
 -0.002005    0.002882  20230916  005  005  259
 -0.001865    0.002826  20230917  005  005  260
 -0.001135    0.002820  20230918  005  005  261
 -0.000540    0.002831  20230919  005  005  262
  0.000050    0.002895  20230920  005  005  263
  0.000380    0.002920  20230921  005  005  264
  0.000975    0.003034  20230922  005  005  265
  0.001390    0.003013  20230923  005  005  266
  0.001755    0.003082  20230924  005  005  267
  0.001670    0.003126  20230925  005  005  268
  0.001620    0.003222  20230926  005  005  269
  0.001735    0.003266  20230927  005  005  270
  0.001725    0.003221  20230928  005  005  271
  0.001730    0.003314  20230929  005  005  272
  0.001560    0.003317  20230930  005  005  273
  0.001700    0.003365  20231001  005  005  274
  0.001055    0.003201  20231005  005  005  278
  0.000775    0.003329  20231006  005  005  279
  0.000765    0.003160  20231007  005  005  280
  0.000820    0.003207  20231008  005  005  281
  0.000775    0.003180  20231009  005  005  282
 -0.000110    0.003011  20231010  005  005  283
 -0.000665    0.003125  20231011  005  005  284
 -0.001535    0.003070  20231013  005  005  286
 -0.002805    0.002971  20231014  005  005  287
 -0.003150    0.002847  20231015  005  005  288
 -0.002600    0.002858  20231018  005  005  291
 -0.002795    0.002636  20231019  005  005  292
 -0.003130    0.002722  20231020  005  005  293
 -0.003460    0.002516  20231021  005  005  294
 -0.003635    0.002471  20231022  005  005  295
 -0.003210    0.002595  20231023  005  005  296
 -0.002850    0.002570  20231024  005  005  297
 -0.002600    0.002608  20231025  005  005  298
 -0.002065    0.002612  20231026  005  005  299
 -0.002045    0.002584  20231027  005  005  300
 -0.001525    0.002692  20231028  005  005  301
 -0.001520    0.002654  20231029  005  005  302
 -0.001465    0.002689  20231030  005  005  303
 -0.001485    0.002635  20231031  005  005  304
 -0.001495    0.002753  20231101  005  005  305
 -0.001450    0.002715  20231102  005  005  306
 -0.001390    0.002776  20231103  005  005  307
 -0.001330    0.002796  20231104  005  005  308
 -0.001290    0.002746  20231105  005  005  309
 -0.001080    0.002703  20231106  005  005  310
 -0.001000    0.002696  20231107  005  005  311
 -0.001220    0.002776  20231108  005  005  312
 -0.001220    0.002839  20231109  005  005  313
 -0.001330    0.002860  20231110  005  005  314
 -0.001215    0.002922  20231111  005  005  315
 -0.000990    0.002974  20231112  005  005  316
 -0.000925    0.003037  20231113  005  005  317
 -0.000920    0.002993  20231114  005  005  318
 -0.000815    0.003010  20231115  005  005  319
 -0.001070    0.003096  20231117  005  005  321
