 -0.010010    0.002657  20230626  003  003  177
 -0.009865    0.002452  20230627  003  003  178
 -0.009795    0.002439  20230628  003  003  179
 -0.010160    0.002391  20230629  003  003  180
 -0.010110    0.002377  20230630  003  003  181
 -0.009960    0.002427  20230701  003  003  182
 -0.009730    0.002394  20230703  003  003  184
 -0.009525    0.002367  20230704  003  003  185
 -0.010200    0.002177  20230706  003  003  187
 -0.010510    0.002032  20230707  003  003  188
 -0.010685    0.001948  20230708  003  003  189
 -0.010655    0.001866  20230709  003  003  190
 -0.010855    0.001769  20230710  003  003  191
 -0.011185    0.001672  20230711  003  003  192
 -0.011315    0.001655  20230712  003  003  193
 -0.011590    0.001677  20230713  003  003  194
 -0.011960    0.001742  20230714  003  003  195
 -0.011865    0.001788  20230715  003  003  196
 -0.011990    0.001927  20230716  003  003  197
 -0.012235    0.002043  20230717  003  003  198
 -0.012100    0.002006  20230718  003  003  199
 -0.011830    0.001944  20230719  003  003  200
 -0.011605    0.001932  20230720  003  003  201
 -0.011365    0.001884  20230721  003  003  202
 -0.011100    0.001838  20230722  003  003  203
 -0.010825    0.001782  20230724  003  003  205
 -0.010590    0.001704  20230725  003  003  206
 -0.010240    0.001617  20230726  003  003  207
 -0.009825    0.001584  20230727  003  003  208
 -0.009585    0.001486  20230728  003  003  209
 -0.009105    0.001423  20230729  003  003  210
 -0.007975    0.001329  20230801  003  003  213
 -0.007270    0.001238  20230802  003  003  214
 -0.006305    0.001203  20230803  003  003  215
 -0.006250    0.001269  20230804  003  003  216
 -0.006240    0.001233  20230805  003  003  217
 -0.005780    0.001129  20230806  003  003  218
 -0.000810    0.000913  20230814  003  003  226
 -0.000105    0.000884  20230815  003  003  227
  0.000945    0.000940  20230816  003  003  228
  0.002765    0.001012  20230817  003  003  229
  0.005545    0.001439  20230822  003  003  234
  0.005590    0.001446  20230825  003  003  237
  0.005455    0.001471  20230826  003  003  238
  0.005290    0.001637  20230827  003  003  239
  0.005385    0.001753  20230828  003  003  240
  0.005780    0.001920  20230829  003  003  241
  0.005275    0.001777  20230905  003  003  248
  0.005890    0.001649  20230906  003  003  249
  0.005160    0.001710  20230908  003  003  251
  0.004440    0.001929  20230909  003  003  252
  0.004895    0.002208  20230910  003  003  253
  0.004820    0.002448  20230914  003  003  257
  0.005030    0.002312  20230915  003  003  258
  0.004905    0.002256  20230916  003  003  259
  0.005290    0.002118  20230918  003  003  261
  0.004920    0.002082  20230919  003  003  262
  0.006665    0.001960  20230922  003  003  265
  0.006755    0.001972  20230923  003  003  266
  0.006775    0.001989  20230926  003  003  269
  0.006975    0.001846  20231002  003  003  275
  0.005535    0.001676  20231003  003  003  276
  0.005005    0.001506  20231004  003  003  277
  0.003250    0.001483  20231005  003  003  278
  0.001815    0.001553  20231006  003  003  279
  0.002005    0.001593  20231007  003  003  280
  0.000990    0.001608  20231009  003  003  282
  0.001215    0.001570  20231010  003  003  283
  0.001010    0.001605  20231012  003  003  285
  0.000560    0.001585  20231013  003  003  286
  0.000485    0.001592  20231014  003  003  287
  0.000145    0.001687  20231018  003  003  291
  0.000525    0.001690  20231019  003  003  292
