 -0.011400    0.014211  20230607  001  001  158
 -0.009645    0.014897  20230613  001  001  164
 -0.006140    0.015018  20230614  001  001  165
 -0.004395    0.015438  20230621  001  001  172
 -0.010630    0.014951  20230622  001  001  173
 -0.011685    0.014543  20230623  001  001  174
 -0.012445    0.014511  20230626  001  001  177
 -0.013370    0.014058  20230627  001  001  178
 -0.013210    0.013900  20230628  001  001  179
 -0.012705    0.014267  20230630  001  001  181
 -0.012730    0.014417  20230703  001  001  184
 -0.012565    0.014037  20230704  001  001  185
 -0.011915    0.013938  20230706  001  001  187
 -0.011855    0.013776  20230707  001  001  188
 -0.011755    0.013399  20230708  001  001  189
 -0.011330    0.012793  20230709  001  001  190
 -0.010850    0.012572  20230710  001  001  191
 -0.010890    0.012474  20230711  001  001  192
 -0.011125    0.012342  20230712  001  001  193
 -0.011455    0.012003  20230713  001  001  194
 -0.011430    0.012131  20230714  001  001  195
 -0.011100    0.012209  20230715  001  001  196
 -0.011385    0.012077  20230717  001  001  198
 -0.011535    0.012142  20230718  001  001  199
 -0.011470    0.012465  20230719  001  001  200
 -0.011785    0.012787  20230720  001  001  201
 -0.011625    0.013484  20230721  001  001  202
 -0.011490    0.013854  20230722  001  001  203
 -0.011150    0.013678  20230723  001  001  204
 -0.010775    0.013488  20230724  001  001  205
 -0.010895    0.013949  20230725  001  001  206
 -0.010880    0.014252  20230726  001  001  207
 -0.011360    0.014804  20230728  001  001  209
 -0.011585    0.014636  20230729  001  001  210
 -0.011430    0.014625  20230730  001  001  211
 -0.011030    0.014988  20230731  001  001  212
 -0.010750    0.015170  20230801  001  001  213
 -0.010470    0.015480  20230802  001  001  214
 -0.010830    0.018923  20230812  001  001  224
 -0.014065    0.018637  20230814  001  001  226
 -0.012595    0.016249  20230815  001  001  227
 -0.011120    0.017108  20230816  001  001  228
 -0.017455    0.017409  20230817  001  001  229
 -0.015005    0.018302  20230818  001  001  230
 -0.011605    0.018147  20230819  001  001  231
 -0.017925    0.018365  20230821  001  001  233
 -0.018250    0.019068  20230822  001  001  234
 -0.017970    0.018587  20230825  001  001  237
 -0.017980    0.018621  20230826  001  001  238
 -0.018615    0.019147  20230828  001  001  240
 -0.019110    0.018517  20230829  001  001  241
 -0.018745    0.019218  20230830  001  001  242
 -0.018435    0.018417  20230831  001  001  243
 -0.018785    0.017970  20230901  001  001  244
 -0.018525    0.017448  20230902  001  001  245
 -0.018840    0.016532  20230907  001  001  250
 -0.018505    0.015483  20230908  001  001  251
 -0.018430    0.015546  20230909  001  001  252
 -0.018455    0.015707  20230911  001  001  254
 -0.018435    0.014722  20230913  001  001  256
 -0.018365    0.015423  20230914  001  001  257
 -0.018030    0.015207  20230915  001  001  258
 -0.012300    0.015253  20230916  001  001  259
 -0.012095    0.015425  20230918  001  001  261
 -0.011765    0.015635  20230919  001  001  262
 -0.010530    0.015698  20230920  001  001  263
 -0.010430    0.016120  20230921  001  001  264
 -0.010650    0.016134  20230923  001  001  266
 -0.010415    0.015612  20230924  001  001  267
 -0.011065    0.015979  20230925  001  001  268
 -0.010680    0.016197  20230926  001  001  269
 -0.010400    0.015391  20230927  001  001  270
 -0.010660    0.016029  20230928  001  001  271
 -0.010935    0.016377  20230929  001  001  272
 -0.010985    0.016700  20230930  001  001  273
 -0.010610    0.016681  20231001  001  001  274
 -0.016905    0.017923  20231010  001  001  283
 -0.009280    0.020135  20231013  001  001  286
 -0.019720    0.019726  20231019  001  001  292
 -0.019315    0.018954  20231020  001  001  293
 -0.018915    0.018707  20231022  001  001  295
 -0.009975    0.017752  20231023  001  001  296
 -0.008975    0.017347  20231024  001  001  297
 -0.008345    0.017728  20231025  001  001  298
 -0.008145    0.016133  20231027  001  001  300
 -0.008005    0.015930  20231028  001  001  301
 -0.008145    0.015165  20231030  001  001  303
 -0.008185    0.015523  20231031  001  001  304
 -0.008385    0.015137  20231101  001  001  305
 -0.008355    0.014882  20231102  001  001  306
 -0.008600    0.015503  20231103  001  001  307
 -0.008285    0.015979  20231107  001  001  311
 -0.008310    0.016507  20231108  001  001  312
 -0.008810    0.016276  20231109  001  001  313
 -0.009150    0.015838  20231110  001  001  314
 -0.008850    0.015715  20231111  001  001  315
 -0.008705    0.015922  20231113  001  001  317
 -0.007660    0.016378  20231114  001  001  318
 -0.007625    0.016197  20231115  001  001  319
 -0.007555    0.014454  20231117  001  001  321
 -0.007635    0.015113  20231118  001  001  322
