 -0.016390    0.002946  20230626  004  004  177
 -0.017075    0.002911  20230628  004  004  179
 -0.016680    0.002877  20230629  004  004  180
 -0.016340    0.002860  20230630  004  004  181
 -0.016060    0.002855  20230701  004  004  182
 -0.015615    0.002834  20230702  004  004  183
 -0.015395    0.002841  20230703  004  004  184
 -0.015190    0.002876  20230704  004  004  185
 -0.015045    0.002854  20230706  004  004  187
 -0.014855    0.002848  20230707  004  004  188
 -0.014690    0.002863  20230708  004  004  189
 -0.014255    0.002874  20230709  004  004  190
 -0.014055    0.002841  20230710  004  004  191
 -0.013615    0.002827  20230711  004  004  192
 -0.013290    0.002837  20230712  004  004  193
 -0.012965    0.002817  20230713  004  004  194
 -0.012620    0.002811  20230714  004  004  195
 -0.012455    0.002797  20230715  004  004  196
 -0.012175    0.002727  20230716  004  004  197
 -0.011795    0.002668  20230717  004  004  198
 -0.011530    0.002659  20230718  004  004  199
 -0.011045    0.002643  20230719  004  004  200
 -0.010640    0.002628  20230720  004  004  201
 -0.010140    0.002560  20230721  004  004  202
 -0.009740    0.002487  20230722  004  004  203
 -0.009375    0.002416  20230723  004  004  204
 -0.008980    0.002351  20230724  004  004  205
 -0.008585    0.002286  20230725  004  004  206
 -0.008180    0.002225  20230726  004  004  207
 -0.007865    0.002165  20230727  004  004  208
 -0.007485    0.002183  20230728  004  004  209
 -0.007020    0.002185  20230729  004  004  210
 -0.006460    0.002139  20230730  004  004  211
 -0.006025    0.002119  20230731  004  004  212
 -0.005650    0.002061  20230801  004  004  213
 -0.005225    0.002016  20230802  004  004  214
 -0.005650    0.001993  20230803  004  004  215
 -0.006180    0.001985  20230804  004  004  216
 -0.006540    0.002004  20230805  004  004  217
 -0.006720    0.001951  20230812  004  004  224
 -0.006875    0.001757  20230813  004  004  225
 -0.006785    0.001622  20230814  004  004  226
 -0.006730    0.001539  20230815  004  004  227
 -0.005500    0.001437  20230816  004  004  228
 -0.003745    0.001447  20230817  004  004  229
  0.001000    0.001407  20230818  004  004  230
  0.001635    0.001353  20230819  004  004  231
  0.002460    0.001363  20230820  004  004  232
  0.002635    0.001348  20230821  004  004  233
  0.002605    0.001347  20230822  004  004  234
  0.002685    0.001307  20230823  004  004  235
  0.002660    0.001302  20230824  004  004  236
  0.003225    0.001263  20230825  004  004  237
  0.003375    0.001286  20230826  004  004  238
  0.003755    0.001285  20230827  004  004  239
  0.003945    0.001302  20230828  004  004  240
  0.004410    0.001322  20230829  004  004  241
  0.004680    0.001342  20230830  004  004  242
  0.004955    0.001412  20230831  004  004  243
  0.005075    0.001480  20230901  004  004  244
  0.005140    0.001478  20230902  004  004  245
  0.005350    0.001476  20230903  004  004  246
  0.005805    0.001480  20230904  004  004  247
  0.005510    0.001470  20230905  004  004  248
  0.005335    0.001396  20230906  004  004  249
  0.004910    0.001399  20230907  004  004  250
  0.004655    0.001416  20230908  004  004  251
  0.004235    0.001483  20230909  004  004  252
  0.003960    0.001536  20230910  004  004  253
  0.003670    0.001583  20230911  004  004  254
  0.003140    0.001580  20230913  004  004  256
  0.002955    0.001566  20230914  004  004  257
  0.002870    0.001647  20230915  004  004  258
  0.002425    0.001752  20230916  004  004  259
  0.002390    0.001862  20230917  004  004  260
  0.002990    0.001986  20230918  004  004  261
  0.003740    0.002122  20230919  004  004  262
  0.004300    0.002217  20230920  004  004  263
  0.004770    0.002289  20230921  004  004  264
  0.005310    0.002280  20230922  004  004  265
  0.005405    0.002298  20230923  004  004  266
  0.005530    0.002258  20230924  004  004  267
  0.005505    0.002243  20230925  004  004  268
  0.005495    0.002220  20230926  004  004  269
  0.005490    0.002263  20230927  004  004  270
  0.005485    0.002285  20230928  004  004  271
  0.005760    0.002328  20230929  004  004  272
  0.006085    0.002392  20230930  004  004  273
  0.006265    0.002405  20231001  004  004  274
  0.005865    0.002330  20231002  004  004  275
  0.005645    0.002219  20231003  004  004  276
  0.005425    0.002112  20231004  004  004  277
  0.004880    0.002057  20231005  004  004  278
  0.004725    0.001991  20231006  004  004  279
  0.004605    0.001991  20231007  004  004  280
  0.004650    0.001876  20231008  004  004  281
  0.004525    0.001815  20231009  004  004  282
  0.004545    0.001760  20231010  004  004  283
  0.004145    0.001665  20231011  004  004  284
  0.003525    0.001519  20231012  004  004  285
  0.002230    0.001337  20231013  004  004  286
  0.001395    0.001221  20231014  004  004  287
  0.001475    0.001132  20231018  004  004  291
  0.001665    0.001098  20231019  004  004  292
  0.001615    0.001091  20231020  004  004  293
  0.001600    0.001250  20231021  004  004  294
  0.001915    0.001636  20231022  004  004  295
  0.001875    0.002002  20231023  004  004  296
  0.002090    0.002391  20231024  004  004  297
  0.002425    0.002765  20231025  004  004  298
  0.003270    0.003179  20231026  004  004  299
  0.003345    0.003591  20231027  004  004  300
  0.003320    0.003700  20231028  004  004  301
  0.003515    0.003845  20231029  004  004  302
  0.003525    0.003875  20231030  004  004  303
  0.003740    0.004286  20231031  004  004  304
  0.003785    0.004490  20231101  004  004  305
  0.003965    0.004530  20231102  004  004  306
  0.004030    0.004375  20231103  004  004  307
  0.003935    0.004232  20231104  004  004  308
  0.004160    0.004316  20231105  004  004  309
  0.004080    0.004392  20231106  004  004  310
  0.003830    0.004419  20231107  004  004  311
  0.003625    0.004374  20231108  004  004  312
  0.003905    0.004346  20231109  004  004  313
  0.004175    0.004276  20231110  004  004  314
  0.004165    0.004217  20231111  004  004  315
  0.004300    0.004233  20231112  004  004  316
  0.004325    0.004176  20231113  004  004  317
  0.004600    0.004225  20231114  004  004  318
  0.004585    0.004287  20231115  004  004  319
  0.004445    0.004223  20231116  004  004  320
  0.003795    0.004140  20231117  004  004  321
  0.003230    0.004013  20231118  004  004  322
  0.003105    0.004015  20231119  004  004  323
