 -0.009285    0.002876  20230605  005  005  156
 -0.009135    0.002238  20230606  005  005  157
 -0.008625    0.002024  20230610  005  005  161
 -0.008530    0.001916  20230613  005  005  164
 -0.008430    0.001895  20230614  005  005  165
 -0.008745    0.001859  20230615  005  005  166
 -0.008620    0.001837  20230616  005  005  167
 -0.008600    0.001831  20230617  005  005  168
 -0.008685    0.001732  20230618  005  005  169
 -0.008710    0.001793  20230619  005  005  170
 -0.008805    0.001683  20230620  005  005  171
 -0.008840    0.001533  20230621  005  005  172
 -0.008820    0.001519  20230622  005  005  173
 -0.008755    0.001546  20230623  005  005  174
 -0.008790    0.001549  20230624  005  005  175
 -0.008625    0.001580  20230625  005  005  176
 -0.008540    0.001566  20230626  005  005  177
 -0.008495    0.001492  20230627  005  005  178
 -0.008240    0.001431  20230628  005  005  179
 -0.008245    0.001368  20230629  005  005  180
 -0.008155    0.001278  20230630  005  005  181
 -0.007885    0.001257  20230701  005  005  182
 -0.007650    0.001201  20230702  005  005  183
 -0.007355    0.001230  20230703  005  005  184
 -0.007015    0.001292  20230704  005  005  185
 -0.006780    0.001226  20230706  005  005  187
 -0.006575    0.001164  20230707  005  005  188
 -0.006495    0.001130  20230708  005  005  189
 -0.006355    0.001129  20230709  005  005  190
 -0.006180    0.001113  20230710  005  005  191
 -0.005885    0.001137  20230711  005  005  192
 -0.005660    0.001115  20230712  005  005  193
 -0.005475    0.001131  20230713  005  005  194
 -0.005350    0.001088  20230714  005  005  195
 -0.005235    0.001069  20230715  005  005  196
 -0.005125    0.001106  20230716  005  005  197
 -0.005170    0.001073  20230717  005  005  198
 -0.005100    0.001039  20230718  005  005  199
 -0.004900    0.001017  20230719  005  005  200
 -0.004880    0.000994  20230720  005  005  201
 -0.004705    0.000991  20230721  005  005  202
 -0.004560    0.001019  20230722  005  005  203
 -0.004455    0.001016  20230723  005  005  204
 -0.004355    0.001049  20230724  005  005  205
 -0.004060    0.001040  20230725  005  005  206
 -0.003760    0.000993  20230726  005  005  207
 -0.003615    0.000980  20230727  005  005  208
 -0.003635    0.000947  20230728  005  005  209
 -0.003455    0.000921  20230729  005  005  210
 -0.003190    0.000927  20230730  005  005  211
 -0.003070    0.000939  20230731  005  005  212
 -0.002800    0.000980  20230801  005  005  213
 -0.002345    0.000961  20230802  005  005  214
 -0.002460    0.001044  20230803  005  005  215
 -0.002745    0.001014  20230804  005  005  216
 -0.002810    0.001202  20230812  005  005  224
 -0.001825    0.001123  20230813  005  005  225
 -0.001440    0.001098  20230814  005  005  226
 -0.001165    0.001146  20230815  005  005  227
 -0.000410    0.001233  20230816  005  005  228
  0.001075    0.001416  20230817  005  005  229
  0.001195    0.001300  20230818  005  005  230
  0.001135    0.001406  20230819  005  005  231
  0.001050    0.001480  20230820  005  005  232
  0.000770    0.001433  20230821  005  005  233
  0.000910    0.001367  20230822  005  005  234
  0.000910    0.001356  20230823  005  005  235
  0.001000    0.001306  20230824  005  005  236
  0.001370    0.001463  20230825  005  005  237
  0.001375    0.001409  20230826  005  005  238
  0.001485    0.001353  20230827  005  005  239
  0.001660    0.001324  20230828  005  005  240
  0.001800    0.001359  20230829  005  005  241
  0.001725    0.001386  20230830  005  005  242
  0.001785    0.001490  20230831  005  005  243
  0.002155    0.001471  20230901  005  005  244
  0.002455    0.001488  20230902  005  005  245
  0.002780    0.001531  20230903  005  005  246
  0.002775    0.001482  20230904  005  005  247
  0.002690    0.001480  20230905  005  005  248
  0.002580    0.001442  20230906  005  005  249
  0.002490    0.001367  20230907  005  005  250
  0.002580    0.001406  20230908  005  005  251
  0.002365    0.001399  20230909  005  005  252
  0.002060    0.001383  20230910  005  005  253
  0.002020    0.001357  20230911  005  005  254
  0.002205    0.001173  20230913  005  005  256
  0.002405    0.001073  20230914  005  005  257
  0.002660    0.000975  20230915  005  005  258
  0.003015    0.000914  20230916  005  005  259
  0.003295    0.000879  20230917  005  005  260
  0.003915    0.000777  20230918  005  005  261
  0.004375    0.000839  20230919  005  005  262
  0.004800    0.000889  20230920  005  005  263
  0.005055    0.000925  20230921  005  005  264
  0.005545    0.000990  20230922  005  005  265
  0.005900    0.001055  20230923  005  005  266
  0.006260    0.001049  20230924  005  005  267
  0.006270    0.001038  20230925  005  005  268
  0.006370    0.001069  20230926  005  005  269
  0.006480    0.001083  20230927  005  005  270
  0.006460    0.001102  20230928  005  005  271
  0.006415    0.001154  20230929  005  005  272
  0.006390    0.001235  20230930  005  005  273
  0.006640    0.001301  20231001  005  005  274
  0.005855    0.001162  20231005  005  005  278
  0.005715    0.001322  20231006  005  005  279
  0.005480    0.001291  20231007  005  005  280
  0.005445    0.001357  20231008  005  005  281
  0.005370    0.001381  20231009  005  005  282
  0.004775    0.001243  20231010  005  005  283
  0.004445    0.001225  20231011  005  005  284
  0.003450    0.001258  20231012  005  005  285
  0.002780    0.001239  20231013  005  005  286
  0.001625    0.001260  20231014  005  005  287
  0.001410    0.001269  20231015  005  005  288
  0.002020    0.001166  20231018  005  005  291
  0.001890    0.001053  20231019  005  005  292
  0.001665    0.001134  20231020  005  005  293
  0.001170    0.001130  20231021  005  005  294
  0.000600    0.001125  20231022  005  005  295
  0.000735    0.001104  20231023  005  005  296
  0.001025    0.001099  20231024  005  005  297
  0.002230    0.001159  20231025  005  005  298
  0.002560    0.001237  20231026  005  005  299
  0.002635    0.001251  20231027  005  005  300
  0.003015    0.001283  20231028  005  005  301
  0.003030    0.001235  20231029  005  005  302
  0.003045    0.001228  20231030  005  005  303
  0.003010    0.001210  20231031  005  005  304
  0.003045    0.001195  20231101  005  005  305
  0.003030    0.001171  20231102  005  005  306
  0.003070    0.001204  20231103  005  005  307
  0.003155    0.001214  20231104  005  005  308
  0.003155    0.001172  20231105  005  005  309
  0.003420    0.001109  20231106  005  005  310
  0.003410    0.001138  20231107  005  005  311
  0.003365    0.001080  20231108  005  005  312
  0.003425    0.001017  20231109  005  005  313
  0.003340    0.001065  20231110  005  005  314
  0.003480    0.001110  20231111  005  005  315
  0.003630    0.001188  20231112  005  005  316
  0.003700    0.001216  20231113  005  005  317
  0.003605    0.001175  20231114  005  005  318
  0.003610    0.001200  20231115  005  005  319
  0.003425    0.001206  20231117  005  005  321
