 -0.009500    0.016818  20230605  002  002  156
 -0.004815    0.016110  20230606  002  002  157
 -0.004705    0.016381  20230607  002  002  158
 -0.004890    0.016033  20230608  002  002  159
 -0.004895    0.016192  20230609  002  002  160
 -0.005465    0.015837  20230610  002  002  161
 -0.005765    0.016448  20230612  002  002  163
 -0.005945    0.016662  20230613  002  002  164
 -0.005850    0.016887  20230614  002  002  165
 -0.005360    0.016934  20230615  002  002  166
 -0.005340    0.017422  20230622  002  002  173
 -0.004975    0.018325  20230623  002  002  174
 -0.004240    0.017911  20230624  002  002  175
 -0.003020    0.017338  20230626  002  002  177
 -0.003205    0.016856  20230627  002  002  178
 -0.002950    0.017225  20230628  002  002  179
 -0.003105    0.017430  20230629  002  002  180
 -0.003280    0.017554  20230630  002  002  181
 -0.003160    0.017205  20230701  002  002  182
 -0.002755    0.016977  20230702  002  002  183
 -0.002695    0.016671  20230703  002  002  184
 -0.002230    0.016351  20230704  002  002  185
 -0.002405    0.016316  20230706  002  002  187
 -0.003100    0.016367  20230707  002  002  188
 -0.003170    0.016206  20230708  002  002  189
 -0.003200    0.015771  20230709  002  002  190
 -0.003170    0.015621  20230710  002  002  191
 -0.003990    0.015178  20230711  002  002  192
 -0.004360    0.014906  20230712  002  002  193
 -0.004915    0.014712  20230713  002  002  194
 -0.005480    0.014775  20230714  002  002  195
 -0.005590    0.014830  20230715  002  002  196
 -0.005625    0.014899  20230716  002  002  197
 -0.005560    0.015050  20230717  002  002  198
 -0.005525    0.015163  20230718  002  002  199
 -0.005615    0.015169  20230719  002  002  200
 -0.005855    0.015328  20230720  002  002  201
 -0.006100    0.015227  20230721  002  002  202
 -0.006090    0.015486  20230722  002  002  203
 -0.006390    0.015829  20230725  002  002  206
 -0.006440    0.015958  20230726  002  002  207
 -0.006330    0.015914  20230727  002  002  208
 -0.006300    0.016217  20230728  002  002  209
 -0.006465    0.015956  20230729  002  002  210
 -0.006890    0.015858  20230731  002  002  212
 -0.006700    0.015872  20230801  002  002  213
 -0.006475    0.016147  20230802  002  002  214
 -0.006330    0.016389  20230803  002  002  215
 -0.006375    0.016103  20230804  002  002  216
 -0.006610    0.016231  20230805  002  002  217
 -0.006415    0.016142  20230807  002  002  219
 -0.006745    0.015960  20230812  002  002  224
 -0.006650    0.016020  20230813  002  002  225
 -0.006080    0.015940  20230814  002  002  226
 -0.006085    0.015289  20230815  002  002  227
 -0.005735    0.014976  20230816  002  002  228
 -0.005560    0.015007  20230818  002  002  230
 -0.005505    0.015023  20230819  002  002  231
 -0.005030    0.015605  20230821  002  002  233
 -0.005215    0.015488  20230822  002  002  234
 -0.010805    0.015573  20230823  002  002  235
 -0.011275    0.015873  20230824  002  002  236
 -0.005800    0.015912  20230825  002  002  237
 -0.005795    0.016042  20230826  002  002  238
 -0.006165    0.015837  20230828  002  002  240
 -0.006175    0.015941  20230829  002  002  241
 -0.006005    0.015541  20230830  002  002  242
 -0.005595    0.015451  20230831  002  002  243
 -0.005545    0.015330  20230901  002  002  244
 -0.005835    0.015291  20230902  002  002  245
 -0.005275    0.015100  20230904  002  002  247
 -0.004060    0.015194  20230905  002  002  248
 -0.003550    0.014919  20230906  002  002  249
 -0.003435    0.015209  20230907  002  002  250
 -0.003475    0.015224  20230908  002  002  251
 -0.003005    0.015438  20230909  002  002  252
 -0.002400    0.015654  20230910  002  002  253
 -0.002540    0.015744  20230911  002  002  254
 -0.002280    0.016417  20230913  002  002  256
 -0.001980    0.016629  20230914  002  002  257
 -0.001455    0.016695  20230915  002  002  258
 -0.001760    0.016763  20230916  002  002  259
 -0.001920    0.017012  20230917  002  002  260
 -0.002250    0.017223  20230918  002  002  261
 -0.002510    0.017379  20230919  002  002  262
 -0.002780    0.017363  20230920  002  002  263
 -0.002795    0.017556  20230921  002  002  264
 -0.009155    0.017186  20230922  002  002  265
 -0.008880    0.017153  20230923  002  002  266
 -0.009285    0.017107  20230926  002  002  269
 -0.009620    0.016781  20230927  002  002  270
 -0.010020    0.016246  20230928  002  002  271
 -0.009775    0.016004  20230929  002  002  272
 -0.010150    0.015597  20230930  002  002  273
 -0.009970    0.015478  20231001  002  002  274
 -0.009775    0.015463  20231002  002  002  275
 -0.009775    0.015334  20231003  002  002  276
 -0.009790    0.015097  20231004  002  002  277
 -0.009730    0.015183  20231005  002  002  278
 -0.009750    0.015061  20231006  002  002  279
 -0.009455    0.015331  20231007  002  002  280
 -0.008600    0.015240  20231010  002  002  283
 -0.009555    0.015477  20231014  002  002  287
 -0.008395    0.016272  20231018  002  002  291
 -0.008570    0.016312  20231019  002  002  292
 -0.009595    0.015767  20231020  002  002  293
 -0.009465    0.015799  20231021  002  002  294
 -0.009835    0.016145  20231024  002  002  297
 -0.009310    0.016653  20231027  002  002  300
 -0.009720    0.016380  20231028  002  002  301
 -0.010175    0.015923  20231030  002  002  303
 -0.009610    0.015336  20231031  002  002  304
 -0.010080    0.015302  20231101  002  002  305
 -0.010080    0.015585  20231102  002  002  306
 -0.010035    0.015506  20231103  002  002  307
 -0.009800    0.015484  20231104  002  002  308
 -0.009635    0.015723  20231106  002  002  310
 -0.009160    0.015808  20231107  002  002  311
 -0.008965    0.015941  20231108  002  002  312
 -0.008810    0.015756  20231109  002  002  313
 -0.008530    0.015443  20231110  002  002  314
 -0.008470    0.015305  20231111  002  002  315
 -0.007720    0.015684  20231113  002  002  317
 -0.007380    0.015564  20231114  002  002  318
 -0.007245    0.015614  20231116  002  002  320
 -0.006875    0.015505  20231117  002  002  321
 -0.006775    0.015411  20231118  002  002  322
 -0.006995    0.015324  20231120  002  002  324
