 -0.015600    0.004694  20230605  003  003  156
 -0.015180    0.003985  20230606  003  003  157
 -0.014485    0.004111  20230607  003  003  158
 -0.014490    0.004119  20230608  003  003  159
 -0.014550    0.004076  20230609  003  003  160
 -0.014720    0.004111  20230610  003  003  161
 -0.014630    0.003987  20230612  003  003  163
 -0.014550    0.003894  20230613  003  003  164
 -0.014390    0.004027  20230614  003  003  165
 -0.014255    0.004057  20230615  003  003  166
 -0.014085    0.004046  20230616  003  003  167
 -0.013695    0.004338  20230619  003  003  170
 -0.013420    0.004310  20230622  003  003  173
 -0.013065    0.004486  20230623  003  003  174
 -0.012635    0.004517  20230625  003  003  176
 -0.012105    0.004652  20230626  003  003  177
 -0.011815    0.004481  20230627  003  003  178
 -0.012160    0.004473  20230628  003  003  179
 -0.012320    0.004467  20230629  003  003  180
 -0.012260    0.004489  20230630  003  003  181
 -0.012315    0.004335  20230701  003  003  182
 -0.012045    0.004143  20230703  003  003  184
 -0.012145    0.004078  20230704  003  003  185
 -0.012200    0.003904  20230706  003  003  187
 -0.012140    0.003861  20230707  003  003  188
 -0.012510    0.003952  20230710  003  003  191
 -0.012130    0.004025  20230711  003  003  192
 -0.012120    0.004169  20230712  003  003  193
 -0.012070    0.004404  20230713  003  003  194
 -0.012060    0.004608  20230714  003  003  195
 -0.012150    0.004955  20230717  003  003  198
 -0.012095    0.004932  20230718  003  003  199
 -0.011835    0.004965  20230719  003  003  200
 -0.011845    0.004935  20230720  003  003  201
 -0.011780    0.004950  20230721  003  003  202
 -0.011750    0.004941  20230724  003  003  205
 -0.011530    0.005111  20230725  003  003  206
 -0.011500    0.005090  20230726  003  003  207
 -0.011180    0.005247  20230727  003  003  208
 -0.011300    0.005241  20230728  003  003  209
 -0.011480    0.005274  20230729  003  003  210
 -0.011280    0.005238  20230731  003  003  212
 -0.011040    0.005422  20230801  003  003  213
 -0.010845    0.005473  20230802  003  003  214
 -0.009015    0.005341  20230812  003  003  224
 -0.008660    0.005381  20230813  003  003  225
 -0.008190    0.005167  20230814  003  003  226
 -0.006810    0.005861  20230815  003  003  227
 -0.005920    0.006050  20230816  003  003  228
 -0.006475    0.006190  20230817  003  003  229
 -0.006430    0.006195  20230818  003  003  230
 -0.006590    0.006068  20230819  003  003  231
 -0.006890    0.006052  20230821  003  003  233
 -0.006690    0.006159  20230822  003  003  234
 -0.006675    0.006064  20230823  003  003  235
 -0.006830    0.006042  20230824  003  003  236
 -0.006290    0.006099  20230825  003  003  237
 -0.006025    0.006042  20230827  003  003  239
 -0.006400    0.006094  20230828  003  003  240
 -0.006280    0.005963  20230829  003  003  241
 -0.005555    0.005755  20230830  003  003  242
 -0.005340    0.005709  20230831  003  003  243
 -0.005310    0.005585  20230901  003  003  244
 -0.005130    0.005540  20230903  003  003  246
 -0.005440    0.005410  20230904  003  003  247
 -0.006145    0.005389  20230905  003  003  248
 -0.006315    0.005456  20230906  003  003  249
 -0.006365    0.005314  20230907  003  003  250
 -0.006500    0.005310  20230908  003  003  251
 -0.006455    0.005262  20230909  003  003  252
 -0.006420    0.005263  20230910  003  003  253
 -0.006820    0.005334  20230911  003  003  254
 -0.007450    0.005241  20230913  003  003  256
 -0.007370    0.005280  20230914  003  003  257
 -0.007250    0.005216  20230915  003  003  258
 -0.007125    0.005181  20230916  003  003  259
 -0.007130    0.005133  20230917  003  003  260
 -0.006570    0.005166  20230918  003  003  261
 -0.006365    0.005132  20230919  003  003  262
 -0.006290    0.005101  20230920  003  003  263
 -0.005995    0.005101  20230921  003  003  264
 -0.005960    0.005205  20230922  003  003  265
 -0.005985    0.005145  20230923  003  003  266
 -0.005925    0.004992  20230924  003  003  267
 -0.006215    0.005024  20230925  003  003  268
 -0.006070    0.005005  20230926  003  003  269
 -0.005935    0.004963  20230927  003  003  270
 -0.005905    0.005083  20230928  003  003  271
 -0.006075    0.005087  20230929  003  003  272
 -0.005975    0.005100  20230930  003  003  273
 -0.006105    0.005185  20231001  003  003  274
 -0.006650    0.005264  20231002  003  003  275
 -0.006865    0.005159  20231003  003  003  276
 -0.007450    0.005127  20231004  003  003  277
 -0.007660    0.005135  20231005  003  003  278
 -0.008100    0.005169  20231006  003  003  279
 -0.008390    0.005244  20231007  003  003  280
 -0.008655    0.005189  20231009  003  003  282
 -0.008870    0.005061  20231010  003  003  283
 -0.009705    0.004891  20231012  003  003  285
 -0.009935    0.004805  20231013  003  003  286
 -0.010350    0.004727  20231014  003  003  287
 -0.009900    0.004387  20231018  003  003  291
 -0.009565    0.004409  20231019  003  003  292
 -0.009510    0.004462  20231020  003  003  293
 -0.009610    0.004905  20231024  003  003  297
 -0.008805    0.005075  20231025  003  003  298
 -0.008075    0.005430  20231027  003  003  300
 -0.008320    0.005449  20231028  003  003  301
 -0.008875    0.005467  20231030  003  003  303
 -0.009015    0.005762  20231031  003  003  304
 -0.008710    0.005812  20231101  003  003  305
 -0.008360    0.005856  20231102  003  003  306
 -0.008185    0.005764  20231103  003  003  307
 -0.008720    0.005761  20231108  003  003  312
 -0.008510    0.005640  20231109  003  003  313
 -0.008425    0.005663  20231110  003  003  314
 -0.008510    0.005762  20231111  003  003  315
 -0.008460    0.005748  20231113  003  003  317
 -0.008710    0.005702  20231115  003  003  319
