 -0.015285    0.002828  20230620  005  005  171
 -0.015865    0.002824  20230621  005  005  172
 -0.016230    0.002857  20230622  005  005  173
 -0.016210    0.002914  20230623  005  005  174
 -0.016080    0.003016  20230624  005  005  175
 -0.015870    0.003115  20230625  005  005  176
 -0.015745    0.003075  20230626  005  005  177
 -0.015610    0.003005  20230627  005  005  178
 -0.015480    0.002957  20230628  005  005  179
 -0.015330    0.002932  20230629  005  005  180
 -0.015285    0.002920  20230630  005  005  181
 -0.015120    0.002932  20230701  005  005  182
 -0.014890    0.002942  20230702  005  005  183
 -0.014650    0.002955  20230703  005  005  184
 -0.014230    0.002947  20230704  005  005  185
 -0.013540    0.002848  20230706  005  005  187
 -0.013175    0.002724  20230707  005  005  188
 -0.012780    0.002602  20230708  005  005  189
 -0.012265    0.002553  20230709  005  005  190
 -0.011805    0.002493  20230710  005  005  191
 -0.011290    0.002397  20230711  005  005  192
 -0.010875    0.002291  20230712  005  005  193
 -0.010435    0.002182  20230713  005  005  194
 -0.009975    0.002070  20230714  005  005  195
 -0.009580    0.001974  20230715  005  005  196
 -0.009005    0.001890  20230716  005  005  197
 -0.008495    0.001800  20230717  005  005  198
 -0.008050    0.001767  20230718  005  005  199
 -0.007480    0.001709  20230719  005  005  200
 -0.006785    0.001646  20230720  005  005  201
 -0.006145    0.001611  20230721  005  005  202
 -0.005535    0.001587  20230722  005  005  203
 -0.004775    0.001531  20230723  005  005  204
 -0.004065    0.001492  20230724  005  005  205
 -0.003240    0.001464  20230725  005  005  206
 -0.002425    0.001453  20230726  005  005  207
 -0.001645    0.001412  20230727  005  005  208
 -0.001185    0.001381  20230728  005  005  209
 -0.000725    0.001377  20230729  005  005  210
  0.000325    0.001346  20230730  005  005  211
  0.000355    0.001321  20230731  005  005  212
  0.000280    0.001327  20230801  005  005  213
  0.000230    0.001354  20230802  005  005  214
  0.000000    0.001326  20230803  005  005  215
 -0.000195    0.001303  20230804  005  005  216
 -0.000345    0.001322  20230805  005  005  217
 -0.001025    0.001228  20230812  005  005  224
 -0.000955    0.001102  20230813  005  005  225
 -0.000855    0.000936  20230814  005  005  226
 -0.000635    0.000818  20230815  005  005  227
  0.000000    0.000792  20230816  005  005  228
  0.000740    0.000835  20230817  005  005  229
  0.002010    0.000958  20230818  005  005  230
  0.002010    0.000953  20230819  005  005  231
  0.001975    0.000956  20230820  005  005  232
  0.001835    0.000966  20230821  005  005  233
  0.001915    0.000967  20230822  005  005  234
  0.001940    0.000931  20230823  005  005  235
  0.001920    0.000926  20230824  005  005  236
  0.002195    0.000939  20230825  005  005  237
  0.002405    0.000956  20230826  005  005  238
  0.002580    0.000967  20230827  005  005  239
  0.002800    0.000999  20230828  005  005  240
  0.003190    0.001035  20230829  005  005  241
  0.003250    0.001096  20230830  005  005  242
  0.003430    0.001171  20230831  005  005  243
  0.003920    0.001213  20230901  005  005  244
  0.004555    0.001251  20230902  005  005  245
  0.005300    0.001291  20230903  005  005  246
  0.005610    0.001331  20230905  005  005  248
  0.005805    0.001381  20230906  005  005  249
  0.005865    0.001487  20230907  005  005  250
  0.005785    0.001560  20230908  005  005  251
  0.005825    0.001620  20230909  005  005  252
  0.005885    0.001656  20230910  005  005  253
  0.005985    0.001669  20230911  005  005  254
  0.006325    0.001628  20230913  005  005  256
  0.006500    0.001605  20230914  005  005  257
  0.006635    0.001596  20230915  005  005  258
  0.006625    0.001566  20230916  005  005  259
  0.007085    0.001597  20230917  005  005  260
  0.007655    0.001692  20230918  005  005  261
  0.008005    0.001758  20230919  005  005  262
  0.008335    0.001755  20230920  005  005  263
  0.000125    0.002370  20231004  005  005  277
  0.001890    0.001943  20231005  005  005  278
  0.004185    0.001856  20231006  005  005  279
  0.004545    0.001747  20231007  005  005  280
  0.004375    0.001671  20231008  005  005  281
  0.004445    0.001648  20231009  005  005  282
  0.004780    0.001622  20231010  005  005  283
  0.004780    0.001606  20231011  005  005  284
  0.004425    0.001543  20231012  005  005  285
  0.004245    0.001501  20231013  005  005  286
  0.004115    0.001489  20231014  005  005  287
  0.004125    0.001476  20231015  005  005  288
  0.003970    0.001357  20231017  005  005  290
  0.003750    0.001361  20231018  005  005  291
  0.003480    0.001329  20231019  005  005  292
  0.003185    0.001292  20231020  005  005  293
  0.001795    0.001317  20231023  005  005  296
  0.001320    0.001395  20231024  005  005  297
  0.001775    0.001489  20231025  005  005  298
  0.001645    0.001618  20231026  005  005  299
  0.001365    0.001775  20231027  005  005  300
  0.001785    0.002326  20231031  005  005  304
  0.001585    0.002481  20231101  005  005  305
  0.001400    0.002561  20231102  005  005  306
  0.001360    0.002561  20231103  005  005  307
  0.001295    0.002592  20231106  005  005  310
  0.000945    0.002647  20231107  005  005  311
  0.001010    0.002639  20231108  005  005  312
