 -0.014246    0.005122  20230609  003  003  160
 -0.013978    0.005102  20230610  003  003  161
 -0.013685    0.005117  20230611  003  003  162
 -0.013531    0.005024  20230612  003  003  163
 -0.013220    0.004941  20230613  003  003  164
 -0.013037    0.004848  20230614  003  003  165
 -0.012782    0.004838  20230615  003  003  166
 -0.012283    0.004700  20230616  003  003  167
 -0.012038    0.004636  20230617  003  003  168
 -0.011833    0.004681  20230618  003  003  169
 -0.011346    0.004620  20230619  003  003  170
 -0.011125    0.004597  20230620  003  003  171
 -0.011002    0.004573  20230621  003  003  172
 -0.011073    0.004527  20230622  003  003  173
 -0.011183    0.004409  20230623  003  003  174
 -0.011331    0.004315  20230624  003  003  175
 -0.011346    0.004275  20230625  003  003  176
 -0.011505    0.004172  20230626  003  003  177
 -0.011595    0.004059  20230627  003  003  178
 -0.011818    0.003926  20230628  003  003  179
 -0.012030    0.003786  20230629  003  003  180
 -0.012100    0.003664  20230630  003  003  181
 -0.012204    0.003551  20230701  003  003  182
 -0.012351    0.003493  20230702  003  003  183
 -0.012173    0.003412  20230703  003  003  184
 -0.012054    0.003315  20230704  003  003  185
 -0.011989    0.002939  20230706  003  003  187
 -0.012098    0.002640  20230707  003  003  188
 -0.012162    0.002450  20230708  003  003  189
 -0.012079    0.002363  20230709  003  003  190
 -0.012145    0.002348  20230710  003  003  191
 -0.012294    0.002387  20230711  003  003  192
 -0.012375    0.002524  20230712  003  003  193
 -0.012714    0.002755  20230713  003  003  194
 -0.013022    0.003051  20230714  003  003  195
 -0.013215    0.003441  20230715  003  003  196
 -0.013379    0.003857  20230716  003  003  197
 -0.013618    0.004165  20230717  003  003  198
 -0.013572    0.004150  20230718  003  003  199
 -0.013445    0.004144  20230719  003  003  200
 -0.013316    0.004171  20230720  003  003  201
 -0.013158    0.004161  20230721  003  003  202
 -0.012933    0.004160  20230722  003  003  203
 -0.012517    0.004070  20230723  003  003  204
 -0.012332    0.003994  20230724  003  003  205
 -0.012138    0.003928  20230725  003  003  206
 -0.011811    0.003868  20230726  003  003  207
 -0.011457    0.003836  20230727  003  003  208
 -0.011265    0.003785  20230728  003  003  209
 -0.010790    0.003679  20230729  003  003  210
 -0.010134    0.003577  20230730  003  003  211
 -0.009485    0.003495  20230731  003  003  212
 -0.008930    0.003417  20230801  003  003  213
 -0.008465    0.003328  20230802  003  003  214
 -0.007712    0.003196  20230803  003  003  215
 -0.007581    0.003143  20230804  003  003  216
 -0.007786    0.003059  20230805  003  003  217
 -0.007375    0.002938  20230806  003  003  218
 -0.001578    0.002210  20230812  003  003  224
 -0.001004    0.001677  20230813  003  003  225
 -0.000473    0.001301  20230814  003  003  226
 -0.000270    0.001367  20230815  003  003  227
  0.000287    0.001778  20230816  003  003  228
  0.000731    0.002046  20230817  003  003  229
  0.001859    0.002501  20230818  003  003  230
  0.003680    0.002778  20230819  003  003  231
  0.004282    0.002757  20230820  003  003  232
  0.004292    0.002787  20230821  003  003  233
  0.004315    0.002748  20230822  003  003  234
  0.004185    0.002716  20230823  003  003  235
  0.004065    0.002708  20230824  003  003  236
  0.004067    0.002726  20230825  003  003  237
  0.004006    0.002699  20230826  003  003  238
  0.004103    0.002728  20230827  003  003  239
  0.004228    0.002718  20230828  003  003  240
  0.004450    0.002750  20230829  003  003  241
  0.004633    0.002771  20230830  003  003  242
  0.004679    0.002766  20230831  003  003  243
  0.004857    0.002762  20230901  003  003  244
  0.004678    0.002750  20230902  003  003  245
  0.004757    0.002715  20230903  003  003  246
  0.004855    0.002726  20230904  003  003  247
  0.004754    0.002752  20230905  003  003  248
  0.004901    0.002760  20230906  003  003  249
  0.004899    0.002825  20230907  003  003  250
  0.004790    0.002863  20230908  003  003  251
  0.004722    0.002910  20230909  003  003  252
  0.004787    0.003017  20230910  003  003  253
  0.004732    0.003129  20230911  003  003  254
  0.004614    0.003184  20230913  003  003  256
  0.004464    0.003104  20230914  003  003  257
  0.004489    0.002945  20230915  003  003  258
  0.004507    0.002814  20230916  003  003  259
  0.004642    0.002692  20230917  003  003  260
  0.005133    0.002554  20230918  003  003  261
  0.005251    0.002482  20230919  003  003  262
  0.005378    0.002423  20230920  003  003  263
  0.005575    0.002424  20230921  003  003  264
  0.005726    0.002432  20230922  003  003  265
  0.005735    0.002491  20230923  003  003  266
  0.005988    0.002515  20230924  003  003  267
  0.006111    0.002523  20230925  003  003  268
  0.006171    0.002548  20230926  003  003  269
  0.006185    0.002593  20230927  003  003  270
  0.006199    0.002606  20230928  003  003  271
  0.006292    0.002644  20230929  003  003  272
  0.006287    0.002665  20230930  003  003  273
  0.006464    0.002717  20231001  003  003  274
  0.006359    0.002667  20231002  003  003  275
  0.005889    0.002594  20231003  003  003  276
  0.005474    0.002482  20231004  003  003  277
  0.005025    0.002421  20231005  003  003  278
  0.004631    0.002350  20231006  003  003  279
  0.004156    0.002299  20231007  003  003  280
  0.003937    0.002238  20231008  003  003  281
  0.003682    0.002218  20231009  003  003  282
  0.003350    0.002168  20231010  003  003  283
  0.003191    0.002153  20231011  003  003  284
  0.002460    0.002073  20231012  003  003  285
  0.001878    0.001957  20231013  003  003  286
  0.001373    0.001861  20231014  003  003  287
  0.001380    0.001777  20231017  003  003  290
  0.001321    0.001790  20231018  003  003  291
  0.001059    0.001806  20231019  003  003  292
  0.000664    0.001737  20231020  003  003  293
 -0.000024    0.001683  20231021  003  003  294
  0.000718    0.001842  20231022  003  003  295
  0.001433    0.002096  20231023  003  003  296
  0.002065    0.002387  20231024  003  003  297
  0.002688    0.002592  20231025  003  003  298
  0.003863    0.002976  20231026  003  003  299
  0.004787    0.003432  20231027  003  003  300
  0.005173    0.003636  20231028  003  003  301
  0.005599    0.003840  20231029  003  003  302
  0.007020    0.004716  20231030  003  003  303
  0.008120    0.005263  20231031  003  003  304
  0.008850    0.005571  20231101  003  003  305
  0.009126    0.005625  20231102  003  003  306
  0.008688    0.005372  20231103  003  003  307
  0.008370    0.005184  20231104  003  003  308
  0.008715    0.005322  20231105  003  003  309
  0.008747    0.005339  20231106  003  003  310
  0.008511    0.005314  20231107  003  003  311
  0.008629    0.005302  20231108  003  003  312
  0.008443    0.005182  20231109  003  003  313
  0.008105    0.004997  20231110  003  003  314
  0.007869    0.004879  20231111  003  003  315
  0.007888    0.004874  20231112  003  003  316
  0.007814    0.004805  20231113  003  003  317
  0.007818    0.004866  20231114  003  003  318
  0.007778    0.004921  20231115  003  003  319
  0.007722    0.004990  20231116  003  003  320
  0.007361    0.004864  20231117  003  003  321
