 -0.001119    0.012766  20230609  007  007  160
 -0.001522    0.011035  20230610  007  007  161
 -0.001357    0.010350  20230612  007  007  163
 -0.001030    0.010276  20230613  007  007  164
 -0.001168    0.010404  20230614  007  007  165
 -0.001093    0.010411  20230615  007  007  166
 -0.000245    0.010175  20230616  007  007  167
 -0.000566    0.009929  20230617  007  007  168
 -0.001342    0.009430  20230618  007  007  169
 -0.002383    0.009474  20230619  007  007  170
 -0.003241    0.009036  20230620  007  007  171
 -0.002634    0.007774  20230621  007  007  172
 -0.002729    0.007492  20230622  007  007  173
 -0.002639    0.008205  20230623  007  007  174
 -0.002857    0.008357  20230624  007  007  175
 -0.003947    0.009155  20230625  007  007  176
 -0.004046    0.008607  20230626  007  007  177
 -0.003701    0.008479  20230627  007  007  178
 -0.003223    0.008509  20230628  007  007  179
 -0.003739    0.008851  20230629  007  007  180
 -0.002795    0.007976  20230630  007  007  181
 -0.002875    0.008913  20230701  007  007  182
 -0.002309    0.009487  20230702  007  007  183
 -0.001918    0.009865  20230703  007  007  184
 -0.001967    0.013267  20230704  007  007  185
 -0.001486    0.010095  20230706  007  007  187
 -0.000232    0.009129  20230707  007  007  188
  0.000291    0.009475  20230708  007  007  189
  0.000079    0.010272  20230709  007  007  190
  0.000843    0.009387  20230710  007  007  191
  0.002005    0.008551  20230711  007  007  192
  0.002091    0.008582  20230712  007  007  193
  0.001942    0.009733  20230713  007  007  194
  0.002324    0.010445  20230714  007  007  195
  0.001680    0.010397  20230715  007  007  196
  0.002072    0.011131  20230716  007  007  197
  0.002381    0.010013  20230717  007  007  198
  0.002514    0.008920  20230718  007  007  199
  0.002836    0.008066  20230719  007  007  200
  0.002911    0.007613  20230720  007  007  201
  0.003383    0.006923  20230721  007  007  202
  0.003328    0.006280  20230722  007  007  203
  0.002100    0.005764  20230723  007  007  204
  0.001031    0.005759  20230724  007  007  205
  0.002739    0.005873  20230725  007  007  206
  0.003011    0.005383  20230726  007  007  207
  0.002964    0.005046  20230727  007  007  208
  0.003947    0.004741  20230728  007  007  209
  0.004184    0.004185  20230729  007  007  210
  0.001695    0.004275  20230730  007  007  211
  0.001998    0.004342  20230731  007  007  212
  0.002259    0.004568  20230801  007  007  213
  0.001507    0.004592  20230802  007  007  214
  0.001327    0.004481  20230803  007  007  215
  0.001772    0.004552  20230804  007  007  216
  0.004495    0.004304  20230805  007  007  217
  0.001419    0.004326  20230806  007  007  218
  0.004466    0.004212  20230807  007  007  219
  0.005599    0.004517  20230812  007  007  224
  0.002407    0.004811  20230813  007  007  225
  0.002104    0.005177  20230814  007  007  226
  0.002579    0.005134  20230815  007  007  227
  0.002221    0.005558  20230816  007  007  228
  0.001268    0.006063  20230817  007  007  229
  0.001145    0.006657  20230818  007  007  230
  0.000260    0.006885  20230819  007  007  231
 -0.000510    0.006417  20230820  007  007  232
 -0.000629    0.005959  20230821  007  007  233
 -0.000775    0.005915  20230822  007  007  234
 -0.000723    0.005899  20230823  007  007  235
 -0.000829    0.005898  20230824  007  007  236
 -0.001890    0.005769  20230825  007  007  237
 -0.002126    0.005747  20230826  007  007  238
 -0.003156    0.005680  20230827  007  007  239
 -0.003255    0.005591  20230828  007  007  240
 -0.003232    0.005656  20230829  007  007  241
 -0.003486    0.005671  20230830  007  007  242
 -0.003384    0.005625  20230831  007  007  243
 -0.003103    0.005543  20230901  007  007  244
 -0.003109    0.005605  20230902  007  007  245
 -0.003184    0.005754  20230903  007  007  246
 -0.003330    0.005709  20230904  007  007  247
 -0.003205    0.005649  20230905  007  007  248
 -0.003384    0.005749  20230906  007  007  249
 -0.003307    0.005814  20230907  007  007  250
 -0.003449    0.005888  20230908  007  007  251
 -0.003680    0.005914  20230909  007  007  252
 -0.004059    0.006158  20230910  007  007  253
 -0.003909    0.006108  20230911  007  007  254
 -0.003669    0.006138  20230912  007  007  255
 -0.003531    0.006202  20230913  007  007  256
 -0.003762    0.006232  20230914  007  007  257
 -0.003610    0.006261  20230915  007  007  258
  0.017166    0.018622  20231024  007  007  297
  0.016565    0.018808  20231025  007  007  298
  0.015618    0.017779  20231026  007  007  299
  0.007150    0.017348  20231027  007  007  300
  0.005673    0.017768  20231028  007  007  301
  0.004188    0.018491  20231029  007  007  302
  0.003308    0.017865  20231030  007  007  303
 -0.000358    0.016419  20231031  007  007  304
 -0.001286    0.016438  20231101  007  007  305
 -0.002411    0.016722  20231102  007  007  306
 -0.003589    0.017348  20231103  007  007  307
 -0.005352    0.017628  20231104  007  007  308
 -0.006160    0.017737  20231105  007  007  309
 -0.005913    0.017550  20231106  007  007  310
 -0.006418    0.017370  20231107  007  007  311
 -0.007624    0.018503  20231108  007  007  312
 -0.007457    0.018832  20231109  007  007  313
 -0.007784    0.019242  20231110  007  007  314
 -0.007609    0.018867  20231111  007  007  315
 -0.007587    0.019405  20231112  007  007  316
 -0.007023    0.019605  20231113  007  007  317
 -0.006693    0.019859  20231114  007  007  318
 -0.006290    0.020766  20231115  007  007  319
 -0.007412    0.021583  20231116  007  007  320
 -0.006999    0.021672  20231117  007  007  321
 -0.007303    0.022545  20231118  007  007  322
 -0.007836    0.025532  20231119  007  007  323
 -0.008780    0.032579  20231120  007  007  324
