  0.004449    0.005561  20230818  006b  006b  230
  0.004593    0.005467  20230819  006b  006b  231
  0.004703    0.005559  20230820  006b  006b  232
  0.004715    0.005615  20230821  006b  006b  233
  0.004808    0.005490  20230822  006b  006b  234
  0.004819    0.005560  20230823  006b  006b  235
  0.005735    0.005529  20230824  006b  006b  236
  0.004809    0.005544  20230825  006b  006b  237
  0.004549    0.005596  20230826  006b  006b  238
  0.004099    0.005651  20230827  006b  006b  239
  0.004072    0.005741  20230828  006b  006b  240
  0.003959    0.005562  20230829  006b  006b  241
  0.003931    0.005515  20230830  006b  006b  242
  0.003581    0.005399  20230831  006b  006b  243
  0.003420    0.005355  20230901  006b  006b  244
  0.003255    0.005181  20230902  006b  006b  245
  0.003188    0.005145  20230903  006b  006b  246
  0.002761    0.005200  20230904  006b  006b  247
  0.002346    0.004772  20230905  006b  006b  248
  0.001259    0.004923  20230906  006b  006b  249
  0.001364    0.004793  20230907  006b  006b  250
  0.001129    0.004623  20230908  006b  006b  251
  0.001462    0.004645  20230909  006b  006b  252
  0.000966    0.004738  20230910  006b  006b  253
  0.001052    0.004679  20230911  006b  006b  254
  0.000870    0.004185  20230913  006b  006b  256
  0.000304    0.003608  20230914  006b  006b  257
  0.000102    0.003152  20230915  006b  006b  258
  0.000075    0.002723  20230916  006b  006b  259
  0.000388    0.002315  20230917  006b  006b  260
  0.000370    0.002088  20230918  006b  006b  261
 -0.000218    0.001683  20230919  006b  006b  262
 -0.000094    0.001373  20230920  006b  006b  263
  0.000320    0.001171  20230921  006b  006b  264
  0.000501    0.001264  20230922  006b  006b  265
  0.001391    0.001231  20230923  006b  006b  266
  0.001290    0.001347  20230924  006b  006b  267
  0.001776    0.001426  20230925  006b  006b  268
  0.001305    0.001570  20230926  006b  006b  269
  0.001508    0.001659  20230927  006b  006b  270
  0.001462    0.001716  20230928  006b  006b  271
  0.001210    0.001860  20230929  006b  006b  272
  0.001089    0.001929  20230930  006b  006b  273
  0.000894    0.002107  20231001  006b  006b  274
 -0.001411    0.002663  20231002  006b  006b  275
 -0.001821    0.002639  20231005  006b  006b  278
 -0.002277    0.002510  20231006  006b  006b  279
 -0.002989    0.002295  20231007  006b  006b  280
 -0.003132    0.002403  20231009  006b  006b  282
 -0.003095    0.002351  20231010  006b  006b  283
 -0.003066    0.003002  20231013  006b  006b  286
 -0.000064    0.003745  20231015  006b  006b  288
 -0.001671    0.004004  20231018  006b  006b  291
 -0.002918    0.004159  20231019  006b  006b  292
 -0.002819    0.004003  20231020  006b  006b  293
 -0.002250    0.003971  20231021  006b  006b  294
 -0.004934    0.004764  20231022  006b  006b  295
 -0.005031    0.005015  20231023  006b  006b  296
 -0.004963    0.004968  20231024  006b  006b  297
 -0.004615    0.004559  20231025  006b  006b  298
 -0.005522    0.004405  20231027  006b  006b  300
 -0.005626    0.004782  20231028  006b  006b  301
 -0.005183    0.004580  20231029  006b  006b  302
 -0.004854    0.004472  20231030  006b  006b  303
 -0.003567    0.004345  20231031  006b  006b  304
 -0.003017    0.004304  20231101  006b  006b  305
 -0.002506    0.004297  20231102  006b  006b  306
 -0.002781    0.004172  20231103  006b  006b  307
 -0.000724    0.003373  20231104  006b  006b  308
 -0.000777    0.003237  20231108  006b  006b  312
 -0.000570    0.003264  20231109  006b  006b  313
 -0.000549    0.003283  20231110  006b  006b  314
 -0.000500    0.003268  20231111  006b  006b  315
 -0.000492    0.003284  20231112  006b  006b  316
 -0.000776    0.003367  20231113  006b  006b  317
 -0.000852    0.003306  20231114  006b  006b  318
 -0.000871    0.003526  20231115  006b  006b  319
