 -0.000195    0.005200  20230609  001  001  160
 -0.002434    0.005225  20230610  001  001  161
 -0.001140    0.005466  20230611  001  001  162
 -0.002229    0.005307  20230612  001  001  163
 -0.002052    0.005215  20230613  001  001  164
 -0.002251    0.005014  20230614  001  001  165
 -0.001306    0.005057  20230615  001  001  166
 -0.003753    0.006379  20230616  001  001  167
 -0.003216    0.006142  20230617  001  001  168
 -0.002989    0.006388  20230618  001  001  169
 -0.002611    0.006472  20230619  001  001  170
 -0.002846    0.006392  20230620  001  001  171
 -0.001679    0.005992  20230621  001  001  172
 -0.001864    0.005812  20230622  001  001  173
 -0.001452    0.005452  20230623  001  001  174
 -0.001687    0.005132  20230624  001  001  175
 -0.002007    0.005249  20230625  001  001  176
 -0.002068    0.005045  20230626  001  001  177
 -0.001963    0.004834  20230627  001  001  178
 -0.001829    0.004519  20230628  001  001  179
 -0.001000    0.002790  20230629  001  001  180
 -0.001783    0.002321  20230630  001  001  181
 -0.002238    0.002205  20230701  001  001  182
 -0.002246    0.002246  20230702  001  001  183
 -0.002042    0.002153  20230703  001  001  184
 -0.002184    0.002162  20230704  001  001  185
 -0.002146    0.002098  20230706  001  001  187
 -0.002216    0.001954  20230707  001  001  188
 -0.002027    0.001766  20230708  001  001  189
 -0.001795    0.001822  20230709  001  001  190
 -0.001816    0.001794  20230710  001  001  191
 -0.001785    0.001724  20230711  001  001  192
 -0.001981    0.001729  20230712  001  001  193
 -0.002275    0.001838  20230713  001  001  194
 -0.002269    0.001753  20230714  001  001  195
 -0.002274    0.001731  20230715  001  001  196
 -0.002246    0.001907  20230716  001  001  197
 -0.002239    0.001861  20230717  001  001  198
 -0.002366    0.001784  20230718  001  001  199
 -0.002350    0.001714  20230719  001  001  200
 -0.002423    0.001662  20230720  001  001  201
 -0.002631    0.001690  20230721  001  001  202
 -0.002921    0.001759  20230722  001  001  203
 -0.002696    0.001694  20230723  001  001  204
 -0.002317    0.001771  20230724  001  001  205
 -0.002238    0.001775  20230725  001  001  206
 -0.002255    0.001786  20230726  001  001  207
 -0.002208    0.002032  20230727  001  001  208
 -0.002514    0.002143  20230728  001  001  209
 -0.002724    0.002161  20230729  001  001  210
 -0.002723    0.002154  20230730  001  001  211
 -0.002622    0.002136  20230731  001  001  212
 -0.002627    0.002184  20230801  001  001  213
 -0.002428    0.002025  20230802  001  001  214
 -0.000743    0.001999  20230803  001  001  215
 -0.000284    0.002853  20230804  001  001  216
 -0.000131    0.002981  20230805  001  001  217
 -0.000038    0.003537  20230806  001  001  218
  0.000421    0.003696  20230807  001  001  219
  0.000981    0.003780  20230808  001  001  220
  0.002655    0.005368  20230812  001  001  224
  0.002926    0.005478  20230813  001  001  225
  0.003222    0.005466  20230814  001  001  226
  0.003282    0.005611  20230815  001  001  227
  0.001263    0.004692  20230816  001  001  228
 -0.000582    0.003157  20230817  001  001  229
 -0.001672    0.002623  20230818  001  001  230
 -0.001903    0.002476  20230819  001  001  231
 -0.001923    0.002388  20230820  001  001  232
 -0.002484    0.002555  20230821  001  001  233
 -0.002748    0.002525  20230822  001  001  234
 -0.003553    0.002592  20230823  001  001  235
 -0.004197    0.002644  20230824  001  001  236
 -0.004065    0.002613  20230825  001  001  237
 -0.003932    0.002727  20230826  001  001  238
 -0.003777    0.002633  20230827  001  001  239
 -0.003709    0.002654  20230828  001  001  240
 -0.003550    0.002617  20230829  001  001  241
 -0.003482    0.002570  20230830  001  001  242
 -0.003620    0.002523  20230831  001  001  243
 -0.003699    0.002629  20230901  001  001  244
 -0.003964    0.002685  20230902  001  001  245
 -0.003989    0.002513  20230903  001  001  246
 -0.003873    0.002563  20230904  001  001  247
 -0.002866    0.003070  20230905  001  001  248
 -0.002294    0.002891  20230906  001  001  249
 -0.001624    0.003105  20230907  001  001  250
 -0.001427    0.003272  20230908  001  001  251
 -0.001472    0.003272  20230909  001  001  252
 -0.001051    0.003301  20230910  001  001  253
 -0.001406    0.003133  20230911  001  001  254
 -0.000721    0.003098  20230913  001  001  256
 -0.000363    0.002827  20230914  001  001  257
 -0.000202    0.002622  20230915  001  001  258
 -0.000041    0.002551  20230916  001  001  259
  0.000287    0.002463  20230917  001  001  260
  0.000308    0.002056  20230918  001  001  261
  0.001318    0.001796  20230919  001  001  262
  0.002255    0.001623  20230920  001  001  263
  0.002303    0.001541  20230921  001  001  264
  0.003091    0.001651  20230922  001  001  265
  0.002293    0.001714  20230923  001  001  266
  0.002768    0.001737  20230924  001  001  267
  0.002549    0.001797  20230925  001  001  268
  0.002828    0.001819  20230926  001  001  269
  0.002812    0.001868  20230927  001  001  270
  0.002812    0.001883  20230928  001  001  271
  0.003095    0.001936  20230929  001  001  272
  0.002949    0.001915  20230930  001  001  273
  0.002954    0.001906  20231001  001  001  274
  0.002841    0.001848  20231002  001  001  275
  0.002793    0.001738  20231003  001  001  276
  0.002099    0.001992  20231004  001  001  277
  0.001768    0.001982  20231005  001  001  278
  0.001353    0.002364  20231006  001  001  279
  0.001284    0.002921  20231007  001  001  280
  0.001601    0.003320  20231008  001  001  281
  0.000822    0.003436  20231009  001  001  282
  0.000665    0.003348  20231010  001  001  283
  0.000631    0.003198  20231011  001  001  284
  0.001752    0.003030  20231012  001  001  285
  0.001808    0.002940  20231013  001  001  286
  0.001892    0.002735  20231014  001  001  287
  0.001778    0.002765  20231018  001  001  291
  0.002053    0.002690  20231019  001  001  292
  0.002924    0.001949  20231020  001  001  293
  0.002079    0.002221  20231021  001  001  294
  0.003692    0.002554  20231022  001  001  295
  0.003727    0.002815  20231023  001  001  296
  0.003944    0.002340  20231024  001  001  297
  0.001959    0.002379  20231025  001  001  298
  0.002211    0.002235  20231026  001  001  299
  0.001727    0.002111  20231027  001  001  300
  0.001730    0.002063  20231028  001  001  301
  0.001841    0.002035  20231029  001  001  302
  0.001814    0.001906  20231030  001  001  303
  0.002421    0.001845  20231031  001  001  304
  0.002263    0.001863  20231101  001  001  305
  0.002207    0.002091  20231102  001  001  306
  0.001548    0.002116  20231103  001  001  307
  0.001796    0.002148  20231104  001  001  308
  0.001888    0.002011  20231105  001  001  309
  0.002450    0.002280  20231106  001  001  310
  0.002836    0.002517  20231107  001  001  311
  0.002523    0.002534  20231108  001  001  312
  0.001942    0.002508  20231109  001  001  313
  0.001736    0.002433  20231110  001  001  314
  0.001771    0.002412  20231111  001  001  315
  0.002122    0.002553  20231112  001  001  316
  0.002212    0.002443  20231113  001  001  317
  0.002465    0.002467  20231114  001  001  318
  0.002194    0.002364  20231115  001  001  319
  0.002831    0.002351  20231116  001  001  320
  0.002012    0.002263  20231117  001  001  321
  0.002045    0.002291  20231118  001  001  322
  0.002061    0.002294  20231119  001  001  323
  0.001756    0.002009  20231120  001  001  324
