 -0.003312    0.002850  20230818  006b  006b  230
 -0.003248    0.002663  20230819  006b  006b  231
 -0.003813    0.002586  20230820  006b  006b  232
 -0.004953    0.002553  20230821  006b  006b  233
 -0.005157    0.002434  20230822  006b  006b  234
 -0.004707    0.002374  20230823  006b  006b  235
 -0.005000    0.002258  20230824  006b  006b  236
 -0.005717    0.002127  20230825  006b  006b  237
 -0.006024    0.002019  20230826  006b  006b  238
 -0.006204    0.002036  20230827  006b  006b  239
 -0.006523    0.002045  20230828  006b  006b  240
 -0.005973    0.002071  20230829  006b  006b  241
 -0.006244    0.002070  20230830  006b  006b  242
 -0.006130    0.002076  20230831  006b  006b  243
 -0.006125    0.002021  20230901  006b  006b  244
 -0.005614    0.001955  20230902  006b  006b  245
 -0.004738    0.001953  20230903  006b  006b  246
 -0.004429    0.002015  20230904  006b  006b  247
 -0.004250    0.001954  20230905  006b  006b  248
 -0.004674    0.002062  20230906  006b  006b  249
 -0.004020    0.002141  20230907  006b  006b  250
 -0.004084    0.002252  20230908  006b  006b  251
 -0.003768    0.002288  20230909  006b  006b  252
 -0.002734    0.002452  20230910  006b  006b  253
 -0.002920    0.002512  20230911  006b  006b  254
 -0.002202    0.002453  20230913  006b  006b  256
 -0.001482    0.002446  20230914  006b  006b  257
 -0.000743    0.002523  20230915  006b  006b  258
  0.000210    0.002610  20230916  006b  006b  259
  0.000404    0.002695  20230917  006b  006b  260
  0.000327    0.002846  20230918  006b  006b  261
  0.001566    0.002869  20230919  006b  006b  262
  0.002193    0.002800  20230920  006b  006b  263
  0.002835    0.002628  20230921  006b  006b  264
  0.003002    0.002526  20230922  006b  006b  265
  0.005440    0.002356  20230923  006b  006b  266
  0.006468    0.002309  20230924  006b  006b  267
  0.006682    0.002265  20230925  006b  006b  268
  0.006670    0.002266  20230926  006b  006b  269
  0.006410    0.002173  20230927  006b  006b  270
  0.006002    0.001994  20230928  006b  006b  271
  0.005910    0.001880  20230929  006b  006b  272
  0.005862    0.001852  20230930  006b  006b  273
  0.005830    0.001804  20231001  006b  006b  274
  0.006490    0.001825  20231002  006b  006b  275
  0.006006    0.002093  20231005  006b  006b  278
  0.005412    0.002008  20231006  006b  006b  279
  0.003614    0.001905  20231007  006b  006b  280
  0.001621    0.001998  20231009  006b  006b  282
  0.000483    0.001913  20231010  006b  006b  283
  0.000637    0.002005  20231013  006b  006b  286
  0.001409    0.002315  20231015  006b  006b  288
  0.002168    0.002230  20231018  006b  006b  291
  0.001917    0.002352  20231019  006b  006b  292
  0.003006    0.002335  20231020  006b  006b  293
  0.003447    0.002110  20231021  006b  006b  294
  0.006670    0.002290  20231022  006b  006b  295
  0.007291    0.002413  20231023  006b  006b  296
  0.007026    0.002371  20231024  006b  006b  297
  0.006906    0.002310  20231025  006b  006b  298
  0.006647    0.002281  20231027  006b  006b  300
  0.006682    0.002450  20231028  006b  006b  301
  0.005952    0.002421  20231029  006b  006b  302
  0.005387    0.002413  20231030  006b  006b  303
  0.003999    0.002485  20231031  006b  006b  304
  0.003658    0.002465  20231101  006b  006b  305
  0.003590    0.002383  20231102  006b  006b  306
  0.003601    0.002590  20231103  006b  006b  307
  0.002052    0.002543  20231104  006b  006b  308
  0.001383    0.002567  20231108  006b  006b  312
  0.001328    0.002392  20231109  006b  006b  313
  0.001948    0.002396  20231110  006b  006b  314
  0.002342    0.002351  20231111  006b  006b  315
  0.002528    0.002398  20231112  006b  006b  316
  0.003176    0.002416  20231113  006b  006b  317
  0.003345    0.002507  20231114  006b  006b  318
  0.003133    0.002603  20231115  006b  006b  319
