 -0.000888    0.001674  20230609  002  002  160
 -0.000995    0.001586  20230610  002  002  161
 -0.001128    0.001625  20230611  002  002  162
 -0.001288    0.001656  20230612  002  002  163
 -0.001395    0.001688  20230613  002  002  164
 -0.001498    0.001683  20230614  002  002  165
 -0.001568    0.001701  20230615  002  002  166
 -0.001628    0.001712  20230616  002  002  167
 -0.001479    0.001700  20230617  002  002  168
 -0.001603    0.001645  20230618  002  002  169
 -0.001612    0.001523  20230619  002  002  170
 -0.001350    0.001528  20230620  002  002  171
 -0.001396    0.001510  20230621  002  002  172
 -0.001352    0.001493  20230622  002  002  173
 -0.001355    0.001524  20230623  002  002  174
 -0.001598    0.001507  20230624  002  002  175
 -0.001153    0.001438  20230625  002  002  176
 -0.000778    0.001401  20230626  002  002  177
 -0.000746    0.001331  20230627  002  002  178
 -0.000637    0.001335  20230628  002  002  179
 -0.000580    0.001321  20230629  002  002  180
 -0.000748    0.001388  20230630  002  002  181
 -0.000913    0.001353  20230701  002  002  182
 -0.000576    0.001336  20230702  002  002  183
 -0.001322    0.001328  20230703  002  002  184
 -0.001238    0.001342  20230704  002  002  185
 -0.001656    0.001339  20230706  002  002  187
 -0.001423    0.001382  20230707  002  002  188
 -0.001731    0.001413  20230708  002  002  189
 -0.001775    0.001461  20230709  002  002  190
 -0.001894    0.001511  20230710  002  002  191
 -0.001658    0.001569  20230711  002  002  192
 -0.001681    0.001714  20230712  002  002  193
 -0.001970    0.001866  20230713  002  002  194
 -0.002125    0.001928  20230714  002  002  195
 -0.002363    0.001975  20230715  002  002  196
 -0.002733    0.002086  20230716  002  002  197
 -0.002921    0.002192  20230717  002  002  198
 -0.002803    0.002169  20230718  002  002  199
 -0.002943    0.002152  20230719  002  002  200
 -0.002692    0.002056  20230720  002  002  201
 -0.002809    0.001938  20230721  002  002  202
 -0.003015    0.001928  20230722  002  002  203
 -0.003056    0.001965  20230723  002  002  204
 -0.003282    0.001979  20230724  002  002  205
 -0.003299    0.001926  20230725  002  002  206
 -0.003273    0.001902  20230726  002  002  207
 -0.003065    0.001941  20230727  002  002  208
 -0.002842    0.001877  20230728  002  002  209
 -0.002678    0.001806  20230729  002  002  210
 -0.002637    0.001834  20230730  002  002  211
 -0.002718    0.001732  20230731  002  002  212
 -0.002361    0.001761  20230801  002  002  213
 -0.002396    0.001801  20230802  002  002  214
 -0.002379    0.001761  20230803  002  002  215
 -0.002130    0.001634  20230804  002  002  216
 -0.002343    0.001571  20230805  002  002  217
 -0.002804    0.001458  20230806  002  002  218
 -0.002701    0.001447  20230807  002  002  219
 -0.002776    0.001346  20230812  002  002  224
 -0.002505    0.001284  20230813  002  002  225
 -0.002493    0.001238  20230814  002  002  226
 -0.002663    0.001196  20230815  002  002  227
 -0.002766    0.001333  20230816  002  002  228
 -0.003205    0.001436  20230817  002  002  229
 -0.002698    0.001624  20230818  002  002  230
 -0.001404    0.001732  20230819  002  002  231
 -0.001467    0.001923  20230820  002  002  232
 -0.001499    0.001876  20230821  002  002  233
 -0.001336    0.001818  20230822  002  002  234
 -0.001545    0.001716  20230823  002  002  235
 -0.001682    0.001682  20230824  002  002  236
 -0.001275    0.001669  20230825  002  002  237
 -0.001525    0.001672  20230826  002  002  238
 -0.001672    0.001595  20230827  002  002  239
 -0.001577    0.001566  20230828  002  002  240
 -0.000720    0.001552  20230829  002  002  241
 -0.000414    0.001532  20230830  002  002  242
 -0.000821    0.001445  20230831  002  002  243
 -0.000882    0.001347  20230901  002  002  244
 -0.000784    0.001346  20230902  002  002  245
 -0.000539    0.001429  20230903  002  002  246
 -0.000463    0.001494  20230904  002  002  247
 -0.000065    0.001689  20230905  002  002  248
  0.000215    0.001655  20230906  002  002  249
 -0.000139    0.001662  20230907  002  002  250
  0.000273    0.001745  20230908  002  002  251
  0.000449    0.001762  20230909  002  002  252
  0.000846    0.001804  20230910  002  002  253
  0.001093    0.001783  20230911  002  002  254
  0.002145    0.001791  20230913  002  002  256
  0.002436    0.001617  20230914  002  002  257
  0.002942    0.001430  20230915  002  002  258
  0.002947    0.001318  20230916  002  002  259
  0.003297    0.001319  20230917  002  002  260
  0.003612    0.001304  20230918  002  002  261
  0.003683    0.001542  20230919  002  002  262
  0.004347    0.001493  20230920  002  002  263
  0.004658    0.001622  20230921  002  002  264
  0.004869    0.001558  20230922  002  002  265
  0.005077    0.001655  20230923  002  002  266
  0.005069    0.001883  20230924  002  002  267
  0.005035    0.001876  20230925  002  002  268
  0.004613    0.001794  20230926  002  002  269
  0.004712    0.001913  20230927  002  002  270
  0.004689    0.001912  20230928  002  002  271
  0.005082    0.001898  20230929  002  002  272
  0.004872    0.002015  20230930  002  002  273
  0.005069    0.002035  20231001  002  002  274
  0.005200    0.002094  20231002  002  002  275
  0.004876    0.002183  20231003  002  002  276
  0.004579    0.002295  20231004  002  002  277
  0.004727    0.002310  20231005  002  002  278
  0.004138    0.002272  20231006  002  002  279
  0.004338    0.002214  20231007  002  002  280
  0.004271    0.002337  20231008  002  002  281
  0.004203    0.002429  20231009  002  002  282
  0.004084    0.002497  20231010  002  002  283
  0.004754    0.002749  20231011  002  002  284
  0.003875    0.002871  20231012  002  002  285
  0.004069    0.003014  20231013  002  002  286
  0.003793    0.003101  20231014  002  002  287
  0.000249    0.003789  20231017  002  002  290
  0.000020    0.003567  20231018  002  002  291
  0.000129    0.003363  20231019  002  002  292
  0.000107    0.003202  20231020  002  002  293
  0.000301    0.002826  20231021  002  002  294
  0.000049    0.002540  20231022  002  002  295
 -0.000310    0.002442  20231023  002  002  296
 -0.000469    0.002244  20231024  002  002  297
  0.000185    0.002347  20231025  002  002  298
 -0.000378    0.002719  20231027  002  002  300
 -0.000377    0.002628  20231028  002  002  301
 -0.000446    0.002624  20231029  002  002  302
  0.001362    0.001754  20231030  002  002  303
  0.001242    0.001723  20231031  002  002  304
  0.001263    0.001801  20231101  002  002  305
  0.001275    0.001816  20231102  002  002  306
  0.000816    0.001872  20231103  002  002  307
  0.001041    0.001856  20231104  002  002  308
  0.000587    0.001711  20231105  002  002  309
  0.000427    0.001798  20231106  002  002  310
 -0.000027    0.001917  20231107  002  002  311
  0.000151    0.001847  20231108  002  002  312
  0.000145    0.001883  20231109  002  002  313
  0.000152    0.001919  20231110  002  002  314
  0.000449    0.001924  20231111  002  002  315
  0.000835    0.002011  20231112  002  002  316
  0.001086    0.002048  20231113  002  002  317
  0.000919    0.002034  20231114  002  002  318
  0.000336    0.001979  20231115  002  002  319
  0.000684    0.002047  20231116  002  002  320
  0.000685    0.002073  20231117  002  002  321
  0.001121    0.002072  20231118  002  002  322
  0.000851    0.001866  20231119  002  002  323
  0.001285    0.001777  20231120  002  002  324
