 -0.017091    0.003212  20230609  004  004  160
 -0.016921    0.003210  20230610  004  004  161
 -0.016636    0.003171  20230611  004  004  162
 -0.016577    0.003094  20230612  004  004  163
 -0.016492    0.003038  20230613  004  004  164
 -0.016425    0.002985  20230614  004  004  165
 -0.016330    0.002974  20230615  004  004  166
 -0.016544    0.002978  20230616  004  004  167
 -0.016346    0.002964  20230617  004  004  168
 -0.015963    0.002961  20230618  004  004  169
 -0.015519    0.002974  20230619  004  004  170
 -0.015302    0.002917  20230620  004  004  171
 -0.015029    0.002887  20230621  004  004  172
 -0.014808    0.002826  20230622  004  004  173
 -0.014580    0.002727  20230623  004  004  174
 -0.014393    0.002660  20230624  004  004  175
 -0.014069    0.002647  20230625  004  004  176
 -0.013773    0.002598  20230626  004  004  177
 -0.013650    0.002539  20230627  004  004  178
 -0.013484    0.002464  20230628  004  004  179
 -0.013164    0.002387  20230629  004  004  180
 -0.012885    0.002309  20230630  004  004  181
 -0.012612    0.002243  20230701  004  004  182
 -0.012295    0.002171  20230702  004  004  183
 -0.011971    0.002158  20230703  004  004  184
 -0.011604    0.002156  20230704  004  004  185
 -0.011155    0.002137  20230706  004  004  187
 -0.010950    0.002110  20230707  004  004  188
 -0.010692    0.002095  20230708  004  004  189
 -0.010268    0.002104  20230709  004  004  190
 -0.009765    0.002091  20230710  004  004  191
 -0.009357    0.002065  20230711  004  004  192
 -0.009017    0.002051  20230712  004  004  193
 -0.008713    0.002021  20230713  004  004  194
 -0.008459    0.001988  20230714  004  004  195
 -0.008301    0.001958  20230715  004  004  196
 -0.008013    0.001899  20230716  004  004  197
 -0.007722    0.001838  20230717  004  004  198
 -0.007471    0.001818  20230718  004  004  199
 -0.007043    0.001791  20230719  004  004  200
 -0.006658    0.001766  20230720  004  004  201
 -0.006228    0.001701  20230721  004  004  202
 -0.005895    0.001628  20230722  004  004  203
 -0.005418    0.001558  20230723  004  004  204
 -0.005033    0.001504  20230724  004  004  205
 -0.004664    0.001456  20230725  004  004  206
 -0.004239    0.001405  20230726  004  004  207
 -0.003896    0.001363  20230727  004  004  208
 -0.003540    0.001363  20230728  004  004  209
 -0.003100    0.001333  20230729  004  004  210
 -0.002516    0.001290  20230730  004  004  211
 -0.002058    0.001267  20230731  004  004  212
 -0.001695    0.001216  20230801  004  004  213
 -0.000886    0.001186  20230802  004  004  214
 -0.001003    0.001161  20230803  004  004  215
 -0.002095    0.001143  20230804  004  004  216
 -0.002491    0.001147  20230805  004  004  217
 -0.002513    0.001182  20230812  004  004  224
 -0.002560    0.001049  20230813  004  004  225
 -0.002294    0.000977  20230814  004  004  226
 -0.002100    0.000951  20230815  004  004  227
  0.000832    0.000921  20230816  004  004  228
  0.002736    0.000939  20230817  004  004  229
  0.003767    0.001013  20230818  004  004  230
  0.004191    0.001019  20230819  004  004  231
  0.004469    0.001034  20230820  004  004  232
  0.004663    0.001056  20230821  004  004  233
  0.004662    0.001076  20230822  004  004  234
  0.004552    0.001064  20230823  004  004  235
  0.004526    0.001081  20230824  004  004  236
  0.004902    0.001093  20230825  004  004  237
  0.004940    0.001153  20230826  004  004  238
  0.005219    0.001189  20230827  004  004  239
  0.005413    0.001228  20230828  004  004  240
  0.005825    0.001273  20230829  004  004  241
  0.006051    0.001323  20230830  004  004  242
  0.006294    0.001395  20230831  004  004  243
  0.006401    0.001452  20230901  004  004  244
  0.006548    0.001481  20230902  004  004  245
  0.006767    0.001493  20230903  004  004  246
  0.007228    0.001511  20230904  004  004  247
  0.007200    0.001520  20230905  004  004  248
  0.007166    0.001482  20230906  004  004  249
  0.006899    0.001519  20230907  004  004  250
  0.006836    0.001563  20230908  004  004  251
  0.006528    0.001637  20230909  004  004  252
  0.006474    0.001687  20230910  004  004  253
  0.006421    0.001736  20230911  004  004  254
  0.006183    0.001775  20230913  004  004  256
  0.006045    0.001798  20230914  004  004  257
  0.005972    0.001851  20230915  004  004  258
  0.005627    0.001928  20230916  004  004  259
  0.005457    0.001999  20230917  004  004  260
  0.006100    0.002094  20230918  004  004  261
  0.006649    0.002202  20230919  004  004  262
  0.007141    0.002281  20230920  004  004  263
  0.007481    0.002359  20230921  004  004  264
  0.007922    0.002379  20230922  004  004  265
  0.007940    0.002431  20230923  004  004  266
  0.007997    0.002436  20230924  004  004  267
  0.007988    0.002443  20230925  004  004  268
  0.008022    0.002459  20230926  004  004  269
  0.008072    0.002518  20230927  004  004  270
  0.008070    0.002557  20230928  004  004  271
  0.008303    0.002608  20230929  004  004  272
  0.008457    0.002672  20230930  004  004  273
  0.008527    0.002703  20231001  004  004  274
  0.008389    0.002637  20231002  004  004  275
  0.008132    0.002532  20231003  004  004  276
  0.007895    0.002453  20231004  004  004  277
  0.007493    0.002380  20231005  004  004  278
  0.007348    0.002303  20231006  004  004  279
  0.007165    0.002282  20231007  004  004  280
  0.007110    0.002165  20231008  004  004  281
  0.006884    0.002094  20231009  004  004  282
  0.006827    0.002028  20231010  004  004  283
  0.006441    0.001943  20231011  004  004  284
  0.005900    0.001816  20231012  004  004  285
  0.004920    0.001656  20231013  004  004  286
  0.004241    0.001524  20231014  004  004  287
  0.003626    0.001471  20231017  004  004  290
  0.003624    0.001427  20231018  004  004  291
  0.003559    0.001417  20231019  004  004  292
  0.003281    0.001420  20231020  004  004  293
  0.003133    0.001520  20231021  004  004  294
  0.003366    0.001714  20231022  004  004  295
  0.003250    0.001899  20231023  004  004  296
  0.003357    0.002123  20231024  004  004  297
  0.003575    0.002366  20231025  004  004  298
  0.003928    0.002625  20231026  004  004  299
  0.003800    0.002890  20231027  004  004  300
  0.003842    0.002980  20231028  004  004  301
  0.003929    0.003092  20231029  004  004  302
  0.004064    0.003401  20231030  004  004  303
  0.004091    0.003710  20231031  004  004  304
  0.004046    0.003858  20231101  004  004  305
  0.004085    0.003881  20231102  004  004  306
  0.004070    0.003762  20231103  004  004  307
  0.003982    0.003646  20231104  004  004  308
  0.004051    0.003698  20231105  004  004  309
  0.003933    0.003749  20231106  004  004  310
  0.003791    0.003759  20231107  004  004  311
  0.003690    0.003729  20231108  004  004  312
  0.003829    0.003726  20231109  004  004  313
  0.003742    0.003686  20231110  004  004  314
  0.003663    0.003649  20231111  004  004  315
  0.003724    0.003658  20231112  004  004  316
  0.003719    0.003623  20231113  004  004  317
  0.003746    0.003665  20231114  004  004  318
  0.003581    0.003719  20231115  004  004  319
  0.003401    0.003655  20231116  004  004  320
  0.003092    0.003580  20231117  004  004  321
  0.002893    0.003484  20231118  004  004  322
  0.002863    0.003479  20231119  004  004  323
