 -0.006836    0.002779  20230609  003  003  160
 -0.006928    0.002764  20230610  003  003  161
 -0.006940    0.002991  20230611  003  003  162
 -0.006948    0.003001  20230612  003  003  163
 -0.006894    0.002805  20230613  003  003  164
 -0.006646    0.002731  20230614  003  003  165
 -0.006562    0.002682  20230615  003  003  166
 -0.006564    0.002639  20230616  003  003  167
 -0.006379    0.002588  20230617  003  003  168
 -0.006238    0.002626  20230618  003  003  169
 -0.006161    0.002587  20230619  003  003  170
 -0.006009    0.002664  20230620  003  003  171
 -0.006032    0.002800  20230621  003  003  172
 -0.005866    0.002755  20230622  003  003  173
 -0.005625    0.002644  20230623  003  003  174
 -0.005449    0.002550  20230624  003  003  175
 -0.005090    0.002441  20230625  003  003  176
 -0.004808    0.002458  20230626  003  003  177
 -0.004692    0.002319  20230627  003  003  178
 -0.004800    0.002171  20230628  003  003  179
 -0.004841    0.002049  20230629  003  003  180
 -0.004654    0.001917  20230630  003  003  181
 -0.004633    0.001828  20230701  003  003  182
 -0.004473    0.001756  20230702  003  003  183
 -0.004216    0.001605  20230703  003  003  184
 -0.003919    0.001541  20230704  003  003  185
 -0.003684    0.001558  20230706  003  003  187
 -0.003453    0.001419  20230707  003  003  188
 -0.003516    0.001557  20230708  003  003  189
 -0.003488    0.001740  20230709  003  003  190
 -0.003434    0.001939  20230710  003  003  191
 -0.003015    0.002090  20230711  003  003  192
 -0.002897    0.002233  20230712  003  003  193
 -0.002856    0.002457  20230713  003  003  194
 -0.002791    0.002608  20230714  003  003  195
 -0.002592    0.002708  20230715  003  003  196
 -0.002694    0.002863  20230716  003  003  197
 -0.002569    0.002964  20230717  003  003  198
 -0.002586    0.002879  20230718  003  003  199
 -0.002433    0.002719  20230719  003  003  200
 -0.002547    0.002724  20230720  003  003  201
 -0.002318    0.002644  20230721  003  003  202
 -0.002104    0.002709  20230722  003  003  203
 -0.002312    0.002828  20230723  003  003  204
 -0.002330    0.002960  20230724  003  003  205
 -0.002127    0.002945  20230725  003  003  206
 -0.002128    0.002962  20230726  003  003  207
 -0.001639    0.002933  20230727  003  003  208
 -0.002256    0.002916  20230728  003  003  209
 -0.002315    0.002966  20230729  003  003  210
 -0.002438    0.002995  20230730  003  003  211
 -0.002351    0.003042  20230731  003  003  212
 -0.002120    0.003172  20230801  003  003  213
 -0.001672    0.003177  20230802  003  003  214
 -0.001575    0.003419  20230803  003  003  215
 -0.001820    0.003264  20230804  003  003  216
 -0.001852    0.002982  20230805  003  003  217
 -0.001756    0.002843  20230806  003  003  218
 -0.000798    0.002281  20230812  003  003  224
 -0.000689    0.001961  20230813  003  003  225
 -0.001103    0.001591  20230814  003  003  226
 -0.001020    0.001716  20230815  003  003  227
 -0.000417    0.002142  20230816  003  003  228
  0.000706    0.002056  20230817  003  003  229
  0.001837    0.002593  20230818  003  003  230
  0.002685    0.003223  20230819  003  003  231
  0.003015    0.003225  20230820  003  003  232
  0.002889    0.003249  20230821  003  003  233
  0.003202    0.003235  20230822  003  003  234
  0.003363    0.003279  20230823  003  003  235
  0.003061    0.003392  20230824  003  003  236
  0.003251    0.003413  20230825  003  003  237
  0.003570    0.003499  20230826  003  003  238
  0.003791    0.003448  20230827  003  003  239
  0.003626    0.003495  20230828  003  003  240
  0.003684    0.003463  20230829  003  003  241
  0.004082    0.003489  20230830  003  003  242
  0.004287    0.003519  20230831  003  003  243
  0.004410    0.003482  20230901  003  003  244
  0.004338    0.003465  20230902  003  003  245
  0.004538    0.003402  20230903  003  003  246
  0.004235    0.003344  20230904  003  003  247
  0.003769    0.003228  20230905  003  003  248
  0.003887    0.003136  20230906  003  003  249
  0.003950    0.003116  20230907  003  003  250
  0.003522    0.003019  20230908  003  003  251
  0.003277    0.003004  20230909  003  003  252
  0.003511    0.002978  20230910  003  003  253
  0.003138    0.002971  20230911  003  003  254
  0.002614    0.002686  20230913  003  003  256
  0.002477    0.002490  20230914  003  003  257
  0.002534    0.002332  20230915  003  003  258
  0.002667    0.002228  20230916  003  003  259
  0.002686    0.002054  20230917  003  003  260
  0.003192    0.001975  20230918  003  003  261
  0.003579    0.001897  20230919  003  003  262
  0.003754    0.001736  20230920  003  003  263
  0.004139    0.001655  20230921  003  003  264
  0.004269    0.001723  20230922  003  003  265
  0.004210    0.001664  20230923  003  003  266
  0.004451    0.001543  20230924  003  003  267
  0.004157    0.001594  20230925  003  003  268
  0.004362    0.001640  20230926  003  003  269
  0.004435    0.001632  20230927  003  003  270
  0.004440    0.001687  20230928  003  003  271
  0.004205    0.001740  20230929  003  003  272
  0.004312    0.001806  20230930  003  003  273
  0.004353    0.001845  20231001  003  003  274
  0.003860    0.001784  20231002  003  003  275
  0.003102    0.001723  20231003  003  003  276
  0.002731    0.001577  20231004  003  003  277
  0.002668    0.001488  20231005  003  003  278
  0.002300    0.001567  20231006  003  003  279
  0.002082    0.001532  20231007  003  003  280
  0.001916    0.001456  20231008  003  003  281
  0.001611    0.001426  20231009  003  003  282
  0.001388    0.001391  20231010  003  003  283
  0.001299    0.001321  20231011  003  003  284
  0.000918    0.001239  20231012  003  003  285
  0.000595    0.001215  20231013  003  003  286
  0.000039    0.001188  20231014  003  003  287
 -0.000010    0.001541  20231017  003  003  290
 -0.000050    0.001479  20231018  003  003  291
 -0.000290    0.001310  20231019  003  003  292
 -0.000463    0.001345  20231020  003  003  293
 -0.000338    0.001301  20231021  003  003  294
 -0.001147    0.001271  20231022  003  003  295
 -0.001496    0.001218  20231023  003  003  296
 -0.001861    0.001298  20231024  003  003  297
 -0.001409    0.001252  20231025  003  003  298
 -0.002194    0.001295  20231026  003  003  299
 -0.002086    0.001309  20231027  003  003  300
 -0.002074    0.001307  20231028  003  003  301
 -0.002182    0.001278  20231029  003  003  302
 -0.001554    0.001486  20231030  003  003  303
 -0.001787    0.001634  20231031  003  003  304
 -0.001758    0.001720  20231101  003  003  305
 -0.001574    0.001839  20231102  003  003  306
 -0.001398    0.001909  20231103  003  003  307
 -0.001147    0.001858  20231104  003  003  308
 -0.001716    0.001892  20231105  003  003  309
 -0.002052    0.002074  20231106  003  003  310
 -0.002385    0.001873  20231107  003  003  311
 -0.001848    0.001847  20231108  003  003  312
 -0.001760    0.001895  20231109  003  003  313
 -0.001747    0.001782  20231110  003  003  314
 -0.001705    0.001717  20231111  003  003  315
 -0.001759    0.001817  20231112  003  003  316
 -0.001966    0.001796  20231113  003  003  317
 -0.001991    0.001863  20231114  003  003  318
 -0.002165    0.001991  20231115  003  003  319
 -0.002433    0.001893  20231116  003  003  320
 -0.002442    0.001832  20231117  003  003  321
