 -0.017231    0.004800  20230609  005  005  160
 -0.016956    0.004772  20230610  005  005  161
 -0.016578    0.004706  20230611  005  005  162
 -0.016353    0.004523  20230612  005  005  163
 -0.016153    0.004388  20230613  005  005  164
 -0.016068    0.004272  20230614  005  005  165
 -0.016017    0.004232  20230615  005  005  166
 -0.015762    0.004115  20230616  005  005  167
 -0.015709    0.003953  20230617  005  005  168
 -0.015442    0.003954  20230618  005  005  169
 -0.015290    0.003967  20230619  005  005  170
 -0.014873    0.003868  20230620  005  005  171
 -0.014695    0.003783  20230621  005  005  172
 -0.014498    0.003729  20230622  005  005  173
 -0.014353    0.003666  20230623  005  005  174
 -0.014261    0.003663  20230624  005  005  175
 -0.014054    0.003784  20230625  005  005  176
 -0.013863    0.003792  20230626  005  005  177
 -0.013594    0.003761  20230627  005  005  178
 -0.013330    0.003697  20230628  005  005  179
 -0.012987    0.003654  20230629  005  005  180
 -0.012711    0.003628  20230630  005  005  181
 -0.012455    0.003568  20230701  005  005  182
 -0.012005    0.003530  20230702  005  005  183
 -0.011790    0.003539  20230703  005  005  184
 -0.011427    0.003544  20230704  005  005  185
 -0.010817    0.003415  20230706  005  005  187
 -0.010540    0.003253  20230707  005  005  188
 -0.010205    0.003087  20230708  005  005  189
 -0.009781    0.003048  20230709  005  005  190
 -0.009381    0.002981  20230710  005  005  191
 -0.008918    0.002862  20230711  005  005  192
 -0.008520    0.002740  20230712  005  005  193
 -0.008142    0.002606  20230713  005  005  194
 -0.007843    0.002453  20230714  005  005  195
 -0.007530    0.002332  20230715  005  005  196
 -0.007114    0.002223  20230716  005  005  197
 -0.006682    0.002097  20230717  005  005  198
 -0.006287    0.002067  20230718  005  005  199
 -0.005861    0.002003  20230719  005  005  200
 -0.005285    0.001941  20230720  005  005  201
 -0.004761    0.001898  20230721  005  005  202
 -0.004289    0.001853  20230722  005  005  203
 -0.002307    0.001807  20230723  005  005  204
 -0.001815    0.001787  20230724  005  005  205
 -0.001275    0.001762  20230725  005  005  206
 -0.000632    0.001749  20230726  005  005  207
  0.000860    0.001726  20230727  005  005  208
  0.001138    0.001689  20230728  005  005  209
  0.001241    0.001671  20230729  005  005  210
  0.001391    0.001650  20230730  005  005  211
  0.001391    0.001624  20230731  005  005  212
  0.001296    0.001620  20230801  005  005  213
  0.001211    0.001632  20230802  005  005  214
  0.000831    0.001592  20230803  005  005  215
 -0.000538    0.001545  20230804  005  005  216
 -0.000746    0.001545  20230805  005  005  217
 -0.001225    0.001376  20230812  005  005  224
 -0.001151    0.001300  20230813  005  005  225
 -0.000892    0.001175  20230814  005  005  226
 -0.000599    0.001058  20230815  005  005  227
  0.000928    0.001021  20230816  005  005  228
  0.002169    0.001012  20230817  005  005  229
  0.003216    0.001061  20230818  005  005  230
  0.003191    0.001060  20230819  005  005  231
  0.003031    0.001065  20230820  005  005  232
  0.002876    0.001060  20230821  005  005  233
  0.002862    0.001051  20230822  005  005  234
  0.002806    0.001020  20230823  005  005  235
  0.002783    0.001007  20230824  005  005  236
  0.002976    0.001000  20230825  005  005  237
  0.003038    0.001000  20230826  005  005  238
  0.003016    0.001009  20230827  005  005  239
  0.003111    0.001047  20230828  005  005  240
  0.003298    0.001054  20230829  005  005  241
  0.003263    0.001084  20230830  005  005  242
  0.003382    0.001123  20230831  005  005  243
  0.003762    0.001134  20230901  005  005  244
  0.004285    0.001157  20230902  005  005  245
  0.004848    0.001196  20230903  005  005  246
  0.005348    0.001262  20230904  005  005  247
  0.005330    0.001281  20230905  005  005  248
  0.005423    0.001320  20230906  005  005  249
  0.005295    0.001399  20230907  005  005  250
  0.005171    0.001448  20230908  005  005  251
  0.005198    0.001500  20230909  005  005  252
  0.005190    0.001520  20230910  005  005  253
  0.005356    0.001542  20230911  005  005  254
  0.005529    0.001547  20230913  005  005  256
  0.005617    0.001552  20230914  005  005  257
  0.005652    0.001573  20230915  005  005  258
  0.005596    0.001587  20230916  005  005  259
  0.005637    0.001595  20230917  005  005  260
  0.006209    0.001722  20230918  005  005  261
  0.006493    0.001831  20230919  005  005  262
  0.006906    0.001894  20230920  005  005  263
  0.007534    0.001991  20230921  005  005  264
  0.007991    0.002080  20230922  005  005  265
  0.008014    0.002181  20230923  005  005  266
  0.007932    0.002297  20230924  005  005  267
  0.007859    0.002308  20230925  005  005  268
  0.007922    0.002323  20230926  005  005  269
  0.007875    0.002345  20230927  005  005  270
  0.007998    0.002354  20230928  005  005  271
  0.008169    0.002400  20230929  005  005  272
  0.008139    0.002443  20230930  005  005  273
  0.008207    0.002465  20231001  005  005  274
  0.008329    0.002419  20231002  005  005  275
  0.007716    0.002420  20231003  005  005  276
  0.007027    0.002315  20231004  005  005  277
  0.006753    0.002260  20231005  005  005  278
  0.006821    0.002228  20231006  005  005  279
  0.006654    0.002187  20231007  005  005  280
  0.006310    0.002176  20231008  005  005  281
  0.006021    0.002174  20231009  005  005  282
  0.005846    0.002163  20231010  005  005  283
  0.005334    0.002159  20231011  005  005  284
  0.004447    0.002080  20231012  005  005  285
  0.003688    0.002031  20231013  005  005  286
  0.003005    0.001991  20231014  005  005  287
  0.002631    0.001981  20231015  005  005  288
  0.002724    0.001810  20231017  005  005  290
  0.002569    0.001810  20231018  005  005  291
  0.002363    0.001778  20231019  005  005  292
  0.002297    0.001762  20231020  005  005  293
  0.002184    0.001798  20231021  005  005  294
  0.002047    0.001920  20231022  005  005  295
  0.001634    0.002058  20231023  005  005  296
  0.001368    0.002214  20231024  005  005  297
  0.001661    0.002437  20231025  005  005  298
  0.001633    0.002648  20231026  005  005  299
  0.001477    0.002920  20231027  005  005  300
  0.001119    0.003265  20231028  005  005  301
  0.001101    0.003384  20231029  005  005  302
  0.001389    0.003750  20231030  005  005  303
  0.001400    0.004002  20231031  005  005  304
  0.001214    0.004187  20231101  005  005  305
  0.001061    0.004293  20231102  005  005  306
  0.001001    0.004230  20231103  005  005  307
  0.000866    0.004148  20231104  005  005  308
  0.000764    0.004243  20231105  005  005  309
  0.000737    0.004294  20231106  005  005  310
  0.000543    0.004377  20231107  005  005  311
  0.000648    0.004420  20231108  005  005  312
  0.000700    0.004436  20231109  005  005  313
  0.000889    0.004393  20231110  005  005  314
  0.001105    0.004366  20231111  005  005  315
  0.001283    0.004383  20231112  005  005  316
  0.001300    0.004389  20231113  005  005  317
  0.001715    0.004471  20231114  005  005  318
  0.001841    0.004513  20231115  005  005  319
  0.002435    0.004592  20231116  005  005  320
  0.002301    0.004520  20231117  005  005  321
