 -0.007090    0.002659  20230609  004  004  160
 -0.006781    0.002670  20230610  004  004  161
 -0.006546    0.002665  20230611  004  004  162
 -0.006658    0.002674  20230612  004  004  163
 -0.006516    0.002611  20230613  004  004  164
 -0.006538    0.002617  20230614  004  004  165
 -0.006429    0.002586  20230615  004  004  166
 -0.006440    0.002413  20230616  004  004  167
 -0.006146    0.002349  20230617  004  004  168
 -0.005875    0.002340  20230618  004  004  169
 -0.005686    0.002351  20230619  004  004  170
 -0.005680    0.002306  20230620  004  004  171
 -0.005605    0.002152  20230621  004  004  172
 -0.005649    0.002109  20230622  004  004  173
 -0.005689    0.001981  20230623  004  004  174
 -0.005636    0.001962  20230624  004  004  175
 -0.005220    0.001840  20230625  004  004  176
 -0.005077    0.001785  20230626  004  004  177
 -0.004876    0.001665  20230627  004  004  178
 -0.004802    0.001586  20230628  004  004  179
 -0.004542    0.001578  20230629  004  004  180
 -0.004469    0.001477  20230630  004  004  181
 -0.004243    0.001409  20230701  004  004  182
 -0.004092    0.001449  20230702  004  004  183
 -0.003586    0.001430  20230703  004  004  184
 -0.003253    0.001467  20230704  004  004  185
 -0.002682    0.001455  20230706  004  004  187
 -0.002598    0.001375  20230707  004  004  188
 -0.002473    0.001353  20230708  004  004  189
 -0.002140    0.001394  20230709  004  004  190
 -0.001912    0.001320  20230710  004  004  191
 -0.001580    0.001277  20230711  004  004  192
 -0.001336    0.001222  20230712  004  004  193
 -0.001177    0.001193  20230713  004  004  194
 -0.001057    0.001170  20230714  004  004  195
 -0.000887    0.001069  20230715  004  004  196
 -0.000768    0.001121  20230716  004  004  197
 -0.000507    0.001027  20230717  004  004  198
 -0.000417    0.001041  20230718  004  004  199
 -0.000252    0.001020  20230719  004  004  200
  0.000048    0.000969  20230720  004  004  201
  0.000245    0.000920  20230721  004  004  202
  0.000371    0.000906  20230722  004  004  203
  0.000881    0.000892  20230723  004  004  204
  0.001180    0.000963  20230724  004  004  205
  0.001480    0.000965  20230725  004  004  206
  0.001639    0.001008  20230726  004  004  207
  0.001701    0.000945  20230727  004  004  208
  0.001887    0.000937  20230728  004  004  209
  0.002003    0.000997  20230729  004  004  210
  0.002166    0.001025  20230730  004  004  211
  0.002452    0.001006  20230731  004  004  212
  0.002780    0.000956  20230801  004  004  213
  0.002990    0.000974  20230802  004  004  214
  0.002809    0.000939  20230803  004  004  215
  0.002357    0.000851  20230804  004  004  216
  0.001894    0.000846  20230805  004  004  217
  0.001416    0.000895  20230812  004  004  224
  0.001179    0.000841  20230813  004  004  225
  0.001030    0.000819  20230814  004  004  226
  0.000937    0.000787  20230815  004  004  227
  0.001461    0.000742  20230816  004  004  228
  0.002289    0.001044  20230817  004  004  229
  0.002797    0.001193  20230818  004  004  230
  0.003143    0.001183  20230819  004  004  231
  0.003094    0.001225  20230820  004  004  232
  0.003258    0.001323  20230821  004  004  233
  0.003126    0.001165  20230822  004  004  234
  0.002960    0.001037  20230823  004  004  235
  0.002748    0.001091  20230824  004  004  236
  0.003058    0.001197  20230825  004  004  237
  0.003110    0.001170  20230826  004  004  238
  0.003103    0.001106  20230827  004  004  239
  0.003141    0.001131  20230828  004  004  240
  0.003315    0.001106  20230829  004  004  241
  0.003541    0.001015  20230830  004  004  242
  0.003746    0.001029  20230831  004  004  243
  0.003806    0.001069  20230901  004  004  244
  0.004073    0.001054  20230902  004  004  245
  0.004194    0.001039  20230903  004  004  246
  0.004389    0.001096  20230904  004  004  247
  0.004079    0.001203  20230905  004  004  248
  0.004102    0.001122  20230906  004  004  249
  0.003767    0.001131  20230907  004  004  250
  0.003726    0.001047  20230908  004  004  251
  0.003711    0.000999  20230909  004  004  252
  0.003744    0.000968  20230910  004  004  253
  0.003654    0.000970  20230911  004  004  254
  0.003461    0.000977  20230913  004  004  256
  0.003307    0.000979  20230914  004  004  257
  0.003084    0.001015  20230915  004  004  258
  0.002901    0.000964  20230916  004  004  259
  0.003025    0.000948  20230917  004  004  260
  0.003765    0.000830  20230918  004  004  261
  0.004237    0.000990  20230919  004  004  262
  0.004899    0.001045  20230920  004  004  263
  0.005081    0.001113  20230921  004  004  264
  0.005226    0.001197  20230922  004  004  265
  0.005053    0.001157  20230923  004  004  266
  0.005032    0.001138  20230924  004  004  267
  0.004768    0.001159  20230925  004  004  268
  0.004725    0.001138  20230926  004  004  269
  0.004653    0.001128  20230927  004  004  270
  0.004737    0.001204  20230928  004  004  271
  0.004714    0.001206  20230929  004  004  272
  0.004611    0.001245  20230930  004  004  273
  0.004661    0.001282  20231001  004  004  274
  0.004109    0.001208  20231002  004  004  275
  0.003244    0.001221  20231003  004  004  276
  0.002079    0.001303  20231004  004  004  277
  0.001116    0.001189  20231005  004  004  278
  0.001165    0.001343  20231006  004  004  279
  0.000519    0.001383  20231007  004  004  280
  0.000357    0.001289  20231008  004  004  281
  0.000017    0.001300  20231009  004  004  282
 -0.000355    0.001293  20231010  004  004  283
 -0.000809    0.001218  20231011  004  004  284
 -0.001776    0.001251  20231012  004  004  285
 -0.002692    0.001351  20231013  004  004  286
 -0.003538    0.001367  20231014  004  004  287
 -0.002930    0.001223  20231017  004  004  290
 -0.002604    0.001239  20231018  004  004  291
 -0.002753    0.001164  20231019  004  004  292
 -0.002768    0.001222  20231020  004  004  293
 -0.002911    0.001289  20231021  004  004  294
 -0.003248    0.001266  20231022  004  004  295
 -0.003336    0.001266  20231023  004  004  296
 -0.003418    0.001308  20231024  004  004  297
 -0.002616    0.001255  20231025  004  004  298
 -0.002426    0.001386  20231026  004  004  299
 -0.002541    0.001536  20231027  004  004  300
 -0.002738    0.001578  20231028  004  004  301
 -0.002715    0.001566  20231029  004  004  302
 -0.002385    0.001421  20231030  004  004  303
 -0.002454    0.001446  20231031  004  004  304
 -0.002503    0.001426  20231101  004  004  305
 -0.002295    0.001426  20231102  004  004  306
 -0.002115    0.001347  20231103  004  004  307
 -0.002053    0.001353  20231104  004  004  308
 -0.002071    0.001370  20231105  004  004  309
 -0.002004    0.001356  20231106  004  004  310
 -0.002019    0.001399  20231107  004  004  311
 -0.001812    0.001340  20231108  004  004  312
 -0.001385    0.001121  20231109  004  004  313
 -0.000775    0.001128  20231110  004  004  314
 -0.000744    0.001122  20231111  004  004  315
 -0.000719    0.001106  20231112  004  004  316
 -0.000848    0.001103  20231113  004  004  317
 -0.000509    0.001116  20231114  004  004  318
 -0.000386    0.001062  20231115  004  004  319
 -0.000277    0.001074  20231116  004  004  320
 -0.000452    0.001065  20231117  004  004  321
 -0.000581    0.000980  20231118  004  004  322
 -0.000484    0.001134  20231119  004  004  323
