  0.002899    0.002132  20230609  007  007  160
  0.002672    0.002134  20230610  007  007  161
  0.003138    0.002108  20230612  007  007  163
  0.003448    0.002195  20230613  007  007  164
  0.003933    0.002137  20230614  007  007  165
  0.004038    0.002079  20230615  007  007  166
  0.004698    0.002129  20230616  007  007  167
  0.004185    0.002262  20230617  007  007  168
  0.003696    0.002026  20230618  007  007  169
  0.003189    0.001889  20230619  007  007  170
  0.002897    0.001822  20230620  007  007  171
  0.003529    0.001977  20230621  007  007  172
  0.003474    0.002071  20230622  007  007  173
  0.003913    0.002013  20230623  007  007  174
  0.003291    0.001956  20230624  007  007  175
  0.002114    0.002027  20230625  007  007  176
  0.001723    0.001762  20230626  007  007  177
  0.001284    0.001794  20230627  007  007  178
  0.001252    0.001802  20230628  007  007  179
  0.001336    0.001862  20230629  007  007  180
  0.001474    0.001923  20230630  007  007  181
  0.001483    0.002038  20230701  007  007  182
  0.001222    0.002318  20230702  007  007  183
  0.001007    0.002346  20230703  007  007  184
  0.000265    0.002557  20230704  007  007  185
  0.000218    0.002709  20230706  007  007  187
  0.001105    0.002721  20230707  007  007  188
  0.001311    0.002917  20230708  007  007  189
  0.001168    0.003181  20230709  007  007  190
  0.001396    0.003023  20230710  007  007  191
  0.001960    0.002839  20230711  007  007  192
  0.001783    0.002919  20230712  007  007  193
  0.002146    0.002883  20230713  007  007  194
  0.002555    0.003051  20230714  007  007  195
  0.002842    0.003092  20230715  007  007  196
  0.002603    0.003129  20230716  007  007  197
  0.002939    0.003142  20230717  007  007  198
  0.002873    0.003162  20230718  007  007  199
  0.002568    0.003041  20230719  007  007  200
  0.002293    0.002742  20230720  007  007  201
  0.002023    0.002729  20230721  007  007  202
  0.001806    0.002599  20230722  007  007  203
  0.001323    0.002709  20230723  007  007  204
  0.000955    0.002753  20230724  007  007  205
  0.000841    0.002887  20230725  007  007  206
  0.000493    0.003004  20230726  007  007  207
  0.000414    0.002951  20230727  007  007  208
  0.000492    0.002979  20230728  007  007  209
  0.000597    0.002747  20230729  007  007  210
  0.000810    0.002968  20230730  007  007  211
  0.000723    0.002786  20230731  007  007  212
  0.000541    0.002684  20230801  007  007  213
  0.000113    0.002814  20230802  007  007  214
 -0.000133    0.002677  20230803  007  007  215
  0.000163    0.002735  20230804  007  007  216
  0.000848    0.002386  20230805  007  007  217
  0.001080    0.002346  20230806  007  007  218
  0.000753    0.002301  20230807  007  007  219
  0.002861    0.002824  20230812  007  007  224
  0.003151    0.003232  20230813  007  007  225
  0.003953    0.003267  20230814  007  007  226
  0.003701    0.003632  20230815  007  007  227
  0.005773    0.003799  20230816  007  007  228
  0.007138    0.004182  20230817  007  007  229
  0.007883    0.004520  20230818  007  007  230
  0.008293    0.004822  20230819  007  007  231
  0.009585    0.005487  20230820  007  007  232
  0.009532    0.005433  20230821  007  007  233
  0.009720    0.005380  20230822  007  007  234
  0.009613    0.005363  20230823  007  007  235
  0.009733    0.005350  20230824  007  007  236
  0.009855    0.005141  20230825  007  007  237
  0.009964    0.005564  20230826  007  007  238
  0.009718    0.005862  20230827  007  007  239
  0.009859    0.005775  20230828  007  007  240
  0.009032    0.005817  20230829  007  007  241
  0.008426    0.006038  20230830  007  007  242
  0.008759    0.006085  20230831  007  007  243
  0.008416    0.006090  20230901  007  007  244
  0.008467    0.006183  20230902  007  007  245
  0.008344    0.006382  20230903  007  007  246
  0.007860    0.006411  20230904  007  007  247
  0.007726    0.006656  20230905  007  007  248
  0.007585    0.006688  20230906  007  007  249
  0.008558    0.006658  20230907  007  007  250
  0.009058    0.006533  20230908  007  007  251
  0.009426    0.006747  20230909  007  007  252
  0.008917    0.006731  20230910  007  007  253
  0.008947    0.007035  20230911  007  007  254
  0.008896    0.007157  20230912  007  007  255
  0.009474    0.007196  20230913  007  007  256
  0.009439    0.007306  20230914  007  007  257
  0.009241    0.007367  20230915  007  007  258
 -0.018687         inf  20231024  007  007  297
 -0.019183         inf  20231025  007  007  298
 -0.018811         inf  20231026  007  007  299
 -0.018868    0.211157  20231027  007  007  300
 -0.018817    0.156125  20231028  007  007  301
 -0.018339    0.207669  20231029  007  007  302
 -0.018829    0.189787  20231030  007  007  303
 -0.020562    0.054037  20231031  007  007  304
 -0.021041    0.048525  20231101  007  007  305
 -0.021502    0.042496  20231102  007  007  306
 -0.022445    0.041163  20231103  007  007  307
 -0.022975    0.045522  20231104  007  007  308
 -0.021455    0.065440  20231105  007  007  309
 -0.020978    0.079052  20231106  007  007  310
 -0.021732    0.107195  20231107  007  007  311
 -0.022817    0.280961  20231108  007  007  312
 -0.023988         inf  20231109  007  007  313
 -0.023300    0.769614  20231110  007  007  314
 -0.024306         inf  20231111  007  007  315
 -0.024380         inf  20231112  007  007  316
 -0.024793         inf  20231113  007  007  317
 -0.024050         inf  20231114  007  007  318
 -0.023445         inf  20231115  007  007  319
 -0.023262         inf  20231116  007  007  320
 -0.023788         inf  20231117  007  007  321
 -0.023311         inf  20231118  007  007  322
 -0.023572         inf  20231119  007  007  323
 -0.023145         inf  20231120  007  007  324
