 -0.006456    0.003139  20230609  001  001  160
 -0.006513    0.003048  20230610  001  001  161
 -0.006345    0.003074  20230611  001  001  162
 -0.006487    0.003037  20230612  001  001  163
 -0.006450    0.003000  20230613  001  001  164
 -0.006280    0.002955  20230614  001  001  165
 -0.006038    0.002941  20230615  001  001  166
 -0.005118    0.002799  20230616  001  001  167
 -0.004448    0.002786  20230617  001  001  168
 -0.001306    0.002754  20230618  001  001  169
  0.000148    0.002709  20230619  001  001  170
  0.001890    0.002600  20230620  001  001  171
  0.001912    0.002528  20230621  001  001  172
  0.001703    0.002510  20230622  001  001  173
  0.001700    0.002485  20230623  001  001  174
  0.001556    0.002433  20230624  001  001  175
  0.001668    0.002423  20230625  001  001  176
  0.001498    0.002374  20230626  001  001  177
  0.001503    0.002325  20230627  001  001  178
  0.001248    0.002259  20230628  001  001  179
  0.000798    0.002260  20230629  001  001  180
  0.000391    0.002165  20230630  001  001  181
 -0.002805    0.002137  20230701  001  001  182
 -0.002964    0.002082  20230702  001  001  183
 -0.003466    0.002095  20230703  001  001  184
 -0.003718    0.002123  20230704  001  001  185
 -0.003804    0.002092  20230706  001  001  187
 -0.003948    0.002037  20230707  001  001  188
 -0.004043    0.001987  20230708  001  001  189
 -0.003919    0.001980  20230709  001  001  190
 -0.003725    0.001951  20230710  001  001  191
 -0.003639    0.001939  20230711  001  001  192
 -0.003629    0.001956  20230712  001  001  193
 -0.001807    0.001939  20230713  001  001  194
 -0.001901    0.001930  20230714  001  001  195
 -0.001762    0.001926  20230715  001  001  196
 -0.001982    0.001912  20230716  001  001  197
 -0.001852    0.001833  20230717  001  001  198
 -0.001648    0.001833  20230718  001  001  199
 -0.001551    0.001754  20230719  001  001  200
 -0.001430    0.001675  20230720  001  001  201
 -0.001373    0.001557  20230721  001  001  202
 -0.001060    0.001453  20230722  001  001  203
 -0.001024    0.001281  20230723  001  001  204
 -0.000738    0.001242  20230724  001  001  205
 -0.000764    0.001226  20230725  001  001  206
 -0.000555    0.001308  20230726  001  001  207
 -0.000458    0.001273  20230727  001  001  208
 -0.000477    0.001200  20230728  001  001  209
 -0.000557    0.001063  20230729  001  001  210
 -0.000638    0.000954  20230730  001  001  211
 -0.000776    0.000907  20230731  001  001  212
 -0.000901    0.000910  20230801  001  001  213
 -0.000866    0.000956  20230802  001  001  214
  0.000051    0.001056  20230803  001  001  215
  0.000279    0.001239  20230804  001  001  216
  0.000891    0.001314  20230805  001  001  217
  0.000423    0.001306  20230806  001  001  218
  0.000487    0.001356  20230807  001  001  219
  0.000617    0.001388  20230808  001  001  220
  0.002079    0.001490  20230812  001  001  224
  0.002859    0.001445  20230813  001  001  225
  0.003607    0.001477  20230814  001  001  226
  0.004449    0.001514  20230815  001  001  227
  0.003935    0.001511  20230816  001  001  228
  0.004201    0.001335  20230817  001  001  229
  0.003865    0.001246  20230818  001  001  230
  0.004051    0.001309  20230819  001  001  231
  0.003920    0.001380  20230820  001  001  232
  0.003341    0.001421  20230821  001  001  233
  0.003075    0.001430  20230822  001  001  234
  0.003216    0.001360  20230823  001  001  235
  0.003375    0.001294  20230824  001  001  236
  0.003150    0.001316  20230825  001  001  237
  0.002933    0.001396  20230826  001  001  238
  0.002546    0.001492  20230827  001  001  239
  0.002080    0.001577  20230828  001  001  240
  0.002055    0.001645  20230829  001  001  241
  0.001747    0.001722  20230830  001  001  242
  0.001660    0.001756  20230831  001  001  243
  0.001594    0.001696  20230901  001  001  244
  0.001960    0.001589  20230902  001  001  245
  0.002306    0.001575  20230903  001  001  246
  0.002630    0.001563  20230904  001  001  247
  0.003471    0.001559  20230905  001  001  248
  0.003800    0.001521  20230906  001  001  249
  0.004265    0.001523  20230907  001  001  250
  0.004038    0.001487  20230908  001  001  251
  0.004305    0.001472  20230909  001  001  252
  0.004635    0.001414  20230910  001  001  253
  0.004852    0.001383  20230911  001  001  254
  0.004985    0.001405  20230913  001  001  256
  0.004685    0.001403  20230914  001  001  257
  0.004411    0.001339  20230915  001  001  258
  0.003888    0.001299  20230916  001  001  259
  0.003101    0.001314  20230917  001  001  260
  0.001823    0.001283  20230918  001  001  261
  0.001703    0.001336  20230919  001  001  262
  0.000567    0.001362  20230920  001  001  263
  0.000235    0.001302  20230921  001  001  264
  0.000088    0.001224  20230922  001  001  265
 -0.000048    0.001253  20230923  001  001  266
 -0.000572    0.001433  20230924  001  001  267
 -0.000437    0.001474  20230925  001  001  268
 -0.000307    0.001586  20230926  001  001  269
 -0.000068    0.001790  20230927  001  001  270
  0.000057    0.001924  20230928  001  001  271
  0.000329    0.002091  20230929  001  001  272
  0.000568    0.002303  20230930  001  001  273
  0.000898    0.002462  20231001  001  001  274
  0.001496    0.002426  20231002  001  001  275
  0.002885    0.002431  20231003  001  001  276
  0.002823    0.002187  20231004  001  001  277
  0.002788    0.002016  20231005  001  001  278
  0.002970    0.001886  20231006  001  001  279
  0.003087    0.001889  20231007  001  001  280
  0.002693    0.001804  20231008  001  001  281
  0.002823    0.001741  20231009  001  001  282
  0.002617    0.001580  20231010  001  001  283
  0.002217    0.001539  20231011  001  001  284
  0.001110    0.001437  20231012  001  001  285
  0.001180    0.001264  20231013  001  001  286
  0.000512    0.001131  20231014  001  001  287
  0.000408    0.001149  20231018  001  001  291
  0.000095    0.001224  20231019  001  001  292
 -0.000254    0.001178  20231020  001  001  293
 -0.000151    0.001203  20231021  001  001  294
 -0.000398    0.001308  20231022  001  001  295
  0.000051    0.001388  20231023  001  001  296
  0.000147    0.001434  20231024  001  001  297
  0.000010    0.001394  20231025  001  001  298
  0.000277    0.001438  20231026  001  001  299
 -0.000150    0.001560  20231027  001  001  300
 -0.000195    0.001630  20231028  001  001  301
 -0.000143    0.001668  20231029  001  001  302
 -0.000122    0.001672  20231030  001  001  303
  0.000199    0.001721  20231031  001  001  304
  0.000041    0.001737  20231101  001  001  305
 -0.000206    0.001767  20231102  001  001  306
 -0.000315    0.001766  20231103  001  001  307
 -0.000176    0.001737  20231104  001  001  308
 -0.000831    0.001838  20231105  001  001  309
 -0.001085    0.001873  20231106  001  001  310
 -0.000904    0.001913  20231107  001  001  311
 -0.001209    0.001977  20231108  001  001  312
 -0.001333    0.001982  20231109  001  001  313
 -0.001469    0.002004  20231110  001  001  314
 -0.001707    0.002031  20231111  001  001  315
 -0.001587    0.002092  20231112  001  001  316
 -0.001713    0.002094  20231113  001  001  317
 -0.001714    0.002121  20231114  001  001  318
 -0.001593    0.002175  20231115  001  001  319
 -0.001743    0.002225  20231116  001  001  320
 -0.001953    0.002218  20231117  001  001  321
 -0.001862    0.002243  20231118  001  001  322
 -0.001938    0.002380  20231119  001  001  323
 -0.001865    0.002443  20231120  001  001  324
