 -0.003985    0.002626  20230610  006a  006a  161
 -0.004018    0.002406  20230611  006a  006a  162
 -0.005334    0.002021  20230612  006a  006a  163
 -0.005621    0.001913  20230613  006a  006a  164
 -0.005555    0.001891  20230614  006a  006a  165
 -0.005364    0.001896  20230615  006a  006a  166
 -0.006946    0.001877  20230616  006a  006a  167
 -0.007687    0.001973  20230617  006a  006a  168
 -0.006932    0.001958  20230618  006a  006a  169
 -0.007169    0.001885  20230620  006a  006a  171
 -0.006937    0.001811  20230621  006a  006a  172
 -0.007487    0.001927  20230622  006a  006a  173
 -0.007751    0.001921  20230623  006a  006a  174
 -0.007385    0.001904  20230624  006a  006a  175
 -0.005894    0.001862  20230625  006a  006a  176
 -0.005634    0.001806  20230626  006a  006a  177
 -0.005549    0.001695  20230627  006a  006a  178
 -0.005544    0.001595  20230628  006a  006a  179
 -0.003730    0.001238  20230629  006a  006a  180
 -0.002705    0.001170  20230630  006a  006a  181
 -0.002472    0.001092  20230701  006a  006a  182
 -0.001927    0.001040  20230702  006a  006a  183
 -0.000955    0.001031  20230703  006a  006a  184
 -0.001329    0.000940  20230704  006a  006a  185
 -0.000971    0.000895  20230706  006a  006a  187
 -0.001414    0.000859  20230707  006a  006a  188
 -0.001587    0.000868  20230708  006a  006a  189
 -0.001887    0.000960  20230709  006a  006a  190
 -0.001897    0.001001  20230710  006a  006a  191
 -0.002147    0.001049  20230711  006a  006a  192
 -0.002415    0.001067  20230712  006a  006a  193
 -0.002495    0.001093  20230713  006a  006a  194
 -0.002061    0.001074  20230714  006a  006a  195
 -0.001738    0.001034  20230715  006a  006a  196
 -0.000500    0.001057  20230716  006a  006a  197
  0.000766    0.001026  20230717  006a  006a  198
  0.000854    0.000983  20230718  006a  006a  199
  0.000917    0.000964  20230719  006a  006a  200
  0.001201    0.000987  20230720  006a  006a  201
  0.001463    0.000979  20230721  006a  006a  202
  0.002255    0.001088  20230722  006a  006a  203
  0.002441    0.001138  20230723  006a  006a  204
  0.002611    0.001196  20230724  006a  006a  205
  0.003004    0.001280  20230725  006a  006a  206
  0.003243    0.001348  20230726  006a  006a  207
  0.003573    0.001331  20230727  006a  006a  208
  0.003984    0.001308  20230728  006a  006a  209
  0.004213    0.001260  20230729  006a  006a  210
  0.004145    0.001292  20230730  006a  006a  211
  0.004340    0.001343  20230731  006a  006a  212
  0.004683    0.001421  20230801  006a  006a  213
