 -0.008088    0.005339  20230609  002  002  160
 -0.008250    0.005276  20230610  002  002  161
 -0.008458    0.005391  20230611  002  002  162
 -0.008764    0.005448  20230612  002  002  163
 -0.009090    0.005420  20230613  002  002  164
 -0.008589    0.005369  20230614  002  002  165
 -0.008585    0.005363  20230615  002  002  166
 -0.008608    0.005429  20230616  002  002  167
 -0.008328    0.005313  20230617  002  002  168
 -0.007737    0.005224  20230618  002  002  169
 -0.006809    0.004956  20230619  002  002  170
 -0.006455    0.004795  20230620  002  002  171
 -0.005788    0.004615  20230621  002  002  172
 -0.005703    0.004565  20230622  002  002  173
 -0.005362    0.004438  20230623  002  002  174
 -0.004838    0.004322  20230624  002  002  175
 -0.004347    0.004266  20230625  002  002  176
 -0.003827    0.004198  20230626  002  002  177
 -0.003935    0.004142  20230627  002  002  178
 -0.003567    0.004043  20230628  002  002  179
 -0.003254    0.003931  20230629  002  002  180
 -0.003298    0.003956  20230630  002  002  181
 -0.003320    0.003924  20230701  002  002  182
 -0.003698    0.003969  20230702  002  002  183
 -0.003906    0.004062  20230703  002  002  184
 -0.004098    0.004287  20230704  002  002  185
 -0.003962    0.004310  20230706  002  002  187
  0.001529    0.004362  20230707  002  002  188
  0.001755    0.004378  20230708  002  002  189
  0.001638    0.004504  20230709  002  002  190
  0.001427    0.004550  20230710  002  002  191
  0.001202    0.004576  20230711  002  002  192
  0.001005    0.004633  20230712  002  002  193
  0.000571    0.004674  20230713  002  002  194
  0.000122    0.004659  20230714  002  002  195
  0.000043    0.004635  20230715  002  002  196
 -0.000674    0.004598  20230716  002  002  197
 -0.001092    0.004437  20230717  002  002  198
 -0.001141    0.004380  20230718  002  002  199
 -0.001388    0.004324  20230719  002  002  200
 -0.001669    0.004260  20230720  002  002  201
 -0.001724    0.003966  20230721  002  002  202
 -0.005321    0.003498  20230722  002  002  203
 -0.005244    0.003074  20230723  002  002  204
 -0.004897    0.003072  20230724  002  002  205
 -0.004779    0.003146  20230725  002  002  206
 -0.005007    0.003236  20230726  002  002  207
 -0.004809    0.003195  20230727  002  002  208
 -0.004245    0.003121  20230728  002  002  209
 -0.000977    0.002666  20230729  002  002  210
 -0.000684    0.002443  20230730  002  002  211
 -0.003470    0.002330  20230731  002  002  212
 -0.003266    0.002249  20230801  002  002  213
 -0.003034    0.002225  20230802  002  002  214
 -0.001721    0.002259  20230803  002  002  215
 -0.001705    0.002236  20230804  002  002  216
 -0.001128    0.002325  20230805  002  002  217
 -0.000768    0.002423  20230806  002  002  218
 -0.000799    0.002523  20230807  002  002  219
 -0.001830    0.002603  20230812  002  002  224
 -0.001205    0.002517  20230813  002  002  225
 -0.000900    0.002486  20230814  002  002  226
 -0.000864    0.002440  20230815  002  002  227
 -0.001242    0.002363  20230816  002  002  228
 -0.001042    0.002379  20230817  002  002  229
 -0.001430    0.002207  20230818  002  002  230
 -0.001857    0.002084  20230819  002  002  231
 -0.002003    0.002061  20230820  002  002  232
 -0.001849    0.002045  20230821  002  002  233
 -0.001910    0.002006  20230822  002  002  234
 -0.001760    0.001895  20230823  002  002  235
 -0.001596    0.001862  20230824  002  002  236
 -0.001384    0.001801  20230825  002  002  237
 -0.001464    0.001729  20230826  002  002  238
 -0.001227    0.001740  20230827  002  002  239
 -0.001081    0.001773  20230828  002  002  240
 -0.000781    0.001767  20230829  002  002  241
 -0.000733    0.001885  20230830  002  002  242
 -0.000535    0.001903  20230831  002  002  243
 -0.000514    0.001856  20230901  002  002  244
 -0.000439    0.001725  20230902  002  002  245
 -0.000463    0.001696  20230903  002  002  246
 -0.000173    0.001676  20230904  002  002  247
 -0.000202    0.001702  20230905  002  002  248
 -0.000254    0.001617  20230906  002  002  249
 -0.000613    0.001615  20230907  002  002  250
 -0.000730    0.001556  20230908  002  002  251
 -0.000773    0.001483  20230909  002  002  252
 -0.000508    0.001389  20230910  002  002  253
 -0.000361    0.001346  20230911  002  002  254
  0.000080    0.001295  20230913  002  002  256
  0.000294    0.001250  20230914  002  002  257
  0.000477    0.001262  20230915  002  002  258
  0.000620    0.001399  20230916  002  002  259
  0.000745    0.001603  20230917  002  002  260
  0.000849    0.001823  20230918  002  002  261
  0.000961    0.002036  20230919  002  002  262
  0.001060    0.002255  20230920  002  002  263
  0.001380    0.002256  20230921  002  002  264
  0.001043    0.002218  20230922  002  002  265
  0.000613    0.002156  20230923  002  002  266
  0.000823    0.002272  20230924  002  002  267
  0.000686    0.002184  20230925  002  002  268
  0.000571    0.002184  20230926  002  002  269
  0.000352    0.002166  20230927  002  002  270
  0.000162    0.002134  20230928  002  002  271
 -0.000057    0.002175  20230929  002  002  272
 -0.000486    0.002362  20230930  002  002  273
 -0.000589    0.002560  20231001  002  002  274
 -0.000450    0.002655  20231002  002  002  275
 -0.000266    0.002718  20231003  002  002  276
 -0.000210    0.002698  20231004  002  002  277
  0.000000    0.002659  20231005  002  002  278
  0.000000    0.002625  20231006  002  002  279
  0.000000    0.002584  20231007  002  002  280
  0.000000    0.002589  20231008  002  002  281
  0.000000    0.002546  20231009  002  002  282
  0.000000    0.002556  20231010  002  002  283
  0.000109    0.002530  20231011  002  002  284
  0.000331    0.002573  20231012  002  002  285
  0.000546    0.002459  20231013  002  002  286
  0.000760    0.002363  20231014  002  002  287
  0.000813    0.002223  20231017  002  002  290
  0.000726    0.002139  20231018  002  002  291
  0.000665    0.002053  20231019  002  002  292
  0.000722    0.001943  20231020  002  002  293
  0.000844    0.001879  20231021  002  002  294
  0.000773    0.001917  20231022  002  002  295
  0.000933    0.001875  20231023  002  002  296
  0.001194    0.001908  20231024  002  002  297
  0.000589    0.001931  20231025  002  002  298
  0.000322    0.002015  20231027  002  002  300
  0.000187    0.001882  20231028  002  002  301
  0.000163    0.001847  20231029  002  002  302
 -0.000313    0.001830  20231030  002  002  303
 -0.000050    0.001735  20231031  002  002  304
  0.000135    0.001633  20231101  002  002  305
  0.000306    0.001634  20231102  002  002  306
  0.000268    0.001610  20231103  002  002  307
  0.000302    0.001704  20231104  002  002  308
  0.000069    0.001917  20231105  002  002  309
  0.000110    0.002006  20231106  002  002  310
  0.000112    0.002135  20231107  002  002  311
  0.000061    0.002124  20231108  002  002  312
  0.000016    0.002241  20231109  002  002  313
  0.000149    0.002307  20231110  002  002  314
  0.000107    0.002379  20231111  002  002  315
  0.000134    0.002407  20231112  002  002  316
  0.000000    0.002473  20231113  002  002  317
  0.000214    0.002542  20231114  002  002  318
  0.000474    0.002644  20231115  002  002  319
  0.000847    0.002763  20231116  002  002  320
  0.001273    0.002929  20231117  002  002  321
  0.001823    0.003184  20231118  002  002  322
  0.001908    0.003466  20231119  002  002  323
  0.001941    0.003735  20231120  002  002  324
