 -0.002999    0.004708  20230610  006a  006a  161
 -0.002718    0.004284  20230611  006a  006a  162
 -0.002384    0.003222  20230612  006a  006a  163
 -0.003452    0.002930  20230613  006a  006a  164
 -0.003360    0.002712  20230614  006a  006a  165
 -0.002647    0.002651  20230615  006a  006a  166
 -0.001398    0.002686  20230616  006a  006a  167
  0.001423    0.002935  20230617  006a  006a  168
  0.001454    0.003540  20230618  006a  006a  169
  0.001743    0.003983  20230620  006a  006a  171
  0.001696    0.003727  20230621  006a  006a  172
  0.000507    0.003408  20230622  006a  006a  173
  0.000630    0.003543  20230623  006a  006a  174
  0.000666    0.003308  20230624  006a  006a  175
  0.001858    0.003026  20230625  006a  006a  176
  0.002159    0.003016  20230626  006a  006a  177
  0.002222    0.002946  20230627  006a  006a  178
  0.001691    0.003028  20230628  006a  006a  179
  0.000598    0.002450  20230629  006a  006a  180
 -0.000118    0.001896  20230630  006a  006a  181
 -0.000434    0.001338  20230701  006a  006a  182
 -0.000367    0.001175  20230702  006a  006a  183
  0.000019    0.001143  20230703  006a  006a  184
  0.000133    0.001083  20230704  006a  006a  185
  0.000372    0.000995  20230706  006a  006a  187
  0.000192    0.000808  20230707  006a  006a  188
 -0.000076    0.000924  20230708  006a  006a  189
 -0.000012    0.000896  20230709  006a  006a  190
 -0.000115    0.001029  20230710  006a  006a  191
 -0.000214    0.001161  20230711  006a  006a  192
 -0.000151    0.001291  20230712  006a  006a  193
 -0.000299    0.001302  20230713  006a  006a  194
 -0.000522    0.001484  20230714  006a  006a  195
 -0.000751    0.001506  20230715  006a  006a  196
 -0.000558    0.001601  20230716  006a  006a  197
 -0.000643    0.001631  20230717  006a  006a  198
 -0.000677    0.001576  20230718  006a  006a  199
 -0.000424    0.001485  20230719  006a  006a  200
 -0.000398    0.001395  20230720  006a  006a  201
 -0.000043    0.001247  20230721  006a  006a  202
 -0.000032    0.001176  20230722  006a  006a  203
  0.000163    0.001073  20230723  006a  006a  204
  0.000407    0.001018  20230724  006a  006a  205
  0.000469    0.001005  20230725  006a  006a  206
  0.000533    0.001048  20230726  006a  006a  207
  0.000620    0.001014  20230727  006a  006a  208
  0.000766    0.000966  20230728  006a  006a  209
  0.000530    0.000944  20230729  006a  006a  210
  0.000593    0.000926  20230730  006a  006a  211
  0.000723    0.000936  20230731  006a  006a  212
  0.000720    0.000919  20230801  006a  006a  213
