 -0.008537    0.002225  20230609  005  005  160
 -0.008201    0.002201  20230610  005  005  161
 -0.007873    0.002265  20230611  005  005  162
 -0.007768    0.002174  20230612  005  005  163
 -0.007807    0.002098  20230613  005  005  164
 -0.007807    0.002061  20230614  005  005  165
 -0.007905    0.002018  20230615  005  005  166
 -0.007854    0.001881  20230616  005  005  167
 -0.007791    0.001832  20230617  005  005  168
 -0.007733    0.001799  20230618  005  005  169
 -0.007573    0.001841  20230619  005  005  170
 -0.007516    0.001841  20230620  005  005  171
 -0.007558    0.001754  20230621  005  005  172
 -0.007582    0.001729  20230622  005  005  173
 -0.007561    0.001685  20230623  005  005  174
 -0.007725    0.001641  20230624  005  005  175
 -0.007619    0.001679  20230625  005  005  176
 -0.007462    0.001650  20230626  005  005  177
 -0.007404    0.001561  20230627  005  005  178
 -0.007285    0.001487  20230628  005  005  179
 -0.007320    0.001408  20230629  005  005  180
 -0.007348    0.001330  20230630  005  005  181
 -0.007150    0.001282  20230701  005  005  182
 -0.006986    0.001249  20230702  005  005  183
 -0.006712    0.001244  20230703  005  005  184
 -0.006367    0.001289  20230704  005  005  185
 -0.006139    0.001211  20230706  005  005  187
 -0.005973    0.001129  20230707  005  005  188
 -0.005906    0.001103  20230708  005  005  189
 -0.005733    0.001133  20230709  005  005  190
 -0.005566    0.001128  20230710  005  005  191
 -0.005236    0.001144  20230711  005  005  192
 -0.004970    0.001161  20230712  005  005  193
 -0.004774    0.001188  20230713  005  005  194
 -0.004650    0.001200  20230714  005  005  195
 -0.004544    0.001207  20230715  005  005  196
 -0.004360    0.001250  20230716  005  005  197
 -0.004383    0.001252  20230717  005  005  198
 -0.004290    0.001248  20230718  005  005  199
 -0.004155    0.001289  20230719  005  005  200
 -0.004164    0.001297  20230720  005  005  201
 -0.004080    0.001349  20230721  005  005  202
 -0.004019    0.001399  20230722  005  005  203
 -0.003867    0.001414  20230723  005  005  204
 -0.003761    0.001453  20230724  005  005  205
 -0.003497    0.001432  20230725  005  005  206
 -0.003242    0.001392  20230726  005  005  207
 -0.003108    0.001377  20230727  005  005  208
 -0.003117    0.001410  20230728  005  005  209
 -0.003003    0.001399  20230729  005  005  210
 -0.002736    0.001400  20230730  005  005  211
 -0.002632    0.001413  20230731  005  005  212
 -0.002317    0.001433  20230801  005  005  213
 -0.001924    0.001410  20230802  005  005  214
 -0.001906    0.001432  20230803  005  005  215
 -0.002323    0.001412  20230804  005  005  216
 -0.002332    0.001476  20230805  005  005  217
 -0.002529    0.001782  20230812  005  005  224
 -0.001923    0.001689  20230813  005  005  225
 -0.001663    0.001693  20230814  005  005  226
 -0.001457    0.001622  20230815  005  005  227
 -0.000889    0.001587  20230816  005  005  228
  0.000254    0.001604  20230817  005  005  229
  0.001345    0.001261  20230818  005  005  230
  0.001347    0.001319  20230819  005  005  231
  0.001320    0.001352  20230820  005  005  232
  0.001194    0.001306  20230821  005  005  233
  0.001241    0.001258  20230822  005  005  234
  0.001195    0.001271  20230823  005  005  235
  0.001250    0.001229  20230824  005  005  236
  0.001526    0.001374  20230825  005  005  237
  0.001530    0.001340  20230826  005  005  238
  0.001691    0.001311  20230827  005  005  239
  0.001850    0.001284  20230828  005  005  240
  0.002015    0.001308  20230829  005  005  241
  0.001966    0.001347  20230830  005  005  242
  0.001977    0.001403  20230831  005  005  243
  0.002313    0.001423  20230901  005  005  244
  0.002568    0.001463  20230902  005  005  245
  0.002804    0.001492  20230903  005  005  246
  0.002827    0.001432  20230904  005  005  247
  0.002651    0.001396  20230905  005  005  248
  0.002495    0.001358  20230906  005  005  249
  0.002405    0.001291  20230907  005  005  250
  0.002417    0.001304  20230908  005  005  251
  0.002166    0.001286  20230909  005  005  252
  0.001982    0.001255  20230910  005  005  253
  0.001926    0.001243  20230911  005  005  254
  0.002157    0.001060  20230913  005  005  256
  0.002222    0.000976  20230914  005  005  257
  0.002412    0.000867  20230915  005  005  258
  0.002671    0.000825  20230916  005  005  259
  0.002962    0.000818  20230917  005  005  260
  0.003760    0.000778  20230918  005  005  261
  0.004310    0.000859  20230919  005  005  262
  0.004747    0.000965  20230920  005  005  263
  0.005128    0.001049  20230921  005  005  264
  0.005595    0.001145  20230922  005  005  265
  0.005852    0.001225  20230923  005  005  266
  0.006171    0.001326  20230924  005  005  267
  0.006145    0.001330  20230925  005  005  268
  0.006181    0.001315  20230926  005  005  269
  0.006327    0.001340  20230927  005  005  270
  0.006348    0.001402  20230928  005  005  271
  0.006357    0.001462  20230929  005  005  272
  0.006375    0.001559  20230930  005  005  273
  0.006497    0.001617  20231001  005  005  274
  0.006134    0.001618  20231002  005  005  275
  0.005861    0.001795  20231003  005  005  276
  0.005325    0.001883  20231004  005  005  277
  0.004563    0.001798  20231005  005  005  278
  0.004405    0.001876  20231006  005  005  279
  0.004262    0.001858  20231007  005  005  280
  0.004151    0.001844  20231008  005  005  281
  0.004076    0.001934  20231009  005  005  282
  0.003670    0.001891  20231010  005  005  283
  0.003384    0.001928  20231011  005  005  284
  0.002665    0.001966  20231012  005  005  285
  0.002288    0.001945  20231013  005  005  286
  0.001229    0.001954  20231014  005  005  287
  0.001124    0.001978  20231015  005  005  288
  0.000637    0.001699  20231017  005  005  290
  0.001074    0.001676  20231018  005  005  291
  0.001008    0.001607  20231019  005  005  292
  0.000642    0.001721  20231020  005  005  293
  0.000446    0.001771  20231021  005  005  294
  0.000240    0.001839  20231022  005  005  295
  0.000317    0.001901  20231023  005  005  296
  0.000496    0.001819  20231024  005  005  297
  0.001210    0.001884  20231025  005  005  298
  0.001798    0.002050  20231026  005  005  299
  0.001699    0.002041  20231027  005  005  300
  0.001995    0.002085  20231028  005  005  301
  0.002038    0.002049  20231029  005  005  302
  0.002679    0.001871  20231030  005  005  303
  0.002645    0.001857  20231031  005  005  304
  0.002692    0.001839  20231101  005  005  305
  0.002653    0.001780  20231102  005  005  306
  0.002712    0.001779  20231103  005  005  307
  0.002762    0.001777  20231104  005  005  308
  0.002844    0.001733  20231105  005  005  309
  0.003093    0.001719  20231106  005  005  310
  0.003119    0.001760  20231107  005  005  311
  0.003041    0.001651  20231108  005  005  312
  0.003269    0.001644  20231109  005  005  313
  0.003271    0.001630  20231110  005  005  314
  0.003428    0.001685  20231111  005  005  315
  0.003587    0.001755  20231112  005  005  316
  0.003729    0.001792  20231113  005  005  317
  0.003794    0.001779  20231114  005  005  318
  0.003854    0.001821  20231115  005  005  319
  0.003846    0.001760  20231116  005  005  320
  0.003593    0.001730  20231117  005  005  321
