 -0.01598000   0.01307621   0.61079931 0.0 158 20230607 001 001
 -0.01616000   0.01243200   0.63007528 0.0 164 20230613 001 001
 -0.01544000   0.01282464   0.61822885 0.0 165 20230614 001 001
 -0.01392000   0.01306493   0.61112976 0.0 172 20230621 001 001
 -0.01432000   0.01215307   0.63867700 0.0 173 20230622 001 001
 -0.01442000   0.01180905   0.64949900 0.0 174 20230623 001 001
 -0.01418000   0.01216474   0.63831395 0.0 177 20230626 001 001
 -0.01426000   0.01128903   0.66630101 0.0 178 20230627 001 001
 -0.01404000   0.01125251   0.66750079 0.0 179 20230628 001 001
 -0.01352000   0.01137956   0.66333783 0.0 181 20230630 001 001
 -0.01300000   0.01164792   0.65464848 0.0 184 20230703 001 001
 -0.01312000   0.01137344   0.66353750 0.0 185 20230704 001 001
 -0.01288000   0.01138733   0.66308433 0.0 187 20230706 001 001
 -0.01312000   0.01101963   0.67521238 0.0 188 20230707 001 001
 -0.01268000   0.01088176   0.67982680 0.0 189 20230708 001 001
 -0.01244000   0.01019279   0.70341730 0.0 190 20230709 001 001
 -0.01228000   0.01005779   0.70814019 0.0 191 20230710 001 001
 -0.01222000   0.00995312   0.71182340 0.0 192 20230711 001 001
 -0.01236000   0.00995392   0.71179533 0.0 193 20230712 001 001
 -0.01260000   0.00988927   0.71407950 0.0 194 20230713 001 001
 -0.01246000   0.00974158   0.71932441 0.0 195 20230714 001 001
 -0.01230000   0.00978226   0.71787596 0.0 196 20230715 001 001
 -0.01264000   0.00958247   0.72501439 0.0 198 20230717 001 001
 -0.01260000   0.00967450   0.72171843 0.0 199 20230718 001 001
 -0.01206000   0.01012397   0.70582098 0.0 200 20230719 001 001
 -0.01198000   0.01021691   0.70257705 0.0 201 20230720 001 001
 -0.01178000   0.01059656   0.68948627 0.0 202 20230721 001 001
 -0.01164000   0.01082422   0.68176341 0.0 203 20230722 001 001
 -0.01126000   0.01067529   0.68680477 0.0 204 20230723 001 001
 -0.01096000   0.01047152   0.69376904 0.0 205 20230724 001 001
 -0.01072000   0.01042352   0.69542056 0.0 206 20230725 001 001
 -0.01064000   0.01059945   0.68938768 0.0 207 20230726 001 001
 -0.01064000   0.01098190   0.67647165 0.0 209 20230728 001 001
 -0.01082000   0.01076767   0.68367285 0.0 210 20230729 001 001
 -0.01060000   0.01058012   0.69004756 0.0 211 20230730 001 001
 -0.01026000   0.01077119   0.68355358 0.0 212 20230731 001 001
 -0.01036000   0.01071057   0.68560678 0.0 213 20230801 001 001
 -0.01024000   0.01124511   0.66774434 0.0 214 20230802 001 001
 -0.00994000   0.01487855   0.56116205 0.0 224 20230812 001 001
 -0.01286000   0.01536270   0.54886478 0.0 226 20230814 001 001
 -0.01094000   0.01263311   0.62396908 0.0 227 20230815 001 001
 -0.00912000   0.01320971   0.60690743 0.0 228 20230816 001 001
 -0.00858000   0.01356193   0.59680718 0.0 229 20230817 001 001
 -0.00964000   0.01350527   0.59841537 0.0 230 20230818 001 001
 -0.00898000   0.01408896   0.58214390 0.0 231 20230819 001 001
 -0.00878000   0.01389444   0.58749348 0.0 233 20230821 001 001
 -0.00944000   0.01416171   0.58016145 0.0 234 20230822 001 001
 -0.00888000   0.01358570   0.59613431 0.0 237 20230825 001 001
 -0.00890000   0.01369235   0.59312850 0.0 238 20230826 001 001
 -0.00860000   0.01378181   0.59062433 0.0 240 20230828 001 001
 -0.00872000   0.01315267   0.60856599 0.0 241 20230829 001 001
 -0.00884000   0.01282841   0.61811650 0.0 242 20230830 001 001
 -0.00818000   0.01353900   0.59745717 0.0 243 20230831 001 001
 -0.00888000   0.01261398   0.62454659 0.0 244 20230901 001 001
 -0.00922000   0.01215596   0.63858706 0.0 245 20230902 001 001
 -0.01004000   0.01201211   0.64308286 0.0 250 20230907 001 001
 -0.00984000   0.01123380   0.66811633 0.0 251 20230908 001 001
 -0.00952000   0.01118473   0.66973430 0.0 252 20230909 001 001
 -0.00942000   0.01141835   0.66207308 0.0 254 20230911 001 001
 -0.00986000   0.01015779   0.70463872 0.0 256 20230913 001 001
 -0.00972000   0.01167183   0.65388083 0.0 257 20230914 001 001
 -0.00906000   0.01200368   0.64334756 0.0 258 20230915 001 001
 -0.00918000   0.01199440   0.64363909 0.0 259 20230916 001 001
 -0.00920000   0.01199861   0.64350694 0.0 261 20230918 001 001
 -0.00892000   0.01243721   0.62991607 0.0 262 20230919 001 001
 -0.00864000   0.01305804   0.61133170 0.0 263 20230920 001 001
 -0.00878000   0.01402449   0.58390898 0.0 264 20230921 001 001
 -0.00960000   0.01380196   0.59006232 0.0 266 20230923 001 001
 -0.00992000   0.01370046   0.59290075 0.0 267 20230924 001 001
 -0.01008000   0.01384262   0.58893090 0.0 268 20230925 001 001
 -0.00948000   0.01433544   0.57546848 0.0 269 20230926 001 001
 -0.00900000   0.01371554   0.59247792 0.0 270 20230927 001 001
 -0.00910000   0.01427827   0.57700658 0.0 271 20230928 001 001
 -0.00884000   0.01487536   0.56124437 0.0 272 20230929 001 001
 -0.00898000   0.01532685   0.54976094 0.0 273 20230930 001 001
 -0.00862000   0.01568847   0.54082608 0.0 274 20231001 001 001
 -0.00746000   0.01808127   0.48719597 0.0 283 20231010 001 001
 -0.00558000   0.01928265   0.46353152 0.0 286 20231013 001 001
 -0.00722000   0.01951623   0.45915887 0.0 292 20231019 001 001
 -0.00820000   0.01760663   0.49711636 0.0 293 20231020 001 001
 -0.00884000   0.01675997   0.51567060 0.0 295 20231022 001 001
 -0.00988000   0.01629814   0.52627635 0.0 296 20231023 001 001
 -0.00868000   0.01463076   0.56762117 0.0 297 20231024 001 001
 -0.00816000   0.01472943   0.56503570 0.0 298 20231025 001 001
 -0.00828000   0.01314399   0.60881877 0.0 300 20231027 001 001
 -0.00872000   0.01328303   0.60478473 0.0 301 20231028 001 001
 -0.00890000   0.01281478   0.61852241 0.0 303 20231030 001 001
 -0.00886000   0.01330963   0.60401744 0.0 304 20231031 001 001
 -0.00944000   0.01270473   0.62181401 0.0 305 20231101 001 001
 -0.00952000   0.01311636   0.60962510 0.0 306 20231102 001 001
 -0.00948000   0.01409593   0.58195341 0.0 307 20231103 001 001
 -0.00904000   0.01583618   0.53724235 0.0 311 20231107 001 001
 -0.00858000   0.01558036   0.54347312 0.0 312 20231108 001 001
 -0.00888000   0.01569640   0.54063261 0.0 313 20231109 001 001
 -0.00838000   0.01543513   0.54706132 0.0 314 20231110 001 001
 -0.00844000   0.01573447   0.53970593 0.0 315 20231111 001 001
 -0.00830000   0.01567921   0.54105192 0.0 317 20231113 001 001
 -0.00744000   0.01658241   0.51970667 0.0 318 20231114 001 001
 -0.00734000   0.01577832   0.53864163 0.0 319 20231115 001 001
 -0.00744000   0.01394369   0.58613211 0.0 321 20231117 001 001
 -0.00744000   0.01512257   0.55491114 0.0 322 20231118 001 001
 -0.00812000   0.01447316   0.57178861 0.0 324 20231120 001 001
X
