 -0.01578000   0.00593132   0.86202234 0.0 156 20230605 003 003
 -0.01574000   0.00567360   0.87159318 0.0 157 20230606 003 003
 -0.01536000   0.00570447   0.87045258 0.0 158 20230607 003 003
 -0.01526000   0.00572841   0.86956698 0.0 159 20230608 003 003
 -0.01542000   0.00582410   0.86601722 0.0 160 20230609 003 003
 -0.01548000   0.00599670   0.85957813 0.0 161 20230610 003 003
 -0.01538000   0.00602951   0.85834932 0.0 163 20230612 003 003
 -0.01524000   0.00588928   0.86359060 0.0 164 20230613 003 003
 -0.01518000   0.00594063   0.86167461 0.0 165 20230614 003 003
 -0.01514000   0.00594906   0.86135948 0.0 166 20230615 003 003
 -0.01496000   0.00584795   0.86512995 0.0 167 20230616 003 003
 -0.01476000   0.00608607   0.85622770 0.0 170 20230619 003 003
 -0.01454000   0.00605651   0.85733676 0.0 173 20230622 003 003
 -0.01428000   0.00595640   0.86108530 0.0 174 20230623 003 003
 -0.01422000   0.00587934   0.86396098 0.0 176 20230625 003 003
 -0.01408000   0.00612287   0.85484505 0.0 177 20230626 003 003
 -0.01378000   0.00605206   0.85750371 0.0 178 20230627 003 003
 -0.01378000   0.00578919   0.86731380 0.0 179 20230628 003 003
 -0.01382000   0.00572901   0.86954474 0.0 180 20230629 003 003
 -0.01372000   0.00572553   0.86967343 0.0 181 20230630 003 003
 -0.01368000   0.00574656   0.86889488 0.0 182 20230701 003 003
 -0.01348000   0.00559080   0.87464374 0.0 184 20230703 003 003
 -0.01370000   0.00561589   0.87372065 0.0 185 20230704 003 003
 -0.01388000   0.00552532   0.87704688 0.0 187 20230706 003 003
 -0.01388000   0.00547892   0.87874448 0.0 188 20230707 003 003
 -0.01410000   0.00528687   0.88572079 0.0 191 20230710 003 003
 -0.01404000   0.00553414   0.87672383 0.0 192 20230711 003 003
 -0.01422000   0.00555398   0.87599593 0.0 193 20230712 003 003
 -0.01436000   0.00545147   0.87974650 0.0 194 20230713 003 003
 -0.01462000   0.00536235   0.88298899 0.0 195 20230714 003 003
 -0.01464000   0.00528106   0.88593036 0.0 198 20230717 003 003
 -0.01468000   0.00529501   0.88542682 0.0 199 20230718 003 003
 -0.01446000   0.00536237   0.88298810 0.0 200 20230719 003 003
 -0.01464000   0.00533829   0.88386089 0.0 201 20230720 003 003
 -0.01458000   0.00530938   0.88490742 0.0 202 20230721 003 003
 -0.01458000   0.00519336   0.88908595 0.0 205 20230724 003 003
 -0.01458000   0.00520752   0.88857776 0.0 206 20230725 003 003
 -0.01462000   0.00528726   0.88570672 0.0 207 20230726 003 003
 -0.01446000   0.00544664   0.87992257 0.0 208 20230727 003 003
 -0.01462000   0.00547719   0.87880749 0.0 209 20230728 003 003
 -0.01458000   0.00537160   0.88265312 0.0 210 20230729 003 003
 -0.01470000   0.00534479   0.88362557 0.0 212 20230731 003 003
 -0.01466000   0.00546325   0.87931663 0.0 213 20230801 003 003
 -0.01440000   0.00546822   0.87913531 0.0 214 20230802 003 003
 -0.01370000   0.00589403   0.86341357 0.0 224 20230812 003 003
 -0.01290000   0.00577106   0.86798650 0.0 225 20230813 003 003
 -0.01296000   0.00550277   0.87787259 0.0 226 20230814 003 003
 -0.01260000   0.00551942   0.87726307 0.0 227 20230815 003 003
 -0.01248000   0.00571975   0.86988735 0.0 228 20230816 003 003
 -0.01230000   0.00572701   0.86961871 0.0 229 20230817 003 003
 -0.01200000   0.00572988   0.86951244 0.0 230 20230818 003 003
 -0.01196000   0.00573002   0.86950737 0.0 231 20230819 003 003
 -0.01196000   0.00566953   0.87174338 0.0 233 20230821 003 003
 -0.01190000   0.00569704   0.87072742 0.0 234 20230822 003 003
 -0.01206000   0.00561318   0.87382036 0.0 235 20230823 003 003
 -0.01218000   0.00549352   0.87821078 0.0 236 20230824 003 003
 -0.01216000   0.00540476   0.88144821 0.0 237 20230825 003 003
 -0.01206000   0.00543112   0.88048863 0.0 239 20230827 003 003
 -0.01206000   0.00549127   0.87829298 0.0 240 20230828 003 003
 -0.01216000   0.00533528   0.88397008 0.0 241 20230829 003 003
 -0.01244000   0.00523304   0.88766062 0.0 242 20230830 003 003
 -0.01276000   0.00521427   0.88833511 0.0 243 20230831 003 003
 -0.01292000   0.00510859   0.89211732 0.0 244 20230901 003 003
 -0.01296000   0.00511266   0.89197212 0.0 246 20230903 003 003
 -0.01316000   0.00510446   0.89226454 0.0 247 20230904 003 003
 -0.01306000   0.00516549   0.89008451 0.0 248 20230905 003 003
 -0.01308000   0.00531940   0.88454491 0.0 249 20230906 003 003
 -0.01304000   0.00527190   0.88626099 0.0 250 20230907 003 003
 -0.01300000   0.00531589   0.88467193 0.0 251 20230908 003 003
 -0.01290000   0.00531711   0.88462764 0.0 252 20230909 003 003
 -0.01272000   0.00533720   0.88390064 0.0 253 20230910 003 003
 -0.01272000   0.00533992   0.88380206 0.0 254 20230911 003 003
 -0.01254000   0.00529350   0.88548112 0.0 256 20230913 003 003
 -0.01264000   0.00528922   0.88563579 0.0 257 20230914 003 003
 -0.01268000   0.00518673   0.88932353 0.0 258 20230915 003 003
 -0.01276000   0.00521234   0.88840461 0.0 259 20230916 003 003
 -0.01282000   0.00514743   0.89073080 0.0 260 20230917 003 003
 -0.01300000   0.00506073   0.89382029 0.0 261 20230918 003 003
 -0.01302000   0.00506167   0.89378655 0.0 262 20230919 003 003
 -0.01314000   0.00515797   0.89035368 0.0 263 20230920 003 003
 -0.01324000   0.00509641   0.89255130 0.0 264 20230921 003 003
 -0.01352000   0.00514667   0.89075780 0.0 265 20230922 003 003
 -0.01372000   0.00514234   0.89091253 0.0 266 20230923 003 003
 -0.01350000   0.00515607   0.89042175 0.0 267 20230924 003 003
 -0.01358000   0.00508605   0.89292002 0.0 268 20230925 003 003
 -0.01352000   0.00509059   0.89275831 0.0 269 20230926 003 003
 -0.01338000   0.00509394   0.89263904 0.0 270 20230927 003 003
 -0.01346000   0.00516892   0.88996184 0.0 271 20230928 003 003
 -0.01346000   0.00515659   0.89040291 0.0 272 20230929 003 003
 -0.01342000   0.00515435   0.89048326 0.0 273 20230930 003 003
 -0.01334000   0.00522702   0.88787687 0.0 274 20231001 003 003
 -0.01350000   0.00531175   0.88482165 0.0 275 20231002 003 003
 -0.01366000   0.00521820   0.88819408 0.0 276 20231003 003 003
 -0.01356000   0.00521095   0.88845456 0.0 277 20231004 003 003
 -0.01360000   0.00527369   0.88619626 0.0 278 20231005 003 003
 -0.01394000   0.00523122   0.88772583 0.0 279 20231006 003 003
 -0.01416000   0.00528975   0.88561660 0.0 280 20231007 003 003
 -0.01404000   0.00534379   0.88366181 0.0 282 20231009 003 003
 -0.01410000   0.00533267   0.88406456 0.0 283 20231010 003 003
 -0.01434000   0.00524525   0.88722116 0.0 285 20231012 003 003
 -0.01442000   0.00521711   0.88823318 0.0 286 20231013 003 003
 -0.01462000   0.00522642   0.88789856 0.0 287 20231014 003 003
 -0.01452000   0.00500830   0.89567816 0.0 291 20231018 003 003
 -0.01436000   0.00515832   0.89034110 0.0 292 20231019 003 003
 -0.01458000   0.00527953   0.88598573 0.0 293 20231020 003 003
 -0.01542000   0.00579618   0.86705446 0.0 297 20231024 003 003
 -0.01568000   0.00605054   0.85756087 0.0 298 20231025 003 003
 -0.01602000   0.00668694   0.83349246 0.0 300 20231027 003 003
 -0.01636000   0.00686519   0.82670331 0.0 301 20231028 003 003
 -0.01652000   0.00692070   0.82458675 0.0 303 20231030 003 003
 -0.01672000   0.00726331   0.81151551 0.0 304 20231031 003 003
 -0.01692000   0.00742837   0.80522138 0.0 305 20231101 003 003
 -0.01682000   0.00756058   0.80018508 0.0 306 20231102 003 003
 -0.01684000   0.00760777   0.79838890 0.0 307 20231103 003 003
 -0.01688000   0.00768554   0.79543126 0.0 312 20231108 003 003
 -0.01702000   0.00768630   0.79540229 0.0 313 20231109 003 003
 -0.01684000   0.00760398   0.79853302 0.0 314 20231110 003 003
 -0.01702000   0.00768676   0.79538488 0.0 315 20231111 003 003
 -0.01702000   0.00769736   0.79498184 0.0 317 20231113 003 003
 -0.01742000   0.00771706   0.79423308 0.0 319 20231115 003 003
 -0.01730000   0.00732786   0.80905348 0.0 321 20231117 003 003
X
