 -0.00870000   0.00505526   0.78846121 0.0 158 20230607 002 002
 -0.01028000   0.00463622   0.81328827 0.0 159 20230608 002 002
 -0.01022000   0.00421492   0.83827913 0.0 160 20230609 002 002
 -0.00758000   0.00433116   0.83139718 0.0 165 20230614 002 002
 -0.00026000   0.00404467   0.84831971 0.0 173 20230622 002 002
 -0.00360000   0.00384142   0.86021602 0.0 174 20230623 002 002
 -0.00372000   0.00343837   0.88335544 0.0 175 20230624 002 002
 -0.00380000   0.00354826   0.87712073 0.0 177 20230626 002 002
 -0.00528000   0.00349081   0.88038820 0.0 178 20230627 002 002
 -0.00516000   0.00351205   0.87918204 0.0 179 20230628 002 002
 -0.00504000   0.00357070   0.87584019 0.0 180 20230629 002 002
 -0.00422000   0.00357329   0.87569213 0.0 184 20230703 002 002
 -0.00370000   0.00364033   0.87185097 0.0 187 20230706 002 002
 -0.00448000   0.00370738   0.86798894 0.0 195 20230714 002 002
 -0.00552000   0.00347942   0.88103372 0.0 196 20230715 002 002
 -0.00696000   0.00351238   0.87916327 0.0 197 20230716 002 002
 -0.00584000   0.00343961   0.88328511 0.0 198 20230717 002 002
 -0.00574000   0.00342729   0.88397998 0.0 199 20230718 002 002
 -0.00598000   0.00343528   0.88352984 0.0 200 20230719 002 002
 -0.00590000   0.00346678   0.88174975 0.0 201 20230720 002 002
 -0.00580000   0.00357387   0.87565887 0.0 202 20230721 002 002
 -0.00616000   0.00360136   0.87408596 0.0 203 20230722 002 002
 -0.00646000   0.00371546   0.86752272 0.0 204 20230723 002 002
 -0.00634000   0.00383755   0.86044121 0.0 205 20230724 002 002
 -0.00640000   0.00393827   0.85456204 0.0 207 20230726 002 002
 -0.00570000   0.00382410   0.86122441 0.0 209 20230728 002 002
  0.00544000   0.00326526   0.89303631 0.0 210 20230729 002 002
  0.00508000   0.00304178   0.90523446 0.0 211 20230730 002 002
 -0.00482000   0.00280402   0.91776586 0.0 212 20230731 002 002
 -0.00454000   0.00259601   0.92828268 0.0 213 20230801 002 002
 -0.00432000   0.00244185   0.93576914 0.0 214 20230802 002 002
 -0.00392000   0.00238742   0.93834454 0.0 215 20230803 002 002
 -0.00344000   0.00243683   0.93600845 0.0 216 20230804 002 002
 -0.00246000   0.00277793   0.91910917 0.0 217 20230805 002 002
 -0.00186000   0.00329167   0.89157122 0.0 218 20230806 002 002
 -0.00206000   0.00347021   0.88155550 0.0 219 20230807 002 002
 -0.00260000   0.00399932   0.85098386 0.0 224 20230812 002 002
 -0.00148000   0.00421416   0.83832431 0.0 225 20230813 002 002
 -0.00078000   0.00443334   0.82533610 0.0 226 20230814 002 002
 -0.00064000   0.00443581   0.82518977 0.0 227 20230815 002 002
 -0.00168000   0.00426284   0.83544397 0.0 228 20230816 002 002
 -0.00188000   0.00406340   0.84721780 0.0 229 20230817 002 002
 -0.00228000   0.00357552   0.87556475 0.0 230 20230818 002 002
 -0.00290000   0.00303727   0.90547657 0.0 231 20230819 002 002
 -0.00324000   0.00261560   0.92731160 0.0 232 20230820 002 002
 -0.00298000   0.00252613   0.93171072 0.0 233 20230821 002 002
 -0.00264000   0.00244392   0.93567044 0.0 234 20230822 002 002
 -0.00242000   0.00227324   0.94362372 0.0 235 20230823 002 002
 -0.00210000   0.00226913   0.94381022 0.0 236 20230824 002 002
 -0.00206000   0.00218808   0.94744748 0.0 237 20230825 002 002
 -0.00224000   0.00209561   0.95148450 0.0 238 20230826 002 002
 -0.00224000   0.00198881   0.95599037 0.0 239 20230827 002 002
 -0.00214000   0.00196419   0.95700431 0.0 240 20230828 002 002
 -0.00188000   0.00192343   0.95866251 0.0 241 20230829 002 002
 -0.00164000   0.00201378   0.95495212 0.0 242 20230830 002 002
 -0.00146000   0.00204567   0.95361269 0.0 243 20230831 002 002
 -0.00120000   0.00204266   0.95373982 0.0 244 20230901 002 002
 -0.00072000   0.00203218   0.95418137 0.0 245 20230902 002 002
 -0.00014000   0.00211825   0.95050758 0.0 246 20230903 002 002
 -0.00002000   0.00211687   0.95056731 0.0 247 20230904 002 002
  0.00000000   0.00212625   0.95016038 0.0 248 20230905 002 002
  0.00000000   0.00198621   0.95609790 0.0 249 20230906 002 002
  0.00000000   0.00186113   0.96114546 0.0 250 20230907 002 002
  0.00000000   0.00161426   0.97034621 0.0 251 20230908 002 002
  0.00000000   0.00151767   0.97365391 0.0 252 20230909 002 002
  0.00000000   0.00157685   0.97164744 0.0 253 20230910 002 002
  0.00064000   0.00167203   0.96828753 0.0 254 20230911 002 002
  0.00170000   0.00180378   0.96337497 0.0 256 20230913 002 002
  0.00218000   0.00193285   0.95828158 0.0 257 20230914 002 002
  0.00248000   0.00217609   0.94797778 0.0 258 20230915 002 002
  0.00220000   0.00254430   0.93082452 0.0 259 20230916 002 002
  0.00266000   0.00288711   0.91344422 0.0 260 20230917 002 002
  0.00308000   0.00312141   0.90093035 0.0 261 20230918 002 002
  0.00324000   0.00323203   0.89487296 0.0 262 20230919 002 002
  0.00342000   0.00338244   0.88650280 0.0 263 20230920 002 002
  0.00396000   0.00314340   0.89973342 0.0 264 20230921 002 002
  0.00394000   0.00285073   0.91534460 0.0 265 20230922 002 002
  0.00348000   0.00240022   0.93774229 0.0 266 20230923 002 002
  0.00368000   0.00209537   0.95149493 0.0 267 20230924 002 002
  0.00344000   0.00180868   0.96318686 0.0 268 20230925 002 002
  0.00308000   0.00157161   0.97182792 0.0 269 20230926 002 002
  0.00230000   0.00134057   0.97926527 0.0 270 20230927 002 002
  0.00182000   0.00110136   0.98586285 0.0 271 20230928 002 002
  0.00150000   0.00110281   0.98582643 0.0 272 20230929 002 002
 -0.00110000   0.00139250   0.97768211 0.0 273 20230930 002 002
 -0.00088000   0.00177171   0.96459824 0.0 274 20231001 002 002
  0.00024000   0.00201659   0.95483476 0.0 275 20231002 002 002
  0.00000000   0.00215565   0.94887739 0.0 276 20231003 002 002
  0.00000000   0.00220369   0.94675422 0.0 277 20231004 002 002
  0.00000000   0.00224336   0.94497681 0.0 278 20231005 002 002
  0.00000000   0.00226820   0.94385272 0.0 279 20231006 002 002
  0.00000000   0.00230442   0.94219875 0.0 280 20231007 002 002
  0.00000000   0.00223937   0.94515640 0.0 281 20231008 002 002
  0.00000000   0.00212316   0.95029473 0.0 282 20231009 002 002
  0.00000000   0.00207402   0.95240921 0.0 283 20231010 002 002
  0.00000000   0.00200771   0.95520568 0.0 284 20231011 002 002
  0.00000000   0.00194375   0.95783889 0.0 285 20231012 002 002
  0.00000000   0.00185137   0.96152872 0.0 286 20231013 002 002
  0.00000000   0.00170401   0.96712255 0.0 287 20231014 002 002
  0.00000000   0.00166277   0.96862155 0.0 291 20231018 002 002
  0.00000000   0.00163579   0.96958584 0.0 292 20231019 002 002
  0.00000000   0.00153136   0.97319561 0.0 293 20231020 002 002
  0.00000000   0.00154986   0.97257054 0.0 294 20231021 002 002
  0.00000000   0.00149858   0.97428733 0.0 295 20231022 002 002
  0.00000000   0.00144334   0.97608185 0.0 296 20231023 002 002
  0.00000000   0.00151641   0.97369605 0.0 297 20231024 002 002
  0.00024000   0.00154089   0.97287428 0.0 298 20231025 002 002
  0.00058000   0.00154097   0.97287166 0.0 300 20231027 002 002
  0.00094000   0.00149121   0.97453028 0.0 301 20231028 002 002
  0.00098000   0.00150839   0.97396266 0.0 302 20231029 002 002
  0.00076000   0.00155130   0.97252166 0.0 303 20231030 002 002
  0.00102000   0.00151510   0.97373968 0.0 304 20231031 002 002
  0.00132000   0.00143152   0.97645825 0.0 305 20231101 002 002
  0.00158000   0.00151950   0.97359300 0.0 306 20231102 002 002
  0.00186000   0.00162086   0.97011411 0.0 307 20231103 002 002
  0.00152000   0.00198150   0.95629215 0.0 308 20231104 002 002
  0.00150000   0.00230995   0.94194478 0.0 309 20231105 002 002
  0.00208000   0.00258570   0.92879188 0.0 310 20231106 002 002
  0.00176000   0.00293271   0.91104543 0.0 311 20231107 002 002
  0.00172000   0.00298088   0.90849113 0.0 312 20231108 002 002
  0.00148000   0.00317977   0.89774543 0.0 313 20231109 002 002
  0.00140000   0.00343318   0.88364822 0.0 314 20231110 002 002
  0.00126000   0.00357999   0.87530899 0.0 315 20231111 002 002
  0.00134000   0.00354769   0.87715292 0.0 316 20231112 002 002
  0.00086000   0.00358562   0.87498707 0.0 317 20231113 002 002
  0.00104000   0.00341933   0.88442874 0.0 318 20231114 002 002
  0.00074000   0.00325524   0.89359075 0.0 319 20231115 002 002
  0.00096000   0.00301277   0.90678978 0.0 320 20231116 002 002
  0.00130000   0.00291987   0.91172290 0.0 321 20231117 002 002
  0.00194000   0.00277541   0.91923881 0.0 322 20231118 002 002
  0.00160000   0.00255494   0.93030387 0.0 323 20231119 002 002
  0.00112000   0.00251351   0.93232381 0.0 324 20231120 002 002
  0.00150000   0.00239708   0.93788987 0.0 325 20231121 002 002
X
