 -0.00676000   0.01538445   0.54832220 0.0 158 20230607 001 001
 -0.00296000   0.01732667   0.50312752 0.0 164 20230613 001 001
  0.00330000   0.01715402   0.50689501 0.0 165 20230614 001 001
  0.00534000   0.01782408   0.49252975 0.0 172 20230621 001 001
 -0.00670000   0.01773931   0.49430940 0.0 173 20230622 001 001
 -0.00872000   0.01728268   0.50408304 0.0 174 20230623 001 001
 -0.01052000   0.01688353   0.51289213 0.0 177 20230626 001 001
 -0.01232000   0.01685142   0.51361179 0.0 178 20230627 001 001
 -0.01224000   0.01655682   0.52029264 0.0 179 20230628 001 001
 -0.01174000   0.01717298   0.50647897 0.0 181 20230630 001 001
 -0.01230000   0.01721609   0.50553519 0.0 184 20230703 001 001
 -0.01188000   0.01671526   0.51668215 0.0 185 20230704 001 001
 -0.01084000   0.01653347   0.52082813 0.0 187 20230706 001 001
 -0.01050000   0.01658611   0.51962203 0.0 188 20230707 001 001
 -0.01072000   0.01596474   0.53415412 0.0 189 20230708 001 001
 -0.01010000   0.01544016   0.54693645 0.0 190 20230709 001 001
 -0.00932000   0.01513242   0.55466098 0.0 191 20230710 001 001
 -0.00946000   0.01503711   0.55708790 0.0 192 20230711 001 001
 -0.00976000   0.01476162   0.56419599 0.0 193 20230712 001 001
 -0.01020000   0.01414406   0.58064157 0.0 194 20230713 001 001
 -0.01032000   0.01455795   0.56954092 0.0 195 20230714 001 001
 -0.00980000   0.01466701   0.56666917 0.0 196 20230715 001 001
 -0.01002000   0.01459179   0.56864733 0.0 198 20230717 001 001
 -0.01038000   0.01462973   0.56764823 0.0 199 20230718 001 001
 -0.01080000   0.01481009   0.56293517 0.0 200 20230719 001 001
 -0.01150000   0.01536216   0.54887837 0.0 201 20230720 001 001
 -0.01140000   0.01636366   0.52475035 0.0 202 20230721 001 001
 -0.01126000   0.01688213   0.51292354 0.0 203 20230722 001 001
 -0.01096000   0.01667602   0.51757240 0.0 204 20230723 001 001
 -0.01054000   0.01651167   0.52132905 0.0 205 20230724 001 001
 -0.01104000   0.01747132   0.50000656 0.0 206 20230725 001 001
 -0.01110000   0.01789501   0.49104905 0.0 207 20230726 001 001
 -0.01206000   0.01860899   0.47655267 0.0 209 20230728 001 001
 -0.01234000   0.01848692   0.47897923 0.0 210 20230729 001 001
 -0.01224000   0.01863865   0.47596627 0.0 211 20230730 001 001
 -0.01178000   0.01917697   0.46553347 0.0 212 20230731 001 001
 -0.01114000   0.01962362   0.45717248 0.0 213 20230801 001 001
 -0.01070000   0.01969713   0.45582137 0.0 214 20230802 001 001
 -0.01170000   0.02306763   0.40065762 0.0 224 20230812 001 001
 -0.01520000   0.02206966   0.41570050 0.0 226 20230814 001 001
 -0.01422000   0.01996031   0.45104039 0.0 227 20230815 001 001
 -0.01306000   0.02111193   0.43111596 0.0 228 20230816 001 001
 -0.02632000   0.02138601   0.42660177 0.0 229 20230817 001 001
 -0.01440000   0.02329747   0.39733157 0.0 230 20230818 001 001
 -0.01410000   0.02239506   0.41068545 0.0 231 20230819 001 001
 -0.02704000   0.02298401   0.40188017 0.0 233 20230821 001 001
 -0.02704000   0.02408672   0.38628271 0.0 234 20230822 001 001
 -0.02704000   0.02370621   0.39153874 0.0 237 20230825 001 001
 -0.02704000   0.02364546   0.39239001 0.0 238 20230826 001 001
 -0.02858000   0.02460244   0.37936127 0.0 240 20230828 001 001
 -0.02942000   0.02393635   0.38834438 0.0 241 20230829 001 001
 -0.02858000   0.02560997   0.36647660 0.0 242 20230830 001 001
 -0.02858000   0.02322274   0.39840749 0.0 243 20230831 001 001
 -0.02858000   0.02332097   0.39699423 0.0 244 20230901 001 001
 -0.02762000   0.02271920   0.40579674 0.0 245 20230902 001 001
 -0.02736000   0.02096951   0.43349534 0.0 250 20230907 001 001
 -0.02704000   0.01970747   0.45563173 0.0 251 20230908 001 001
 -0.02714000   0.01988840   0.45233801 0.0 252 20230909 001 001
 -0.02732000   0.01996486   0.45095849 0.0 254 20230911 001 001
 -0.02704000   0.01927896   0.46360120 0.0 256 20230913 001 001
 -0.02704000   0.01902861   0.46836925 0.0 257 20230914 001 001
 -0.02704000   0.01824475   0.48385611 0.0 258 20230915 001 001
 -0.01546000   0.01829528   0.48283154 0.0 259 20230916 001 001
 -0.01500000   0.01863270   0.47608390 0.0 261 20230918 001 001
 -0.01458000   0.01861417   0.47645029 0.0 262 20230919 001 001
 -0.01224000   0.01815676   0.48564896 0.0 263 20230920 001 001
 -0.01192000   0.01804452   0.48795220 0.0 264 20230921 001 001
 -0.01154000   0.01826022   0.48354211 0.0 266 20230923 001 001
 -0.01076000   0.01735780   0.50245321 0.0 267 20230924 001 001
 -0.01192000   0.01795447   0.48981336 0.0 268 20230925 001 001
 -0.01172000   0.01789382   0.49107382 0.0 269 20230926 001 001
 -0.01166000   0.01693378   0.51176929 0.0 270 20230927 001 001
 -0.01204000   0.01768394   0.49547762 0.0 271 20230928 001 001
 -0.01284000   0.01782592   0.49249130 0.0 272 20230929 001 001
 -0.01276000   0.01803026   0.48824617 0.0 273 20230930 001 001
 -0.01244000   0.01764683   0.49626315 0.0 274 20231001 001 001
 -0.02632000   0.01787800   0.49140340 0.0 283 20231010 001 001
 -0.01270000   0.02075182   0.43717721 0.0 286 20231013 001 001
 -0.03226000   0.02004441   0.44953108 0.0 292 20231019 001 001
 -0.03032000   0.02032728   0.44451845 0.0 293 20231020 001 001
 -0.02858000   0.02068264   0.43835899 0.0 295 20231022 001 001
 -0.01018000   0.01921865   0.46474221 0.0 296 20231023 001 001
 -0.00918000   0.01999932   0.45033920 0.0 297 20231024 001 001
 -0.00852000   0.02065273   0.43887159 0.0 298 20231025 001 001
 -0.00800000   0.01915545   0.46594295 0.0 300 20231027 001 001
 -0.00730000   0.01855533   0.47761685 0.0 301 20231028 001 001
 -0.00738000   0.01749628   0.49947140 0.0 303 20231030 001 001
 -0.00752000   0.01774728   0.49414146 0.0 304 20231031 001 001
 -0.00726000   0.01753599   0.49862170 0.0 305 20231101 001 001
 -0.00706000   0.01665211   0.51811624 0.0 306 20231102 001 001
 -0.00760000   0.01688060   0.51295781 0.0 307 20231103 001 001
 -0.00748000   0.01609836   0.53097421 0.0 311 20231107 001 001
 -0.00796000   0.01739258   0.50170153 0.0 312 20231108 001 001
 -0.00870000   0.01681281   0.51447946 0.0 313 20231109 001 001
 -0.00986000   0.01626926   0.52695131 0.0 314 20231110 001 001
 -0.00918000   0.01571126   0.54027075 0.0 315 20231111 001 001
 -0.00898000   0.01615102   0.52972949 0.0 317 20231113 001 001
 -0.00778000   0.01617394   0.52918899 0.0 318 20231114 001 001
 -0.00792000   0.01663641   0.51847368 0.0 319 20231115 001 001
 -0.00762000   0.01508821   0.55578470 0.0 321 20231117 001 001
 -0.00782000   0.01524710   0.55176258 0.0 322 20231118 001 001
 -0.00952000   0.01640467   0.52379870 0.0 324 20231120 001 001
X
