 -0.01536000   0.00346088   0.94587719 0.0 156 20230605 003 003
 -0.01450000   0.00230333   0.97490734 0.0 157 20230606 003 003
 -0.01352000   0.00251701   0.97025114 0.0 158 20230607 003 003
 -0.01364000   0.00252109   0.97015893 0.0 159 20230608 003 003
 -0.01360000   0.00232871   0.97437257 0.0 160 20230609 003 003
 -0.01388000   0.00220646   0.97690248 0.0 161 20230610 003 003
 -0.01382000   0.00193735   0.98205167 0.0 163 20230612 003 003
 -0.01384000   0.00189156   0.98286873 0.0 164 20230613 003 003
 -0.01358000   0.00210509   0.97891098 0.0 165 20230614 003 003
 -0.01336000   0.00215833   0.97786635 0.0 166 20230615 003 003
 -0.01318000   0.00224430   0.97613198 0.0 167 20230616 003 003
 -0.01264000   0.00258773   0.96863478 0.0 170 20230619 003 003
 -0.01234000   0.00256597   0.96913606 0.0 173 20230622 003 003
 -0.01190000   0.00302014   0.95798385 0.0 174 20230623 003 003
 -0.01108000   0.00316459   0.95414746 0.0 176 20230625 003 003
 -0.01014000   0.00319861   0.95322478 0.0 177 20230626 003 003
 -0.00982000   0.00294051   0.96004093 0.0 178 20230627 003 003
 -0.01054000   0.00319017   0.95345443 0.0 179 20230628 003 003
 -0.01084000   0.00323420   0.95225203 0.0 180 20230629 003 003
 -0.01078000   0.00327689   0.95107472 0.0 181 20230630 003 003
 -0.01094000   0.00294133   0.96002007 0.0 182 20230701 003 003
 -0.01056000   0.00271510   0.96563250 0.0 184 20230703 003 003
 -0.01054000   0.00256110   0.96924782 0.0 185 20230704 003 003
 -0.01048000   0.00230382   0.97489697 0.0 187 20230706 003 003
 -0.01034000   0.00227114   0.97557849 0.0 188 20230707 003 003
 -0.01088000   0.00263629   0.96750396 0.0 191 20230710 003 003
 -0.01020000   0.00252758   0.97001195 0.0 192 20230711 003 003
 -0.00998000   0.00279448   0.96370322 0.0 193 20230712 003 003
 -0.00976000   0.00337566   0.94830906 0.0 194 20230713 003 003
 -0.00948000   0.00387511   0.93348831 0.0 195 20230714 003 003
 -0.00968000   0.00464584   0.90829539 0.0 198 20230717 003 003
 -0.00952000   0.00459014   0.91019547 0.0 199 20230718 003 003
 -0.00922000   0.00459401   0.91006386 0.0 200 20230719 003 003
 -0.00906000   0.00455141   0.91151017 0.0 201 20230720 003 003
 -0.00900000   0.00460495   0.90969133 0.0 202 20230721 003 003
 -0.00894000   0.00471092   0.90606135 0.0 205 20230724 003 003
 -0.00852000   0.00504043   0.89454055 0.0 206 20230725 003 003
 -0.00842000   0.00492216   0.89871401 0.0 207 20230726 003 003
 -0.00794000   0.00507766   0.89321828 0.0 208 20230727 003 003
 -0.00802000   0.00503169   0.89485037 0.0 209 20230728 003 003
 -0.00842000   0.00519668   0.88896692 0.0 210 20230729 003 003
 -0.00792000   0.00514050   0.89097822 0.0 212 20230731 003 003
 -0.00748000   0.00538808   0.88205475 0.0 213 20230801 003 003
 -0.00734000   0.00549531   0.87814516 0.0 214 20230802 003 003
 -0.00448000   0.00484293   0.90148652 0.0 224 20230812 003 003
 -0.00454000   0.00507802   0.89320558 0.0 225 20230813 003 003
 -0.00358000   0.00487680   0.90030378 0.0 226 20230814 003 003
 -0.00124000   0.00621962   0.85120291 0.0 227 20230815 003 003
  0.00044000   0.00639571   0.84454978 0.0 228 20230816 003 003
 -0.00080000   0.00666135   0.83446616 0.0 229 20230817 003 003
 -0.00098000   0.00667595   0.83391082 0.0 230 20230818 003 003
 -0.00128000   0.00641734   0.84373033 0.0 231 20230819 003 003
 -0.00196000   0.00645696   0.84222883 0.0 233 20230821 003 003
 -0.00158000   0.00665358   0.83476168 0.0 234 20230822 003 003
 -0.00142000   0.00654753   0.83879250 0.0 235 20230823 003 003
 -0.00150000   0.00659969   0.83681083 0.0 236 20230824 003 003
 -0.00046000   0.00679200   0.82949251 0.0 237 20230825 003 003
 -0.00036000   0.00665946   0.83453804 0.0 239 20230827 003 003
 -0.00076000   0.00670691   0.83273268 0.0 240 20230828 003 003
 -0.00042000   0.00659635   0.83693755 0.0 241 20230829 003 003
  0.00134000   0.00628662   0.84867477 0.0 242 20230830 003 003
  0.00208000   0.00620881   0.85161036 0.0 243 20230831 003 003
  0.00228000   0.00607450   0.85666198 0.0 244 20230901 003 003
  0.00272000   0.00597809   0.86027437 0.0 246 20230903 003 003
  0.00228000   0.00572220   0.86979669 0.0 247 20230904 003 003
  0.00078000   0.00562282   0.87346572 0.0 248 20230905 003 003
  0.00036000   0.00562469   0.87339658 0.0 249 20230906 003 003
  0.00024000   0.00539358   0.88185471 0.0 250 20230907 003 003
  0.00000000   0.00534056   0.88377893 0.0 251 20230908 003 003
  0.00000000   0.00523783   0.88748807 0.0 252 20230909 003 003
 -0.00018000   0.00522518   0.88794303 0.0 253 20230910 003 003
 -0.00100000   0.00536238   0.88298768 0.0 254 20230911 003 003
 -0.00246000   0.00522466   0.88796186 0.0 256 20230913 003 003
 -0.00220000   0.00530014   0.88524127 0.0 257 20230914 003 003
 -0.00190000   0.00526593   0.88647598 0.0 258 20230915 003 003
 -0.00156000   0.00516954   0.88993937 0.0 259 20230916 003 003
 -0.00150000   0.00514098   0.89096135 0.0 260 20230917 003 003
 -0.00022000   0.00528836   0.88566667 0.0 261 20230918 003 003
  0.00022000   0.00520628   0.88862222 0.0 262 20230919 003 003
  0.00052000   0.00503963   0.89456898 0.0 263 20230920 003 003
  0.00118000   0.00509754   0.89251089 0.0 264 20230921 003 003
  0.00154000   0.00526158   0.88663274 0.0 265 20230922 003 003
  0.00170000   0.00514680   0.89075321 0.0 266 20230923 003 003
  0.00162000   0.00482482   0.90211725 0.0 267 20230924 003 003
  0.00112000   0.00495466   0.89757127 0.0 268 20230925 003 003
  0.00136000   0.00490229   0.89941102 0.0 269 20230926 003 003
  0.00150000   0.00481314   0.90252376 0.0 270 20230927 003 003
  0.00162000   0.00498481   0.89650816 0.0 271 20230928 003 003
  0.00128000   0.00500281   0.89587241 0.0 272 20230929 003 003
  0.00140000   0.00503150   0.89485705 0.0 273 20230930 003 003
  0.00108000   0.00512487   0.89153647 0.0 274 20231001 003 003
  0.00014000   0.00520202   0.88877529 0.0 275 20231002 003 003
 -0.00010000   0.00509148   0.89272666 0.0 276 20231003 003 003
 -0.00134000   0.00504988   0.89420545 0.0 277 20231004 003 003
 -0.00172000   0.00500262   0.89587915 0.0 278 20231005 003 003
 -0.00224000   0.00511017   0.89206100 0.0 279 20231006 003 003
 -0.00260000   0.00521067   0.88846451 0.0 280 20231007 003 003
 -0.00328000   0.00505102   0.89416474 0.0 282 20231009 003 003
 -0.00366000   0.00480688   0.90274149 0.0 283 20231010 003 003
 -0.00508000   0.00456552   0.91103208 0.0 285 20231012 003 003
 -0.00542000   0.00442127   0.91588718 0.0 286 20231013 003 003
 -0.00604000   0.00426205   0.92115158 0.0 287 20231014 003 003
 -0.00528000   0.00378974   0.93611467 0.0 291 20231018 003 003
 -0.00482000   0.00372347   0.93812823 0.0 292 20231019 003 003
 -0.00450000   0.00371355   0.93842787 0.0 293 20231020 003 003
 -0.00386000   0.00409137   0.92667705 0.0 297 20231024 003 003
 -0.00198000   0.00414934   0.92481482 0.0 298 20231025 003 003
 -0.00024000   0.00423131   0.92215610 0.0 300 20231027 003 003
 -0.00050000   0.00408086   0.92701298 0.0 301 20231028 003 003
 -0.00138000   0.00407070   0.92733753 0.0 303 20231030 003 003
 -0.00142000   0.00431852   0.91929632 0.0 304 20231031 003 003
 -0.00052000   0.00422124   0.92248440 0.0 305 20231101 003 003
  0.00010000   0.00417069   0.92412519 0.0 306 20231102 003 003
  0.00048000   0.00394115   0.93143189 0.0 307 20231103 003 003
 -0.00054000   0.00386332   0.93385303 0.0 312 20231108 003 003
  0.00000000   0.00363185   0.94087422 0.0 313 20231109 003 003
  0.00000000   0.00377026   0.93670887 0.0 314 20231110 003 003
  0.00000000   0.00388253   0.93325818 0.0 315 20231111 003 003
  0.00006000   0.00384284   0.93448532 0.0 317 20231113 003 003
  0.00000000   0.00373747   0.93770480 0.0 319 20231115 003 003
 -0.00092000   0.00401449   0.92912364 0.0 321 20231117 003 003
X
