 -0.02632000   0.01274257   0.62067950 0.0 156 20230605 002 002
 -0.01650000   0.01315843   0.60839820 0.0 157 20230606 002 002
 -0.01538000   0.01330499   0.60415119 0.0 158 20230607 002 002
 -0.01530000   0.01347565   0.59925896 0.0 159 20230608 002 002
 -0.01570000   0.01368950   0.59320855 0.0 160 20230609 002 002
 -0.01520000   0.01379819   0.59016740 0.0 161 20230610 002 002
 -0.01528000   0.01390925   0.58708382 0.0 163 20230612 002 002
 -0.01488000   0.01419903   0.57914853 0.0 164 20230613 002 002
 -0.01474000   0.01442379   0.57310373 0.0 165 20230614 002 002
 -0.01476000   0.01452229   0.57048464 0.0 166 20230615 002 002
 -0.01376000   0.01499983   0.55804169 0.0 173 20230622 002 002
 -0.01390000   0.01559071   0.54321873 0.0 174 20230623 002 002
 -0.01436000   0.01567616   0.54112655 0.0 175 20230624 002 002
 -0.01462000   0.01526484   0.55131632 0.0 177 20230626 002 002
 -0.01430000   0.01480793   0.56299150 0.0 178 20230627 002 002
 -0.01376000   0.01534867   0.54921520 0.0 179 20230628 002 002
 -0.01360000   0.01597223   0.53397512 0.0 180 20230629 002 002
 -0.01328000   0.01640765   0.52372968 0.0 181 20230630 002 002
 -0.01290000   0.01626489   0.52705353 0.0 182 20230701 002 002
 -0.01276000   0.01617673   0.52912325 0.0 183 20230702 002 002
 -0.01244000   0.01582850   0.53742784 0.0 184 20230703 002 002
 -0.01236000   0.01562535   0.54236913 0.0 185 20230704 002 002
 -0.01202000   0.01546231   0.54638702 0.0 187 20230706 002 002
 -0.01126000   0.01507413   0.55614340 0.0 188 20230707 002 002
 -0.01096000   0.01475977   0.56424421 0.0 189 20230708 002 002
 -0.01048000   0.01471572   0.56539392 0.0 190 20230709 002 002
 -0.01030000   0.01451243   0.57074600 0.0 191 20230710 002 002
 -0.01044000   0.01403253   0.58368844 0.0 192 20230711 002 002
 -0.01038000   0.01348349   0.59903544 0.0 193 20230712 002 002
 -0.01052000   0.01313054   0.60921127 0.0 194 20230713 002 002
 -0.01100000   0.01325340   0.60564142 0.0 195 20230714 002 002
 -0.01120000   0.01314709   0.60872841 0.0 196 20230715 002 002
 -0.01126000   0.01315130   0.60860574 0.0 197 20230716 002 002
 -0.01114000   0.01295425   0.61438549 0.0 198 20230717 002 002
 -0.01108000   0.01303880   0.61189622 0.0 199 20230718 002 002
 -0.01126000   0.01314955   0.60865682 0.0 200 20230719 002 002
 -0.01176000   0.01346977   0.59942651 0.0 201 20230720 002 002
 -0.01224000   0.01371283   0.59255391 0.0 202 20230721 002 002
 -0.01220000   0.01379234   0.59033072 0.0 203 20230722 002 002
 -0.01282000   0.01447472   0.57174736 0.0 206 20230725 002 002
 -0.01294000   0.01445054   0.57239079 0.0 207 20230726 002 002
 -0.01272000   0.01419787   0.57918012 0.0 208 20230727 002 002
 -0.01266000   0.01470073   0.56578594 0.0 209 20230728 002 002
 -0.01296000   0.01454644   0.56984526 0.0 210 20230729 002 002
 -0.01380000   0.01479454   0.56333923 0.0 212 20230731 002 002
 -0.01342000   0.01506010   0.55650103 0.0 213 20230801 002 002
 -0.01296000   0.01541157   0.54764682 0.0 214 20230802 002 002
 -0.01268000   0.01574042   0.53956145 0.0 215 20230803 002 002
 -0.01280000   0.01555128   0.54418862 0.0 216 20230804 002 002
 -0.01328000   0.01550772   0.54526305 0.0 217 20230805 002 002
 -0.01290000   0.01533061   0.54966670 0.0 219 20230807 002 002
 -0.01356000   0.01555474   0.54410344 0.0 224 20230812 002 002
 -0.01340000   0.01599023   0.53354520 0.0 225 20230813 002 002
 -0.01338000   0.01590291   0.53563577 0.0 226 20230814 002 002
 -0.01384000   0.01579776   0.53817087 0.0 227 20230815 002 002
 -0.01400000   0.01582216   0.53758085 0.0 228 20230816 002 002
 -0.01416000   0.01662990   0.51862222 0.0 230 20230818 002 002
 -0.01360000   0.01682870   0.51412201 0.0 231 20230819 002 002
 -0.01468000   0.01800290   0.48881084 0.0 233 20230821 002 002
 -0.01492000   0.01769385   0.49526823 0.0 234 20230822 002 002
 -0.02566000   0.01761471   0.49694461 0.0 235 20230823 002 002
 -0.02566000   0.01794947   0.48991716 0.0 236 20230824 002 002
 -0.01430000   0.01817452   0.48528609 0.0 237 20230825 002 002
 -0.01420000   0.01795148   0.48987538 0.0 238 20230826 002 002
 -0.01474000   0.01788171   0.49132606 0.0 240 20230828 002 002
 -0.01496000   0.01788173   0.49132571 0.0 241 20230829 002 002
 -0.01474000   0.01732258   0.50321627 0.0 242 20230830 002 002
 -0.01450000   0.01718896   0.50612879 0.0 243 20230831 002 002
 -0.01412000   0.01699332   0.51044405 0.0 244 20230901 002 002
 -0.01406000   0.01714592   0.50707293 0.0 245 20230902 002 002
 -0.01376000   0.01701652   0.50992906 0.0 247 20230904 002 002
 -0.01318000   0.01727029   0.50435275 0.0 248 20230905 002 002
 -0.01346000   0.01675485   0.51578641 0.0 249 20230906 002 002
 -0.01364000   0.01744427   0.50058776 0.0 250 20230907 002 002
 -0.01372000   0.01796514   0.48959228 0.0 251 20230908 002 002
 -0.01318000   0.01821373   0.48448673 0.0 252 20230909 002 002
 -0.01296000   0.01845556   0.47960603 0.0 253 20230910 002 002
 -0.01316000   0.01840615   0.48059660 0.0 254 20230911 002 002
 -0.01300000   0.01910494   0.46690664 0.0 256 20230913 002 002
 -0.01372000   0.01938353   0.46163425 0.0 257 20230914 002 002
 -0.01400000   0.01909905   0.46701917 0.0 258 20230915 002 002
 -0.01416000   0.01881166   0.47256985 0.0 259 20230916 002 002
 -0.01384000   0.01888436   0.47115514 0.0 260 20230917 002 002
 -0.01390000   0.01884434   0.47193310 0.0 261 20230918 002 002
 -0.01390000   0.01896374   0.46961868 0.0 262 20230919 002 002
 -0.01420000   0.01815015   0.48578408 0.0 263 20230920 002 002
 -0.01406000   0.01802051   0.48844731 0.0 264 20230921 002 002
 -0.02632000   0.01760464   0.49715874 0.0 265 20230922 002 002
 -0.02566000   0.01732792   0.50310051 0.0 266 20230923 002 002
 -0.02632000   0.01703921   0.50942636 0.0 269 20230926 002 002
 -0.02632000   0.01665261   0.51810479 0.0 270 20230927 002 002
 -0.02632000   0.01622101   0.52808207 0.0 271 20230928 002 002
 -0.02632000   0.01602750   0.53265667 0.0 272 20230929 002 002
 -0.02632000   0.01553833   0.54450768 0.0 273 20230930 002 002
 -0.02632000   0.01539568   0.54804248 0.0 274 20231001 002 002
 -0.02632000   0.01534318   0.54935253 0.0 275 20231002 002 002
 -0.02632000   0.01529122   0.55065387 0.0 276 20231003 002 002
 -0.02632000   0.01462995   0.56764269 0.0 277 20231004 002 002
 -0.02632000   0.01458060   0.56894267 0.0 278 20231005 002 002
 -0.02632000   0.01430165   0.57637674 0.0 279 20231006 002 002
 -0.02632000   0.01426818   0.57727861 0.0 280 20231007 002 002
 -0.02632000   0.01432216   0.57582521 0.0 283 20231010 002 002
 -0.02940000   0.01438339   0.57418317 0.0 287 20231014 002 002
 -0.02632000   0.01576595   0.53894156 0.0 291 20231018 002 002
 -0.02632000   0.01623922   0.52765495 0.0 292 20231019 002 002
 -0.02632000   0.01697814   0.51078129 0.0 293 20231020 002 002
 -0.02566000   0.01708113   0.50849980 0.0 294 20231021 002 002
 -0.02632000   0.01781584   0.49270228 0.0 297 20231024 002 002
 -0.02566000   0.01890065   0.47083911 0.0 300 20231027 002 002
 -0.02632000   0.01769201   0.49530709 0.0 301 20231028 002 002
 -0.02632000   0.01696248   0.51112974 0.0 303 20231030 002 002
 -0.02632000   0.01578717   0.53842723 0.0 304 20231031 002 002
 -0.02632000   0.01553250   0.54465139 0.0 305 20231101 002 002
 -0.02632000   0.01520033   0.55294168 0.0 306 20231102 002 002
 -0.02632000   0.01488540   0.56098515 0.0 307 20231103 002 002
 -0.02632000   0.01479418   0.56334871 0.0 308 20231104 002 002
 -0.02632000   0.01446005   0.57213742 0.0 310 20231106 002 002
 -0.02632000   0.01473294   0.56494409 0.0 311 20231107 002 002
 -0.02632000   0.01487775   0.56118280 0.0 312 20231108 002 002
 -0.02632000   0.01431207   0.57609642 0.0 313 20231109 002 002
 -0.02632000   0.01429252   0.57662261 0.0 314 20231110 002 002
 -0.02632000   0.01416344   0.58011448 0.0 315 20231111 002 002
 -0.02566000   0.01421838   0.57862431 0.0 317 20231113 002 002
 -0.02566000   0.01431015   0.57614815 0.0 318 20231114 002 002
 -0.02632000   0.01424223   0.57797945 0.0 320 20231116 002 002
 -0.02632000   0.01449316   0.57125729 0.0 321 20231117 002 002
 -0.02632000   0.01452831   0.57032502 0.0 322 20231118 002 002
 -0.02566000   0.01426569   0.57734579 0.0 324 20231120 002 002
 -0.02632000   0.01367649   0.59357417 0.0 325 20231121 002 002
X
